#
# There is insufficient memory for the Java Runtime Environment to continue.
# Native memory allocation (malloc) failed to allocate 788256 bytes for Chunk::new
# Possible reasons:
#   The system is out of physical RAM or swap space
#   The process is running with CompressedOops enabled, and the Java Heap may be blocking the growth of the native heap
# Possible solutions:
#   Reduce memory load on the system
#   Increase physical memory or swap space
#   Check if swap backing store is full
#   Decrease Java heap size (-Xmx/-Xms)
#   Decrease number of Java threads
#   Decrease Java thread stack sizes (-Xss)
#   Set larger code cache with -XX:ReservedCodeCacheSize=
#   JVM is running with Unscaled Compressed Oops mode in which the Java heap is
#     placed in the first 4GB address space. The Java Heap base address is the
#     maximum limit for the native heap growth. Please use -XX:HeapBaseMinAddress
#     to set the Java Heap base and to place the Java Heap above 4GB virtual address.
# This output file may be truncated or incomplete.
#
#  Out of Memory Error (arena.cpp:191), pid=120, tid=8416
#
# JRE version: OpenJDK Runtime Environment (17.0.10) (build 17.0.10+0--11572160)
# Java VM: OpenJDK 64-Bit Server VM (17.0.10+0--11572160, mixed mode, tiered, compressed oops, compressed class ptrs, g1 gc, windows-amd64)
# No core dump will be written. Minidumps are not enabled by default on client versions of Windows
#

---------------  S U M M A R Y ------------

Command Line: --add-opens=java.base/java.util=ALL-UNNAMED --add-opens=java.base/java.lang=ALL-UNNAMED --add-opens=java.base/java.lang.invoke=ALL-UNNAMED --add-opens=java.prefs/java.util.prefs=ALL-UNNAMED --add-opens=java.base/java.nio.charset=ALL-UNNAMED --add-opens=java.base/java.net=ALL-UNNAMED --add-opens=java.base/java.util.concurrent.atomic=ALL-UNNAMED -Xmx2048m -Dfile.encoding=UTF-8 -Duser.country=US -Duser.language=en -Duser.variant -javaagent:C:\Users\Shaxzodbek\.gradle\wrapper\dists\gradle-8.6-bin\afr5mpiioh2wthjmwnkmdsd5w\gradle-8.6\lib\agents\gradle-instrumentation-agent-8.6.jar org.gradle.launcher.daemon.bootstrap.GradleDaemon 8.6

Host: Intel(R) Core(TM) i7-5500U CPU @ 2.40GHz, 4 cores, 7G,  Windows 10 , 64 bit Build 19041 (10.0.19041.3636)
Time: Mon May  6 16:34:23 2024 West Asia Standard Time elapsed time: 7.870231 seconds (0d 0h 0m 7s)

---------------  T H R E A D  ---------------

Current thread (0x000002210c9f9c90):  JavaThread "C2 CompilerThread1" daemon [_thread_in_native, id=8416, stack(0x0000005f4e400000,0x0000005f4e500000)]


Current CompileTask:
C2:   7870 5780       4       java.lang.invoke.MethodType::makeImpl (109 bytes)

Stack: [0x0000005f4e400000,0x0000005f4e500000]
Native frames: (J=compiled Java code, j=interpreted, Vv=VM code, C=native code)
V  [jvm.dll+0x688e89]
V  [jvm.dll+0x84247a]
V  [jvm.dll+0x8440be]
V  [jvm.dll+0x844723]
V  [jvm.dll+0x24be0f]
V  [jvm.dll+0xac524]
V  [jvm.dll+0xacb6c]
V  [jvm.dll+0x2b342f]
V  [jvm.dll+0x5902b7]
V  [jvm.dll+0x226452]
V  [jvm.dll+0x21f4f2]
V  [jvm.dll+0x21cdb1]
V  [jvm.dll+0x1a60ad]
V  [jvm.dll+0x22cd78]
V  [jvm.dll+0x22aeb0]
V  [jvm.dll+0x7f6917]
V  [jvm.dll+0x7f0d1a]
V  [jvm.dll+0x687d05]
C  [ucrtbase.dll+0x21bb2]
C  [KERNEL32.DLL+0x17344]
C  [ntdll.dll+0x526b1]


---------------  P R O C E S S  ---------------

Threads class SMR info:
_java_thread_list=0x000002211010c440, length=41, elements={
0x000002216d4ec8d0, 0x000002210b017270, 0x000002210b0193b0, 0x000002210b05ed70,
0x000002210b05f730, 0x000002210b0600f0, 0x000002210b060ab0, 0x000002210b0564b0,
0x000002210b058e80, 0x000002210b059880, 0x0000022106b0dff0, 0x000002210b2e85a0,
0x000002210d834960, 0x000002210d11e100, 0x000002210d804070, 0x000002210c942960,
0x000002210c60c240, 0x000002210c60c720, 0x000002210cd1acd0, 0x000002210cbfa4a0,
0x000002210cbfaec0, 0x000002210cbf9a80, 0x000002210cbf9f90, 0x000002210cbfb3d0,
0x000002210cbf8b50, 0x000002210c9f9c90, 0x000002210cbfb8e0, 0x000002210cbf8130,
0x000002210cbf8640, 0x000002210cbf9570, 0x000002210cbf9060, 0x000002210dd76610,
0x000002210dd77540, 0x000002210dd71f30, 0x000002210dd77a50, 0x000002210dd72e60,
0x000002210dd756e0, 0x000002210dd73880, 0x000002210dd77030, 0x000002210dd705e0,
0x000002210dd742a0
}

Java Threads: ( => current thread )
  0x000002216d4ec8d0 JavaThread "main" [_thread_blocked, id=4260, stack(0x0000005f4c100000,0x0000005f4c200000)]
  0x000002210b017270 JavaThread "Reference Handler" daemon [_thread_blocked, id=8420, stack(0x0000005f4c800000,0x0000005f4c900000)]
  0x000002210b0193b0 JavaThread "Finalizer" daemon [_thread_blocked, id=4512, stack(0x0000005f4c900000,0x0000005f4ca00000)]
  0x000002210b05ed70 JavaThread "Signal Dispatcher" daemon [_thread_blocked, id=908, stack(0x0000005f4ca00000,0x0000005f4cb00000)]
  0x000002210b05f730 JavaThread "Attach Listener" daemon [_thread_blocked, id=6680, stack(0x0000005f4cb00000,0x0000005f4cc00000)]
  0x000002210b0600f0 JavaThread "Service Thread" daemon [_thread_blocked, id=7652, stack(0x0000005f4cc00000,0x0000005f4cd00000)]
  0x000002210b060ab0 JavaThread "Monitor Deflation Thread" daemon [_thread_blocked, id=2192, stack(0x0000005f4cd00000,0x0000005f4ce00000)]
  0x000002210b0564b0 JavaThread "C2 CompilerThread0" daemon [_thread_in_native, id=6800, stack(0x0000005f4ce00000,0x0000005f4cf00000)]
  0x000002210b058e80 JavaThread "C1 CompilerThread0" daemon [_thread_in_native, id=4176, stack(0x0000005f4cf00000,0x0000005f4d000000)]
  0x000002210b059880 JavaThread "Sweeper thread" daemon [_thread_blocked, id=6824, stack(0x0000005f4d000000,0x0000005f4d100000)]
  0x0000022106b0dff0 JavaThread "Common-Cleaner" daemon [_thread_blocked, id=9148, stack(0x0000005f4d100000,0x0000005f4d200000)]
  0x000002210b2e85a0 JavaThread "Notification Thread" daemon [_thread_blocked, id=4472, stack(0x0000005f4d200000,0x0000005f4d300000)]
  0x000002210d834960 JavaThread "Daemon health stats" [_thread_blocked, id=1084, stack(0x0000005f4d800000,0x0000005f4d900000)]
  0x000002210d11e100 JavaThread "Incoming local TCP Connector on port 55871" [_thread_in_native, id=5736, stack(0x0000005f4d900000,0x0000005f4da00000)]
  0x000002210d804070 JavaThread "Daemon periodic checks" [_thread_blocked, id=9712, stack(0x0000005f4da00000,0x0000005f4db00000)]
  0x000002210c942960 JavaThread "Daemon" [_thread_blocked, id=8200, stack(0x0000005f4db00000,0x0000005f4dc00000)]
  0x000002210c60c240 JavaThread "Handler for socket connection from /127.0.0.1:55871 to /127.0.0.1:55872" [_thread_in_native, id=4800, stack(0x0000005f4dc00000,0x0000005f4dd00000)]
  0x000002210c60c720 JavaThread "Cancel handler" [_thread_blocked, id=5056, stack(0x0000005f4dd00000,0x0000005f4de00000)]
  0x000002210cd1acd0 JavaThread "Daemon worker" [_thread_blocked, id=2660, stack(0x0000005f4de00000,0x0000005f4df00000)]
  0x000002210cbfa4a0 JavaThread "Asynchronous log dispatcher for DefaultDaemonConnection: socket connection from /127.0.0.1:55871 to /127.0.0.1:55872" [_thread_blocked, id=284, stack(0x0000005f4df00000,0x0000005f4e000000)]
  0x000002210cbfaec0 JavaThread "Stdin handler" [_thread_blocked, id=2916, stack(0x0000005f4e000000,0x0000005f4e100000)]
  0x000002210cbf9a80 JavaThread "Daemon client event forwarder" [_thread_blocked, id=4680, stack(0x0000005f4e100000,0x0000005f4e200000)]
  0x000002210cbf9f90 JavaThread "Cache worker for journal cache (C:\Users\Shaxzodbek\.gradle\caches\journal-1)" [_thread_in_Java, id=6736, stack(0x0000005f4d400000,0x0000005f4d500000)]
  0x000002210cbfb3d0 JavaThread "File lock request listener" [_thread_in_native, id=932, stack(0x0000005f4e200000,0x0000005f4e300000)]
  0x000002210cbf8b50 JavaThread "Cache worker for file hash cache (C:\Users\Shaxzodbek\.gradle\caches\8.6\fileHashes)" [_thread_in_Java, id=7828, stack(0x0000005f4e300000,0x0000005f4e400000)]
=>0x000002210c9f9c90 JavaThread "C2 CompilerThread1" daemon [_thread_in_native, id=8416, stack(0x0000005f4e400000,0x0000005f4e500000)]
  0x000002210cbfb8e0 JavaThread "File watcher server" daemon [_thread_in_native, id=7328, stack(0x0000005f4e500000,0x0000005f4e600000)]
  0x000002210cbf8130 JavaThread "File watcher consumer" daemon [_thread_blocked, id=8412, stack(0x0000005f4e600000,0x0000005f4e700000)]
  0x000002210cbf8640 JavaThread "Cache worker for checksums cache (C:\Users\Shaxzodbek\AndroidStudioProjects\CodialApp3\.gradle\8.6\checksums)" [_thread_blocked, id=3408, stack(0x0000005f4e700000,0x0000005f4e800000)]
  0x000002210cbf9570 JavaThread "Cache worker for file hash cache (C:\Users\Shaxzodbek\AndroidStudioProjects\CodialApp3\.gradle\8.6\fileHashes)" [_thread_blocked, id=9208, stack(0x0000005f4e800000,0x0000005f4e900000)]
  0x000002210cbf9060 JavaThread "Cache worker for cache directory md-supplier (C:\Users\Shaxzodbek\.gradle\caches\8.6\md-supplier)" [_thread_blocked, id=9992, stack(0x0000005f4e900000,0x0000005f4ea00000)]
  0x000002210dd76610 JavaThread "Cache worker for cache directory md-rule (C:\Users\Shaxzodbek\.gradle\caches\8.6\md-rule)" [_thread_blocked, id=8016, stack(0x0000005f4ea00000,0x0000005f4eb00000)]
  0x000002210dd77540 JavaThread "Cache worker for file content cache (C:\Users\Shaxzodbek\.gradle\caches\8.6\fileContent)" [_thread_blocked, id=5152, stack(0x0000005f4eb00000,0x0000005f4ec00000)]
  0x000002210dd71f30 JavaThread "jar transforms" [_thread_blocked, id=9576, stack(0x0000005f4ed00000,0x0000005f4ee00000)]
  0x000002210dd77a50 JavaThread "jar transforms Thread 2" [_thread_blocked, id=2356, stack(0x0000005f4ee00000,0x0000005f4ef00000)]
  0x000002210dd72e60 JavaThread "jar transforms Thread 3" [_thread_blocked, id=748, stack(0x0000005f4ef00000,0x0000005f4f000000)]
  0x000002210dd756e0 JavaThread "jar transforms Thread 4" [_thread_blocked, id=2008, stack(0x0000005f4f000000,0x0000005f4f100000)]
  0x000002210dd73880 JavaThread "Cache worker for Build Output Cleanup Cache (C:\Users\Shaxzodbek\AndroidStudioProjects\CodialApp3\.gradle\buildOutputCleanup)" [_thread_blocked, id=2636, stack(0x0000005f4f100000,0x0000005f4f200000)]
  0x000002210dd77030 JavaThread "Unconstrained build operations" [_thread_in_Java, id=7044, stack(0x0000005f4f200000,0x0000005f4f300000)]
  0x000002210dd705e0 JavaThread "Unconstrained build operations Thread 2" [_thread_blocked, id=1544, stack(0x0000005f4f300000,0x0000005f4f400000)]
  0x000002210dd742a0 JavaThread "Unconstrained build operations Thread 3" [_thread_blocked, id=5212, stack(0x0000005f4f400000,0x0000005f4f500000)]

Other Threads:
  0x0000022106af1c70 VMThread "VM Thread" [stack: 0x0000005f4c700000,0x0000005f4c800000] [id=996]
  0x000002210b2d61a0 WatcherThread [stack: 0x0000005f4d300000,0x0000005f4d400000] [id=7608]
  0x000002216d545cb0 GCTaskThread "GC Thread#0" [stack: 0x0000005f4c200000,0x0000005f4c300000] [id=6120]
  0x000002210b658070 GCTaskThread "GC Thread#1" [stack: 0x0000005f4d500000,0x0000005f4d600000] [id=9732]
  0x000002210b658330 GCTaskThread "GC Thread#2" [stack: 0x0000005f4d600000,0x0000005f4d700000] [id=5792]
  0x000002210c0ba740 GCTaskThread "GC Thread#3" [stack: 0x0000005f4d700000,0x0000005f4d800000] [id=9668]
  0x000002216d556c00 ConcurrentGCThread "G1 Main Marker" [stack: 0x0000005f4c300000,0x0000005f4c400000] [id=8896]
  0x000002216d557dc0 ConcurrentGCThread "G1 Conc#0" [stack: 0x0000005f4c400000,0x0000005f4c500000] [id=5580]
  0x00000221069464e0 ConcurrentGCThread "G1 Refine#0" [stack: 0x0000005f4c500000,0x0000005f4c600000] [id=7456]
  0x000002210ed14e50 ConcurrentGCThread "G1 Refine#1" [stack: 0x0000005f4ec00000,0x0000005f4ed00000] [id=10220]
  0x0000022106946d20 ConcurrentGCThread "G1 Service" [stack: 0x0000005f4c600000,0x0000005f4c700000] [id=2936]

Threads with active compile tasks:
C2 CompilerThread0     7895 5748       4       java.lang.invoke.MemberName::getMethodOrFieldType (72 bytes)
C2 CompilerThread1     7895 5780       4       java.lang.invoke.MethodType::makeImpl (109 bytes)

VM state: not at safepoint (normal execution)

VM Mutex/Monitor currently owned by a thread: None

Heap address: 0x0000000080000000, size: 2048 MB, Compressed Oops mode: 32-bit

CDS archive(s) not mapped
Compressed class space mapped at: 0x0000000100000000-0x0000000140000000, reserved size: 1073741824
Narrow klass base: 0x0000000000000000, Narrow klass shift: 3, Narrow klass range: 0x140000000

GC Precious Log:
 CPUs: 4 total, 4 available
 Memory: 8112M
 Large Page Support: Disabled
 NUMA Support: Disabled
 Compressed Oops: Enabled (32-bit)
 Heap Region Size: 1M
 Heap Min Capacity: 8M
 Heap Initial Capacity: 128M
 Heap Max Capacity: 2G
 Pre-touch: Disabled
 Parallel Workers: 4
 Concurrent Workers: 1
 Concurrent Refinement Workers: 4
 Periodic GC: Disabled

Heap:
 garbage-first heap   total 100352K, used 42672K [0x0000000080000000, 0x0000000100000000)
  region size 1024K, 12 young (12288K), 5 survivors (5120K)
 Metaspace       used 56271K, committed 56832K, reserved 1114112K
  class space    used 7730K, committed 8000K, reserved 1048576K

Heap Regions: E=young(eden), S=young(survivor), O=old, HS=humongous(starts), HC=humongous(continues), CS=collection set, F=free, OA=open archive, CA=closed archive, TAMS=top-at-mark-start (previous, next)
|   0|0x0000000080000000, 0x0000000080100000, 0x0000000080100000|100%| O|  |TAMS 0x0000000080100000, 0x0000000080000000| Untracked 
|   1|0x0000000080100000, 0x0000000080200000, 0x0000000080200000|100%| O|  |TAMS 0x0000000080200000, 0x0000000080100000| Untracked 
|   2|0x0000000080200000, 0x0000000080300000, 0x0000000080300000|100%|HS|  |TAMS 0x0000000080300000, 0x0000000080200000| Complete 
|   3|0x0000000080300000, 0x0000000080400000, 0x0000000080400000|100%|HC|  |TAMS 0x0000000080400000, 0x0000000080300000| Complete 
|   4|0x0000000080400000, 0x0000000080500000, 0x0000000080500000|100%|HC|  |TAMS 0x0000000080500000, 0x0000000080400000| Complete 
|   5|0x0000000080500000, 0x0000000080600000, 0x0000000080600000|100%|HC|  |TAMS 0x0000000080600000, 0x0000000080500000| Complete 
|   6|0x0000000080600000, 0x0000000080700000, 0x0000000080700000|100%| O|  |TAMS 0x0000000080700000, 0x0000000080600000| Untracked 
|   7|0x0000000080700000, 0x0000000080800000, 0x0000000080800000|100%| O|  |TAMS 0x0000000080800000, 0x0000000080700000| Untracked 
|   8|0x0000000080800000, 0x0000000080900000, 0x0000000080900000|100%| O|  |TAMS 0x0000000080900000, 0x0000000080800000| Untracked 
|   9|0x0000000080900000, 0x0000000080a00000, 0x0000000080a00000|100%| O|  |TAMS 0x0000000080a00000, 0x0000000080900000| Untracked 
|  10|0x0000000080a00000, 0x0000000080a83e00, 0x0000000080b00000| 51%| O|  |TAMS 0x0000000080a83e00, 0x0000000080a00000| Untracked 
|  11|0x0000000080b00000, 0x0000000080c00000, 0x0000000080c00000|100%| O|  |TAMS 0x0000000080c00000, 0x0000000080b00000| Untracked 
|  12|0x0000000080c00000, 0x0000000080d00000, 0x0000000080d00000|100%| O|  |TAMS 0x0000000080d00000, 0x0000000080c00000| Untracked 
|  13|0x0000000080d00000, 0x0000000080e00000, 0x0000000080e00000|100%| O|  |TAMS 0x0000000080e00000, 0x0000000080d00000| Untracked 
|  14|0x0000000080e00000, 0x0000000080f00000, 0x0000000080f00000|100%| O|  |TAMS 0x0000000080f00000, 0x0000000080e00000| Untracked 
|  15|0x0000000080f00000, 0x0000000081000000, 0x0000000081000000|100%| O|  |TAMS 0x0000000081000000, 0x0000000080f00000| Untracked 
|  16|0x0000000081000000, 0x0000000081100000, 0x0000000081100000|100%| O|  |TAMS 0x0000000081100000, 0x0000000081000000| Untracked 
|  17|0x0000000081100000, 0x0000000081200000, 0x0000000081200000|100%| O|  |TAMS 0x0000000081200000, 0x0000000081100000| Untracked 
|  18|0x0000000081200000, 0x0000000081300000, 0x0000000081300000|100%| O|  |TAMS 0x0000000081300000, 0x0000000081200000| Untracked 
|  19|0x0000000081300000, 0x0000000081400000, 0x0000000081400000|100%| O|  |TAMS 0x0000000081400000, 0x0000000081300000| Untracked 
|  20|0x0000000081400000, 0x0000000081500000, 0x0000000081500000|100%| O|  |TAMS 0x000000008148a000, 0x0000000081400000| Untracked 
|  21|0x0000000081500000, 0x0000000081600000, 0x0000000081600000|100%| O|  |TAMS 0x0000000081500000, 0x0000000081500000| Untracked 
|  22|0x0000000081600000, 0x0000000081700000, 0x0000000081700000|100%| O|  |TAMS 0x0000000081600000, 0x0000000081600000| Untracked 
|  23|0x0000000081700000, 0x0000000081800000, 0x0000000081800000|100%| O|  |TAMS 0x0000000081700000, 0x0000000081700000| Untracked 
|  24|0x0000000081800000, 0x0000000081900000, 0x0000000081900000|100%| O|  |TAMS 0x0000000081800000, 0x0000000081800000| Untracked 
|  25|0x0000000081900000, 0x0000000081a00000, 0x0000000081a00000|100%| O|  |TAMS 0x0000000081900000, 0x0000000081900000| Untracked 
|  26|0x0000000081a00000, 0x0000000081b00000, 0x0000000081b00000|100%| O|  |TAMS 0x0000000081a00000, 0x0000000081a00000| Untracked 
|  27|0x0000000081b00000, 0x0000000081c00000, 0x0000000081c00000|100%| O|  |TAMS 0x0000000081b00000, 0x0000000081b00000| Untracked 
|  28|0x0000000081c00000, 0x0000000081d00000, 0x0000000081d00000|100%| O|  |TAMS 0x0000000081c00000, 0x0000000081c00000| Untracked 
|  29|0x0000000081d00000, 0x0000000081d28200, 0x0000000081e00000| 15%| O|  |TAMS 0x0000000081d00000, 0x0000000081d00000| Untracked 
|  30|0x0000000081e00000, 0x0000000081f00000, 0x0000000081f00000|100%| O|  |TAMS 0x0000000081e00000, 0x0000000081e00000| Untracked 
|  31|0x0000000081f00000, 0x0000000082000000, 0x0000000082000000|100%| O|  |TAMS 0x0000000081f00000, 0x0000000081f00000| Untracked 
|  32|0x0000000082000000, 0x0000000082000000, 0x0000000082100000|  0%| F|  |TAMS 0x0000000082000000, 0x0000000082000000| Untracked 
|  33|0x0000000082100000, 0x0000000082100000, 0x0000000082200000|  0%| F|  |TAMS 0x0000000082100000, 0x0000000082100000| Untracked 
|  34|0x0000000082200000, 0x0000000082200000, 0x0000000082300000|  0%| F|  |TAMS 0x0000000082200000, 0x0000000082200000| Untracked 
|  35|0x0000000082300000, 0x0000000082300000, 0x0000000082400000|  0%| F|  |TAMS 0x0000000082300000, 0x0000000082300000| Untracked 
|  36|0x0000000082400000, 0x0000000082400000, 0x0000000082500000|  0%| F|  |TAMS 0x0000000082400000, 0x0000000082400000| Untracked 
|  37|0x0000000082500000, 0x0000000082500000, 0x0000000082600000|  0%| F|  |TAMS 0x0000000082500000, 0x0000000082500000| Untracked 
|  38|0x0000000082600000, 0x0000000082600000, 0x0000000082700000|  0%| F|  |TAMS 0x0000000082600000, 0x0000000082600000| Untracked 
|  39|0x0000000082700000, 0x0000000082700000, 0x0000000082800000|  0%| F|  |TAMS 0x0000000082700000, 0x0000000082700000| Untracked 
|  40|0x0000000082800000, 0x0000000082800000, 0x0000000082900000|  0%| F|  |TAMS 0x0000000082800000, 0x0000000082800000| Untracked 
|  41|0x0000000082900000, 0x0000000082a00000, 0x0000000082a00000|100%| S|CS|TAMS 0x0000000082900000, 0x0000000082900000| Complete 
|  42|0x0000000082a00000, 0x0000000082b00000, 0x0000000082b00000|100%| S|CS|TAMS 0x0000000082a00000, 0x0000000082a00000| Complete 
|  43|0x0000000082b00000, 0x0000000082c00000, 0x0000000082c00000|100%| S|CS|TAMS 0x0000000082b00000, 0x0000000082b00000| Complete 
|  44|0x0000000082c00000, 0x0000000082c00000, 0x0000000082d00000|  0%| F|  |TAMS 0x0000000082c00000, 0x0000000082c00000| Untracked 
|  45|0x0000000082d00000, 0x0000000082d00000, 0x0000000082e00000|  0%| F|  |TAMS 0x0000000082d00000, 0x0000000082d00000| Untracked 
|  46|0x0000000082e00000, 0x0000000082e00000, 0x0000000082f00000|  0%| F|  |TAMS 0x0000000082e00000, 0x0000000082e00000| Untracked 
|  47|0x0000000082f00000, 0x0000000083000000, 0x0000000083000000|100%| S|CS|TAMS 0x0000000082f00000, 0x0000000082f00000| Complete 
|  48|0x0000000083000000, 0x0000000083000000, 0x0000000083100000|  0%| F|  |TAMS 0x0000000083000000, 0x0000000083000000| Untracked 
|  49|0x0000000083100000, 0x0000000083200000, 0x0000000083200000|100%| S|CS|TAMS 0x0000000083100000, 0x0000000083100000| Complete 
|  50|0x0000000083200000, 0x0000000083200000, 0x0000000083300000|  0%| F|  |TAMS 0x0000000083200000, 0x0000000083200000| Untracked 
|  51|0x0000000083300000, 0x0000000083300000, 0x0000000083400000|  0%| F|  |TAMS 0x0000000083300000, 0x0000000083300000| Untracked 
|  52|0x0000000083400000, 0x0000000083400000, 0x0000000083500000|  0%| F|  |TAMS 0x0000000083400000, 0x0000000083400000| Untracked 
|  53|0x0000000083500000, 0x0000000083500000, 0x0000000083600000|  0%| F|  |TAMS 0x0000000083500000, 0x0000000083500000| Untracked 
|  54|0x0000000083600000, 0x0000000083600000, 0x0000000083700000|  0%| F|  |TAMS 0x0000000083600000, 0x0000000083600000| Untracked 
|  55|0x0000000083700000, 0x0000000083700000, 0x0000000083800000|  0%| F|  |TAMS 0x0000000083700000, 0x0000000083700000| Untracked 
|  56|0x0000000083800000, 0x0000000083800000, 0x0000000083900000|  0%| F|  |TAMS 0x0000000083800000, 0x0000000083800000| Untracked 
|  57|0x0000000083900000, 0x0000000083900000, 0x0000000083a00000|  0%| F|  |TAMS 0x0000000083900000, 0x0000000083900000| Untracked 
|  58|0x0000000083a00000, 0x0000000083a00000, 0x0000000083b00000|  0%| F|  |TAMS 0x0000000083a00000, 0x0000000083a00000| Untracked 
|  59|0x0000000083b00000, 0x0000000083b00000, 0x0000000083c00000|  0%| F|  |TAMS 0x0000000083b00000, 0x0000000083b00000| Untracked 
|  60|0x0000000083c00000, 0x0000000083c00000, 0x0000000083d00000|  0%| F|  |TAMS 0x0000000083c00000, 0x0000000083c00000| Untracked 
|  61|0x0000000083d00000, 0x0000000083d00000, 0x0000000083e00000|  0%| F|  |TAMS 0x0000000083d00000, 0x0000000083d00000| Untracked 
|  62|0x0000000083e00000, 0x0000000083e00000, 0x0000000083f00000|  0%| F|  |TAMS 0x0000000083e00000, 0x0000000083e00000| Untracked 
|  63|0x0000000083f00000, 0x0000000083f00000, 0x0000000084000000|  0%| F|  |TAMS 0x0000000083f00000, 0x0000000083f00000| Untracked 
|  64|0x0000000084000000, 0x0000000084000000, 0x0000000084100000|  0%| F|  |TAMS 0x0000000084000000, 0x0000000084000000| Untracked 
|  65|0x0000000084100000, 0x0000000084100000, 0x0000000084200000|  0%| F|  |TAMS 0x0000000084100000, 0x0000000084100000| Untracked 
|  66|0x0000000084200000, 0x0000000084200000, 0x0000000084300000|  0%| F|  |TAMS 0x0000000084200000, 0x0000000084200000| Untracked 
|  67|0x0000000084300000, 0x0000000084300000, 0x0000000084400000|  0%| F|  |TAMS 0x0000000084300000, 0x0000000084300000| Untracked 
|  68|0x0000000084400000, 0x0000000084400000, 0x0000000084500000|  0%| F|  |TAMS 0x0000000084400000, 0x0000000084400000| Untracked 
|  69|0x0000000084500000, 0x0000000084500000, 0x0000000084600000|  0%| F|  |TAMS 0x0000000084500000, 0x0000000084500000| Untracked 
|  70|0x0000000084600000, 0x0000000084600000, 0x0000000084700000|  0%| F|  |TAMS 0x0000000084600000, 0x0000000084600000| Untracked 
|  71|0x0000000084700000, 0x0000000084700000, 0x0000000084800000|  0%| F|  |TAMS 0x0000000084700000, 0x0000000084700000| Untracked 
|  72|0x0000000084800000, 0x0000000084800000, 0x0000000084900000|  0%| F|  |TAMS 0x0000000084800000, 0x0000000084800000| Untracked 
|  73|0x0000000084900000, 0x0000000084900000, 0x0000000084a00000|  0%| F|  |TAMS 0x0000000084900000, 0x0000000084900000| Untracked 
|  74|0x0000000084a00000, 0x0000000084a00000, 0x0000000084b00000|  0%| F|  |TAMS 0x0000000084a00000, 0x0000000084a00000| Untracked 
|  75|0x0000000084b00000, 0x0000000084b00000, 0x0000000084c00000|  0%| F|  |TAMS 0x0000000084b00000, 0x0000000084b00000| Untracked 
|  76|0x0000000084c00000, 0x0000000084c00000, 0x0000000084d00000|  0%| F|  |TAMS 0x0000000084c00000, 0x0000000084c00000| Untracked 
|  77|0x0000000084d00000, 0x0000000084d00000, 0x0000000084e00000|  0%| F|  |TAMS 0x0000000084d00000, 0x0000000084d00000| Untracked 
|  78|0x0000000084e00000, 0x0000000084e00000, 0x0000000084f00000|  0%| F|  |TAMS 0x0000000084e00000, 0x0000000084e00000| Untracked 
|  79|0x0000000084f00000, 0x0000000084f00000, 0x0000000085000000|  0%| F|  |TAMS 0x0000000084f00000, 0x0000000084f00000| Untracked 
|  80|0x0000000085000000, 0x0000000085000000, 0x0000000085100000|  0%| F|  |TAMS 0x0000000085000000, 0x0000000085000000| Untracked 
|  81|0x0000000085100000, 0x0000000085100000, 0x0000000085200000|  0%| F|  |TAMS 0x0000000085100000, 0x0000000085100000| Untracked 
|  82|0x0000000085200000, 0x0000000085200000, 0x0000000085300000|  0%| F|  |TAMS 0x0000000085200000, 0x0000000085200000| Untracked 
|  83|0x0000000085300000, 0x0000000085300000, 0x0000000085400000|  0%| F|  |TAMS 0x0000000085300000, 0x0000000085300000| Untracked 
|  84|0x0000000085400000, 0x0000000085400000, 0x0000000085500000|  0%| F|  |TAMS 0x0000000085400000, 0x0000000085400000| Untracked 
|  85|0x0000000085500000, 0x0000000085500000, 0x0000000085600000|  0%| F|  |TAMS 0x0000000085500000, 0x0000000085500000| Untracked 
|  86|0x0000000085600000, 0x0000000085600000, 0x0000000085700000|  0%| F|  |TAMS 0x0000000085600000, 0x0000000085600000| Untracked 
|  87|0x0000000085700000, 0x0000000085700000, 0x0000000085800000|  0%| F|  |TAMS 0x0000000085700000, 0x0000000085700000| Untracked 
|  88|0x0000000085800000, 0x0000000085800000, 0x0000000085900000|  0%| F|  |TAMS 0x0000000085800000, 0x0000000085800000| Untracked 
|  89|0x0000000085900000, 0x0000000085900000, 0x0000000085a00000|  0%| F|  |TAMS 0x0000000085900000, 0x0000000085900000| Untracked 
|  90|0x0000000085a00000, 0x0000000085a00000, 0x0000000085b00000|  0%| F|  |TAMS 0x0000000085a00000, 0x0000000085a00000| Untracked 
|  91|0x0000000085b00000, 0x0000000085c00000, 0x0000000085c00000|100%| E|CS|TAMS 0x0000000085b00000, 0x0000000085b00000| Complete 
|  92|0x0000000085c00000, 0x0000000085d00000, 0x0000000085d00000|100%| E|CS|TAMS 0x0000000085c00000, 0x0000000085c00000| Complete 
|  93|0x0000000085d00000, 0x0000000085e00000, 0x0000000085e00000|100%| E|CS|TAMS 0x0000000085d00000, 0x0000000085d00000| Complete 
|  94|0x0000000085e00000, 0x0000000085f00000, 0x0000000085f00000|100%| E|CS|TAMS 0x0000000085e00000, 0x0000000085e00000| Complete 
|  95|0x0000000085f00000, 0x0000000086000000, 0x0000000086000000|100%| E|CS|TAMS 0x0000000085f00000, 0x0000000085f00000| Complete 
|  96|0x0000000086000000, 0x0000000086100000, 0x0000000086100000|100%| E|CS|TAMS 0x0000000086000000, 0x0000000086000000| Complete 
| 127|0x0000000087f00000, 0x0000000088000000, 0x0000000088000000|100%| E|CS|TAMS 0x0000000087f00000, 0x0000000087f00000| Complete 

Card table byte_map: [0x0000022100000000,0x0000022100400000] _byte_map_base: 0x00000220ffc00000

Marking Bits (Prev, Next): (CMBitMap*) 0x000002216d5462d0, (CMBitMap*) 0x000002216d546310
 Prev Bits: [0x0000022100800000, 0x0000022102800000)
 Next Bits: [0x0000022102800000, 0x0000022104800000)

Polling page: 0x000002216b320000

Metaspace:

Usage:
  Non-class:     47.40 MB used.
      Class:      7.55 MB used.
       Both:     54.95 MB used.

Virtual space:
  Non-class space:       64.00 MB reserved,      47.69 MB ( 75%) committed,  1 nodes.
      Class space:        1.00 GB reserved,       7.81 MB ( <1%) committed,  1 nodes.
             Both:        1.06 GB reserved,      55.50 MB (  5%) committed. 

Chunk freelists:
   Non-Class:  15.48 MB
       Class:  8.20 MB
        Both:  23.69 MB

MaxMetaspaceSize: unlimited
CompressedClassSpaceSize: 1.00 GB
Initial GC threshold: 21.00 MB
Current GC threshold: 58.88 MB
CDS: off
MetaspaceReclaimPolicy: balanced
 - commit_granule_bytes: 65536.
 - commit_granule_words: 8192.
 - virtual_space_node_default_size: 8388608.
 - enlarge_chunks_in_place: 1.
 - new_chunks_are_fully_committed: 0.
 - uncommit_free_chunks: 1.
 - use_allocation_guard: 0.
 - handle_deallocations: 1.


Internal statistics:

num_allocs_failed_limit: 6.
num_arena_births: 612.
num_arena_deaths: 0.
num_vsnodes_births: 2.
num_vsnodes_deaths: 0.
num_space_committed: 888.
num_space_uncommitted: 0.
num_chunks_returned_to_freelist: 6.
num_chunks_taken_from_freelist: 2480.
num_chunk_merges: 6.
num_chunk_splits: 1633.
num_chunks_enlarged: 1098.
num_inconsistent_stats: 0.

CodeHeap 'non-profiled nmethods': size=120000Kb used=3169Kb max_used=3169Kb free=116830Kb
 bounds [0x0000022178490000, 0x00000221787b0000, 0x000002217f9c0000]
CodeHeap 'profiled nmethods': size=120000Kb used=10998Kb max_used=10998Kb free=109002Kb
 bounds [0x00000221709c0000, 0x0000022171480000, 0x0000022177ef0000]
CodeHeap 'non-nmethods': size=5760Kb used=1626Kb max_used=1689Kb free=4133Kb
 bounds [0x0000022177ef0000, 0x0000022178160000, 0x0000022178490000]
 total_blobs=6597 nmethods=5899 adapters=610
 compilation: enabled
              stopped_count=0, restarted_count=0
 full_count=0

Compilation events (20 events):
Event: 7.863 Thread 0x000002210b058e80 nmethod 5853 0x00000221787a5190 code [0x00000221787a5320, 0x00000221787a53d8]
Event: 7.863 Thread 0x000002210b058e80 5854       1       org.gradle.api.internal.changedetection.state.CachingFileHasher$FileInfo::access$200 (5 bytes)
Event: 7.863 Thread 0x000002210b058e80 nmethod 5854 0x00000221787a5490 code [0x00000221787a5620, 0x00000221787a56d8]
Event: 7.863 Thread 0x000002210b058e80 5855       1       org.gradle.api.internal.changedetection.state.CachingFileHasher$FileInfo::getHash (5 bytes)
Event: 7.863 Thread 0x000002210b058e80 nmethod 5855 0x00000221787a5790 code [0x00000221787a5920, 0x00000221787a59f8]
Event: 7.863 Thread 0x000002210b058e80 5856       1       org.gradle.internal.file.impl.DefaultFileMetadata::getAccessType (5 bytes)
Event: 7.863 Thread 0x000002210b058e80 nmethod 5856 0x00000221787a5a90 code [0x00000221787a5c20, 0x00000221787a5cf8]
Event: 7.863 Thread 0x000002210b058e80 5857       3       org.gradle.internal.file.FileHierarchySet$PrefixFileSet::contains (10 bytes)
Event: 7.863 Thread 0x000002210b058e80 nmethod 5857 0x0000022171457810 code [0x00000221714579c0, 0x0000022171457b28]
Event: 7.863 Thread 0x000002210b058e80 5858   !   3       org.gradle.cache.internal.DefaultCacheCoordinator::useCache (191 bytes)
Event: 7.866 Thread 0x000002210b058e80 nmethod 5858 0x0000022171457c10 code [0x00000221714580e0, 0x000002217145a778]
Event: 7.866 Thread 0x000002210b058e80 5861       3       sun.nio.fs.WindowsPath::isEmpty (8 bytes)
Event: 7.866 Thread 0x000002210b058e80 nmethod 5861 0x000002217145bb90 code [0x000002217145bd40, 0x000002217145bf18]
Event: 7.866 Thread 0x000002210b058e80 5859       3       org.gradle.internal.snapshot.AbstractListChildMap::findChildIndexWithCommonPrefix (15 bytes)
Event: 7.867 Thread 0x000002210b058e80 nmethod 5859 0x000002217145c010 code [0x000002217145c220, 0x000002217145c858]
Event: 7.867 Thread 0x000002210b058e80 5860       3       org.gradle.internal.snapshot.AbstractListChildMap$$Lambda$529/0x00000001005b39e8::<init> (15 bytes)
Event: 7.867 Thread 0x000002210b058e80 nmethod 5860 0x000002217145ca90 code [0x000002217145cc40, 0x000002217145ce58]
Event: 7.867 Thread 0x000002210b058e80 5862  s    3       sun.nio.fs.WindowsDirectoryStream$WindowsDirectoryIterator::hasNext (35 bytes)
Event: 7.867 Thread 0x000002210b058e80 nmethod 5862 0x000002217145cf10 code [0x000002217145d0c0, 0x000002217145d3e8]
Event: 7.867 Thread 0x000002210b058e80 5863   !   3       sun.nio.fs.WindowsDirectoryStream$WindowsDirectoryIterator::readNextEntry (192 bytes)

GC Heap History (20 events):
Event: 2.371 GC heap before
{Heap before GC invocations=3 (full 0):
 garbage-first heap   total 131072K, used 61429K [0x0000000080000000, 0x0000000100000000)
  region size 1024K, 50 young (51200K), 1 survivors (1024K)
 Metaspace       used 21296K, committed 21504K, reserved 1114112K
  class space    used 2502K, committed 2624K, reserved 1048576K
}
Event: 2.379 GC heap after
{Heap after GC invocations=4 (full 0):
 garbage-first heap   total 131072K, used 18772K [0x0000000080000000, 0x0000000100000000)
  region size 1024K, 8 young (8192K), 8 survivors (8192K)
 Metaspace       used 21296K, committed 21504K, reserved 1114112K
  class space    used 2502K, committed 2624K, reserved 1048576K
}
Event: 2.974 GC heap before
{Heap before GC invocations=5 (full 0):
 garbage-first heap   total 68608K, used 51540K [0x0000000080000000, 0x0000000100000000)
  region size 1024K, 40 young (40960K), 8 survivors (8192K)
 Metaspace       used 26234K, committed 26496K, reserved 1114112K
  class space    used 3364K, committed 3456K, reserved 1048576K
}
Event: 2.983 GC heap after
{Heap after GC invocations=6 (full 0):
 garbage-first heap   total 68608K, used 20872K [0x0000000080000000, 0x0000000100000000)
  region size 1024K, 2 young (2048K), 2 survivors (2048K)
 Metaspace       used 26234K, committed 26496K, reserved 1114112K
  class space    used 3364K, committed 3456K, reserved 1048576K
}
Event: 3.596 GC heap before
{Heap before GC invocations=6 (full 0):
 garbage-first heap   total 68608K, used 49544K [0x0000000080000000, 0x0000000100000000)
  region size 1024K, 30 young (30720K), 2 survivors (2048K)
 Metaspace       used 30175K, committed 30464K, reserved 1114112K
  class space    used 4034K, committed 4160K, reserved 1048576K
}
Event: 3.603 GC heap after
{Heap after GC invocations=7 (full 0):
 garbage-first heap   total 68608K, used 22297K [0x0000000080000000, 0x0000000100000000)
  region size 1024K, 4 young (4096K), 4 survivors (4096K)
 Metaspace       used 30175K, committed 30464K, reserved 1114112K
  class space    used 4034K, committed 4160K, reserved 1048576K
}
Event: 4.051 GC heap before
{Heap before GC invocations=7 (full 0):
 garbage-first heap   total 68608K, used 50969K [0x0000000080000000, 0x0000000100000000)
  region size 1024K, 32 young (32768K), 4 survivors (4096K)
 Metaspace       used 33676K, committed 34048K, reserved 1114112K
  class space    used 4606K, committed 4800K, reserved 1048576K
}
Event: 4.057 GC heap after
{Heap after GC invocations=8 (full 0):
 garbage-first heap   total 68608K, used 23623K [0x0000000080000000, 0x0000000100000000)
  region size 1024K, 4 young (4096K), 4 survivors (4096K)
 Metaspace       used 33676K, committed 34048K, reserved 1114112K
  class space    used 4606K, committed 4800K, reserved 1048576K
}
Event: 4.281 GC heap before
{Heap before GC invocations=8 (full 0):
 garbage-first heap   total 68608K, used 33863K [0x0000000080000000, 0x0000000100000000)
  region size 1024K, 16 young (16384K), 4 survivors (4096K)
 Metaspace       used 35776K, committed 36096K, reserved 1114112K
  class space    used 4905K, committed 5056K, reserved 1048576K
}
Event: 4.287 GC heap after
{Heap after GC invocations=9 (full 0):
 garbage-first heap   total 82944K, used 24554K [0x0000000080000000, 0x0000000100000000)
  region size 1024K, 3 young (3072K), 3 survivors (3072K)
 Metaspace       used 35776K, committed 36096K, reserved 1114112K
  class space    used 4905K, committed 5056K, reserved 1048576K
}
Event: 4.936 GC heap before
{Heap before GC invocations=10 (full 0):
 garbage-first heap   total 82944K, used 62442K [0x0000000080000000, 0x0000000100000000)
  region size 1024K, 41 young (41984K), 3 survivors (3072K)
 Metaspace       used 41218K, committed 41536K, reserved 1114112K
  class space    used 5480K, committed 5632K, reserved 1048576K
}
Event: 4.943 GC heap after
{Heap after GC invocations=11 (full 0):
 garbage-first heap   total 82944K, used 28400K [0x0000000080000000, 0x0000000100000000)
  region size 1024K, 6 young (6144K), 6 survivors (6144K)
 Metaspace       used 41218K, committed 41536K, reserved 1114112K
  class space    used 5480K, committed 5632K, reserved 1048576K
}
Event: 5.505 GC heap before
{Heap before GC invocations=11 (full 0):
 garbage-first heap   total 82944K, used 63216K [0x0000000080000000, 0x0000000100000000)
  region size 1024K, 40 young (40960K), 6 survivors (6144K)
 Metaspace       used 44252K, committed 44736K, reserved 1114112K
  class space    used 5965K, committed 6208K, reserved 1048576K
}
Event: 5.515 GC heap after
{Heap after GC invocations=12 (full 0):
 garbage-first heap   total 82944K, used 30181K [0x0000000080000000, 0x0000000100000000)
  region size 1024K, 3 young (3072K), 3 survivors (3072K)
 Metaspace       used 44252K, committed 44736K, reserved 1114112K
  class space    used 5965K, committed 6208K, reserved 1048576K
}
Event: 6.178 GC heap before
{Heap before GC invocations=12 (full 0):
 garbage-first heap   total 82944K, used 63973K [0x0000000080000000, 0x0000000100000000)
  region size 1024K, 36 young (36864K), 3 survivors (3072K)
 Metaspace       used 48389K, committed 48832K, reserved 1114112K
  class space    used 6629K, committed 6848K, reserved 1048576K
}
Event: 6.185 GC heap after
{Heap after GC invocations=13 (full 0):
 garbage-first heap   total 82944K, used 31535K [0x0000000080000000, 0x0000000100000000)
  region size 1024K, 4 young (4096K), 4 survivors (4096K)
 Metaspace       used 48389K, committed 48832K, reserved 1114112K
  class space    used 6629K, committed 6848K, reserved 1048576K
}
Event: 6.870 GC heap before
{Heap before GC invocations=13 (full 0):
 garbage-first heap   total 82944K, used 65327K [0x0000000080000000, 0x0000000100000000)
  region size 1024K, 36 young (36864K), 4 survivors (4096K)
 Metaspace       used 53115K, committed 53568K, reserved 1114112K
  class space    used 7288K, committed 7488K, reserved 1048576K
}
Event: 6.879 GC heap after
{Heap after GC invocations=14 (full 0):
 garbage-first heap   total 82944K, used 32980K [0x0000000080000000, 0x0000000100000000)
  region size 1024K, 4 young (4096K), 4 survivors (4096K)
 Metaspace       used 53115K, committed 53568K, reserved 1114112K
  class space    used 7288K, committed 7488K, reserved 1048576K
}
Event: 7.762 GC heap before
{Heap before GC invocations=14 (full 0):
 garbage-first heap   total 82944K, used 64724K [0x0000000080000000, 0x0000000100000000)
  region size 1024K, 35 young (35840K), 4 survivors (4096K)
 Metaspace       used 55933K, committed 56512K, reserved 1114112K
  class space    used 7668K, committed 7936K, reserved 1048576K
}
Event: 7.772 GC heap after
{Heap after GC invocations=15 (full 0):
 garbage-first heap   total 100352K, used 36528K [0x0000000080000000, 0x0000000100000000)
  region size 1024K, 5 young (5120K), 5 survivors (5120K)
 Metaspace       used 55933K, committed 56512K, reserved 1114112K
  class space    used 7668K, committed 7936K, reserved 1048576K
}

Dll operation events (3 events):
Event: 0.006 Loaded shared library C:\Program Files\Android\Android Studio1\jbr\bin\java.dll
Event: 0.144 Loaded shared library C:\Program Files\Android\Android Studio1\jbr\bin\zip.dll
Event: 0.514 Loaded shared library C:\Program Files\Android\Android Studio1\jbr\bin\verify.dll

Deoptimization events (20 events):
Event: 7.788 Thread 0x000002210dd705e0 DEOPT PACKING pc=0x000002217877b86c sp=0x0000005f4f3fd2c0
Event: 7.788 Thread 0x000002210dd705e0 DEOPT UNPACKING pc=0x0000022177f469a3 sp=0x0000005f4f3fd250 mode 2
Event: 7.794 Thread 0x000002210dd77030 Uncommon trap: trap_request=0xffffff45 fr.pc=0x00000221785a8668 relative=0x0000000000001148
Event: 7.794 Thread 0x000002210dd77030 Uncommon trap: reason=unstable_if action=reinterpret pc=0x00000221785a8668 method=java.util.concurrent.ConcurrentHashMap.putVal(Ljava/lang/Object;Ljava/lang/Object;Z)Ljava/lang/Object; @ 97 c2
Event: 7.794 Thread 0x000002210dd77030 DEOPT PACKING pc=0x00000221785a8668 sp=0x0000005f4f2fdbf0
Event: 7.794 Thread 0x000002210dd77030 DEOPT UNPACKING pc=0x0000022177f469a3 sp=0x0000005f4f2fdb78 mode 2
Event: 7.795 Thread 0x000002210dd742a0 Uncommon trap: trap_request=0xffffff45 fr.pc=0x0000022178623310 relative=0x0000000000000450
Event: 7.795 Thread 0x000002210dd742a0 Uncommon trap: reason=unstable_if action=reinterpret pc=0x0000022178623310 method=java.util.concurrent.ConcurrentHashMap.addCount(JI)V @ 260 c2
Event: 7.795 Thread 0x000002210dd742a0 DEOPT PACKING pc=0x0000022178623310 sp=0x0000005f4f4fd9b0
Event: 7.795 Thread 0x000002210dd742a0 DEOPT UNPACKING pc=0x0000022177f469a3 sp=0x0000005f4f4fd910 mode 2
Event: 7.819 Thread 0x000002210cd1acd0 Uncommon trap: trap_request=0xffffff45 fr.pc=0x000002217877381c relative=0x00000000000018bc
Event: 7.819 Thread 0x000002210cd1acd0 Uncommon trap: reason=unstable_if action=reinterpret pc=0x000002217877381c method=java.util.concurrent.ConcurrentHashMap.computeIfAbsent(Ljava/lang/Object;Ljava/util/function/Function;)Ljava/lang/Object; @ 279 c2
Event: 7.819 Thread 0x000002210cd1acd0 DEOPT PACKING pc=0x000002217877381c sp=0x0000005f4def7af0
Event: 7.819 Thread 0x000002210cd1acd0 DEOPT UNPACKING pc=0x0000022177f469a3 sp=0x0000005f4def7a78 mode 2
Event: 7.821 Thread 0x000002210dd705e0 Uncommon trap: trap_request=0xffffff45 fr.pc=0x000002217877381c relative=0x00000000000018bc
Event: 7.821 Thread 0x000002210dd705e0 Uncommon trap: reason=unstable_if action=reinterpret pc=0x000002217877381c method=java.util.concurrent.ConcurrentHashMap.computeIfAbsent(Ljava/lang/Object;Ljava/util/function/Function;)Ljava/lang/Object; @ 279 c2
Event: 7.821 Thread 0x000002210dd705e0 DEOPT PACKING pc=0x000002217877381c sp=0x0000005f4f3fe1c0
Event: 7.821 Thread 0x000002210dd705e0 DEOPT UNPACKING pc=0x0000022177f469a3 sp=0x0000005f4f3fe148 mode 2
Event: 7.842 Thread 0x000002210cbf8b50 DEOPT PACKING pc=0x00000221712cbf4c sp=0x0000005f4e3fe7d0
Event: 7.842 Thread 0x000002210cbf8b50 DEOPT UNPACKING pc=0x0000022177f47143 sp=0x0000005f4e3fdc70 mode 0

Classes unloaded (0 events):
No events

Classes redefined (0 events):
No events

Internal exceptions (20 events):
Event: 6.902 Thread 0x000002210cd1acd0 Exception <a 'java/lang/NoSuchMethodError'{0x0000000087fbe730}: 'java.lang.Object java.lang.invoke.DelegatingMethodHandle$Holder.reinvoke_L(java.lang.Object, java.lang.Object, java.lang.Object, java.lang.Object, java.lang.Object, java.lang.Object, java.lang.Object, java.lang.Object, java.lang.Object, java.lang.Object, java.lang.Object, java.lang.Object, java.lang.Object, java.lang.Object, java.lang.Object, java.lang.Object, java.lang.Object, java.lang.Object, java.lang.Object, java.lang.Object, java.lang.O
Event: 6.903 Thread 0x000002210cd1acd0 Exception <a 'java/lang/NoSuchMethodError'{0x0000000087fc9e48}: 'java.lang.Object java.lang.invoke.Invokers$Holder.invoker(java.lang.Object, java.lang.Object, java.lang.Object, java.lang.Object, java.lang.Object, java.lang.Object, java.lang.Object, java.lang.Object, java.lang.Object, java.lang.Object, java.lang.Object, java.lang.Object, java.lang.Object, java.lang.Object, java.lang.Object, java.lang.Object, java.lang.Object, java.lang.Object, java.lang.Object, java.lang.Object, java.lang.Object, java.lang.
Event: 6.903 Thread 0x000002210cd1acd0 Exception <a 'java/lang/NoSuchMethodError'{0x0000000087fd08a8}: 'java.lang.Object java.lang.invoke.DelegatingMethodHandle$Holder.delegate(java.lang.Object, java.lang.Object, java.lang.Object, java.lang.Object, java.lang.Object, java.lang.Object, java.lang.Object, java.lang.Object, java.lang.Object, java.lang.Object, java.lang.Object, java.lang.Object, java.lang.Object, java.lang.Object, java.lang.Object, java.lang.Object, java.lang.Object, java.lang.Object, java.lang.Object, java.lang.Object, java.lang.Obj
Event: 6.912 Thread 0x000002210cd1acd0 Exception <a 'java/lang/NoSuchMethodError'{0x0000000084fa28c0}: 'java.lang.Object java.lang.invoke.DirectMethodHandle$Holder.invokeStatic(java.lang.Object, java.lang.Object, java.lang.Object, java.lang.Object, java.lang.Object, java.lang.Object, java.lang.Object, java.lang.Object, java.lang.Object, java.lang.Object, java.lang.Object, java.lang.Object, java.lang.Object, java.lang.Object, java.lang.Object, java.lang.Object, java.lang.Object, java.lang.Object, java.lang.Object, java.lang.Object, java.lang.Obj
Event: 7.038 Thread 0x000002210cd1acd0 Exception <a 'java/lang/NoSuchMethodError'{0x000000008493f9f0}: static Lorg/gradle/api/internal/catalog/DefaultVersionCatalog;.<clinit>()V> (0x000000008493f9f0) 
thrown [s\src\hotspot\share\prims\jni.cpp, line 1108]
Event: 7.044 Thread 0x000002210cd1acd0 Exception <a 'java/lang/NoSuchMethodError'{0x000000008498ecf0}: static [Ljava/lang/Object;.<clinit>()V> (0x000000008498ecf0) 
thrown [s\src\hotspot\share\prims\jni.cpp, line 1108]
Event: 7.046 Thread 0x000002210cd1acd0 Exception <a 'java/lang/NoSuchMethodError'{0x00000000849b3f08}: static Lorg/gradle/api/internal/catalog/DependencyModel;.<clinit>()V> (0x00000000849b3f08) 
thrown [s\src\hotspot\share\prims\jni.cpp, line 1108]
Event: 7.046 Thread 0x000002210cd1acd0 Exception <a 'java/lang/NoSuchMethodError'{0x00000000849b7690}: static Lorg/gradle/api/internal/catalog/AbstractContextAwareModel;.<clinit>()V> (0x00000000849b7690) 
thrown [s\src\hotspot\share\prims\jni.cpp, line 1108]
Event: 7.048 Thread 0x000002210cd1acd0 Exception <a 'java/lang/NoSuchMethodError'{0x00000000849cf0d0}: static Lorg/gradle/api/internal/artifacts/dependencies/AbstractVersionConstraint;.<clinit>()V> (0x00000000849cf0d0) 
thrown [s\src\hotspot\share\prims\jni.cpp, line 1108]
Event: 7.056 Thread 0x000002210cd1acd0 Exception <a 'java/lang/NoSuchMethodError'{0x000000008482abc8}: static Lorg/gradle/api/internal/catalog/PluginModel;.<clinit>()V> (0x000000008482abc8) 
thrown [s\src\hotspot\share\prims\jni.cpp, line 1108]
Event: 7.058 Thread 0x000002210cd1acd0 Exception <a 'java/lang/NoSuchMethodError'{0x000000008483fa38}: static Lorg/gradle/api/internal/catalog/VersionModel;.<clinit>()V> (0x000000008483fa38) 
thrown [s\src\hotspot\share\prims\jni.cpp, line 1108]
Event: 7.062 Thread 0x000002210cd1acd0 Exception <a 'java/lang/NoSuchMethodError'{0x0000000084864300}: 'void java.lang.invoke.DirectMethodHandle$Holder.invokeSpecial(java.lang.Object, java.lang.Object, java.lang.Object, int)'> (0x0000000084864300) 
thrown [s\src\hotspot\share\interpreter\linkResolver.cpp, line 771]
Event: 7.154 Thread 0x000002210cd1acd0 Exception <a 'java/lang/NoSuchMethodError'{0x00000000844309b0}: 'int java.lang.invoke.DirectMethodHandle$Holder.invokeSpecialIFC(java.lang.Object, java.lang.Object, java.lang.Object)'> (0x00000000844309b0) 
thrown [s\src\hotspot\share\interpreter\linkResolver.cpp, line 771]
Event: 7.231 Thread 0x000002210cd1acd0 Exception <a 'java/lang/NoSuchMethodError'{0x00000000841d2410}: 'java.lang.Object java.lang.invoke.DirectMethodHandle$Holder.newInvokeSpecial(java.lang.Object, java.lang.Object, java.lang.Object, java.lang.Object, java.lang.Object, int)'> (0x00000000841d2410) 
thrown [s\src\hotspot\share\interpreter\linkResolver.cpp, line 771]
Event: 7.232 Thread 0x000002210cd1acd0 Exception <a 'java/lang/NoSuchMethodError'{0x00000000841d7868}: 'java.lang.Object java.lang.invoke.DirectMethodHandle$Holder.invokeSpecial(java.lang.Object, java.lang.Object, java.lang.Object, java.lang.Object, java.lang.Object, java.lang.Object, int)'> (0x00000000841d7868) 
thrown [s\src\hotspot\share\interpreter\linkResolver.cpp, line 771]
Event: 7.232 Thread 0x000002210cd1acd0 Exception <a 'java/lang/NoSuchMethodError'{0x00000000841dc648}: 'java.lang.Object java.lang.invoke.Invokers$Holder.linkToTargetMethod(java.lang.Object, java.lang.Object, java.lang.Object, java.lang.Object, int, java.lang.Object)'> (0x00000000841dc648) 
thrown [s\src\hotspot\share\interpreter\linkResolver.cpp, line 771]
Event: 7.237 Thread 0x000002210cd1acd0 Exception <a 'java/lang/NoSuchMethodError'{0x000000008400f1e0}: 'java.lang.Object java.lang.invoke.DirectMethodHandle$Holder.invokeSpecial(java.lang.Object, java.lang.Object, java.lang.Object, java.lang.Object, java.lang.Object, long)'> (0x000000008400f1e0) 
thrown [s\src\hotspot\share\interpreter\linkResolver.cpp, line 771]
Event: 7.240 Thread 0x000002210cd1acd0 Exception <a 'java/lang/NoSuchMethodError'{0x0000000084031758}: 'void java.lang.invoke.DirectMethodHandle$Holder.invokeStatic(java.lang.Object, java.lang.Object, java.lang.Object, int, java.lang.Object)'> (0x0000000084031758) 
thrown [s\src\hotspot\share\interpreter\linkResolver.cpp, line 771]
Event: 7.776 Thread 0x000002210cd1acd0 Exception <a 'java/lang/NoSuchMethodError'{0x0000000087f330b8}: 'java.lang.Object java.lang.invoke.DirectMethodHandle$Holder.newInvokeSpecial(java.lang.Object, java.lang.Object, java.lang.Object, java.lang.Object, int, java.lang.Object)'> (0x0000000087f330b8) 
thrown [s\src\hotspot\share\interpreter\linkResolver.cpp, line 771]
Event: 7.776 Thread 0x000002210cd1acd0 Exception <a 'java/lang/NoSuchMethodError'{0x0000000087f38410}: 'java.lang.Object java.lang.invoke.Invokers$Holder.linkToTargetMethod(java.lang.Object, java.lang.Object, java.lang.Object, int, java.lang.Object, java.lang.Object)'> (0x0000000087f38410) 
thrown [s\src\hotspot\share\interpreter\linkResolver.cpp, line 771]

VM Operations (20 events):
Event: 5.540 Executing VM operation: HandshakeAllThreads
Event: 5.540 Executing VM operation: HandshakeAllThreads done
Event: 6.178 Executing VM operation: G1CollectForAllocation
Event: 6.185 Executing VM operation: G1CollectForAllocation done
Event: 6.293 Executing VM operation: HandshakeAllThreads
Event: 6.293 Executing VM operation: HandshakeAllThreads done
Event: 6.459 Executing VM operation: HandshakeAllThreads
Event: 6.459 Executing VM operation: HandshakeAllThreads done
Event: 6.623 Executing VM operation: ICBufferFull
Event: 6.623 Executing VM operation: ICBufferFull done
Event: 6.869 Executing VM operation: G1CollectForAllocation
Event: 6.879 Executing VM operation: G1CollectForAllocation done
Event: 7.428 Executing VM operation: ICBufferFull
Event: 7.428 Executing VM operation: ICBufferFull done
Event: 7.627 Executing VM operation: HandshakeAllThreads
Event: 7.627 Executing VM operation: HandshakeAllThreads done
Event: 7.652 Executing VM operation: ICBufferFull
Event: 7.652 Executing VM operation: ICBufferFull done
Event: 7.762 Executing VM operation: G1CollectForAllocation
Event: 7.772 Executing VM operation: G1CollectForAllocation done

Events (20 events):
Event: 7.071 loading class java/lang/System$Logger$Level done
Event: 7.071 loading class jdk/internal/event/DeserializationEvent
Event: 7.071 loading class jdk/internal/event/DeserializationEvent done
Event: 7.071 loading class java/io/ObjectInputStream$FieldValues
Event: 7.072 loading class java/io/ObjectInputStream$GetField
Event: 7.072 loading class java/io/ObjectInputStream$GetField done
Event: 7.072 loading class java/io/ObjectInputStream$FieldValues done
Event: 7.078 loading class sun/reflect/ReflectionFactory
Event: 7.078 loading class sun/reflect/ReflectionFactory done
Event: 7.078 loading class sun/reflect/ReflectionFactory$1
Event: 7.078 loading class sun/reflect/ReflectionFactory$1 done
Event: 7.264 loading class java/util/LinkedList$LLSpliterator
Event: 7.264 loading class java/util/LinkedList$LLSpliterator done
Event: 7.586 loading class java/util/Collections$ReverseComparator
Event: 7.586 loading class java/util/Collections$ReverseComparator done
Event: 7.586 loading class java/util/Collections$ReverseComparator2
Event: 7.586 loading class java/util/Collections$ReverseComparator2 done
Event: 7.784 Thread 0x000002210dd77030 Thread added: 0x000002210dd77030
Event: 7.784 Thread 0x000002210dd705e0 Thread added: 0x000002210dd705e0
Event: 7.784 Thread 0x000002210dd742a0 Thread added: 0x000002210dd742a0


Dynamic libraries:
0x00007ff7973f0000 - 0x00007ff7973fa000 	C:\Program Files\Android\Android Studio1\jbr\bin\java.exe
0x00007fff483f0000 - 0x00007fff485e8000 	C:\WINDOWS\SYSTEM32\ntdll.dll
0x00007fff46500000 - 0x00007fff465bd000 	C:\WINDOWS\System32\KERNEL32.DLL
0x00007fff45d70000 - 0x00007fff46066000 	C:\WINDOWS\System32\KERNELBASE.dll
0x00007fff42fb0000 - 0x00007fff43040000 	C:\WINDOWS\SYSTEM32\apphelp.dll
0x00007fff462b0000 - 0x00007fff463b0000 	C:\WINDOWS\System32\ucrtbase.dll
0x00007fff2f3a0000 - 0x00007fff2f3b7000 	C:\Program Files\Android\Android Studio1\jbr\bin\jli.dll
0x00007fff3c130000 - 0x00007fff3c14b000 	C:\Program Files\Android\Android Studio1\jbr\bin\VCRUNTIME140.dll
0x00007fff47e40000 - 0x00007fff47fdf000 	C:\WINDOWS\System32\USER32.dll
0x00007fff46070000 - 0x00007fff46092000 	C:\WINDOWS\System32\win32u.dll
0x00007fff33bc0000 - 0x00007fff33e5a000 	C:\WINDOWS\WinSxS\amd64_microsoft.windows.common-controls_6595b64144ccf1df_6.0.19041.3636_none_60b6a03d71f818d5\COMCTL32.dll
0x00007fff47240000 - 0x00007fff4726b000 	C:\WINDOWS\System32\GDI32.dll
0x00007fff466d0000 - 0x00007fff4676e000 	C:\WINDOWS\System32\msvcrt.dll
0x00007fff45af0000 - 0x00007fff45c07000 	C:\WINDOWS\System32\gdi32full.dll
0x00007fff460a0000 - 0x00007fff4613d000 	C:\WINDOWS\System32\msvcp_win.dll
0x00007fff465d0000 - 0x00007fff46602000 	C:\WINDOWS\System32\IMM32.DLL
0x00007fff3fd70000 - 0x00007fff3fd7c000 	C:\Program Files\Android\Android Studio1\jbr\bin\vcruntime140_1.dll
0x00007fff1f930000 - 0x00007fff1f9bd000 	C:\Program Files\Android\Android Studio1\jbr\bin\msvcp140.dll
0x00007fff1e340000 - 0x00007fff1efc3000 	C:\Program Files\Android\Android Studio1\jbr\bin\server\jvm.dll
0x00007fff47740000 - 0x00007fff477f0000 	C:\WINDOWS\System32\ADVAPI32.dll
0x00007fff46610000 - 0x00007fff466b0000 	C:\WINDOWS\System32\sechost.dll
0x00007fff481f0000 - 0x00007fff48313000 	C:\WINDOWS\System32\RPCRT4.dll
0x00007fff461d0000 - 0x00007fff461f7000 	C:\WINDOWS\System32\bcrypt.dll
0x00007fff40b30000 - 0x00007fff40b39000 	C:\WINDOWS\SYSTEM32\WSOCK32.dll
0x00007fff45900000 - 0x00007fff4594b000 	C:\WINDOWS\SYSTEM32\POWRPROF.dll
0x00007fff3a290000 - 0x00007fff3a2b7000 	C:\WINDOWS\SYSTEM32\WINMM.dll
0x00007fff47160000 - 0x00007fff471cb000 	C:\WINDOWS\System32\WS2_32.dll
0x00007fff3d040000 - 0x00007fff3d04a000 	C:\WINDOWS\SYSTEM32\VERSION.dll
0x00007fff458e0000 - 0x00007fff458f2000 	C:\WINDOWS\SYSTEM32\UMPDC.dll
0x00007fff44310000 - 0x00007fff44322000 	C:\WINDOWS\SYSTEM32\kernel.appcore.dll
0x00007fff3dc00000 - 0x00007fff3dc0a000 	C:\Program Files\Android\Android Studio1\jbr\bin\jimage.dll
0x00007fff43810000 - 0x00007fff439f4000 	C:\WINDOWS\SYSTEM32\DBGHELP.DLL
0x00007fff3db10000 - 0x00007fff3db44000 	C:\WINDOWS\SYSTEM32\dbgcore.DLL
0x00007fff46140000 - 0x00007fff461c2000 	C:\WINDOWS\System32\bcryptPrimitives.dll
0x00007fff3ad70000 - 0x00007fff3ad7e000 	C:\Program Files\Android\Android Studio1\jbr\bin\instrument.dll
0x00007fff32d50000 - 0x00007fff32d75000 	C:\Program Files\Android\Android Studio1\jbr\bin\java.dll
0x00007fff31550000 - 0x00007fff31568000 	C:\Program Files\Android\Android Studio1\jbr\bin\zip.dll
0x00007fff46770000 - 0x00007fff46edb000 	C:\WINDOWS\System32\SHELL32.dll
0x00007fff43b10000 - 0x00007fff442ae000 	C:\WINDOWS\SYSTEM32\windows.storage.dll
0x00007fff47ae0000 - 0x00007fff47e33000 	C:\WINDOWS\System32\combase.dll
0x00007fff45400000 - 0x00007fff4542e000 	C:\WINDOWS\SYSTEM32\Wldp.dll
0x00007fff48120000 - 0x00007fff481ed000 	C:\WINDOWS\System32\OLEAUT32.dll
0x00007fff46ee0000 - 0x00007fff46f8d000 	C:\WINDOWS\System32\SHCORE.dll
0x00007fff47870000 - 0x00007fff478c5000 	C:\WINDOWS\System32\shlwapi.dll
0x00007fff459d0000 - 0x00007fff459f3000 	C:\WINDOWS\SYSTEM32\profapi.dll
0x00007fff31530000 - 0x00007fff31549000 	C:\Program Files\Android\Android Studio1\jbr\bin\net.dll
0x00007fff3cee0000 - 0x00007fff3cfea000 	C:\WINDOWS\SYSTEM32\WINHTTP.dll
0x00007fff45160000 - 0x00007fff451ca000 	C:\WINDOWS\system32\mswsock.dll
0x00007fff31510000 - 0x00007fff31526000 	C:\Program Files\Android\Android Studio1\jbr\bin\nio.dll
0x00007fff3d400000 - 0x00007fff3d410000 	C:\Program Files\Android\Android Studio1\jbr\bin\verify.dll
0x00007fff264c0000 - 0x00007fff264e7000 	C:\Users\Shaxzodbek\.gradle\native\c067742578af261105cb4f569cf0c3c89f3d7b1fecec35dd04571415982c5e48\windows-amd64\native-platform.dll
0x00007fff30810000 - 0x00007fff30954000 	C:\Users\Shaxzodbek\.gradle\native\38dada09dfb8b06ba9b0570ebf7e218e3eb74d4ef43ca46872605cf95ebc2f47\windows-amd64\native-platform-file-events.dll
0x00007fff3bc10000 - 0x00007fff3bc19000 	C:\Program Files\Android\Android Studio1\jbr\bin\management.dll
0x00007fff3b040000 - 0x00007fff3b04b000 	C:\Program Files\Android\Android Studio1\jbr\bin\management_ext.dll
0x00007fff48110000 - 0x00007fff48118000 	C:\WINDOWS\System32\PSAPI.DLL
0x00007fff45360000 - 0x00007fff45378000 	C:\WINDOWS\SYSTEM32\CRYPTSP.dll
0x00007fff44a80000 - 0x00007fff44ab4000 	C:\WINDOWS\system32\rsaenh.dll
0x00007fff45990000 - 0x00007fff459be000 	C:\WINDOWS\SYSTEM32\USERENV.dll
0x00007fff45350000 - 0x00007fff4535c000 	C:\WINDOWS\SYSTEM32\CRYPTBASE.dll
0x00007fff44e40000 - 0x00007fff44e7b000 	C:\WINDOWS\SYSTEM32\IPHLPAPI.DLL
0x00007fff465c0000 - 0x00007fff465c8000 	C:\WINDOWS\System32\NSI.dll
0x00007fff36c30000 - 0x00007fff36c47000 	C:\WINDOWS\SYSTEM32\dhcpcsvc6.DLL
0x00007fff36c50000 - 0x00007fff36c6d000 	C:\WINDOWS\SYSTEM32\dhcpcsvc.DLL
0x00007fff44e80000 - 0x00007fff44f4b000 	C:\WINDOWS\SYSTEM32\DNSAPI.dll
0x00007fff3c5e0000 - 0x00007fff3c5e9000 	C:\Program Files\Android\Android Studio1\jbr\bin\extnet.dll
0x00007fff3cb00000 - 0x00007fff3cb07000 	C:\WINDOWS\system32\wshunix.dll

dbghelp: loaded successfully - version: 4.0.5 - missing functions: none
symbol engine: initialized successfully - sym options: 0x614 - pdb path: .;C:\Program Files\Android\Android Studio1\jbr\bin;C:\WINDOWS\SYSTEM32;C:\WINDOWS\WinSxS\amd64_microsoft.windows.common-controls_6595b64144ccf1df_6.0.19041.3636_none_60b6a03d71f818d5;C:\Program Files\Android\Android Studio1\jbr\bin\server;C:\Users\Shaxzodbek\.gradle\native\c067742578af261105cb4f569cf0c3c89f3d7b1fecec35dd04571415982c5e48\windows-amd64;C:\Users\Shaxzodbek\.gradle\native\38dada09dfb8b06ba9b0570ebf7e218e3eb74d4ef43ca46872605cf95ebc2f47\windows-amd64

VM Arguments:
jvm_args: --add-opens=java.base/java.util=ALL-UNNAMED --add-opens=java.base/java.lang=ALL-UNNAMED --add-opens=java.base/java.lang.invoke=ALL-UNNAMED --add-opens=java.prefs/java.util.prefs=ALL-UNNAMED --add-opens=java.base/java.nio.charset=ALL-UNNAMED --add-opens=java.base/java.net=ALL-UNNAMED --add-opens=java.base/java.util.concurrent.atomic=ALL-UNNAMED -Xmx2048m -Dfile.encoding=UTF-8 -Duser.country=US -Duser.language=en -Duser.variant -javaagent:C:\Users\Shaxzodbek\.gradle\wrapper\dists\gradle-8.6-bin\afr5mpiioh2wthjmwnkmdsd5w\gradle-8.6\lib\agents\gradle-instrumentation-agent-8.6.jar 
java_command: org.gradle.launcher.daemon.bootstrap.GradleDaemon 8.6
java_class_path (initial): C:\Users\Shaxzodbek\.gradle\wrapper\dists\gradle-8.6-bin\afr5mpiioh2wthjmwnkmdsd5w\gradle-8.6\lib\gradle-launcher-8.6.jar
Launcher Type: SUN_STANDARD

[Global flags]
     intx CICompilerCount                          = 3                                         {product} {ergonomic}
     uint ConcGCThreads                            = 1                                         {product} {ergonomic}
     uint G1ConcRefinementThreads                  = 4                                         {product} {ergonomic}
   size_t G1HeapRegionSize                         = 1048576                                   {product} {ergonomic}
    uintx GCDrainStackTargetSize                   = 64                                        {product} {ergonomic}
   size_t InitialHeapSize                          = 134217728                                 {product} {ergonomic}
   size_t MarkStackSize                            = 4194304                                   {product} {ergonomic}
   size_t MaxHeapSize                              = 2147483648                                {product} {command line}
   size_t MaxNewSize                               = 1287651328                                {product} {ergonomic}
   size_t MinHeapDeltaBytes                        = 1048576                                   {product} {ergonomic}
   size_t MinHeapSize                              = 8388608                                   {product} {ergonomic}
    uintx NonNMethodCodeHeapSize                   = 5832780                                {pd product} {ergonomic}
    uintx NonProfiledCodeHeapSize                  = 122912730                              {pd product} {ergonomic}
    uintx ProfiledCodeHeapSize                     = 122912730                              {pd product} {ergonomic}
    uintx ReservedCodeCacheSize                    = 251658240                              {pd product} {ergonomic}
     bool SegmentedCodeCache                       = true                                      {product} {ergonomic}
   size_t SoftMaxHeapSize                          = 2147483648                             {manageable} {ergonomic}
     bool UseCompressedClassPointers               = true                           {product lp64_product} {ergonomic}
     bool UseCompressedOops                        = true                           {product lp64_product} {ergonomic}
     bool UseG1GC                                  = true                                      {product} {ergonomic}
     bool UseLargePagesIndividualAllocation        = false                                  {pd product} {ergonomic}

Logging:
Log output configuration:
 #0: stdout all=warning uptime,level,tags
 #1: stderr all=off uptime,level,tags

Environment Variables:
PATH=C:\WINDOWS\system32;C:\WINDOWS;C:\WINDOWS\System32\Wbem;C:\WINDOWS\System32\WindowsPowerShell\v1.0\;C:\Users\Shaxzodbek\AppData\Local\Microsoft\WindowsApps;
USERNAME=Shaxzodbek
OS=Windows_NT
PROCESSOR_IDENTIFIER=Intel64 Family 6 Model 61 Stepping 4, GenuineIntel
TMP=C:\Users\SHAXZO~1\AppData\Local\Temp
TEMP=C:\Users\SHAXZO~1\AppData\Local\Temp



Periodic native trim disabled

JNI global refs:
JNI global refs: 26, weak refs: 4

JNI global refs memory usage: 843, weak refs: 841

OOME stack traces (most recent first):
Classloader memory used:
Loader org.gradle.internal.classloader.VisitableURLClassLoader                         : 3407K
Loader bootstrap                                                                       : 2427K
Loader org.gradle.initialization.MixInLegacyTypesClassLoader                           : 1077K
Loader jdk.internal.loader.ClassLoaders$PlatformClassLoader                            : 65607B
Loader jdk.internal.loader.ClassLoaders$AppClassLoader                                 : 28729B
Loader jdk.internal.reflect.DelegatingClassLoader                                      : 15409B
Loader org.gradle.internal.classloader.VisitableURLClassLoader                         : 11308B
Loader org.gradle.internal.classloader.VisitableURLClassLoader$InstrumentingVisitableURLClassLoader: 4941B

Classes loaded by more than one classloader:
Class Program                                                                         : loaded 3 times (x 70B)
Class org.gradle.internal.classpath.ClassPath                                         : loaded 2 times (x 68B)
Class org.gradle.api.internal.classpath.DefaultModuleRegistry                         : loaded 2 times (x 84B)
Class Settings_gradle$1$1                                                             : loaded 2 times (x 72B)
Class org.gradle.api.Action                                                           : loaded 2 times (x 68B)
Class org.gradle.api.internal.DefaultClassPathProvider                                : loaded 2 times (x 74B)
Class org.gradle.internal.installation.GradleInstallation$1                           : loaded 2 times (x 73B)
Class org.gradle.internal.classloader.FilteringClassLoader                            : loaded 2 times (x 103B)
Class org.gradle.internal.classpath.DefaultClassPath$ImmutableUniqueList$Builder      : loaded 2 times (x 73B)
Class org.gradle.internal.classloader.ClassLoaderVisitor                              : loaded 2 times (x 74B)
Class org.gradle.internal.service.DefaultServiceLocator                               : loaded 2 times (x 81B)
Class org.gradle.internal.service.UnknownServiceException                             : loaded 2 times (x 81B)
Class org.gradle.internal.classloader.DefaultClassLoaderFactory                       : loaded 2 times (x 80B)
Class org.gradle.internal.classloader.VisitableURLClassLoader$Spec                    : loaded 2 times (x 72B)
Class org.gradle.api.GradleException                                                  : loaded 2 times (x 80B)
Class org.gradle.api.internal.classpath.ModuleRegistry                                : loaded 2 times (x 68B)
Class org.gradle.api.internal.ClassPathProvider                                       : loaded 2 times (x 68B)
Class org.gradle.internal.classloader.ClasspathUtil$1                                 : loaded 2 times (x 74B)
Class org.gradle.internal.classloader.ClassLoaderFactory                              : loaded 2 times (x 68B)
Class org.gradle.api.internal.classpath.ManifestUtil                                  : loaded 2 times (x 69B)
Class org.gradle.api.specs.Spec                                                       : loaded 2 times (x 68B)
Class org.gradle.internal.IoActions                                                   : loaded 2 times (x 69B)
Class org.gradle.api.internal.classpath.EffectiveClassPath                            : loaded 2 times (x 88B)
Class org.gradle.internal.installation.CurrentGradleInstallation                      : loaded 2 times (x 71B)
Class org.gradle.internal.agents.InstrumentingClassLoader                             : loaded 2 times (x 68B)
Class org.gradle.internal.installation.CurrentGradleInstallationLocator               : loaded 2 times (x 69B)
Class org.gradle.api.internal.classpath.Module                                        : loaded 2 times (x 68B)
Class org.gradle.internal.service.CachingServiceLocator                               : loaded 2 times (x 80B)
Class org.gradle.internal.classpath.DefaultClassPath                                  : loaded 2 times (x 88B)
Class org.gradle.internal.classloader.SystemClassLoaderSpec                           : loaded 2 times (x 69B)
Class org.gradle.api.UncheckedIOException                                             : loaded 2 times (x 80B)
Class org.gradle.internal.installation.GradleInstallation                             : loaded 2 times (x 73B)
Class org.gradle.internal.classloader.ClasspathUtil                                   : loaded 2 times (x 69B)
Class org.gradle.api.internal.DefaultClassPathRegistry                                : loaded 2 times (x 74B)
Class org.gradle.api.internal.classpath.DefaultModuleRegistry$DefaultModule           : loaded 2 times (x 84B)
Class org.gradle.api.internal.classpath.UnknownModuleException                        : loaded 2 times (x 80B)
Class org.gradle.internal.service.ServiceLookupException                              : loaded 2 times (x 80B)
Class org.gradle.cache.GlobalCache                                                    : loaded 2 times (x 68B)
Class [Lorg.gradle.api.internal.ClassPathProvider;                                    : loaded 2 times (x 67B)
Class org.gradle.util.internal.GUtil                                                  : loaded 2 times (x 69B)
Class org.gradle.internal.classloader.ClassLoaderSpec                                 : loaded 2 times (x 69B)
Class org.gradle.internal.classloader.VisitableURLClassLoader                         : loaded 2 times (x 115B)
Class org.gradle.internal.Cast                                                        : loaded 2 times (x 69B)
Class org.gradle.api.internal.ClassPathRegistry                                       : loaded 2 times (x 68B)
Class org.gradle.internal.classloader.VisitableURLClassLoader$InstrumentingVisitableURLClassLoader: loaded 2 times (x 121B)
Class org.gradle.internal.classloader.ClassLoaderHierarchy                            : loaded 2 times (x 68B)
Class org.gradle.internal.InternalTransformer                                         : loaded 2 times (x 68B)
Class org.gradle.internal.service.ServiceLocator                                      : loaded 2 times (x 68B)
Class Settings_gradle$1                                                               : loaded 2 times (x 72B)
Class org.gradle.internal.classpath.DefaultClassPath$ImmutableUniqueList              : loaded 2 times (x 159B)
Class org.gradle.internal.classpath.TransformedClassPath                              : loaded 2 times (x 94B)
Class Settings_gradle                                                                 : loaded 2 times (x 126B)


---------------  S Y S T E M  ---------------

OS:
 Windows 10 , 64 bit Build 19041 (10.0.19041.3636)
OS uptime: 0 days 2:05 hours

CPU: total 4 (initial active 4) (2 cores per cpu, 2 threads per core) family 6 model 61 stepping 4 microcode 0x2d, cx8, cmov, fxsr, ht, mmx, 3dnowpref, sse, sse2, sse3, ssse3, sse4.1, sse4.2, popcnt, lzcnt, tsc, tscinvbit, avx, avx2, aes, erms, clmul, bmi1, bmi2, adx, fma, vzeroupper, clflush
Processor Information for all 4 processors :
  Max Mhz: 2401, Current Mhz: 2401, Mhz Limit: 2401

Memory: 4k page, system-wide physical 8112M (544M free)
TotalPageFile size 8112M (AvailPageFile size 5M)
current process WorkingSet (physical memory assigned to process): 265M, peak: 265M
current process commit charge ("private bytes"): 301M, peak: 302M

vm_info: OpenJDK 64-Bit Server VM (17.0.10+0--11572160) for windows-amd64 JRE (17.0.10+0--11572160), built on Mar 13 2024 23:56:38 by "androidbuild" with MS VC++ 16.10 / 16.11 (VS2019)

END.
