#
# There is insufficient memory for the Java Runtime Environment to continue.
# Native memory allocation (malloc) failed to allocate 889136 bytes for Chunk::new
# Possible reasons:
#   The system is out of physical RAM or swap space
#   The process is running with CompressedOops enabled, and the Java Heap may be blocking the growth of the native heap
# Possible solutions:
#   Reduce memory load on the system
#   Increase physical memory or swap space
#   Check if swap backing store is full
#   Decrease Java heap size (-Xmx/-Xms)
#   Decrease number of Java threads
#   Decrease Java thread stack sizes (-Xss)
#   Set larger code cache with -XX:ReservedCodeCacheSize=
#   JVM is running with Unscaled Compressed Oops mode in which the Java heap is
#     placed in the first 4GB address space. The Java Heap base address is the
#     maximum limit for the native heap growth. Please use -XX:HeapBaseMinAddress
#     to set the Java Heap base and to place the Java Heap above 4GB virtual address.
# This output file may be truncated or incomplete.
#
#  Out of Memory Error (arena.cpp:191), pid=9124, tid=1016
#
# JRE version: OpenJDK Runtime Environment (17.0.10) (build 17.0.10+0--11572160)
# Java VM: OpenJDK 64-Bit Server VM (17.0.10+0--11572160, mixed mode, tiered, compressed oops, compressed class ptrs, g1 gc, windows-amd64)
# No core dump will be written. Minidumps are not enabled by default on client versions of Windows
#

---------------  S U M M A R Y ------------

Command Line: --add-opens=java.base/java.util=ALL-UNNAMED --add-opens=java.base/java.lang=ALL-UNNAMED --add-opens=java.base/java.lang.invoke=ALL-UNNAMED --add-opens=java.prefs/java.util.prefs=ALL-UNNAMED --add-opens=java.base/java.nio.charset=ALL-UNNAMED --add-opens=java.base/java.net=ALL-UNNAMED --add-opens=java.base/java.util.concurrent.atomic=ALL-UNNAMED -Xmx2048m -Dfile.encoding=UTF-8 -Duser.country=US -Duser.language=en -Duser.variant -javaagent:C:\Users\Shaxzodbek\.gradle\wrapper\dists\gradle-8.6-bin\afr5mpiioh2wthjmwnkmdsd5w\gradle-8.6\lib\agents\gradle-instrumentation-agent-8.6.jar org.gradle.launcher.daemon.bootstrap.GradleDaemon 8.6

Host: Intel(R) Core(TM) i7-5500U CPU @ 2.40GHz, 4 cores, 7G,  Windows 10 , 64 bit Build 19041 (10.0.19041.3636)
Time: Mon May  6 16:34:53 2024 West Asia Standard Time elapsed time: 7.117191 seconds (0d 0h 0m 7s)

---------------  T H R E A D  ---------------

Current thread (0x0000013ae802e2a0):  JavaThread "C2 CompilerThread0" daemon [_thread_in_native, id=1016, stack(0x0000002a44e00000,0x0000002a44f00000)]


Current CompileTask:
C2:   7117 4071       4       java.net.URLClassLoader$1::run (5 bytes)

Stack: [0x0000002a44e00000,0x0000002a44f00000]
Native frames: (J=compiled Java code, j=interpreted, Vv=VM code, C=native code)
V  [jvm.dll+0x688e89]
V  [jvm.dll+0x84247a]
V  [jvm.dll+0x8440be]
V  [jvm.dll+0x844723]
V  [jvm.dll+0x24be0f]
V  [jvm.dll+0xac524]
V  [jvm.dll+0xacb6c]
V  [jvm.dll+0x2b342f]
V  [jvm.dll+0x5902b7]
V  [jvm.dll+0x226452]
V  [jvm.dll+0x22683f]
V  [jvm.dll+0x21f966]
V  [jvm.dll+0x21cdb1]
V  [jvm.dll+0x1a60ad]
V  [jvm.dll+0x22cd78]
V  [jvm.dll+0x22aeb0]
V  [jvm.dll+0x7f6917]
V  [jvm.dll+0x7f0d1a]
V  [jvm.dll+0x687d05]
C  [ucrtbase.dll+0x21bb2]
C  [KERNEL32.DLL+0x17344]
C  [ntdll.dll+0x526b1]


---------------  P R O C E S S  ---------------

Threads class SMR info:
_java_thread_list=0x0000013ae9ec1390, length=37, elements={
0x0000013aca6fe5c0, 0x0000013ae8017270, 0x0000013ae80193a0, 0x0000013ae802b870,
0x0000013ae802c230, 0x0000013ae802cbf0, 0x0000013ae802d5b0, 0x0000013ae802e2a0,
0x0000013ae3cf5360, 0x0000013ae8064410, 0x0000013ae8104bf0, 0x0000013ae8383b20,
0x0000013ae83d41f0, 0x0000013ae9e4c310, 0x0000013aeb2aaa60, 0x0000013ae99f3bd0,
0x0000013ae9ed5300, 0x0000013ae93ca950, 0x0000013ae92eba30, 0x0000013ae9129150,
0x0000013ae9c4b9b0, 0x0000013ae9c4c3d0, 0x0000013ae9c4b4a0, 0x0000013ae9c4bec0,
0x0000013ae9c4a570, 0x0000013ae9c4c8e0, 0x0000013ae9c4d300, 0x0000013ae9c4cdf0,
0x0000013ae9c4d810, 0x0000013ae9c4a060, 0x0000013ae9c4aa80, 0x0000013aea3b6120,
0x0000013aea3b89a0, 0x0000013aea3b93c0, 0x0000013aea3b2e80, 0x0000013aea3b8490,
0x0000013aea3b7560
}

Java Threads: ( => current thread )
  0x0000013aca6fe5c0 JavaThread "main" [_thread_blocked, id=1168, stack(0x0000002a44100000,0x0000002a44200000)]
  0x0000013ae8017270 JavaThread "Reference Handler" daemon [_thread_blocked, id=8028, stack(0x0000002a44800000,0x0000002a44900000)]
  0x0000013ae80193a0 JavaThread "Finalizer" daemon [_thread_blocked, id=7132, stack(0x0000002a44900000,0x0000002a44a00000)]
  0x0000013ae802b870 JavaThread "Signal Dispatcher" daemon [_thread_blocked, id=4608, stack(0x0000002a44a00000,0x0000002a44b00000)]
  0x0000013ae802c230 JavaThread "Attach Listener" daemon [_thread_blocked, id=3820, stack(0x0000002a44b00000,0x0000002a44c00000)]
  0x0000013ae802cbf0 JavaThread "Service Thread" daemon [_thread_blocked, id=9424, stack(0x0000002a44c00000,0x0000002a44d00000)]
  0x0000013ae802d5b0 JavaThread "Monitor Deflation Thread" daemon [_thread_blocked, id=7320, stack(0x0000002a44d00000,0x0000002a44e00000)]
=>0x0000013ae802e2a0 JavaThread "C2 CompilerThread0" daemon [_thread_in_native, id=1016, stack(0x0000002a44e00000,0x0000002a44f00000)]
  0x0000013ae3cf5360 JavaThread "C1 CompilerThread0" daemon [_thread_in_vm, id=6312, stack(0x0000002a44f00000,0x0000002a45000000)]
  0x0000013ae8064410 JavaThread "Sweeper thread" daemon [_thread_blocked, id=6252, stack(0x0000002a45000000,0x0000002a45100000)]
  0x0000013ae8104bf0 JavaThread "Common-Cleaner" daemon [_thread_blocked, id=3416, stack(0x0000002a45100000,0x0000002a45200000)]
  0x0000013ae8383b20 JavaThread "Notification Thread" daemon [_thread_blocked, id=9204, stack(0x0000002a45200000,0x0000002a45300000)]
  0x0000013ae83d41f0 JavaThread "C2 CompilerThread1" daemon [_thread_in_native, id=9408, stack(0x0000002a45400000,0x0000002a45500000)]
  0x0000013ae9e4c310 JavaThread "Daemon health stats" [_thread_blocked, id=1740, stack(0x0000002a45800000,0x0000002a45900000)]
  0x0000013aeb2aaa60 JavaThread "Incoming local TCP Connector on port 55873" [_thread_in_native, id=5196, stack(0x0000002a45900000,0x0000002a45a00000)]
  0x0000013ae99f3bd0 JavaThread "Daemon periodic checks" [_thread_blocked, id=984, stack(0x0000002a45a00000,0x0000002a45b00000)]
  0x0000013ae9ed5300 JavaThread "Daemon" [_thread_blocked, id=2072, stack(0x0000002a45b00000,0x0000002a45c00000)]
  0x0000013ae93ca950 JavaThread "Handler for socket connection from /127.0.0.1:55873 to /127.0.0.1:55874" [_thread_in_native, id=4456, stack(0x0000002a45c00000,0x0000002a45d00000)]
  0x0000013ae92eba30 JavaThread "Cancel handler" [_thread_blocked, id=9292, stack(0x0000002a45d00000,0x0000002a45e00000)]
  0x0000013ae9129150 JavaThread "Daemon worker" [_thread_blocked, id=5744, stack(0x0000002a45e00000,0x0000002a45f00000)]
  0x0000013ae9c4b9b0 JavaThread "Asynchronous log dispatcher for DefaultDaemonConnection: socket connection from /127.0.0.1:55873 to /127.0.0.1:55874" [_thread_blocked, id=6044, stack(0x0000002a45f00000,0x0000002a46000000)]
  0x0000013ae9c4c3d0 JavaThread "Stdin handler" [_thread_blocked, id=4024, stack(0x0000002a46000000,0x0000002a46100000)]
  0x0000013ae9c4b4a0 JavaThread "Daemon client event forwarder" [_thread_blocked, id=8752, stack(0x0000002a46100000,0x0000002a46200000)]
  0x0000013ae9c4bec0 JavaThread "Cache worker for journal cache (C:\Users\Shaxzodbek\.gradle\caches\journal-1)" [_thread_blocked, id=6248, stack(0x0000002a46200000,0x0000002a46300000)]
  0x0000013ae9c4a570 JavaThread "File lock request listener" [_thread_in_native, id=2920, stack(0x0000002a46300000,0x0000002a46400000)]
  0x0000013ae9c4c8e0 JavaThread "Cache worker for file hash cache (C:\Users\Shaxzodbek\.gradle\caches\8.6\fileHashes)" [_thread_blocked, id=8312, stack(0x0000002a46400000,0x0000002a46500000)]
  0x0000013ae9c4d300 JavaThread "File watcher server" daemon [_thread_in_native, id=5764, stack(0x0000002a46500000,0x0000002a46600000)]
  0x0000013ae9c4cdf0 JavaThread "File watcher consumer" daemon [_thread_blocked, id=9392, stack(0x0000002a46600000,0x0000002a46700000)]
  0x0000013ae9c4d810 JavaThread "Cache worker for checksums cache (C:\Users\Shaxzodbek\AndroidStudioProjects\CodialApp3\.gradle\8.6\checksums)" [_thread_blocked, id=7436, stack(0x0000002a46700000,0x0000002a46800000)]
  0x0000013ae9c4a060 JavaThread "Cache worker for file hash cache (C:\Users\Shaxzodbek\AndroidStudioProjects\CodialApp3\.gradle\8.6\fileHashes)" [_thread_in_Java, id=10232, stack(0x0000002a46800000,0x0000002a46900000)]
  0x0000013ae9c4aa80 JavaThread "Cache worker for cache directory md-supplier (C:\Users\Shaxzodbek\.gradle\caches\8.6\md-supplier)" [_thread_blocked, id=3720, stack(0x0000002a46900000,0x0000002a46a00000)]
  0x0000013aea3b6120 JavaThread "Cache worker for cache directory md-rule (C:\Users\Shaxzodbek\.gradle\caches\8.6\md-rule)" [_thread_blocked, id=3552, stack(0x0000002a46a00000,0x0000002a46b00000)]
  0x0000013aea3b89a0 JavaThread "Cache worker for file content cache (C:\Users\Shaxzodbek\.gradle\caches\8.6\fileContent)" [_thread_blocked, id=8344, stack(0x0000002a46b00000,0x0000002a46c00000)]
  0x0000013aea3b93c0 JavaThread "jar transforms" [_thread_blocked, id=4948, stack(0x0000002a46d00000,0x0000002a46e00000)]
  0x0000013aea3b2e80 JavaThread "jar transforms Thread 2" [_thread_blocked, id=7712, stack(0x0000002a46e00000,0x0000002a46f00000)]
  0x0000013aea3b8490 JavaThread "jar transforms Thread 3" [_thread_blocked, id=5052, stack(0x0000002a46f00000,0x0000002a47000000)]
  0x0000013aea3b7560 JavaThread "jar transforms Thread 4" [_thread_blocked, id=6196, stack(0x0000002a47000000,0x0000002a47100000)]

Other Threads:
  0x0000013ae3c894e0 VMThread "VM Thread" [stack: 0x0000002a44700000,0x0000002a44800000] [id=5532]
  0x0000013ae8280610 WatcherThread [stack: 0x0000002a45300000,0x0000002a45400000] [id=10164]
  0x0000013aca756380 GCTaskThread "GC Thread#0" [stack: 0x0000002a44200000,0x0000002a44300000] [id=1264]
  0x0000013ae88b8120 GCTaskThread "GC Thread#1" [stack: 0x0000002a45500000,0x0000002a45600000] [id=8256]
  0x0000013ae8a1dd70 GCTaskThread "GC Thread#2" [stack: 0x0000002a45600000,0x0000002a45700000] [id=1808]
  0x0000013ae8e00360 GCTaskThread "GC Thread#3" [stack: 0x0000002a45700000,0x0000002a45800000] [id=7564]
  0x0000013aca7672d0 ConcurrentGCThread "G1 Main Marker" [stack: 0x0000002a44300000,0x0000002a44400000] [id=1884]
  0x0000013aca768490 ConcurrentGCThread "G1 Conc#0" [stack: 0x0000002a44400000,0x0000002a44500000] [id=5096]
  0x0000013aca7aea70 ConcurrentGCThread "G1 Refine#0" [stack: 0x0000002a44500000,0x0000002a44600000] [id=4028]
  0x0000013aeb31a5e0 ConcurrentGCThread "G1 Refine#1" [stack: 0x0000002a46c00000,0x0000002a46d00000] [id=2204]
  0x0000013ae3b35630 ConcurrentGCThread "G1 Service" [stack: 0x0000002a44600000,0x0000002a44700000] [id=9676]

Threads with active compile tasks:
C2 CompilerThread0     7135 4071       4       java.net.URLClassLoader$1::run (5 bytes)
C2 CompilerThread1     7135 4073   !   4       java.net.URLClassLoader$1::run (81 bytes)

VM state: not at safepoint (normal execution)

VM Mutex/Monitor currently owned by a thread: None

Heap address: 0x0000000080000000, size: 2048 MB, Compressed Oops mode: 32-bit

CDS archive(s) not mapped
Compressed class space mapped at: 0x0000000100000000-0x0000000140000000, reserved size: 1073741824
Narrow klass base: 0x0000000000000000, Narrow klass shift: 3, Narrow klass range: 0x140000000

GC Precious Log:
 CPUs: 4 total, 4 available
 Memory: 8112M
 Large Page Support: Disabled
 NUMA Support: Disabled
 Compressed Oops: Enabled (32-bit)
 Heap Region Size: 1M
 Heap Min Capacity: 8M
 Heap Initial Capacity: 128M
 Heap Max Capacity: 2G
 Pre-touch: Disabled
 Parallel Workers: 4
 Concurrent Workers: 1
 Concurrent Refinement Workers: 4
 Periodic GC: Disabled

Heap:
 garbage-first heap   total 82944K, used 45585K [0x0000000080000000, 0x0000000100000000)
  region size 1024K, 18 young (18432K), 4 survivors (4096K)
 Metaspace       used 49532K, committed 50048K, reserved 1114112K
  class space    used 6804K, committed 7040K, reserved 1048576K

Heap Regions: E=young(eden), S=young(survivor), O=old, HS=humongous(starts), HC=humongous(continues), CS=collection set, F=free, OA=open archive, CA=closed archive, TAMS=top-at-mark-start (previous, next)
|   0|0x0000000080000000, 0x0000000080100000, 0x0000000080100000|100%| O|  |TAMS 0x0000000080100000, 0x0000000080000000| Untracked 
|   1|0x0000000080100000, 0x0000000080200000, 0x0000000080200000|100%| O|  |TAMS 0x0000000080200000, 0x0000000080100000| Untracked 
|   2|0x0000000080200000, 0x0000000080300000, 0x0000000080300000|100%|HS|  |TAMS 0x0000000080300000, 0x0000000080200000| Complete 
|   3|0x0000000080300000, 0x0000000080400000, 0x0000000080400000|100%|HC|  |TAMS 0x0000000080400000, 0x0000000080300000| Complete 
|   4|0x0000000080400000, 0x0000000080500000, 0x0000000080500000|100%|HC|  |TAMS 0x0000000080500000, 0x0000000080400000| Complete 
|   5|0x0000000080500000, 0x0000000080600000, 0x0000000080600000|100%|HC|  |TAMS 0x0000000080600000, 0x0000000080500000| Complete 
|   6|0x0000000080600000, 0x0000000080700000, 0x0000000080700000|100%| O|  |TAMS 0x0000000080700000, 0x0000000080600000| Untracked 
|   7|0x0000000080700000, 0x0000000080800000, 0x0000000080800000|100%| O|  |TAMS 0x0000000080800000, 0x0000000080700000| Untracked 
|   8|0x0000000080800000, 0x0000000080900000, 0x0000000080900000|100%| O|  |TAMS 0x0000000080900000, 0x0000000080800000| Untracked 
|   9|0x0000000080900000, 0x0000000080a00000, 0x0000000080a00000|100%| O|  |TAMS 0x0000000080a00000, 0x0000000080900000| Untracked 
|  10|0x0000000080a00000, 0x0000000080abee00, 0x0000000080b00000| 74%| O|  |TAMS 0x0000000080abee00, 0x0000000080a00000| Untracked 
|  11|0x0000000080b00000, 0x0000000080c00000, 0x0000000080c00000|100%| O|  |TAMS 0x0000000080c00000, 0x0000000080b00000| Untracked 
|  12|0x0000000080c00000, 0x0000000080d00000, 0x0000000080d00000|100%| O|  |TAMS 0x0000000080d00000, 0x0000000080c00000| Untracked 
|  13|0x0000000080d00000, 0x0000000080e00000, 0x0000000080e00000|100%| O|  |TAMS 0x0000000080e00000, 0x0000000080d00000| Untracked 
|  14|0x0000000080e00000, 0x0000000080f00000, 0x0000000080f00000|100%| O|  |TAMS 0x0000000080f00000, 0x0000000080e00000| Untracked 
|  15|0x0000000080f00000, 0x0000000081000000, 0x0000000081000000|100%| O|  |TAMS 0x0000000081000000, 0x0000000080f00000| Untracked 
|  16|0x0000000081000000, 0x0000000081100000, 0x0000000081100000|100%| O|  |TAMS 0x0000000081100000, 0x0000000081000000| Untracked 
|  17|0x0000000081100000, 0x0000000081200000, 0x0000000081200000|100%| O|  |TAMS 0x0000000081200000, 0x0000000081100000| Untracked 
|  18|0x0000000081200000, 0x0000000081300000, 0x0000000081300000|100%| O|  |TAMS 0x0000000081300000, 0x0000000081200000| Untracked 
|  19|0x0000000081300000, 0x0000000081400000, 0x0000000081400000|100%| O|  |TAMS 0x0000000081400000, 0x0000000081300000| Untracked 
|  20|0x0000000081400000, 0x0000000081500000, 0x0000000081500000|100%| O|  |TAMS 0x0000000081500000, 0x0000000081400000| Untracked 
|  21|0x0000000081500000, 0x0000000081600000, 0x0000000081600000|100%| O|  |TAMS 0x0000000081600000, 0x0000000081500000| Untracked 
|  22|0x0000000081600000, 0x0000000081700000, 0x0000000081700000|100%| O|  |TAMS 0x0000000081664400, 0x0000000081600000| Untracked 
|  23|0x0000000081700000, 0x0000000081800000, 0x0000000081800000|100%| O|  |TAMS 0x0000000081700000, 0x0000000081700000| Untracked 
|  24|0x0000000081800000, 0x0000000081900000, 0x0000000081900000|100%| O|  |TAMS 0x0000000081800000, 0x0000000081800000| Untracked 
|  25|0x0000000081900000, 0x0000000081a00000, 0x0000000081a00000|100%| O|  |TAMS 0x0000000081900000, 0x0000000081900000| Untracked 
|  26|0x0000000081a00000, 0x0000000081b00000, 0x0000000081b00000|100%| O|  |TAMS 0x0000000081a00000, 0x0000000081a00000| Untracked 
|  27|0x0000000081b00000, 0x0000000081c00000, 0x0000000081c00000|100%| O|  |TAMS 0x0000000081b00000, 0x0000000081b00000| Untracked 
|  28|0x0000000081c00000, 0x0000000081ca6200, 0x0000000081d00000| 64%| O|  |TAMS 0x0000000081c00000, 0x0000000081c00000| Untracked 
|  29|0x0000000081d00000, 0x0000000081d00000, 0x0000000081e00000|  0%| F|  |TAMS 0x0000000081d00000, 0x0000000081d00000| Untracked 
|  30|0x0000000081e00000, 0x0000000081e00000, 0x0000000081f00000|  0%| F|  |TAMS 0x0000000081e00000, 0x0000000081e00000| Untracked 
|  31|0x0000000081f00000, 0x0000000081f00000, 0x0000000082000000|  0%| F|  |TAMS 0x0000000081f00000, 0x0000000081f00000| Untracked 
|  32|0x0000000082000000, 0x0000000082000000, 0x0000000082100000|  0%| F|  |TAMS 0x0000000082000000, 0x0000000082000000| Untracked 
|  33|0x0000000082100000, 0x0000000082100000, 0x0000000082200000|  0%| F|  |TAMS 0x0000000082100000, 0x0000000082100000| Untracked 
|  34|0x0000000082200000, 0x0000000082200000, 0x0000000082300000|  0%| F|  |TAMS 0x0000000082200000, 0x0000000082200000| Untracked 
|  35|0x0000000082300000, 0x0000000082300000, 0x0000000082400000|  0%| F|  |TAMS 0x0000000082300000, 0x0000000082300000| Untracked 
|  36|0x0000000082400000, 0x0000000082400000, 0x0000000082500000|  0%| F|  |TAMS 0x0000000082400000, 0x0000000082400000| Untracked 
|  37|0x0000000082500000, 0x000000008251f4a8, 0x0000000082600000| 12%| S|CS|TAMS 0x0000000082500000, 0x0000000082500000| Complete 
|  38|0x0000000082600000, 0x0000000082600000, 0x0000000082700000|  0%| F|  |TAMS 0x0000000082600000, 0x0000000082600000| Untracked 
|  39|0x0000000082700000, 0x0000000082700000, 0x0000000082800000|  0%| F|  |TAMS 0x0000000082700000, 0x0000000082700000| Untracked 
|  40|0x0000000082800000, 0x0000000082800000, 0x0000000082900000|  0%| F|  |TAMS 0x0000000082800000, 0x0000000082800000| Untracked 
|  41|0x0000000082900000, 0x0000000082a00000, 0x0000000082a00000|100%| S|CS|TAMS 0x0000000082900000, 0x0000000082900000| Complete 
|  42|0x0000000082a00000, 0x0000000082b00000, 0x0000000082b00000|100%| S|CS|TAMS 0x0000000082a00000, 0x0000000082a00000| Complete 
|  43|0x0000000082b00000, 0x0000000082c00000, 0x0000000082c00000|100%| S|CS|TAMS 0x0000000082b00000, 0x0000000082b00000| Complete 
|  44|0x0000000082c00000, 0x0000000082c00000, 0x0000000082d00000|  0%| F|  |TAMS 0x0000000082c00000, 0x0000000082c00000| Untracked 
|  45|0x0000000082d00000, 0x0000000082d00000, 0x0000000082e00000|  0%| F|  |TAMS 0x0000000082d00000, 0x0000000082d00000| Untracked 
|  46|0x0000000082e00000, 0x0000000082e00000, 0x0000000082f00000|  0%| F|  |TAMS 0x0000000082e00000, 0x0000000082e00000| Untracked 
|  47|0x0000000082f00000, 0x0000000082f00000, 0x0000000083000000|  0%| F|  |TAMS 0x0000000082f00000, 0x0000000082f00000| Untracked 
|  48|0x0000000083000000, 0x0000000083000000, 0x0000000083100000|  0%| F|  |TAMS 0x0000000083000000, 0x0000000083000000| Untracked 
|  49|0x0000000083100000, 0x0000000083100000, 0x0000000083200000|  0%| F|  |TAMS 0x0000000083100000, 0x0000000083100000| Untracked 
|  50|0x0000000083200000, 0x0000000083200000, 0x0000000083300000|  0%| F|  |TAMS 0x0000000083200000, 0x0000000083200000| Untracked 
|  51|0x0000000083300000, 0x0000000083300000, 0x0000000083400000|  0%| F|  |TAMS 0x0000000083300000, 0x0000000083300000| Untracked 
|  52|0x0000000083400000, 0x0000000083400000, 0x0000000083500000|  0%| F|  |TAMS 0x0000000083400000, 0x0000000083400000| Untracked 
|  53|0x0000000083500000, 0x0000000083500000, 0x0000000083600000|  0%| F|  |TAMS 0x0000000083500000, 0x0000000083500000| Untracked 
|  54|0x0000000083600000, 0x0000000083600000, 0x0000000083700000|  0%| F|  |TAMS 0x0000000083600000, 0x0000000083600000| Untracked 
|  55|0x0000000083700000, 0x0000000083700000, 0x0000000083800000|  0%| F|  |TAMS 0x0000000083700000, 0x0000000083700000| Untracked 
|  56|0x0000000083800000, 0x0000000083800000, 0x0000000083900000|  0%| F|  |TAMS 0x0000000083800000, 0x0000000083800000| Untracked 
|  57|0x0000000083900000, 0x0000000083900000, 0x0000000083a00000|  0%| F|  |TAMS 0x0000000083900000, 0x0000000083900000| Untracked 
|  58|0x0000000083a00000, 0x0000000083a00000, 0x0000000083b00000|  0%| F|  |TAMS 0x0000000083a00000, 0x0000000083a00000| Untracked 
|  59|0x0000000083b00000, 0x0000000083b00000, 0x0000000083c00000|  0%| F|  |TAMS 0x0000000083b00000, 0x0000000083b00000| Untracked 
|  60|0x0000000083c00000, 0x0000000083c00000, 0x0000000083d00000|  0%| F|  |TAMS 0x0000000083c00000, 0x0000000083c00000| Untracked 
|  61|0x0000000083d00000, 0x0000000083d00000, 0x0000000083e00000|  0%| F|  |TAMS 0x0000000083d00000, 0x0000000083d00000| Untracked 
|  62|0x0000000083e00000, 0x0000000083e00000, 0x0000000083f00000|  0%| F|  |TAMS 0x0000000083e00000, 0x0000000083e00000| Untracked 
|  63|0x0000000083f00000, 0x0000000083f00000, 0x0000000084000000|  0%| F|  |TAMS 0x0000000083f00000, 0x0000000083f00000| Untracked 
|  64|0x0000000084000000, 0x0000000084000000, 0x0000000084100000|  0%| F|  |TAMS 0x0000000084000000, 0x0000000084000000| Untracked 
|  65|0x0000000084100000, 0x0000000084100000, 0x0000000084200000|  0%| F|  |TAMS 0x0000000084100000, 0x0000000084100000| Untracked 
|  66|0x0000000084200000, 0x0000000084200000, 0x0000000084300000|  0%| F|  |TAMS 0x0000000084200000, 0x0000000084200000| Untracked 
|  67|0x0000000084300000, 0x00000000843103c8, 0x0000000084400000|  6%| E|  |TAMS 0x0000000084300000, 0x0000000084300000| Complete 
|  68|0x0000000084400000, 0x0000000084500000, 0x0000000084500000|100%| E|CS|TAMS 0x0000000084400000, 0x0000000084400000| Complete 
|  69|0x0000000084500000, 0x0000000084600000, 0x0000000084600000|100%| E|CS|TAMS 0x0000000084500000, 0x0000000084500000| Complete 
|  70|0x0000000084600000, 0x0000000084700000, 0x0000000084700000|100%| E|CS|TAMS 0x0000000084600000, 0x0000000084600000| Complete 
|  71|0x0000000084700000, 0x0000000084800000, 0x0000000084800000|100%| E|CS|TAMS 0x0000000084700000, 0x0000000084700000| Complete 
|  72|0x0000000084800000, 0x0000000084900000, 0x0000000084900000|100%| E|CS|TAMS 0x0000000084800000, 0x0000000084800000| Complete 
|  73|0x0000000084900000, 0x0000000084a00000, 0x0000000084a00000|100%| E|CS|TAMS 0x0000000084900000, 0x0000000084900000| Complete 
|  74|0x0000000084a00000, 0x0000000084b00000, 0x0000000084b00000|100%| E|CS|TAMS 0x0000000084a00000, 0x0000000084a00000| Complete 
|  75|0x0000000084b00000, 0x0000000084c00000, 0x0000000084c00000|100%| E|CS|TAMS 0x0000000084b00000, 0x0000000084b00000| Complete 
|  76|0x0000000084c00000, 0x0000000084d00000, 0x0000000084d00000|100%| E|CS|TAMS 0x0000000084c00000, 0x0000000084c00000| Complete 
|  77|0x0000000084d00000, 0x0000000084e00000, 0x0000000084e00000|100%| E|CS|TAMS 0x0000000084d00000, 0x0000000084d00000| Complete 
|  78|0x0000000084e00000, 0x0000000084f00000, 0x0000000084f00000|100%| E|CS|TAMS 0x0000000084e00000, 0x0000000084e00000| Complete 
|  79|0x0000000084f00000, 0x0000000085000000, 0x0000000085000000|100%| E|CS|TAMS 0x0000000084f00000, 0x0000000084f00000| Complete 
| 127|0x0000000087f00000, 0x0000000088000000, 0x0000000088000000|100%| E|CS|TAMS 0x0000000087f00000, 0x0000000087f00000| Complete 

Card table byte_map: [0x0000013adcfd0000,0x0000013add3d0000] _byte_map_base: 0x0000013adcbd0000

Marking Bits (Prev, Next): (CMBitMap*) 0x0000013aca7569e0, (CMBitMap*) 0x0000013aca7569a0
 Prev Bits: [0x0000013adf7d0000, 0x0000013ae17d0000)
 Next Bits: [0x0000013add7d0000, 0x0000013adf7d0000)

Polling page: 0x0000013ac9eb0000

Metaspace:

Usage:
  Non-class:     41.73 MB used.
      Class:      6.65 MB used.
       Both:     48.37 MB used.

Virtual space:
  Non-class space:       64.00 MB reserved,      42.00 MB ( 66%) committed,  1 nodes.
      Class space:        1.00 GB reserved,       6.88 MB ( <1%) committed,  1 nodes.
             Both:        1.06 GB reserved,      48.88 MB (  4%) committed. 

Chunk freelists:
   Non-Class:  5.67 MB
       Class:  9.19 MB
        Both:  14.86 MB

MaxMetaspaceSize: unlimited
CompressedClassSpaceSize: 1.00 GB
Initial GC threshold: 21.00 MB
Current GC threshold: 67.00 MB
CDS: off
MetaspaceReclaimPolicy: balanced
 - commit_granule_bytes: 65536.
 - commit_granule_words: 8192.
 - virtual_space_node_default_size: 8388608.
 - enlarge_chunks_in_place: 1.
 - new_chunks_are_fully_committed: 0.
 - uncommit_free_chunks: 1.
 - use_allocation_guard: 0.
 - handle_deallocations: 1.


Internal statistics:

num_allocs_failed_limit: 9.
num_arena_births: 464.
num_arena_deaths: 0.
num_vsnodes_births: 2.
num_vsnodes_deaths: 0.
num_space_committed: 782.
num_space_uncommitted: 0.
num_chunks_returned_to_freelist: 9.
num_chunks_taken_from_freelist: 1999.
num_chunk_merges: 9.
num_chunk_splits: 1331.
num_chunks_enlarged: 936.
num_inconsistent_stats: 0.

CodeHeap 'non-profiled nmethods': size=120000Kb used=2412Kb max_used=2412Kb free=117588Kb
 bounds [0x0000013ad56a0000, 0x0000013ad5910000, 0x0000013adcbd0000]
CodeHeap 'profiled nmethods': size=120000Kb used=8785Kb max_used=8785Kb free=111214Kb
 bounds [0x0000013acdbd0000, 0x0000013ace470000, 0x0000013ad5100000]
CodeHeap 'non-nmethods': size=5760Kb used=1609Kb max_used=1651Kb free=4150Kb
 bounds [0x0000013ad5100000, 0x0000013ad5370000, 0x0000013ad56a0000]
 total_blobs=4998 nmethods=4322 adapters=588
 compilation: enabled
              stopped_count=0, restarted_count=0
 full_count=0

Compilation events (20 events):
Event: 7.105 Thread 0x0000013ae3cf5360 4301       1       org.antlr.v4.runtime.CodePointBuffer::getType (5 bytes)
Event: 7.105 Thread 0x0000013ae3cf5360 nmethod 4301 0x0000013ad58f8f10 code [0x0000013ad58f90a0, 0x0000013ad58f9178]
Event: 7.105 Thread 0x0000013ae3cf5360 4303       1       org.tomlj.AccumulatingErrorListener::errors (5 bytes)
Event: 7.105 Thread 0x0000013ae3cf5360 nmethod 4303 0x0000013ad58f9510 code [0x0000013ad58f96a0, 0x0000013ad58f9778]
Event: 7.108 Thread 0x0000013ae3cf5360 4306       3       org.antlr.v4.runtime.atn.SingletonPredictionContext::getParent (23 bytes)
Event: 7.108 Thread 0x0000013ae3cf5360 nmethod 4306 0x0000013ace455290 code [0x0000013ace455420, 0x0000013ace455538]
Event: 7.108 Thread 0x0000013ae3cf5360 4307   !   3       org.tomlj.internal.TomlParser::simpleKey (186 bytes)
Event: 7.110 Thread 0x0000013ae3cf5360 nmethod 4307 0x0000013ace455610 code [0x0000013ace4558e0, 0x0000013ace4567e8]
Event: 7.110 Thread 0x0000013ae3cf5360 4309       3       com.google.common.collect.MapMakerInternalMap::segmentFor (17 bytes)
Event: 7.110 Thread 0x0000013ae3cf5360 nmethod 4309 0x0000013ace457010 code [0x0000013ace4571a0, 0x0000013ace4572d8]
Event: 7.110 Thread 0x0000013ae3cf5360 4311       3       org.antlr.v4.runtime.atn.SemanticContext$Predicate::equals (60 bytes)
Event: 7.110 Thread 0x0000013ae3cf5360 nmethod 4311 0x0000013ace457390 code [0x0000013ace457560, 0x0000013ace4579f8]
Event: 7.110 Thread 0x0000013ae3cf5360 4310       3       org.antlr.v4.runtime.atn.SingletonPredictionContext::<init> (49 bytes)
Event: 7.111 Thread 0x0000013ae3cf5360 nmethod 4310 0x0000013ace457b10 code [0x0000013ace457d20, 0x0000013ace458318]
Event: 7.111 Thread 0x0000013ae3cf5360 4312       3       org.antlr.v4.runtime.atn.PredictionContext::calculateHashCode (25 bytes)
Event: 7.111 Thread 0x0000013ae3cf5360 nmethod 4312 0x0000013ace458590 code [0x0000013ace458760, 0x0000013ace458a08]
Event: 7.111 Thread 0x0000013ae3cf5360 4308       3       org.tomlj.internal.TomlParser$SimpleKeyContext::<init> (7 bytes)
Event: 7.111 Thread 0x0000013ae3cf5360 nmethod 4308 0x0000013ace458b90 code [0x0000013ace458d40, 0x0000013ace458fd8]
Event: 7.111 Thread 0x0000013ae3cf5360 4313       1       com.google.common.collect.MapMakerInternalMap$AbstractStrongKeyEntry::getHash (5 bytes)
Event: 7.111 Thread 0x0000013ae3cf5360 nmethod 4313 0x0000013ad58f9810 code [0x0000013ad58f99a0, 0x0000013ad58f9a78]

GC Heap History (20 events):
Event: 1.799 GC heap before
{Heap before GC invocations=2 (full 0):
 garbage-first heap   total 131072K, used 34472K [0x0000000080000000, 0x0000000100000000)
  region size 1024K, 26 young (26624K), 3 survivors (3072K)
 Metaspace       used 11459K, committed 11648K, reserved 1114112K
  class space    used 1196K, committed 1280K, reserved 1048576K
}
Event: 1.801 GC heap after
{Heap after GC invocations=3 (full 0):
 garbage-first heap   total 131072K, used 11508K [0x0000000080000000, 0x0000000100000000)
  region size 1024K, 1 young (1024K), 1 survivors (1024K)
 Metaspace       used 11459K, committed 11648K, reserved 1114112K
  class space    used 1196K, committed 1280K, reserved 1048576K
}
Event: 2.863 GC heap before
{Heap before GC invocations=3 (full 0):
 garbage-first heap   total 131072K, used 61684K [0x0000000080000000, 0x0000000100000000)
  region size 1024K, 50 young (51200K), 1 survivors (1024K)
 Metaspace       used 21319K, committed 21504K, reserved 1114112K
  class space    used 2502K, committed 2624K, reserved 1048576K
}
Event: 2.871 GC heap after
{Heap after GC invocations=4 (full 0):
 garbage-first heap   total 131072K, used 18950K [0x0000000080000000, 0x0000000100000000)
  region size 1024K, 8 young (8192K), 8 survivors (8192K)
 Metaspace       used 21319K, committed 21504K, reserved 1114112K
  class space    used 2502K, committed 2624K, reserved 1048576K
}
Event: 3.504 GC heap before
{Heap before GC invocations=5 (full 0):
 garbage-first heap   total 68608K, used 51718K [0x0000000080000000, 0x0000000100000000)
  region size 1024K, 40 young (40960K), 8 survivors (8192K)
 Metaspace       used 26275K, committed 26624K, reserved 1114112K
  class space    used 3370K, committed 3520K, reserved 1048576K
}
Event: 3.516 GC heap after
{Heap after GC invocations=6 (full 0):
 garbage-first heap   total 68608K, used 21180K [0x0000000080000000, 0x0000000100000000)
  region size 1024K, 2 young (2048K), 2 survivors (2048K)
 Metaspace       used 26275K, committed 26624K, reserved 1114112K
  class space    used 3370K, committed 3520K, reserved 1048576K
}
Event: 4.079 GC heap before
{Heap before GC invocations=6 (full 0):
 garbage-first heap   total 68608K, used 49852K [0x0000000080000000, 0x0000000100000000)
  region size 1024K, 30 young (30720K), 2 survivors (2048K)
 Metaspace       used 30214K, committed 30528K, reserved 1114112K
  class space    used 4046K, committed 4160K, reserved 1048576K
}
Event: 4.084 GC heap after
{Heap after GC invocations=7 (full 0):
 garbage-first heap   total 68608K, used 22725K [0x0000000080000000, 0x0000000100000000)
  region size 1024K, 4 young (4096K), 4 survivors (4096K)
 Metaspace       used 30214K, committed 30528K, reserved 1114112K
  class space    used 4046K, committed 4160K, reserved 1048576K
}
Event: 4.596 GC heap before
{Heap before GC invocations=7 (full 0):
 garbage-first heap   total 68608K, used 51397K [0x0000000080000000, 0x0000000100000000)
  region size 1024K, 32 young (32768K), 4 survivors (4096K)
 Metaspace       used 33646K, committed 33984K, reserved 1114112K
  class space    used 4602K, committed 4800K, reserved 1048576K
}
Event: 4.603 GC heap after
{Heap after GC invocations=8 (full 0):
 garbage-first heap   total 68608K, used 24089K [0x0000000080000000, 0x0000000100000000)
  region size 1024K, 4 young (4096K), 4 survivors (4096K)
 Metaspace       used 33646K, committed 33984K, reserved 1114112K
  class space    used 4602K, committed 4800K, reserved 1048576K
}
Event: 4.837 GC heap before
{Heap before GC invocations=8 (full 0):
 garbage-first heap   total 68608K, used 36377K [0x0000000080000000, 0x0000000100000000)
  region size 1024K, 17 young (17408K), 4 survivors (4096K)
 Metaspace       used 35820K, committed 36096K, reserved 1114112K
  class space    used 4914K, committed 5056K, reserved 1048576K
}
Event: 4.842 GC heap after
{Heap after GC invocations=9 (full 0):
 garbage-first heap   total 68608K, used 24716K [0x0000000080000000, 0x0000000100000000)
  region size 1024K, 2 young (2048K), 2 survivors (2048K)
 Metaspace       used 35820K, committed 36096K, reserved 1114112K
  class space    used 4914K, committed 5056K, reserved 1048576K
}
Event: 5.356 GC heap before
{Heap before GC invocations=10 (full 0):
 garbage-first heap   total 68608K, used 52364K [0x0000000080000000, 0x0000000100000000)
  region size 1024K, 30 young (30720K), 2 survivors (2048K)
 Metaspace       used 40777K, committed 41152K, reserved 1114112K
  class space    used 5412K, committed 5568K, reserved 1048576K
}
Event: 5.364 GC heap after
{Heap after GC invocations=11 (full 0):
 garbage-first heap   total 68608K, used 28380K [0x0000000080000000, 0x0000000100000000)
  region size 1024K, 4 young (4096K), 4 survivors (4096K)
 Metaspace       used 40777K, committed 41152K, reserved 1114112K
  class space    used 5412K, committed 5568K, reserved 1048576K
}
Event: 5.644 GC heap before
{Heap before GC invocations=12 (full 0):
 garbage-first heap   total 68608K, used 52956K [0x0000000080000000, 0x0000000100000000)
  region size 1024K, 28 young (28672K), 4 survivors (4096K)
 Metaspace       used 41860K, committed 42240K, reserved 1114112K
  class space    used 5589K, committed 5760K, reserved 1048576K
}
Event: 5.651 GC heap after
{Heap after GC invocations=13 (full 0):
 garbage-first heap   total 68608K, used 29549K [0x0000000080000000, 0x0000000100000000)
  region size 1024K, 2 young (2048K), 2 survivors (2048K)
 Metaspace       used 41860K, committed 42240K, reserved 1114112K
  class space    used 5589K, committed 5760K, reserved 1048576K
}
Event: 6.224 GC heap before
{Heap before GC invocations=13 (full 0):
 garbage-first heap   total 68608K, used 53101K [0x0000000080000000, 0x0000000100000000)
  region size 1024K, 26 young (26624K), 2 survivors (2048K)
 Metaspace       used 44760K, committed 45248K, reserved 1114112K
  class space    used 6056K, committed 6272K, reserved 1048576K
}
Event: 6.234 GC heap after
{Heap after GC invocations=14 (full 0):
 garbage-first heap   total 68608K, used 30988K [0x0000000080000000, 0x0000000100000000)
  region size 1024K, 3 young (3072K), 3 survivors (3072K)
 Metaspace       used 44760K, committed 45248K, reserved 1114112K
  class space    used 6056K, committed 6272K, reserved 1048576K
}
Event: 6.813 GC heap before
{Heap before GC invocations=14 (full 0):
 garbage-first heap   total 68608K, used 54540K [0x0000000080000000, 0x0000000100000000)
  region size 1024K, 26 young (26624K), 3 survivors (3072K)
 Metaspace       used 47552K, committed 48000K, reserved 1114112K
  class space    used 6506K, committed 6720K, reserved 1048576K
}
Event: 6.821 GC heap after
{Heap after GC invocations=15 (full 0):
 garbage-first heap   total 82944K, used 32273K [0x0000000080000000, 0x0000000100000000)
  region size 1024K, 4 young (4096K), 4 survivors (4096K)
 Metaspace       used 47552K, committed 48000K, reserved 1114112K
  class space    used 6506K, committed 6720K, reserved 1048576K
}

Dll operation events (3 events):
Event: 0.006 Loaded shared library C:\Program Files\Android\Android Studio1\jbr\bin\java.dll
Event: 0.162 Loaded shared library C:\Program Files\Android\Android Studio1\jbr\bin\zip.dll
Event: 0.606 Loaded shared library C:\Program Files\Android\Android Studio1\jbr\bin\verify.dll

Deoptimization events (20 events):
Event: 6.882 Thread 0x0000013ae9129150 DEOPT PACKING pc=0x0000013ace3a3075 sp=0x0000002a45ef9b70
Event: 6.882 Thread 0x0000013ae9129150 DEOPT UNPACKING pc=0x0000013ad5157143 sp=0x0000002a45ef8ff8 mode 0
Event: 6.898 Thread 0x0000013ae9129150 Uncommon trap: trap_request=0xffffffde fr.pc=0x0000013ad57c0d98 relative=0x0000000000000078
Event: 6.898 Thread 0x0000013ae9129150 Uncommon trap: reason=class_check action=maybe_recompile pc=0x0000013ad57c0d98 method=java.util.Collections$SetFromMap.remove(Ljava/lang/Object;)Z @ 5 c2
Event: 6.898 Thread 0x0000013ae9129150 DEOPT PACKING pc=0x0000013ad57c0d98 sp=0x0000002a45efa380
Event: 6.898 Thread 0x0000013ae9129150 DEOPT UNPACKING pc=0x0000013ad51569a3 sp=0x0000002a45efa318 mode 2
Event: 6.911 Thread 0x0000013ae9129150 Uncommon trap: trap_request=0xffffff45 fr.pc=0x0000013ad5892f4c relative=0x00000000000002cc
Event: 6.911 Thread 0x0000013ae9129150 Uncommon trap: reason=unstable_if action=reinterpret pc=0x0000013ad5892f4c method=java.io.BufferedInputStream.read1([BII)I @ 60 c2
Event: 6.911 Thread 0x0000013ae9129150 DEOPT PACKING pc=0x0000013ad5892f4c sp=0x0000002a45efaa30
Event: 6.911 Thread 0x0000013ae9129150 DEOPT UNPACKING pc=0x0000013ad51569a3 sp=0x0000002a45efa980 mode 2
Event: 6.941 Thread 0x0000013ae9129150 DEOPT PACKING pc=0x0000013ace3a3075 sp=0x0000002a45ef9580
Event: 6.941 Thread 0x0000013ae9129150 DEOPT UNPACKING pc=0x0000013ad5157143 sp=0x0000002a45ef8a08 mode 0
Event: 7.078 Thread 0x0000013ae9129150 Uncommon trap: trap_request=0xffffffde fr.pc=0x0000013ad587c908 relative=0x00000000000031c8
Event: 7.078 Thread 0x0000013ae9129150 Uncommon trap: reason=class_check action=maybe_recompile pc=0x0000013ad587c908 method=java.util.regex.Pattern$CharProperty.study(Ljava/util/regex/Pattern$TreeInfo;)Z @ 25 c2
Event: 7.078 Thread 0x0000013ae9129150 DEOPT PACKING pc=0x0000013ad587c908 sp=0x0000002a45ef99a0
Event: 7.079 Thread 0x0000013ae9129150 DEOPT UNPACKING pc=0x0000013ad51569a3 sp=0x0000002a45ef9898 mode 2
Event: 7.115 Thread 0x0000013ae9129150 Uncommon trap: trap_request=0xffffffde fr.pc=0x0000013ad5869d00 relative=0x0000000000000060
Event: 7.115 Thread 0x0000013ae9129150 Uncommon trap: reason=class_check action=maybe_recompile pc=0x0000013ad5869d00 method=java.util.stream.StreamOpFlag.fromCharacteristics(Ljava/util/Spliterator;)I @ 14 c2
Event: 7.115 Thread 0x0000013ae9129150 DEOPT PACKING pc=0x0000013ad5869d00 sp=0x0000002a45efa540
Event: 7.115 Thread 0x0000013ae9129150 DEOPT UNPACKING pc=0x0000013ad51569a3 sp=0x0000002a45efa4d8 mode 2

Classes unloaded (0 events):
No events

Classes redefined (0 events):
No events

Internal exceptions (20 events):
Event: 5.904 Thread 0x0000013ae9129150 Exception <a 'java/lang/NoSuchMethodError'{0x000000008373fa28}: 'java.lang.Object java.lang.invoke.DirectMethodHandle$Holder.invokeStatic(java.lang.Object, java.lang.Object, int, java.lang.Object)'> (0x000000008373fa28) 
thrown [s\src\hotspot\share\interpreter\linkResolver.cpp, line 771]
Event: 5.905 Thread 0x0000013ae9129150 Exception <a 'java/lang/NoSuchMethodError'{0x00000000837477c8}: 'java.lang.Object java.lang.invoke.DirectMethodHandle$Holder.newInvokeSpecial(java.lang.Object, java.lang.Object, int, java.lang.Object)'> (0x00000000837477c8) 
thrown [s\src\hotspot\share\interpreter\linkResolver.cpp, line 771]
Event: 5.906 Thread 0x0000013ae9129150 Exception <a 'java/lang/NoSuchMethodError'{0x000000008374c358}: 'java.lang.Object java.lang.invoke.DirectMethodHandle$Holder.invokeSpecial(java.lang.Object, java.lang.Object, java.lang.Object, int, java.lang.Object)'> (0x000000008374c358) 
thrown [s\src\hotspot\share\interpreter\linkResolver.cpp, line 771]
Event: 5.921 Thread 0x0000013ae9129150 Exception <a 'java/lang/NoSuchMethodError'{0x000000008364a478}: 'void java.lang.invoke.DirectMethodHandle$Holder.invokeStatic(java.lang.Object, java.lang.Object, java.lang.Object, java.lang.Object, java.lang.Object, java.lang.Object)'> (0x000000008364a478) 
thrown [s\src\hotspot\share\interpreter\linkResolver.cpp, line 771]
Event: 5.970 Thread 0x0000013ae9129150 Exception <a 'java/lang/NoSuchMethodError'{0x000000008349b3b0}: 'java.lang.Object java.lang.invoke.DirectMethodHandle$Holder.newInvokeSpecial(java.lang.Object, java.lang.Object, java.lang.Object, java.lang.Object, int)'> (0x000000008349b3b0) 
thrown [s\src\hotspot\share\interpreter\linkResolver.cpp, line 771]
Event: 5.971 Thread 0x0000013ae9129150 Exception <a 'java/lang/NoSuchMethodError'{0x00000000834a0430}: 'java.lang.Object java.lang.invoke.DirectMethodHandle$Holder.invokeSpecial(java.lang.Object, java.lang.Object, java.lang.Object, java.lang.Object, java.lang.Object, int)'> (0x00000000834a0430) 
thrown [s\src\hotspot\share\interpreter\linkResolver.cpp, line 771]
Event: 5.971 Thread 0x0000013ae9129150 Exception <a 'java/lang/NoSuchMethodError'{0x00000000834a4e60}: 'java.lang.Object java.lang.invoke.Invokers$Holder.linkToTargetMethod(java.lang.Object, java.lang.Object, java.lang.Object, int, java.lang.Object)'> (0x00000000834a4e60) 
thrown [s\src\hotspot\share\interpreter\linkResolver.cpp, line 771]
Event: 6.020 Thread 0x0000013ae9129150 Exception <a 'java/lang/NoSuchMethodError'{0x000000008327b2a0}: 'int java.lang.invoke.DirectMethodHandle$Holder.invokeInterface(java.lang.Object, java.lang.Object, java.lang.Object, java.lang.Object)'> (0x000000008327b2a0) 
thrown [s\src\hotspot\share\interpreter\linkResolver.cpp, line 771]
Event: 6.186 Thread 0x0000013ae9129150 Implicit null exception at 0x0000013ad58af3ec to 0x0000013ad58af490
Event: 6.373 Thread 0x0000013ae9129150 Exception <a 'java/lang/NoSuchMethodError'{0x000000008498d6e0}: 'void java.lang.invoke.DirectMethodHandle$Holder.invokeInterface(java.lang.Object, java.lang.Object)'> (0x000000008498d6e0) 
thrown [s\src\hotspot\share\interpreter\linkResolver.cpp, line 771]
Event: 6.375 Thread 0x0000013ae9129150 Exception <a 'java/lang/IncompatibleClassChangeError'{0x0000000084998b90}: Found class java.lang.Object, but interface was expected> (0x0000000084998b90) 
thrown [s\src\hotspot\share\interpreter\linkResolver.cpp, line 838]
Event: 6.441 Thread 0x0000013ae9129150 Exception <a 'java/lang/NoSuchMethodError'{0x0000000084628440}: 'java.lang.Object java.lang.invoke.DirectMethodHandle$Holder.newInvokeSpecial(java.lang.Object, int, java.lang.Object)'> (0x0000000084628440) 
thrown [s\src\hotspot\share\interpreter\linkResolver.cpp, line 771]
Event: 6.789 Thread 0x0000013ae9129150 Exception <a 'sun/nio/fs/WindowsException'{0x0000000082c0b818}> (0x0000000082c0b818) 
thrown [s\src\hotspot\share\prims\jni.cpp, line 517]
Event: 6.789 Thread 0x0000013ae9129150 Exception <a 'sun/nio/fs/WindowsException'{0x0000000082c0bb18}> (0x0000000082c0bb18) 
thrown [s\src\hotspot\share\prims\jni.cpp, line 517]
Event: 6.791 Thread 0x0000013ae9129150 Exception <a 'sun/nio/fs/WindowsException'{0x0000000082c0e330}> (0x0000000082c0e330) 
thrown [s\src\hotspot\share\prims\jni.cpp, line 517]
Event: 6.791 Thread 0x0000013ae9129150 Exception <a 'sun/nio/fs/WindowsException'{0x0000000082c0e720}> (0x0000000082c0e720) 
thrown [s\src\hotspot\share\prims\jni.cpp, line 517]
Event: 6.793 Thread 0x0000013ae9129150 Exception <a 'java/lang/NoSuchMethodError'{0x0000000082c1bc70}: 'java.lang.Object java.lang.invoke.DirectMethodHandle$Holder.newInvokeSpecial(java.lang.Object, java.lang.Object, int)'> (0x0000000082c1bc70) 
thrown [s\src\hotspot\share\interpreter\linkResolver.cpp, line 771]
Event: 6.848 Thread 0x0000013ae9129150 Exception <a 'sun/nio/fs/WindowsException'{0x0000000084f9eb38}> (0x0000000084f9eb38) 
thrown [s\src\hotspot\share\prims\jni.cpp, line 517]
Event: 6.848 Thread 0x0000013ae9129150 Exception <a 'sun/nio/fs/WindowsException'{0x0000000084f9ef28}> (0x0000000084f9ef28) 
thrown [s\src\hotspot\share\prims\jni.cpp, line 517]
Event: 7.105 Thread 0x0000013ae9129150 Exception <a 'java/lang/NoSuchMethodError'{0x00000000845a7e68}: 'void java.lang.invoke.DirectMethodHandle$Holder.invokeStatic(java.lang.Object, java.lang.Object, java.lang.Object, java.lang.Object, java.lang.Object, java.lang.Object, java.lang.Object)'> (0x00000000845a7e68) 
thrown [s\src\hotspot\share\interpreter\linkResolver.cpp, line 771]

VM Operations (20 events):
Event: 5.720 Executing VM operation: HandshakeAllThreads
Event: 5.720 Executing VM operation: HandshakeAllThreads done
Event: 5.748 Executing VM operation: HandshakeAllThreads
Event: 5.748 Executing VM operation: HandshakeAllThreads done
Event: 5.750 Executing VM operation: HandshakeAllThreads
Event: 5.750 Executing VM operation: HandshakeAllThreads done
Event: 6.006 Executing VM operation: HandshakeAllThreads
Event: 6.006 Executing VM operation: HandshakeAllThreads done
Event: 6.012 Executing VM operation: HandshakeAllThreads
Event: 6.012 Executing VM operation: HandshakeAllThreads done
Event: 6.018 Executing VM operation: HandshakeAllThreads
Event: 6.018 Executing VM operation: HandshakeAllThreads done
Event: 6.129 Executing VM operation: HandshakeAllThreads
Event: 6.129 Executing VM operation: HandshakeAllThreads done
Event: 6.224 Executing VM operation: G1CollectForAllocation
Event: 6.234 Executing VM operation: G1CollectForAllocation done
Event: 6.812 Executing VM operation: G1CollectForAllocation
Event: 6.821 Executing VM operation: G1CollectForAllocation done
Event: 7.068 Executing VM operation: HandshakeAllThreads
Event: 7.068 Executing VM operation: HandshakeAllThreads done

Events (20 events):
Event: 6.904 loading class sun/nio/ch/ChannelInputStream
Event: 6.904 loading class sun/nio/ch/ChannelInputStream done
Event: 6.907 loading class java/nio/channels/Channels$ReadableByteChannelImpl
Event: 6.907 loading class java/nio/channels/Channels$ReadableByteChannelImpl done
Event: 6.920 loading class java/util/EmptyStackException
Event: 6.920 loading class java/util/EmptyStackException done
Event: 6.940 loading class java/io/InvalidClassException
Event: 6.940 loading class java/io/InvalidClassException done
Event: 7.067 loading class java/util/stream/SortedOps
Event: 7.067 loading class java/util/stream/SortedOps done
Event: 7.067 loading class java/util/stream/SortedOps$OfRef
Event: 7.067 loading class java/util/stream/ReferencePipeline$StatefulOp
Event: 7.067 loading class java/util/stream/ReferencePipeline$StatefulOp done
Event: 7.067 loading class java/util/stream/SortedOps$OfRef done
Event: 7.069 loading class java/util/stream/SortedOps$SizedRefSortingSink
Event: 7.069 loading class java/util/stream/SortedOps$AbstractRefSortingSink
Event: 7.069 loading class java/util/stream/SortedOps$AbstractRefSortingSink done
Event: 7.069 loading class java/util/stream/SortedOps$SizedRefSortingSink done
Event: 7.115 loading class java/util/Comparators$NaturalOrderComparator
Event: 7.115 loading class java/util/Comparators$NaturalOrderComparator done


Dynamic libraries:
0x00007ff7973f0000 - 0x00007ff7973fa000 	C:\Program Files\Android\Android Studio1\jbr\bin\java.exe
0x00007fff483f0000 - 0x00007fff485e8000 	C:\WINDOWS\SYSTEM32\ntdll.dll
0x00007fff46500000 - 0x00007fff465bd000 	C:\WINDOWS\System32\KERNEL32.DLL
0x00007fff45d70000 - 0x00007fff46066000 	C:\WINDOWS\System32\KERNELBASE.dll
0x00007fff42fb0000 - 0x00007fff43040000 	C:\WINDOWS\SYSTEM32\apphelp.dll
0x00007fff462b0000 - 0x00007fff463b0000 	C:\WINDOWS\System32\ucrtbase.dll
0x00007fff2f3a0000 - 0x00007fff2f3b7000 	C:\Program Files\Android\Android Studio1\jbr\bin\jli.dll
0x00007fff3c130000 - 0x00007fff3c14b000 	C:\Program Files\Android\Android Studio1\jbr\bin\VCRUNTIME140.dll
0x00007fff47e40000 - 0x00007fff47fdf000 	C:\WINDOWS\System32\USER32.dll
0x00007fff46070000 - 0x00007fff46092000 	C:\WINDOWS\System32\win32u.dll
0x00007fff33bc0000 - 0x00007fff33e5a000 	C:\WINDOWS\WinSxS\amd64_microsoft.windows.common-controls_6595b64144ccf1df_6.0.19041.3636_none_60b6a03d71f818d5\COMCTL32.dll
0x00007fff466d0000 - 0x00007fff4676e000 	C:\WINDOWS\System32\msvcrt.dll
0x00007fff47240000 - 0x00007fff4726b000 	C:\WINDOWS\System32\GDI32.dll
0x00007fff45af0000 - 0x00007fff45c07000 	C:\WINDOWS\System32\gdi32full.dll
0x00007fff460a0000 - 0x00007fff4613d000 	C:\WINDOWS\System32\msvcp_win.dll
0x00007fff465d0000 - 0x00007fff46602000 	C:\WINDOWS\System32\IMM32.DLL
0x00007fff3fd70000 - 0x00007fff3fd7c000 	C:\Program Files\Android\Android Studio1\jbr\bin\vcruntime140_1.dll
0x00007fff1f930000 - 0x00007fff1f9bd000 	C:\Program Files\Android\Android Studio1\jbr\bin\msvcp140.dll
0x00007fff1e340000 - 0x00007fff1efc3000 	C:\Program Files\Android\Android Studio1\jbr\bin\server\jvm.dll
0x00007fff47740000 - 0x00007fff477f0000 	C:\WINDOWS\System32\ADVAPI32.dll
0x00007fff46610000 - 0x00007fff466b0000 	C:\WINDOWS\System32\sechost.dll
0x00007fff481f0000 - 0x00007fff48313000 	C:\WINDOWS\System32\RPCRT4.dll
0x00007fff461d0000 - 0x00007fff461f7000 	C:\WINDOWS\System32\bcrypt.dll
0x00007fff40b30000 - 0x00007fff40b39000 	C:\WINDOWS\SYSTEM32\WSOCK32.dll
0x00007fff45900000 - 0x00007fff4594b000 	C:\WINDOWS\SYSTEM32\POWRPROF.dll
0x00007fff47160000 - 0x00007fff471cb000 	C:\WINDOWS\System32\WS2_32.dll
0x00007fff3a290000 - 0x00007fff3a2b7000 	C:\WINDOWS\SYSTEM32\WINMM.dll
0x00007fff3d040000 - 0x00007fff3d04a000 	C:\WINDOWS\SYSTEM32\VERSION.dll
0x00007fff458e0000 - 0x00007fff458f2000 	C:\WINDOWS\SYSTEM32\UMPDC.dll
0x00007fff44310000 - 0x00007fff44322000 	C:\WINDOWS\SYSTEM32\kernel.appcore.dll
0x00007fff3dc00000 - 0x00007fff3dc0a000 	C:\Program Files\Android\Android Studio1\jbr\bin\jimage.dll
0x00007fff43810000 - 0x00007fff439f4000 	C:\WINDOWS\SYSTEM32\DBGHELP.DLL
0x00007fff3db10000 - 0x00007fff3db44000 	C:\WINDOWS\SYSTEM32\dbgcore.DLL
0x00007fff46140000 - 0x00007fff461c2000 	C:\WINDOWS\System32\bcryptPrimitives.dll
0x00007fff3ad70000 - 0x00007fff3ad7e000 	C:\Program Files\Android\Android Studio1\jbr\bin\instrument.dll
0x00007fff32d50000 - 0x00007fff32d75000 	C:\Program Files\Android\Android Studio1\jbr\bin\java.dll
0x00007fff31550000 - 0x00007fff31568000 	C:\Program Files\Android\Android Studio1\jbr\bin\zip.dll
0x00007fff46770000 - 0x00007fff46edb000 	C:\WINDOWS\System32\SHELL32.dll
0x00007fff43b10000 - 0x00007fff442ae000 	C:\WINDOWS\SYSTEM32\windows.storage.dll
0x00007fff47ae0000 - 0x00007fff47e33000 	C:\WINDOWS\System32\combase.dll
0x00007fff45400000 - 0x00007fff4542e000 	C:\WINDOWS\SYSTEM32\Wldp.dll
0x00007fff48120000 - 0x00007fff481ed000 	C:\WINDOWS\System32\OLEAUT32.dll
0x00007fff46ee0000 - 0x00007fff46f8d000 	C:\WINDOWS\System32\SHCORE.dll
0x00007fff47870000 - 0x00007fff478c5000 	C:\WINDOWS\System32\shlwapi.dll
0x00007fff459d0000 - 0x00007fff459f3000 	C:\WINDOWS\SYSTEM32\profapi.dll
0x00007fff31530000 - 0x00007fff31549000 	C:\Program Files\Android\Android Studio1\jbr\bin\net.dll
0x00007fff3cee0000 - 0x00007fff3cfea000 	C:\WINDOWS\SYSTEM32\WINHTTP.dll
0x00007fff45160000 - 0x00007fff451ca000 	C:\WINDOWS\system32\mswsock.dll
0x00007fff31510000 - 0x00007fff31526000 	C:\Program Files\Android\Android Studio1\jbr\bin\nio.dll
0x00007fff3d400000 - 0x00007fff3d410000 	C:\Program Files\Android\Android Studio1\jbr\bin\verify.dll
0x00007fff264c0000 - 0x00007fff264e7000 	C:\Users\Shaxzodbek\.gradle\native\c067742578af261105cb4f569cf0c3c89f3d7b1fecec35dd04571415982c5e48\windows-amd64\native-platform.dll
0x00007fff30810000 - 0x00007fff30954000 	C:\Users\Shaxzodbek\.gradle\native\38dada09dfb8b06ba9b0570ebf7e218e3eb74d4ef43ca46872605cf95ebc2f47\windows-amd64\native-platform-file-events.dll
0x00007fff3bc10000 - 0x00007fff3bc19000 	C:\Program Files\Android\Android Studio1\jbr\bin\management.dll
0x00007fff3b040000 - 0x00007fff3b04b000 	C:\Program Files\Android\Android Studio1\jbr\bin\management_ext.dll
0x00007fff48110000 - 0x00007fff48118000 	C:\WINDOWS\System32\PSAPI.DLL
0x00007fff45360000 - 0x00007fff45378000 	C:\WINDOWS\SYSTEM32\CRYPTSP.dll
0x00007fff44a80000 - 0x00007fff44ab4000 	C:\WINDOWS\system32\rsaenh.dll
0x00007fff45990000 - 0x00007fff459be000 	C:\WINDOWS\SYSTEM32\USERENV.dll
0x00007fff45350000 - 0x00007fff4535c000 	C:\WINDOWS\SYSTEM32\CRYPTBASE.dll
0x00007fff44e40000 - 0x00007fff44e7b000 	C:\WINDOWS\SYSTEM32\IPHLPAPI.DLL
0x00007fff465c0000 - 0x00007fff465c8000 	C:\WINDOWS\System32\NSI.dll
0x00007fff36c30000 - 0x00007fff36c47000 	C:\WINDOWS\SYSTEM32\dhcpcsvc6.DLL
0x00007fff36c50000 - 0x00007fff36c6d000 	C:\WINDOWS\SYSTEM32\dhcpcsvc.DLL
0x00007fff44e80000 - 0x00007fff44f4b000 	C:\WINDOWS\SYSTEM32\DNSAPI.dll
0x00007fff3c5e0000 - 0x00007fff3c5e9000 	C:\Program Files\Android\Android Studio1\jbr\bin\extnet.dll
0x00007fff3cb00000 - 0x00007fff3cb07000 	C:\WINDOWS\system32\wshunix.dll

dbghelp: loaded successfully - version: 4.0.5 - missing functions: none
symbol engine: initialized successfully - sym options: 0x614 - pdb path: .;C:\Program Files\Android\Android Studio1\jbr\bin;C:\WINDOWS\SYSTEM32;C:\WINDOWS\WinSxS\amd64_microsoft.windows.common-controls_6595b64144ccf1df_6.0.19041.3636_none_60b6a03d71f818d5;C:\Program Files\Android\Android Studio1\jbr\bin\server;C:\Users\Shaxzodbek\.gradle\native\c067742578af261105cb4f569cf0c3c89f3d7b1fecec35dd04571415982c5e48\windows-amd64;C:\Users\Shaxzodbek\.gradle\native\38dada09dfb8b06ba9b0570ebf7e218e3eb74d4ef43ca46872605cf95ebc2f47\windows-amd64

VM Arguments:
jvm_args: --add-opens=java.base/java.util=ALL-UNNAMED --add-opens=java.base/java.lang=ALL-UNNAMED --add-opens=java.base/java.lang.invoke=ALL-UNNAMED --add-opens=java.prefs/java.util.prefs=ALL-UNNAMED --add-opens=java.base/java.nio.charset=ALL-UNNAMED --add-opens=java.base/java.net=ALL-UNNAMED --add-opens=java.base/java.util.concurrent.atomic=ALL-UNNAMED -Xmx2048m -Dfile.encoding=UTF-8 -Duser.country=US -Duser.language=en -Duser.variant -javaagent:C:\Users\Shaxzodbek\.gradle\wrapper\dists\gradle-8.6-bin\afr5mpiioh2wthjmwnkmdsd5w\gradle-8.6\lib\agents\gradle-instrumentation-agent-8.6.jar 
java_command: org.gradle.launcher.daemon.bootstrap.GradleDaemon 8.6
java_class_path (initial): C:\Users\Shaxzodbek\.gradle\wrapper\dists\gradle-8.6-bin\afr5mpiioh2wthjmwnkmdsd5w\gradle-8.6\lib\gradle-launcher-8.6.jar
Launcher Type: SUN_STANDARD

[Global flags]
     intx CICompilerCount                          = 3                                         {product} {ergonomic}
     uint ConcGCThreads                            = 1                                         {product} {ergonomic}
     uint G1ConcRefinementThreads                  = 4                                         {product} {ergonomic}
   size_t G1HeapRegionSize                         = 1048576                                   {product} {ergonomic}
    uintx GCDrainStackTargetSize                   = 64                                        {product} {ergonomic}
   size_t InitialHeapSize                          = 134217728                                 {product} {ergonomic}
   size_t MarkStackSize                            = 4194304                                   {product} {ergonomic}
   size_t MaxHeapSize                              = 2147483648                                {product} {command line}
   size_t MaxNewSize                               = 1287651328                                {product} {ergonomic}
   size_t MinHeapDeltaBytes                        = 1048576                                   {product} {ergonomic}
   size_t MinHeapSize                              = 8388608                                   {product} {ergonomic}
    uintx NonNMethodCodeHeapSize                   = 5832780                                {pd product} {ergonomic}
    uintx NonProfiledCodeHeapSize                  = 122912730                              {pd product} {ergonomic}
    uintx ProfiledCodeHeapSize                     = 122912730                              {pd product} {ergonomic}
    uintx ReservedCodeCacheSize                    = 251658240                              {pd product} {ergonomic}
     bool SegmentedCodeCache                       = true                                      {product} {ergonomic}
   size_t SoftMaxHeapSize                          = 2147483648                             {manageable} {ergonomic}
     bool UseCompressedClassPointers               = true                           {product lp64_product} {ergonomic}
     bool UseCompressedOops                        = true                           {product lp64_product} {ergonomic}
     bool UseG1GC                                  = true                                      {product} {ergonomic}
     bool UseLargePagesIndividualAllocation        = false                                  {pd product} {ergonomic}

Logging:
Log output configuration:
 #0: stdout all=warning uptime,level,tags
 #1: stderr all=off uptime,level,tags

Environment Variables:
PATH=C:\WINDOWS\system32;C:\WINDOWS;C:\WINDOWS\System32\Wbem;C:\WINDOWS\System32\WindowsPowerShell\v1.0\;C:\Users\Shaxzodbek\AppData\Local\Microsoft\WindowsApps;
USERNAME=Shaxzodbek
OS=Windows_NT
PROCESSOR_IDENTIFIER=Intel64 Family 6 Model 61 Stepping 4, GenuineIntel
TMP=C:\Users\SHAXZO~1\AppData\Local\Temp
TEMP=C:\Users\SHAXZO~1\AppData\Local\Temp



Periodic native trim disabled

JNI global refs:
JNI global refs: 25, weak refs: 8

JNI global refs memory usage: 843, weak refs: 841

OOME stack traces (most recent first):
Classloader memory used:
Loader org.gradle.internal.classloader.VisitableURLClassLoader                         : 2986K
Loader bootstrap                                                                       : 2340K
Loader org.gradle.initialization.MixInLegacyTypesClassLoader                           : 766K
Loader jdk.internal.loader.ClassLoaders$PlatformClassLoader                            : 65550B
Loader jdk.internal.loader.ClassLoaders$AppClassLoader                                 : 28729B
Loader jdk.internal.reflect.DelegatingClassLoader                                      : 4428B
Loader org.gradle.internal.classloader.VisitableURLClassLoader$InstrumentingVisitableURLClassLoader: 3677B

Classes loaded by more than one classloader:
Class org.gradle.internal.installation.GradleInstallation                             : loaded 2 times (x 73B)
Class org.gradle.internal.classpath.ClassPath                                         : loaded 2 times (x 68B)
Class org.gradle.api.internal.classpath.DefaultModuleRegistry                         : loaded 2 times (x 84B)
Class Settings_gradle$1$1                                                             : loaded 2 times (x 72B)
Class org.gradle.api.Action                                                           : loaded 2 times (x 68B)
Class org.gradle.api.internal.DefaultClassPathProvider                                : loaded 2 times (x 74B)
Class org.gradle.internal.installation.GradleInstallation$1                           : loaded 2 times (x 73B)
Class org.gradle.internal.classloader.FilteringClassLoader                            : loaded 2 times (x 103B)
Class org.gradle.internal.classpath.DefaultClassPath$ImmutableUniqueList$Builder      : loaded 2 times (x 73B)
Class org.gradle.internal.classloader.ClassLoaderVisitor                              : loaded 2 times (x 74B)
Class org.gradle.internal.service.DefaultServiceLocator                               : loaded 2 times (x 81B)
Class org.gradle.internal.service.UnknownServiceException                             : loaded 2 times (x 81B)
Class org.gradle.internal.classloader.DefaultClassLoaderFactory                       : loaded 2 times (x 80B)
Class org.gradle.internal.classloader.VisitableURLClassLoader$Spec                    : loaded 2 times (x 72B)
Class org.gradle.api.GradleException                                                  : loaded 2 times (x 80B)
Class org.gradle.api.internal.classpath.ModuleRegistry                                : loaded 2 times (x 68B)
Class org.gradle.api.internal.ClassPathProvider                                       : loaded 2 times (x 68B)
Class org.gradle.internal.classloader.ClasspathUtil$1                                 : loaded 2 times (x 74B)
Class org.gradle.internal.classloader.ClassLoaderFactory                              : loaded 2 times (x 68B)
Class org.gradle.api.internal.classpath.ManifestUtil                                  : loaded 2 times (x 69B)
Class org.gradle.api.specs.Spec                                                       : loaded 2 times (x 68B)
Class org.gradle.internal.IoActions                                                   : loaded 2 times (x 69B)
Class org.gradle.api.internal.classpath.EffectiveClassPath                            : loaded 2 times (x 88B)
Class org.gradle.internal.installation.CurrentGradleInstallation                      : loaded 2 times (x 71B)
Class org.gradle.internal.agents.InstrumentingClassLoader                             : loaded 2 times (x 68B)
Class org.gradle.internal.installation.CurrentGradleInstallationLocator               : loaded 2 times (x 69B)
Class org.gradle.api.internal.classpath.Module                                        : loaded 2 times (x 68B)
Class org.gradle.internal.service.CachingServiceLocator                               : loaded 2 times (x 80B)
Class org.gradle.internal.classpath.DefaultClassPath                                  : loaded 2 times (x 88B)
Class org.gradle.internal.classloader.SystemClassLoaderSpec                           : loaded 2 times (x 69B)
Class org.gradle.api.UncheckedIOException                                             : loaded 2 times (x 80B)
Class Program                                                                         : loaded 2 times (x 70B)
Class org.gradle.internal.classloader.ClasspathUtil                                   : loaded 2 times (x 69B)
Class org.gradle.api.internal.DefaultClassPathRegistry                                : loaded 2 times (x 74B)
Class org.gradle.api.internal.classpath.DefaultModuleRegistry$DefaultModule           : loaded 2 times (x 84B)
Class org.gradle.api.internal.classpath.UnknownModuleException                        : loaded 2 times (x 80B)
Class org.gradle.internal.service.ServiceLookupException                              : loaded 2 times (x 80B)
Class org.gradle.cache.GlobalCache                                                    : loaded 2 times (x 68B)
Class [Lorg.gradle.api.internal.ClassPathProvider;                                    : loaded 2 times (x 67B)
Class org.gradle.util.internal.GUtil                                                  : loaded 2 times (x 69B)
Class org.gradle.internal.classloader.ClassLoaderSpec                                 : loaded 2 times (x 69B)
Class org.gradle.internal.classloader.VisitableURLClassLoader                         : loaded 2 times (x 115B)
Class org.gradle.internal.Cast                                                        : loaded 2 times (x 69B)
Class org.gradle.api.internal.ClassPathRegistry                                       : loaded 2 times (x 68B)
Class org.gradle.internal.classloader.VisitableURLClassLoader$InstrumentingVisitableURLClassLoader: loaded 2 times (x 121B)
Class org.gradle.internal.classloader.ClassLoaderHierarchy                            : loaded 2 times (x 68B)
Class org.gradle.internal.InternalTransformer                                         : loaded 2 times (x 68B)
Class org.gradle.internal.service.ServiceLocator                                      : loaded 2 times (x 68B)
Class Settings_gradle$1                                                               : loaded 2 times (x 72B)
Class org.gradle.internal.classpath.DefaultClassPath$ImmutableUniqueList              : loaded 2 times (x 159B)
Class org.gradle.internal.classpath.TransformedClassPath                              : loaded 2 times (x 94B)
Class Settings_gradle                                                                 : loaded 2 times (x 126B)


---------------  S Y S T E M  ---------------

OS:
 Windows 10 , 64 bit Build 19041 (10.0.19041.3636)
OS uptime: 0 days 2:05 hours

CPU: total 4 (initial active 4) (2 cores per cpu, 2 threads per core) family 6 model 61 stepping 4 microcode 0x2d, cx8, cmov, fxsr, ht, mmx, 3dnowpref, sse, sse2, sse3, ssse3, sse4.1, sse4.2, popcnt, lzcnt, tsc, tscinvbit, avx, avx2, aes, erms, clmul, bmi1, bmi2, adx, fma, vzeroupper, clflush
Processor Information for all 4 processors :
  Max Mhz: 2401, Current Mhz: 2401, Mhz Limit: 2401

Memory: 4k page, system-wide physical 8112M (552M free)
TotalPageFile size 8112M (AvailPageFile size 6M)
current process WorkingSet (physical memory assigned to process): 236M, peak: 236M
current process commit charge ("private bytes"): 271M, peak: 274M

vm_info: OpenJDK 64-Bit Server VM (17.0.10+0--11572160) for windows-amd64 JRE (17.0.10+0--11572160), built on Mar 13 2024 23:56:38 by "androidbuild" with MS VC++ 16.10 / 16.11 (VS2019)

END.
