#
# There is insufficient memory for the Java Runtime Environment to continue.
# Native memory allocation (mmap) failed to map 17825792 bytes for G1 virtual space
# Possible reasons:
#   The system is out of physical RAM or swap space
#   The process is running with CompressedOops enabled, and the Java Heap may be blocking the growth of the native heap
# Possible solutions:
#   Reduce memory load on the system
#   Increase physical memory or swap space
#   Check if swap backing store is full
#   Decrease Java heap size (-Xmx/-Xms)
#   Decrease number of Java threads
#   Decrease Java thread stack sizes (-Xss)
#   Set larger code cache with -XX:ReservedCodeCacheSize=
#   JVM is running with Unscaled Compressed Oops mode in which the Java heap is
#     placed in the first 4GB address space. The Java Heap base address is the
#     maximum limit for the native heap growth. Please use -XX:HeapBaseMinAddress
#     to set the Java Heap base and to place the Java Heap above 4GB virtual address.
# This output file may be truncated or incomplete.
#
#  Out of Memory Error (os_windows.cpp:3825), pid=2664, tid=9036
#
# JRE version: OpenJDK Runtime Environment (17.0.10) (build 17.0.10+0--11572160)
# Java VM: OpenJDK 64-Bit Server VM (17.0.10+0--11572160, mixed mode, tiered, compressed oops, compressed class ptrs, g1 gc, windows-amd64)
# No core dump will be written. Minidumps are not enabled by default on client versions of Windows
#

---------------  S U M M A R Y ------------

Command Line: --add-opens=java.base/java.util=ALL-UNNAMED --add-opens=java.base/java.lang=ALL-UNNAMED --add-opens=java.base/java.lang.invoke=ALL-UNNAMED --add-opens=java.prefs/java.util.prefs=ALL-UNNAMED --add-opens=java.base/java.nio.charset=ALL-UNNAMED --add-opens=java.base/java.net=ALL-UNNAMED --add-opens=java.base/java.util.concurrent.atomic=ALL-UNNAMED -Xmx2048m -Dfile.encoding=UTF-8 -Duser.country=US -Duser.language=en -Duser.variant -javaagent:C:\Users\Shaxzodbek\.gradle\wrapper\dists\gradle-8.6-bin\afr5mpiioh2wthjmwnkmdsd5w\gradle-8.6\lib\agents\gradle-instrumentation-agent-8.6.jar org.gradle.launcher.daemon.bootstrap.GradleDaemon 8.6

Host: Intel(R) Core(TM) i7-5500U CPU @ 2.40GHz, 4 cores, 7G,  Windows 10 , 64 bit Build 19041 (10.0.19041.3636)
Time: Mon May  6 16:34:07 2024 West Asia Standard Time elapsed time: 8.589108 seconds (0d 0h 0m 8s)

---------------  T H R E A D  ---------------

Current thread (0x0000013dd94bf630):  VMThread "VM Thread" [stack: 0x000000127e000000,0x000000127e100000] [id=9036]

Stack: [0x000000127e000000,0x000000127e100000]
Native frames: (J=compiled Java code, j=interpreted, Vv=VM code, C=native code)
V  [jvm.dll+0x688e89]
V  [jvm.dll+0x84247a]
V  [jvm.dll+0x8440be]
V  [jvm.dll+0x844723]
V  [jvm.dll+0x24be0f]
V  [jvm.dll+0x685c59]
V  [jvm.dll+0x67a50a]
V  [jvm.dll+0x30cbab]
V  [jvm.dll+0x314056]
V  [jvm.dll+0x363dce]
V  [jvm.dll+0x363fff]
V  [jvm.dll+0x2e2978]
V  [jvm.dll+0x2e0b54]
V  [jvm.dll+0x2e015c]
V  [jvm.dll+0x32502b]
V  [jvm.dll+0x848e1b]
V  [jvm.dll+0x849b61]
V  [jvm.dll+0x84a07d]
V  [jvm.dll+0x84a454]
V  [jvm.dll+0x84a520]
V  [jvm.dll+0x7f0d1a]
V  [jvm.dll+0x687d05]
C  [ucrtbase.dll+0x21bb2]
C  [KERNEL32.DLL+0x17344]
C  [ntdll.dll+0x526b1]

VM_Operation (0x000000127f7f9050): G1CollectForAllocation, mode: safepoint, requested by thread 0x0000013ddfc4a5e0


---------------  P R O C E S S  ---------------

Threads class SMR info:
_java_thread_list=0x0000013de23ce0d0, length=41, elements={
0x0000013dbdf6ccb0, 0x0000013dd9627630, 0x0000013dd96291b0, 0x0000013dd964c670,
0x0000013dd964cf40, 0x0000013dd964d810, 0x0000013dd964e6f0, 0x0000013dd9652ab0,
0x0000013dd9653ea0, 0x0000013dd9672d50, 0x0000013dd97af4c0, 0x0000013dd988f680,
0x0000013dde0656e0, 0x0000013ddf14e600, 0x0000013ddf868450, 0x0000013de0290240,
0x0000013de08c4180, 0x0000013ddfc49d00, 0x0000013de0ab1440, 0x0000013ddfc4a5e0,
0x0000013de0359840, 0x0000013de03574d0, 0x0000013de0358e20, 0x0000013de035ac80,
0x0000013de0358910, 0x0000013de03579e0, 0x0000013de0359330, 0x0000013de0357ef0,
0x0000013de0359d50, 0x0000013de035a260, 0x0000013ddfc8c650, 0x0000013ddfc8cb60,
0x0000013ddfc8da90, 0x0000013ddfc90820, 0x0000013ddfc90d30, 0x0000013ddfc8c140,
0x0000013ddfc8d580, 0x0000013ddfc8e4b0, 0x0000013ddfc91c60, 0x0000013ddfc91750,
0x0000013ddfc8bc30
}

Java Threads: ( => current thread )
  0x0000013dbdf6ccb0 JavaThread "main" [_thread_blocked, id=1480, stack(0x000000127da00000,0x000000127db00000)]
  0x0000013dd9627630 JavaThread "Reference Handler" daemon [_thread_blocked, id=616, stack(0x000000127e100000,0x000000127e200000)]
  0x0000013dd96291b0 JavaThread "Finalizer" daemon [_thread_blocked, id=2544, stack(0x000000127e200000,0x000000127e300000)]
  0x0000013dd964c670 JavaThread "Signal Dispatcher" daemon [_thread_blocked, id=5940, stack(0x000000127e300000,0x000000127e400000)]
  0x0000013dd964cf40 JavaThread "Attach Listener" daemon [_thread_blocked, id=8544, stack(0x000000127e400000,0x000000127e500000)]
  0x0000013dd964d810 JavaThread "Service Thread" daemon [_thread_blocked, id=3272, stack(0x000000127e500000,0x000000127e600000)]
  0x0000013dd964e6f0 JavaThread "Monitor Deflation Thread" daemon [_thread_blocked, id=7536, stack(0x000000127e600000,0x000000127e700000)]
  0x0000013dd9652ab0 JavaThread "C2 CompilerThread0" daemon [_thread_blocked, id=6476, stack(0x000000127e700000,0x000000127e800000)]
  0x0000013dd9653ea0 JavaThread "C1 CompilerThread0" daemon [_thread_blocked, id=9252, stack(0x000000127e800000,0x000000127e900000)]
  0x0000013dd9672d50 JavaThread "Sweeper thread" daemon [_thread_blocked, id=3288, stack(0x000000127e900000,0x000000127ea00000)]
  0x0000013dd97af4c0 JavaThread "Common-Cleaner" daemon [_thread_blocked, id=5968, stack(0x000000127ea00000,0x000000127eb00000)]
  0x0000013dd988f680 JavaThread "Notification Thread" daemon [_thread_blocked, id=7372, stack(0x000000127eb00000,0x000000127ec00000)]
  0x0000013dde0656e0 JavaThread "C2 CompilerThread1" daemon [_thread_blocked, id=4900, stack(0x000000127ed00000,0x000000127ee00000)]
  0x0000013ddf14e600 JavaThread "Daemon health stats" [_thread_blocked, id=4020, stack(0x000000127f100000,0x000000127f200000)]
  0x0000013ddf868450 JavaThread "Incoming local TCP Connector on port 55869" [_thread_in_native, id=6080, stack(0x000000127f200000,0x000000127f300000)]
  0x0000013de0290240 JavaThread "Daemon periodic checks" [_thread_blocked, id=2852, stack(0x000000127f300000,0x000000127f400000)]
  0x0000013de08c4180 JavaThread "Daemon" [_thread_blocked, id=10180, stack(0x000000127f400000,0x000000127f500000)]
  0x0000013ddfc49d00 JavaThread "Handler for socket connection from /127.0.0.1:55869 to /127.0.0.1:55870" [_thread_in_native, id=7720, stack(0x000000127f500000,0x000000127f600000)]
  0x0000013de0ab1440 JavaThread "Cancel handler" [_thread_blocked, id=4500, stack(0x000000127f600000,0x000000127f700000)]
  0x0000013ddfc4a5e0 JavaThread "Daemon worker" [_thread_blocked, id=7864, stack(0x000000127f700000,0x000000127f800000)]
  0x0000013de0359840 JavaThread "Asynchronous log dispatcher for DefaultDaemonConnection: socket connection from /127.0.0.1:55869 to /127.0.0.1:55870" [_thread_blocked, id=5328, stack(0x000000127f800000,0x000000127f900000)]
  0x0000013de03574d0 JavaThread "Stdin handler" [_thread_blocked, id=8216, stack(0x000000127f900000,0x000000127fa00000)]
  0x0000013de0358e20 JavaThread "Daemon client event forwarder" [_thread_blocked, id=7876, stack(0x000000127fa00000,0x000000127fb00000)]
  0x0000013de035ac80 JavaThread "Cache worker for journal cache (C:\Users\Shaxzodbek\.gradle\caches\journal-1)" [_thread_blocked, id=7508, stack(0x000000127fb00000,0x000000127fc00000)]
  0x0000013de0358910 JavaThread "File lock request listener" [_thread_in_native, id=6832, stack(0x000000127fc00000,0x000000127fd00000)]
  0x0000013de03579e0 JavaThread "Cache worker for file hash cache (C:\Users\Shaxzodbek\.gradle\caches\8.6\fileHashes)" [_thread_blocked, id=6516, stack(0x000000127fd00000,0x000000127fe00000)]
  0x0000013de0359330 JavaThread "File watcher server" daemon [_thread_blocked, id=6132, stack(0x000000127fe00000,0x000000127ff00000)]
  0x0000013de0357ef0 JavaThread "File watcher consumer" daemon [_thread_blocked, id=9064, stack(0x000000127ff00000,0x0000001280000000)]
  0x0000013de0359d50 JavaThread "Cache worker for checksums cache (C:\Users\Shaxzodbek\AndroidStudioProjects\CodialApp3\.gradle\8.6\checksums)" [_thread_blocked, id=476, stack(0x0000001200000000,0x0000001200100000)]
  0x0000013de035a260 JavaThread "Cache worker for file hash cache (C:\Users\Shaxzodbek\AndroidStudioProjects\CodialApp3\.gradle\8.6\fileHashes)" [_thread_blocked, id=5876, stack(0x0000001200100000,0x0000001200200000)]
  0x0000013ddfc8c650 JavaThread "Cache worker for cache directory md-supplier (C:\Users\Shaxzodbek\.gradle\caches\8.6\md-supplier)" [_thread_blocked, id=7816, stack(0x0000001200200000,0x0000001200300000)]
  0x0000013ddfc8cb60 JavaThread "Cache worker for cache directory md-rule (C:\Users\Shaxzodbek\.gradle\caches\8.6\md-rule)" [_thread_blocked, id=9040, stack(0x0000001200300000,0x0000001200400000)]
  0x0000013ddfc8da90 JavaThread "Cache worker for file content cache (C:\Users\Shaxzodbek\.gradle\caches\8.6\fileContent)" [_thread_blocked, id=5688, stack(0x0000001200400000,0x0000001200500000)]
  0x0000013ddfc90820 JavaThread "jar transforms" [_thread_blocked, id=6660, stack(0x0000001200600000,0x0000001200700000)]
  0x0000013ddfc90d30 JavaThread "jar transforms Thread 2" [_thread_blocked, id=5404, stack(0x0000001200700000,0x0000001200800000)]
  0x0000013ddfc8c140 JavaThread "jar transforms Thread 3" [_thread_blocked, id=5660, stack(0x0000001200800000,0x0000001200900000)]
  0x0000013ddfc8d580 JavaThread "jar transforms Thread 4" [_thread_blocked, id=8228, stack(0x0000001200900000,0x0000001200a00000)]
  0x0000013ddfc8e4b0 JavaThread "Cache worker for Build Output Cleanup Cache (C:\Users\Shaxzodbek\AndroidStudioProjects\CodialApp3\.gradle\buildOutputCleanup)" [_thread_blocked, id=8704, stack(0x0000001200a00000,0x0000001200b00000)]
  0x0000013ddfc91c60 JavaThread "Unconstrained build operations" [_thread_blocked, id=4484, stack(0x0000001200b00000,0x0000001200c00000)]
  0x0000013ddfc91750 JavaThread "Unconstrained build operations Thread 2" [_thread_blocked, id=5712, stack(0x0000001200c00000,0x0000001200d00000)]
  0x0000013ddfc8bc30 JavaThread "Unconstrained build operations Thread 3" [_thread_blocked, id=5992, stack(0x0000001200d00000,0x0000001200e00000)]

Other Threads:
=>0x0000013dd94bf630 VMThread "VM Thread" [stack: 0x000000127e000000,0x000000127e100000] [id=9036]
  0x0000013dbdf6da70 WatcherThread [stack: 0x000000127ec00000,0x000000127ed00000] [id=7108]
  0x0000013dbdfc6070 GCTaskThread "GC Thread#0" [stack: 0x000000127db00000,0x000000127dc00000] [id=9160]
  0x0000013dde3ee440 GCTaskThread "GC Thread#1" [stack: 0x000000127ee00000,0x000000127ef00000] [id=7856]
  0x0000013dde2c0fb0 GCTaskThread "GC Thread#2" [stack: 0x000000127ef00000,0x000000127f000000] [id=8440]
  0x0000013ddeccf7a0 GCTaskThread "GC Thread#3" [stack: 0x000000127f000000,0x000000127f100000] [id=7412]
  0x0000013dbdfd7de0 ConcurrentGCThread "G1 Main Marker" [stack: 0x000000127dc00000,0x000000127dd00000] [id=3744]
  0x0000013dbdfd8db0 ConcurrentGCThread "G1 Conc#0" [stack: 0x000000127dd00000,0x000000127de00000] [id=7148]
  0x0000013dbe01d510 ConcurrentGCThread "G1 Refine#0" [stack: 0x000000127de00000,0x000000127df00000] [id=8176]
  0x0000013de10c3910 ConcurrentGCThread "G1 Refine#1" [stack: 0x0000001200500000,0x0000001200600000] [id=1376]
  0x0000013dd93144d0 ConcurrentGCThread "G1 Service" [stack: 0x000000127df00000,0x000000127e000000] [id=924]

Threads with active compile tasks:
C1 CompilerThread0     8603 6567       3       org.gradle.internal.model.CalculatedValueContainer::<init> (18 bytes)

VM state: at safepoint (normal execution)

VM Mutex/Monitor currently owned by a thread:  ([mutex/lock_event])
[0x0000013dbdf68db0] Threads_lock - owner thread: 0x0000013dd94bf630
[0x0000013dbdf69230] Heap_lock - owner thread: 0x0000013ddfc4a5e0

Heap address: 0x0000000080000000, size: 2048 MB, Compressed Oops mode: 32-bit

CDS archive(s) not mapped
Compressed class space mapped at: 0x0000000100000000-0x0000000140000000, reserved size: 1073741824
Narrow klass base: 0x0000000000000000, Narrow klass shift: 3, Narrow klass range: 0x140000000

GC Precious Log:
 CPUs: 4 total, 4 available
 Memory: 8112M
 Large Page Support: Disabled
 NUMA Support: Disabled
 Compressed Oops: Enabled (32-bit)
 Heap Region Size: 1M
 Heap Min Capacity: 8M
 Heap Initial Capacity: 128M
 Heap Max Capacity: 2G
 Pre-touch: Disabled
 Parallel Workers: 4
 Concurrent Workers: 1
 Concurrent Refinement Workers: 4
 Periodic GC: Disabled

Heap:
 garbage-first heap   total 82944K, used 41401K [0x0000000080000000, 0x0000000100000000)
  region size 1024K, 4 young (4096K), 4 survivors (4096K)
 Metaspace       used 56595K, committed 57088K, reserved 1114112K
  class space    used 7736K, committed 8000K, reserved 1048576K

Heap Regions: E=young(eden), S=young(survivor), O=old, HS=humongous(starts), HC=humongous(continues), CS=collection set, F=free, OA=open archive, CA=closed archive, TAMS=top-at-mark-start (previous, next)
|   0|0x0000000080000000, 0x0000000080100000, 0x0000000080100000|100%| O|  |TAMS 0x0000000080100000, 0x0000000080000000| Untracked 
|   1|0x0000000080100000, 0x0000000080200000, 0x0000000080200000|100%| O|  |TAMS 0x0000000080200000, 0x0000000080100000| Untracked 
|   2|0x0000000080200000, 0x0000000080300000, 0x0000000080300000|100%|HS|  |TAMS 0x0000000080300000, 0x0000000080200000| Complete 
|   3|0x0000000080300000, 0x0000000080400000, 0x0000000080400000|100%|HC|  |TAMS 0x0000000080400000, 0x0000000080300000| Complete 
|   4|0x0000000080400000, 0x0000000080500000, 0x0000000080500000|100%|HC|  |TAMS 0x0000000080500000, 0x0000000080400000| Complete 
|   5|0x0000000080500000, 0x0000000080600000, 0x0000000080600000|100%|HC|  |TAMS 0x0000000080600000, 0x0000000080500000| Complete 
|   6|0x0000000080600000, 0x0000000080700000, 0x0000000080700000|100%| O|  |TAMS 0x0000000080700000, 0x0000000080600000| Untracked 
|   7|0x0000000080700000, 0x0000000080800000, 0x0000000080800000|100%| O|  |TAMS 0x0000000080800000, 0x0000000080700000| Untracked 
|   8|0x0000000080800000, 0x0000000080900000, 0x0000000080900000|100%| O|  |TAMS 0x0000000080900000, 0x0000000080800000| Untracked 
|   9|0x0000000080900000, 0x0000000080a00000, 0x0000000080a00000|100%| O|  |TAMS 0x0000000080a00000, 0x0000000080900000| Untracked 
|  10|0x0000000080a00000, 0x0000000080ac1800, 0x0000000080b00000| 75%| O|  |TAMS 0x0000000080ac1800, 0x0000000080a00000| Untracked 
|  11|0x0000000080b00000, 0x0000000080c00000, 0x0000000080c00000|100%| O|  |TAMS 0x0000000080c00000, 0x0000000080b00000| Untracked 
|  12|0x0000000080c00000, 0x0000000080d00000, 0x0000000080d00000|100%| O|  |TAMS 0x0000000080d00000, 0x0000000080c00000| Untracked 
|  13|0x0000000080d00000, 0x0000000080e00000, 0x0000000080e00000|100%| O|  |TAMS 0x0000000080e00000, 0x0000000080d00000| Untracked 
|  14|0x0000000080e00000, 0x0000000080f00000, 0x0000000080f00000|100%| O|  |TAMS 0x0000000080f00000, 0x0000000080e00000| Untracked 
|  15|0x0000000080f00000, 0x0000000081000000, 0x0000000081000000|100%| O|  |TAMS 0x0000000081000000, 0x0000000080f00000| Untracked 
|  16|0x0000000081000000, 0x0000000081100000, 0x0000000081100000|100%| O|  |TAMS 0x0000000081100000, 0x0000000081000000| Untracked 
|  17|0x0000000081100000, 0x0000000081200000, 0x0000000081200000|100%| O|  |TAMS 0x0000000081200000, 0x0000000081100000| Untracked 
|  18|0x0000000081200000, 0x0000000081300000, 0x0000000081300000|100%| O|  |TAMS 0x0000000081300000, 0x0000000081200000| Untracked 
|  19|0x0000000081300000, 0x0000000081400000, 0x0000000081400000|100%| O|  |TAMS 0x0000000081400000, 0x0000000081300000| Untracked 
|  20|0x0000000081400000, 0x0000000081500000, 0x0000000081500000|100%| O|  |TAMS 0x000000008143ec00, 0x0000000081400000| Untracked 
|  21|0x0000000081500000, 0x0000000081600000, 0x0000000081600000|100%| O|  |TAMS 0x0000000081500000, 0x0000000081500000| Untracked 
|  22|0x0000000081600000, 0x0000000081700000, 0x0000000081700000|100%| O|  |TAMS 0x0000000081600000, 0x0000000081600000| Untracked 
|  23|0x0000000081700000, 0x0000000081800000, 0x0000000081800000|100%| O|  |TAMS 0x0000000081700000, 0x0000000081700000| Untracked 
|  24|0x0000000081800000, 0x0000000081900000, 0x0000000081900000|100%| O|  |TAMS 0x0000000081800000, 0x0000000081800000| Untracked 
|  25|0x0000000081900000, 0x0000000081a00000, 0x0000000081a00000|100%| O|  |TAMS 0x0000000081900000, 0x0000000081900000| Untracked 
|  26|0x0000000081a00000, 0x0000000081b00000, 0x0000000081b00000|100%| O|  |TAMS 0x0000000081a00000, 0x0000000081a00000| Untracked 
|  27|0x0000000081b00000, 0x0000000081c00000, 0x0000000081c00000|100%| O|  |TAMS 0x0000000081b00000, 0x0000000081b00000| Untracked 
|  28|0x0000000081c00000, 0x0000000081d00000, 0x0000000081d00000|100%| O|  |TAMS 0x0000000081c00000, 0x0000000081c00000| Untracked 
|  29|0x0000000081d00000, 0x0000000081e00000, 0x0000000081e00000|100%| O|  |TAMS 0x0000000081d00000, 0x0000000081d00000| Untracked 
|  30|0x0000000081e00000, 0x0000000081f00000, 0x0000000081f00000|100%| O|  |TAMS 0x0000000081e00000, 0x0000000081e00000| Untracked 
|  31|0x0000000081f00000, 0x0000000082000000, 0x0000000082000000|100%| O|  |TAMS 0x0000000081f00000, 0x0000000081f00000| Untracked 
|  32|0x0000000082000000, 0x0000000082100000, 0x0000000082100000|100%| O|  |TAMS 0x0000000082000000, 0x0000000082000000| Untracked 
|  33|0x0000000082100000, 0x0000000082200000, 0x0000000082200000|100%| O|  |TAMS 0x0000000082100000, 0x0000000082100000| Untracked 
|  34|0x0000000082200000, 0x0000000082300000, 0x0000000082300000|100%| O|  |TAMS 0x0000000082200000, 0x0000000082200000| Untracked 
|  35|0x0000000082300000, 0x0000000082400000, 0x0000000082400000|100%| O|  |TAMS 0x0000000082300000, 0x0000000082300000| Untracked 
|  36|0x0000000082400000, 0x0000000082500000, 0x0000000082500000|100%| O|  |TAMS 0x0000000082400000, 0x0000000082400000| Untracked 
|  37|0x0000000082500000, 0x0000000082538e00, 0x0000000082600000| 22%| O|  |TAMS 0x0000000082500000, 0x0000000082500000| Untracked 
|  38|0x0000000082600000, 0x0000000082600000, 0x0000000082700000|  0%| F|  |TAMS 0x0000000082600000, 0x0000000082600000| Untracked 
|  39|0x0000000082700000, 0x0000000082700000, 0x0000000082800000|  0%| F|  |TAMS 0x0000000082700000, 0x0000000082700000| Untracked 
|  40|0x0000000082800000, 0x0000000082800000, 0x0000000082900000|  0%| F|  |TAMS 0x0000000082800000, 0x0000000082800000| Untracked 
|  41|0x0000000082900000, 0x0000000082900000, 0x0000000082a00000|  0%| F|  |TAMS 0x0000000082900000, 0x0000000082900000| Untracked 
|  42|0x0000000082a00000, 0x0000000082a00000, 0x0000000082b00000|  0%| F|  |TAMS 0x0000000082a00000, 0x0000000082a00000| Untracked 
|  43|0x0000000082b00000, 0x0000000082b00000, 0x0000000082c00000|  0%| F|  |TAMS 0x0000000082b00000, 0x0000000082b00000| Untracked 
|  44|0x0000000082c00000, 0x0000000082c00000, 0x0000000082d00000|  0%| F|  |TAMS 0x0000000082c00000, 0x0000000082c00000| Untracked 
|  45|0x0000000082d00000, 0x0000000082d00000, 0x0000000082e00000|  0%| F|  |TAMS 0x0000000082d00000, 0x0000000082d00000| Untracked 
|  46|0x0000000082e00000, 0x0000000082e00000, 0x0000000082f00000|  0%| F|  |TAMS 0x0000000082e00000, 0x0000000082e00000| Untracked 
|  47|0x0000000082f00000, 0x0000000082f00000, 0x0000000083000000|  0%| F|  |TAMS 0x0000000082f00000, 0x0000000082f00000| Untracked 
|  48|0x0000000083000000, 0x0000000083000000, 0x0000000083100000|  0%| F|  |TAMS 0x0000000083000000, 0x0000000083000000| Untracked 
|  49|0x0000000083100000, 0x0000000083100000, 0x0000000083200000|  0%| F|  |TAMS 0x0000000083100000, 0x0000000083100000| Untracked 
|  50|0x0000000083200000, 0x0000000083200000, 0x0000000083300000|  0%| F|  |TAMS 0x0000000083200000, 0x0000000083200000| Untracked 
|  51|0x0000000083300000, 0x0000000083374160, 0x0000000083400000| 45%| S|CS|TAMS 0x0000000083300000, 0x0000000083300000| Complete 
|  52|0x0000000083400000, 0x0000000083500000, 0x0000000083500000|100%| S|CS|TAMS 0x0000000083400000, 0x0000000083400000| Complete 
|  53|0x0000000083500000, 0x0000000083600000, 0x0000000083600000|100%| S|CS|TAMS 0x0000000083500000, 0x0000000083500000| Complete 
|  54|0x0000000083600000, 0x0000000083700000, 0x0000000083700000|100%| S|CS|TAMS 0x0000000083600000, 0x0000000083600000| Complete 
|  55|0x0000000083700000, 0x0000000083700000, 0x0000000083800000|  0%| F|  |TAMS 0x0000000083700000, 0x0000000083700000| Untracked 
|  56|0x0000000083800000, 0x0000000083800000, 0x0000000083900000|  0%| F|  |TAMS 0x0000000083800000, 0x0000000083800000| Untracked 
|  57|0x0000000083900000, 0x0000000083900000, 0x0000000083a00000|  0%| F|  |TAMS 0x0000000083900000, 0x0000000083900000| Untracked 
|  58|0x0000000083a00000, 0x0000000083a00000, 0x0000000083b00000|  0%| F|  |TAMS 0x0000000083a00000, 0x0000000083a00000| Untracked 
|  59|0x0000000083b00000, 0x0000000083b00000, 0x0000000083c00000|  0%| F|  |TAMS 0x0000000083b00000, 0x0000000083b00000| Untracked 
|  60|0x0000000083c00000, 0x0000000083c00000, 0x0000000083d00000|  0%| F|  |TAMS 0x0000000083c00000, 0x0000000083c00000| Untracked 
|  61|0x0000000083d00000, 0x0000000083d00000, 0x0000000083e00000|  0%| F|  |TAMS 0x0000000083d00000, 0x0000000083d00000| Untracked 
|  62|0x0000000083e00000, 0x0000000083e00000, 0x0000000083f00000|  0%| F|  |TAMS 0x0000000083e00000, 0x0000000083e00000| Untracked 
|  63|0x0000000083f00000, 0x0000000083f00000, 0x0000000084000000|  0%| F|  |TAMS 0x0000000083f00000, 0x0000000083f00000| Untracked 
|  64|0x0000000084000000, 0x0000000084000000, 0x0000000084100000|  0%| F|  |TAMS 0x0000000084000000, 0x0000000084000000| Untracked 
|  65|0x0000000084100000, 0x0000000084100000, 0x0000000084200000|  0%| F|  |TAMS 0x0000000084100000, 0x0000000084100000| Untracked 
|  66|0x0000000084200000, 0x0000000084200000, 0x0000000084300000|  0%| F|  |TAMS 0x0000000084200000, 0x0000000084200000| Untracked 
|  67|0x0000000084300000, 0x0000000084300000, 0x0000000084400000|  0%| F|  |TAMS 0x0000000084300000, 0x0000000084300000| Untracked 
|  68|0x0000000084400000, 0x0000000084400000, 0x0000000084500000|  0%| F|  |TAMS 0x0000000084400000, 0x0000000084400000| Untracked 
|  69|0x0000000084500000, 0x0000000084500000, 0x0000000084600000|  0%| F|  |TAMS 0x0000000084500000, 0x0000000084500000| Untracked 
|  70|0x0000000084600000, 0x0000000084600000, 0x0000000084700000|  0%| F|  |TAMS 0x0000000084600000, 0x0000000084600000| Untracked 
|  71|0x0000000084700000, 0x0000000084700000, 0x0000000084800000|  0%| F|  |TAMS 0x0000000084700000, 0x0000000084700000| Untracked 
|  72|0x0000000084800000, 0x0000000084800000, 0x0000000084900000|  0%| F|  |TAMS 0x0000000084800000, 0x0000000084800000| Untracked 
|  73|0x0000000084900000, 0x0000000084900000, 0x0000000084a00000|  0%| F|  |TAMS 0x0000000084900000, 0x0000000084900000| Untracked 
|  74|0x0000000084a00000, 0x0000000084a00000, 0x0000000084b00000|  0%| F|  |TAMS 0x0000000084a00000, 0x0000000084a00000| Untracked 
|  75|0x0000000084b00000, 0x0000000084b00000, 0x0000000084c00000|  0%| F|  |TAMS 0x0000000084b00000, 0x0000000084b00000| Untracked 
|  76|0x0000000084c00000, 0x0000000084c00000, 0x0000000084d00000|  0%| F|  |TAMS 0x0000000084c00000, 0x0000000084c00000| Untracked 
|  77|0x0000000084d00000, 0x0000000084d00000, 0x0000000084e00000|  0%| F|  |TAMS 0x0000000084d00000, 0x0000000084d00000| Untracked 
|  78|0x0000000084e00000, 0x0000000084e00000, 0x0000000084f00000|  0%| F|  |TAMS 0x0000000084e00000, 0x0000000084e00000| Untracked 
|  79|0x0000000084f00000, 0x0000000084f00000, 0x0000000085000000|  0%| F|  |TAMS 0x0000000084f00000, 0x0000000084f00000| Untracked 
| 127|0x0000000087f00000, 0x0000000087f00000, 0x0000000088000000|  0%| F|  |TAMS 0x0000000087f00000, 0x0000000087f00000| Untracked 

Card table byte_map: [0x0000013dd2650000,0x0000013dd2a50000] _byte_map_base: 0x0000013dd2250000

Marking Bits (Prev, Next): (CMBitMap*) 0x0000013dbdfc74b0, (CMBitMap*) 0x0000013dbdfc74f0
 Prev Bits: [0x0000013dd2e50000, 0x0000013dd4e50000)
 Next Bits: [0x0000013dd4e50000, 0x0000013dd6e50000)

Polling page: 0x0000013dbe020000

Metaspace:

Usage:
  Non-class:     47.71 MB used.
      Class:      7.56 MB used.
       Both:     55.27 MB used.

Virtual space:
  Non-class space:       64.00 MB reserved,      47.94 MB ( 75%) committed,  1 nodes.
      Class space:        1.00 GB reserved,       7.81 MB ( <1%) committed,  1 nodes.
             Both:        1.06 GB reserved,      55.75 MB (  5%) committed. 

Chunk freelists:
   Non-Class:  15.27 MB
       Class:  8.20 MB
        Both:  23.47 MB

MaxMetaspaceSize: unlimited
CompressedClassSpaceSize: 1.00 GB
Initial GC threshold: 21.00 MB
Current GC threshold: 58.88 MB
CDS: off
MetaspaceReclaimPolicy: balanced
 - commit_granule_bytes: 65536.
 - commit_granule_words: 8192.
 - virtual_space_node_default_size: 8388608.
 - enlarge_chunks_in_place: 1.
 - new_chunks_are_fully_committed: 0.
 - uncommit_free_chunks: 1.
 - use_allocation_guard: 0.
 - handle_deallocations: 1.


Internal statistics:

num_allocs_failed_limit: 6.
num_arena_births: 614.
num_arena_deaths: 0.
num_vsnodes_births: 2.
num_vsnodes_deaths: 0.
num_space_committed: 892.
num_space_uncommitted: 0.
num_chunks_returned_to_freelist: 6.
num_chunks_taken_from_freelist: 2522.
num_chunk_merges: 6.
num_chunk_splits: 1640.
num_chunks_enlarged: 1091.
num_inconsistent_stats: 0.

CodeHeap 'non-profiled nmethods': size=120000Kb used=2508Kb max_used=3217Kb free=117491Kb
 bounds [0x0000013dca6e0000, 0x0000013dcaa10000, 0x0000013dd1c10000]
CodeHeap 'profiled nmethods': size=120000Kb used=10478Kb max_used=10793Kb free=109521Kb
 bounds [0x0000013dc2c10000, 0x0000013dc36a0000, 0x0000013dca140000]
CodeHeap 'non-nmethods': size=5760Kb used=1630Kb max_used=1674Kb free=4129Kb
 bounds [0x0000013dca140000, 0x0000013dca3b0000, 0x0000013dca6e0000]
 total_blobs=6499 nmethods=5800 adapters=610
 compilation: enabled
              stopped_count=0, restarted_count=0
 full_count=0

Compilation events (20 events):
Event: 8.573 Thread 0x0000013dde0656e0 6549       4       java.util.LinkedHashMap$LinkedEntrySet::size (8 bytes)
Event: 8.573 Thread 0x0000013dde0656e0 nmethod 6549 0x0000013dca761b90 code [0x0000013dca761d00, 0x0000013dca761d98]
Event: 8.574 Thread 0x0000013dd9652ab0 nmethod 6548 0x0000013dca761190 code [0x0000013dca761320, 0x0000013dca761918]
Event: 8.576 Thread 0x0000013dd9653ea0 6558       3       org.gradle.internal.component.external.model.DefaultModuleComponentArtifactIdentifier::getComponentIdentifier (5 bytes)
Event: 8.576 Thread 0x0000013dd9653ea0 nmethod 6558 0x0000013dc34d7510 code [0x0000013dc34d76a0, 0x0000013dc34d77d8]
Event: 8.577 Thread 0x0000013dd9653ea0 6559       3       org.gradle.api.internal.artifacts.DefaultResolvedArtifact::<init> (26 bytes)
Event: 8.577 Thread 0x0000013dd9653ea0 nmethod 6559 0x0000013dc2c18410 code [0x0000013dc2c185c0, 0x0000013dc2c18898]
Event: 8.577 Thread 0x0000013dd9653ea0 6560       1       org.gradle.api.internal.artifacts.PreResolvedResolvableArtifact::getFile (5 bytes)
Event: 8.577 Thread 0x0000013dd9653ea0 nmethod 6560 0x0000013dca760e90 code [0x0000013dca761020, 0x0000013dca7610f8]
Event: 8.577 Thread 0x0000013dd9653ea0 6561       3       com.google.common.io.Files::getFileExtension (42 bytes)
Event: 8.578 Thread 0x0000013dd9653ea0 nmethod 6561 0x0000013dc2dd8410 code [0x0000013dc2dd8680, 0x0000013dc2dd8f38]
Event: 8.578 Thread 0x0000013dd9653ea0 6562       3       org.gradle.internal.component.model.DefaultIvyArtifactName::forFile (11 bytes)
Event: 8.578 Thread 0x0000013dd9653ea0 nmethod 6562 0x0000013dc2dd8010 code [0x0000013dc2dd81c0, 0x0000013dc2dd8338]
Event: 8.578 Thread 0x0000013dd9653ea0 6563       3       org.gradle.internal.component.model.DefaultIvyArtifactName::forFileName (22 bytes)
Event: 8.578 Thread 0x0000013dd9653ea0 nmethod 6563 0x0000013dc2dd7890 code [0x0000013dc2dd7a60, 0x0000013dc2dd7ea8]
Event: 8.578 Thread 0x0000013dd9653ea0 6565       3       com.google.common.io.Files::getNameWithoutExtension (40 bytes)
Event: 8.579 Thread 0x0000013dd9653ea0 nmethod 6565 0x0000013dc2dd6c10 code [0x0000013dc2dd6e40, 0x0000013dc2dd7578]
Event: 8.579 Thread 0x0000013dd9653ea0 6566       3       org.gradle.internal.model.CalculatedValueContainerFactory::create (10 bytes)
Event: 8.579 Thread 0x0000013dd9653ea0 nmethod 6566 0x0000013dc2dd6290 code [0x0000013dc2dd6460, 0x0000013dc2dd69d8]
Event: 8.579 Thread 0x0000013dd9653ea0 6567       3       org.gradle.internal.model.CalculatedValueContainer::<init> (18 bytes)

GC Heap History (20 events):
Event: 3.198 GC heap after
{Heap after GC invocations=6 (full 0):
 garbage-first heap   total 68608K, used 20752K [0x0000000080000000, 0x0000000100000000)
  region size 1024K, 2 young (2048K), 2 survivors (2048K)
 Metaspace       used 26247K, committed 26496K, reserved 1114112K
  class space    used 3365K, committed 3456K, reserved 1048576K
}
Event: 3.746 GC heap before
{Heap before GC invocations=6 (full 0):
 garbage-first heap   total 68608K, used 48400K [0x0000000080000000, 0x0000000100000000)
  region size 1024K, 29 young (29696K), 2 survivors (2048K)
 Metaspace       used 30041K, committed 30272K, reserved 1114112K
  class space    used 4004K, committed 4096K, reserved 1048576K
}
Event: 3.752 GC heap after
{Heap after GC invocations=7 (full 0):
 garbage-first heap   total 68608K, used 22203K [0x0000000080000000, 0x0000000100000000)
  region size 1024K, 4 young (4096K), 4 survivors (4096K)
 Metaspace       used 30041K, committed 30272K, reserved 1114112K
  class space    used 4004K, committed 4096K, reserved 1048576K
}
Event: 4.231 GC heap before
{Heap before GC invocations=7 (full 0):
 garbage-first heap   total 68608K, used 49851K [0x0000000080000000, 0x0000000100000000)
  region size 1024K, 31 young (31744K), 4 survivors (4096K)
 Metaspace       used 33398K, committed 33792K, reserved 1114112K
  class space    used 4551K, committed 4736K, reserved 1048576K
}
Event: 4.238 GC heap after
{Heap after GC invocations=8 (full 0):
 garbage-first heap   total 68608K, used 23553K [0x0000000080000000, 0x0000000100000000)
  region size 1024K, 3 young (3072K), 3 survivors (3072K)
 Metaspace       used 33398K, committed 33792K, reserved 1114112K
  class space    used 4551K, committed 4736K, reserved 1048576K
}
Event: 4.487 GC heap before
{Heap before GC invocations=8 (full 0):
 garbage-first heap   total 68608K, used 35841K [0x0000000080000000, 0x0000000100000000)
  region size 1024K, 16 young (16384K), 3 survivors (3072K)
 Metaspace       used 35602K, committed 35968K, reserved 1114112K
  class space    used 4868K, committed 4992K, reserved 1048576K
}
Event: 4.491 GC heap after
{Heap after GC invocations=9 (full 0):
 garbage-first heap   total 68608K, used 23958K [0x0000000080000000, 0x0000000100000000)
  region size 1024K, 2 young (2048K), 2 survivors (2048K)
 Metaspace       used 35602K, committed 35968K, reserved 1114112K
  class space    used 4868K, committed 4992K, reserved 1048576K
}
Event: 5.044 GC heap before
{Heap before GC invocations=10 (full 0):
 garbage-first heap   total 68608K, used 52630K [0x0000000080000000, 0x0000000100000000)
  region size 1024K, 31 young (31744K), 2 survivors (2048K)
 Metaspace       used 40783K, committed 41088K, reserved 1114112K
  class space    used 5412K, committed 5568K, reserved 1048576K
}
Event: 5.051 GC heap after
{Heap after GC invocations=11 (full 0):
 garbage-first heap   total 68608K, used 27870K [0x0000000080000000, 0x0000000100000000)
  region size 1024K, 4 young (4096K), 4 survivors (4096K)
 Metaspace       used 40783K, committed 41088K, reserved 1114112K
  class space    used 5412K, committed 5568K, reserved 1048576K
}
Event: 5.306 GC heap before
{Heap before GC invocations=11 (full 0):
 garbage-first heap   total 68608K, used 52446K [0x0000000080000000, 0x0000000100000000)
  region size 1024K, 28 young (28672K), 4 survivors (4096K)
 Metaspace       used 41884K, committed 42240K, reserved 1114112K
  class space    used 5590K, committed 5760K, reserved 1048576K
}
Event: 5.313 GC heap after
{Heap after GC invocations=12 (full 0):
 garbage-first heap   total 82944K, used 28953K [0x0000000080000000, 0x0000000100000000)
  region size 1024K, 2 young (2048K), 2 survivors (2048K)
 Metaspace       used 41884K, committed 42240K, reserved 1114112K
  class space    used 5590K, committed 5760K, reserved 1048576K
}
Event: 5.981 GC heap before
{Heap before GC invocations=12 (full 0):
 garbage-first heap   total 82944K, used 62745K [0x0000000080000000, 0x0000000100000000)
  region size 1024K, 35 young (35840K), 2 survivors (2048K)
 Metaspace       used 45662K, committed 46144K, reserved 1114112K
  class space    used 6212K, committed 6464K, reserved 1048576K
}
Event: 5.987 GC heap after
{Heap after GC invocations=13 (full 0):
 garbage-first heap   total 82944K, used 30908K [0x0000000080000000, 0x0000000100000000)
  region size 1024K, 4 young (4096K), 4 survivors (4096K)
 Metaspace       used 45662K, committed 46144K, reserved 1114112K
  class space    used 6212K, committed 6464K, reserved 1048576K
}
Event: 6.664 GC heap before
{Heap before GC invocations=13 (full 0):
 garbage-first heap   total 82944K, used 63676K [0x0000000080000000, 0x0000000100000000)
  region size 1024K, 36 young (36864K), 4 survivors (4096K)
 Metaspace       used 50034K, committed 50496K, reserved 1114112K
  class space    used 6888K, committed 7104K, reserved 1048576K
}
Event: 6.671 GC heap after
{Heap after GC invocations=14 (full 0):
 garbage-first heap   total 82944K, used 32845K [0x0000000080000000, 0x0000000100000000)
  region size 1024K, 5 young (5120K), 5 survivors (5120K)
 Metaspace       used 50034K, committed 50496K, reserved 1114112K
  class space    used 6888K, committed 7104K, reserved 1048576K
}
Event: 7.295 GC heap before
{Heap before GC invocations=14 (full 0):
 garbage-first heap   total 82944K, used 64589K [0x0000000080000000, 0x0000000100000000)
  region size 1024K, 35 young (35840K), 5 survivors (5120K)
 Metaspace       used 54102K, committed 54592K, reserved 1114112K
  class space    used 7440K, committed 7680K, reserved 1048576K
}
Event: 7.303 GC heap after
{Heap after GC invocations=15 (full 0):
 garbage-first heap   total 82944K, used 34349K [0x0000000080000000, 0x0000000100000000)
  region size 1024K, 4 young (4096K), 4 survivors (4096K)
 Metaspace       used 54102K, committed 54592K, reserved 1114112K
  class space    used 7440K, committed 7680K, reserved 1048576K
}
Event: 8.153 GC heap before
{Heap before GC invocations=15 (full 0):
 garbage-first heap   total 82944K, used 64045K [0x0000000080000000, 0x0000000100000000)
  region size 1024K, 34 young (34816K), 4 survivors (4096K)
 Metaspace       used 56308K, committed 56832K, reserved 1114112K
  class space    used 7733K, committed 8000K, reserved 1048576K
}
Event: 8.165 GC heap after
{Heap after GC invocations=16 (full 0):
 garbage-first heap   total 82944K, used 38662K [0x0000000080000000, 0x0000000100000000)
  region size 1024K, 5 young (5120K), 5 survivors (5120K)
 Metaspace       used 56308K, committed 56832K, reserved 1114112K
  class space    used 7733K, committed 8000K, reserved 1048576K
}
Event: 8.579 GC heap before
{Heap before GC invocations=16 (full 0):
 garbage-first heap   total 82944K, used 64262K [0x0000000080000000, 0x0000000100000000)
  region size 1024K, 31 young (31744K), 5 survivors (5120K)
 Metaspace       used 56595K, committed 57088K, reserved 1114112K
  class space    used 7736K, committed 8000K, reserved 1048576K
}

Dll operation events (3 events):
Event: 0.006 Loaded shared library C:\Program Files\Android\Android Studio1\jbr\bin\java.dll
Event: 0.147 Loaded shared library C:\Program Files\Android\Android Studio1\jbr\bin\zip.dll
Event: 0.497 Loaded shared library C:\Program Files\Android\Android Studio1\jbr\bin\verify.dll

Deoptimization events (20 events):
Event: 8.078 Thread 0x0000013ddfc8bc30 DEOPT PACKING pc=0x0000013dca7329d4 sp=0x0000001200dfde30
Event: 8.078 Thread 0x0000013ddfc8bc30 DEOPT UNPACKING pc=0x0000013dca1969a3 sp=0x0000001200dfdd80 mode 2
Event: 8.123 Thread 0x0000013ddfc91750 DEOPT PACKING pc=0x0000013dc2fc8cd4 sp=0x0000001200cfd430
Event: 8.123 Thread 0x0000013ddfc91750 DEOPT UNPACKING pc=0x0000013dca197143 sp=0x0000001200cfc988 mode 0
Event: 8.207 Thread 0x0000013ddfc4a5e0 DEOPT PACKING pc=0x0000013dc2fc8cd4 sp=0x000000127f7f6a40
Event: 8.207 Thread 0x0000013ddfc4a5e0 DEOPT UNPACKING pc=0x0000013dca197143 sp=0x000000127f7f5f98 mode 0
Event: 8.274 Thread 0x0000013ddfc91c60 DEOPT PACKING pc=0x0000013dc2fc8cd4 sp=0x0000001200bfd0e0
Event: 8.274 Thread 0x0000013ddfc91c60 DEOPT UNPACKING pc=0x0000013dca197143 sp=0x0000001200bfc638 mode 0
Event: 8.306 Thread 0x0000013de03579e0 DEOPT PACKING pc=0x0000013dc3105dd9 sp=0x000000127fdfe9f0
Event: 8.306 Thread 0x0000013de03579e0 DEOPT UNPACKING pc=0x0000013dca197143 sp=0x000000127fdfde90 mode 0
Event: 8.341 Thread 0x0000013de03579e0 DEOPT PACKING pc=0x0000013dc3105dd9 sp=0x000000127fdfe9f0
Event: 8.341 Thread 0x0000013de03579e0 DEOPT UNPACKING pc=0x0000013dca197143 sp=0x000000127fdfde90 mode 0
Event: 8.379 Thread 0x0000013ddfc91750 DEOPT PACKING pc=0x0000013dc3370737 sp=0x0000001200cfd540
Event: 8.379 Thread 0x0000013ddfc91750 DEOPT UNPACKING pc=0x0000013dca197143 sp=0x0000001200cfca58 mode 0
Event: 8.512 Thread 0x0000013de03579e0 DEOPT PACKING pc=0x0000013dc2f60320 sp=0x000000127fdfe6a0
Event: 8.512 Thread 0x0000013de03579e0 DEOPT UNPACKING pc=0x0000013dca197143 sp=0x000000127fdfdb60 mode 0
Event: 8.535 Thread 0x0000013de03579e0 DEOPT PACKING pc=0x0000013dc2f60320 sp=0x000000127fdfe6a0
Event: 8.535 Thread 0x0000013de03579e0 DEOPT UNPACKING pc=0x0000013dca197143 sp=0x000000127fdfdb60 mode 0
Event: 8.570 Thread 0x0000013de03579e0 DEOPT PACKING pc=0x0000013dc2f60320 sp=0x000000127fdfe6a0
Event: 8.571 Thread 0x0000013de03579e0 DEOPT UNPACKING pc=0x0000013dca197143 sp=0x000000127fdfdb60 mode 0

Classes unloaded (0 events):
No events

Classes redefined (0 events):
No events

Internal exceptions (20 events):
Event: 7.100 Thread 0x0000013ddfc4a5e0 Exception <a 'java/lang/NoSuchMethodError'{0x0000000083bbfe00}: 'java.lang.Object java.lang.invoke.DelegatingMethodHandle$Holder.reinvoke_L(java.lang.Object, java.lang.Object, java.lang.Object, java.lang.Object, java.lang.Object, java.lang.Object, java.lang.Object, java.lang.Object, java.lang.Object, java.lang.Object, java.lang.Object, java.lang.Object, java.lang.Object, java.lang.Object, java.lang.Object, java.lang.Object, java.lang.Object, java.lang.Object, java.lang.Object, java.lang.Object, java.lang.O
Event: 7.101 Thread 0x0000013ddfc4a5e0 Exception <a 'java/lang/NoSuchMethodError'{0x0000000083bcb518}: 'java.lang.Object java.lang.invoke.Invokers$Holder.invoker(java.lang.Object, java.lang.Object, java.lang.Object, java.lang.Object, java.lang.Object, java.lang.Object, java.lang.Object, java.lang.Object, java.lang.Object, java.lang.Object, java.lang.Object, java.lang.Object, java.lang.Object, java.lang.Object, java.lang.Object, java.lang.Object, java.lang.Object, java.lang.Object, java.lang.Object, java.lang.Object, java.lang.Object, java.lang.
Event: 7.101 Thread 0x0000013ddfc4a5e0 Exception <a 'java/lang/NoSuchMethodError'{0x0000000083bd1ef8}: 'java.lang.Object java.lang.invoke.DelegatingMethodHandle$Holder.delegate(java.lang.Object, java.lang.Object, java.lang.Object, java.lang.Object, java.lang.Object, java.lang.Object, java.lang.Object, java.lang.Object, java.lang.Object, java.lang.Object, java.lang.Object, java.lang.Object, java.lang.Object, java.lang.Object, java.lang.Object, java.lang.Object, java.lang.Object, java.lang.Object, java.lang.Object, java.lang.Object, java.lang.Obj
Event: 7.113 Thread 0x0000013ddfc4a5e0 Exception <a 'java/lang/NoSuchMethodError'{0x0000000083aa64d8}: 'java.lang.Object java.lang.invoke.DirectMethodHandle$Holder.invokeStatic(java.lang.Object, java.lang.Object, java.lang.Object, java.lang.Object, java.lang.Object, java.lang.Object, java.lang.Object, java.lang.Object, java.lang.Object, java.lang.Object, java.lang.Object, java.lang.Object, java.lang.Object, java.lang.Object, java.lang.Object, java.lang.Object, java.lang.Object, java.lang.Object, java.lang.Object, java.lang.Object, java.lang.Obj
Event: 7.243 Thread 0x0000013ddfc4a5e0 Exception <a 'java/lang/NoSuchMethodError'{0x000000008342bc20}: static Lorg/gradle/api/internal/catalog/DefaultVersionCatalog;.<clinit>()V> (0x000000008342bc20) 
thrown [s\src\hotspot\share\prims\jni.cpp, line 1108]
Event: 7.249 Thread 0x0000013ddfc4a5e0 Exception <a 'java/lang/NoSuchMethodError'{0x000000008347a240}: static [Ljava/lang/Object;.<clinit>()V> (0x000000008347a240) 
thrown [s\src\hotspot\share\prims\jni.cpp, line 1108]
Event: 7.252 Thread 0x0000013ddfc4a5e0 Exception <a 'java/lang/NoSuchMethodError'{0x000000008349f698}: static Lorg/gradle/api/internal/catalog/DependencyModel;.<clinit>()V> (0x000000008349f698) 
thrown [s\src\hotspot\share\prims\jni.cpp, line 1108]
Event: 7.252 Thread 0x0000013ddfc4a5e0 Exception <a 'java/lang/NoSuchMethodError'{0x00000000834a2e20}: static Lorg/gradle/api/internal/catalog/AbstractContextAwareModel;.<clinit>()V> (0x00000000834a2e20) 
thrown [s\src\hotspot\share\prims\jni.cpp, line 1108]
Event: 7.254 Thread 0x0000013ddfc4a5e0 Exception <a 'java/lang/NoSuchMethodError'{0x00000000834ba860}: static Lorg/gradle/api/internal/artifacts/dependencies/AbstractVersionConstraint;.<clinit>()V> (0x00000000834ba860) 
thrown [s\src\hotspot\share\prims\jni.cpp, line 1108]
Event: 7.263 Thread 0x0000013ddfc4a5e0 Exception <a 'java/lang/NoSuchMethodError'{0x00000000833163c8}: static Lorg/gradle/api/internal/catalog/PluginModel;.<clinit>()V> (0x00000000833163c8) 
thrown [s\src\hotspot\share\prims\jni.cpp, line 1108]
Event: 7.265 Thread 0x0000013ddfc4a5e0 Exception <a 'java/lang/NoSuchMethodError'{0x000000008332b238}: static Lorg/gradle/api/internal/catalog/VersionModel;.<clinit>()V> (0x000000008332b238) 
thrown [s\src\hotspot\share\prims\jni.cpp, line 1108]
Event: 7.269 Thread 0x0000013ddfc4a5e0 Exception <a 'java/lang/NoSuchMethodError'{0x000000008334fad8}: 'void java.lang.invoke.DirectMethodHandle$Holder.invokeSpecial(java.lang.Object, java.lang.Object, java.lang.Object, int)'> (0x000000008334fad8) 
thrown [s\src\hotspot\share\interpreter\linkResolver.cpp, line 771]
Event: 7.380 Thread 0x0000013ddfc4a5e0 Exception <a 'java/lang/NoSuchMethodError'{0x0000000084d1f868}: 'int java.lang.invoke.DirectMethodHandle$Holder.invokeSpecialIFC(java.lang.Object, java.lang.Object, java.lang.Object)'> (0x0000000084d1f868) 
thrown [s\src\hotspot\share\interpreter\linkResolver.cpp, line 771]
Event: 7.461 Thread 0x0000013ddfc4a5e0 Exception <a 'java/lang/NoSuchMethodError'{0x0000000084ace8c0}: 'java.lang.Object java.lang.invoke.DirectMethodHandle$Holder.newInvokeSpecial(java.lang.Object, java.lang.Object, java.lang.Object, java.lang.Object, java.lang.Object, int)'> (0x0000000084ace8c0) 
thrown [s\src\hotspot\share\interpreter\linkResolver.cpp, line 771]
Event: 7.461 Thread 0x0000013ddfc4a5e0 Exception <a 'java/lang/NoSuchMethodError'{0x0000000084ad3d18}: 'java.lang.Object java.lang.invoke.DirectMethodHandle$Holder.invokeSpecial(java.lang.Object, java.lang.Object, java.lang.Object, java.lang.Object, java.lang.Object, java.lang.Object, int)'> (0x0000000084ad3d18) 
thrown [s\src\hotspot\share\interpreter\linkResolver.cpp, line 771]
Event: 7.462 Thread 0x0000013ddfc4a5e0 Exception <a 'java/lang/NoSuchMethodError'{0x0000000084ad8af8}: 'java.lang.Object java.lang.invoke.Invokers$Holder.linkToTargetMethod(java.lang.Object, java.lang.Object, java.lang.Object, java.lang.Object, int, java.lang.Object)'> (0x0000000084ad8af8) 
thrown [s\src\hotspot\share\interpreter\linkResolver.cpp, line 771]
Event: 7.467 Thread 0x0000013ddfc4a5e0 Exception <a 'java/lang/NoSuchMethodError'{0x000000008490b588}: 'java.lang.Object java.lang.invoke.DirectMethodHandle$Holder.invokeSpecial(java.lang.Object, java.lang.Object, java.lang.Object, java.lang.Object, java.lang.Object, long)'> (0x000000008490b588) 
thrown [s\src\hotspot\share\interpreter\linkResolver.cpp, line 771]
Event: 7.469 Thread 0x0000013ddfc4a5e0 Exception <a 'java/lang/NoSuchMethodError'{0x000000008492db40}: 'void java.lang.invoke.DirectMethodHandle$Holder.invokeStatic(java.lang.Object, java.lang.Object, java.lang.Object, int, java.lang.Object)'> (0x000000008492db40) 
thrown [s\src\hotspot\share\interpreter\linkResolver.cpp, line 771]
Event: 7.963 Thread 0x0000013ddfc4a5e0 Exception <a 'java/lang/NoSuchMethodError'{0x0000000083a324e0}: 'java.lang.Object java.lang.invoke.DirectMethodHandle$Holder.newInvokeSpecial(java.lang.Object, java.lang.Object, java.lang.Object, java.lang.Object, int, java.lang.Object)'> (0x0000000083a324e0) 
thrown [s\src\hotspot\share\interpreter\linkResolver.cpp, line 771]
Event: 7.963 Thread 0x0000013ddfc4a5e0 Exception <a 'java/lang/NoSuchMethodError'{0x0000000083a37838}: 'java.lang.Object java.lang.invoke.Invokers$Holder.linkToTargetMethod(java.lang.Object, java.lang.Object, java.lang.Object, int, java.lang.Object, java.lang.Object)'> (0x0000000083a37838) 
thrown [s\src\hotspot\share\interpreter\linkResolver.cpp, line 771]

VM Operations (20 events):
Event: 7.704 Executing VM operation: ICBufferFull done
Event: 7.846 Executing VM operation: HandshakeAllThreads
Event: 7.846 Executing VM operation: HandshakeAllThreads done
Event: 7.951 Executing VM operation: ICBufferFull
Event: 7.951 Executing VM operation: ICBufferFull done
Event: 7.979 Executing VM operation: HandshakeAllThreads
Event: 7.985 Executing VM operation: HandshakeAllThreads done
Event: 8.008 Executing VM operation: HandshakeAllThreads
Event: 8.008 Executing VM operation: HandshakeAllThreads done
Event: 8.084 Executing VM operation: ICBufferFull
Event: 8.085 Executing VM operation: ICBufferFull done
Event: 8.153 Executing VM operation: G1CollectForAllocation
Event: 8.166 Executing VM operation: G1CollectForAllocation done
Event: 8.196 Executing VM operation: HandshakeAllThreads
Event: 8.196 Executing VM operation: HandshakeAllThreads done
Event: 8.348 Executing VM operation: ICBufferFull
Event: 8.348 Executing VM operation: ICBufferFull done
Event: 8.576 Executing VM operation: HandshakeAllThreads
Event: 8.576 Executing VM operation: HandshakeAllThreads done
Event: 8.579 Executing VM operation: G1CollectForAllocation

Events (20 events):
Event: 8.205 Thread 0x0000013dd9672d50 flushing nmethod 0x0000013dc34e1d10
Event: 8.205 Thread 0x0000013dd9672d50 flushing nmethod 0x0000013dc3515a10
Event: 8.205 Thread 0x0000013dd9672d50 flushing nmethod 0x0000013dc352b310
Event: 8.205 Thread 0x0000013dd9672d50 flushing nmethod 0x0000013dc352ca10
Event: 8.205 Thread 0x0000013dd9672d50 flushing nmethod 0x0000013dc352fb10
Event: 8.205 Thread 0x0000013dd9672d50 flushing nmethod 0x0000013dc353b190
Event: 8.205 Thread 0x0000013dd9672d50 flushing nmethod 0x0000013dc3542e10
Event: 8.205 Thread 0x0000013dd9672d50 flushing nmethod 0x0000013dc3543810
Event: 8.205 Thread 0x0000013dd9672d50 flushing nmethod 0x0000013dc3544890
Event: 8.205 Thread 0x0000013dd9672d50 flushing nmethod 0x0000013dc3545310
Event: 8.205 Thread 0x0000013dd9672d50 flushing nmethod 0x0000013dc3545e10
Event: 8.205 Thread 0x0000013dd9672d50 flushing nmethod 0x0000013dc3546290
Event: 8.205 Thread 0x0000013dd9672d50 flushing nmethod 0x0000013dc3547010
Event: 8.205 Thread 0x0000013dd9672d50 flushing nmethod 0x0000013dc3548a90
Event: 8.205 Thread 0x0000013dd9672d50 flushing nmethod 0x0000013dc354c210
Event: 8.205 Thread 0x0000013dd9672d50 flushing nmethod 0x0000013dc354ec10
Event: 8.205 Thread 0x0000013dd9672d50 flushing nmethod 0x0000013dc3568890
Event: 8.206 Thread 0x0000013dd9672d50 flushing nmethod 0x0000013dc35a1190
Event: 8.206 Thread 0x0000013dd9672d50 flushing nmethod 0x0000013dc35bac10
Event: 8.206 Thread 0x0000013dd9672d50 flushing nmethod 0x0000013dc35ef710


Dynamic libraries:
0x00007ff7973f0000 - 0x00007ff7973fa000 	C:\Program Files\Android\Android Studio1\jbr\bin\java.exe
0x00007fff483f0000 - 0x00007fff485e8000 	C:\WINDOWS\SYSTEM32\ntdll.dll
0x00007fff46500000 - 0x00007fff465bd000 	C:\WINDOWS\System32\KERNEL32.DLL
0x00007fff45d70000 - 0x00007fff46066000 	C:\WINDOWS\System32\KERNELBASE.dll
0x00007fff42fb0000 - 0x00007fff43040000 	C:\WINDOWS\SYSTEM32\apphelp.dll
0x00007fff462b0000 - 0x00007fff463b0000 	C:\WINDOWS\System32\ucrtbase.dll
0x00007fff2f3a0000 - 0x00007fff2f3b7000 	C:\Program Files\Android\Android Studio1\jbr\bin\jli.dll
0x00007fff3c130000 - 0x00007fff3c14b000 	C:\Program Files\Android\Android Studio1\jbr\bin\VCRUNTIME140.dll
0x00007fff47e40000 - 0x00007fff47fdf000 	C:\WINDOWS\System32\USER32.dll
0x00007fff46070000 - 0x00007fff46092000 	C:\WINDOWS\System32\win32u.dll
0x00007fff33bc0000 - 0x00007fff33e5a000 	C:\WINDOWS\WinSxS\amd64_microsoft.windows.common-controls_6595b64144ccf1df_6.0.19041.3636_none_60b6a03d71f818d5\COMCTL32.dll
0x00007fff47240000 - 0x00007fff4726b000 	C:\WINDOWS\System32\GDI32.dll
0x00007fff466d0000 - 0x00007fff4676e000 	C:\WINDOWS\System32\msvcrt.dll
0x00007fff45af0000 - 0x00007fff45c07000 	C:\WINDOWS\System32\gdi32full.dll
0x00007fff460a0000 - 0x00007fff4613d000 	C:\WINDOWS\System32\msvcp_win.dll
0x00007fff465d0000 - 0x00007fff46602000 	C:\WINDOWS\System32\IMM32.DLL
0x00007fff3fd70000 - 0x00007fff3fd7c000 	C:\Program Files\Android\Android Studio1\jbr\bin\vcruntime140_1.dll
0x00007fff1f930000 - 0x00007fff1f9bd000 	C:\Program Files\Android\Android Studio1\jbr\bin\msvcp140.dll
0x00007fff1e340000 - 0x00007fff1efc3000 	C:\Program Files\Android\Android Studio1\jbr\bin\server\jvm.dll
0x00007fff47740000 - 0x00007fff477f0000 	C:\WINDOWS\System32\ADVAPI32.dll
0x00007fff46610000 - 0x00007fff466b0000 	C:\WINDOWS\System32\sechost.dll
0x00007fff481f0000 - 0x00007fff48313000 	C:\WINDOWS\System32\RPCRT4.dll
0x00007fff461d0000 - 0x00007fff461f7000 	C:\WINDOWS\System32\bcrypt.dll
0x00007fff40b30000 - 0x00007fff40b39000 	C:\WINDOWS\SYSTEM32\WSOCK32.dll
0x00007fff45900000 - 0x00007fff4594b000 	C:\WINDOWS\SYSTEM32\POWRPROF.dll
0x00007fff47160000 - 0x00007fff471cb000 	C:\WINDOWS\System32\WS2_32.dll
0x00007fff3a290000 - 0x00007fff3a2b7000 	C:\WINDOWS\SYSTEM32\WINMM.dll
0x00007fff3d040000 - 0x00007fff3d04a000 	C:\WINDOWS\SYSTEM32\VERSION.dll
0x00007fff458e0000 - 0x00007fff458f2000 	C:\WINDOWS\SYSTEM32\UMPDC.dll
0x00007fff44310000 - 0x00007fff44322000 	C:\WINDOWS\SYSTEM32\kernel.appcore.dll
0x00007fff3dc00000 - 0x00007fff3dc0a000 	C:\Program Files\Android\Android Studio1\jbr\bin\jimage.dll
0x00007fff43810000 - 0x00007fff439f4000 	C:\WINDOWS\SYSTEM32\DBGHELP.DLL
0x00007fff3db10000 - 0x00007fff3db44000 	C:\WINDOWS\SYSTEM32\dbgcore.DLL
0x00007fff46140000 - 0x00007fff461c2000 	C:\WINDOWS\System32\bcryptPrimitives.dll
0x00007fff3ad70000 - 0x00007fff3ad7e000 	C:\Program Files\Android\Android Studio1\jbr\bin\instrument.dll
0x00007fff32d50000 - 0x00007fff32d75000 	C:\Program Files\Android\Android Studio1\jbr\bin\java.dll
0x00007fff31550000 - 0x00007fff31568000 	C:\Program Files\Android\Android Studio1\jbr\bin\zip.dll
0x00007fff46770000 - 0x00007fff46edb000 	C:\WINDOWS\System32\SHELL32.dll
0x00007fff43b10000 - 0x00007fff442ae000 	C:\WINDOWS\SYSTEM32\windows.storage.dll
0x00007fff47ae0000 - 0x00007fff47e33000 	C:\WINDOWS\System32\combase.dll
0x00007fff45400000 - 0x00007fff4542e000 	C:\WINDOWS\SYSTEM32\Wldp.dll
0x00007fff48120000 - 0x00007fff481ed000 	C:\WINDOWS\System32\OLEAUT32.dll
0x00007fff46ee0000 - 0x00007fff46f8d000 	C:\WINDOWS\System32\SHCORE.dll
0x00007fff47870000 - 0x00007fff478c5000 	C:\WINDOWS\System32\shlwapi.dll
0x00007fff459d0000 - 0x00007fff459f3000 	C:\WINDOWS\SYSTEM32\profapi.dll
0x00007fff31530000 - 0x00007fff31549000 	C:\Program Files\Android\Android Studio1\jbr\bin\net.dll
0x00007fff3cee0000 - 0x00007fff3cfea000 	C:\WINDOWS\SYSTEM32\WINHTTP.dll
0x00007fff45160000 - 0x00007fff451ca000 	C:\WINDOWS\system32\mswsock.dll
0x00007fff31510000 - 0x00007fff31526000 	C:\Program Files\Android\Android Studio1\jbr\bin\nio.dll
0x00007fff3d400000 - 0x00007fff3d410000 	C:\Program Files\Android\Android Studio1\jbr\bin\verify.dll
0x00007fff264c0000 - 0x00007fff264e7000 	C:\Users\Shaxzodbek\.gradle\native\c067742578af261105cb4f569cf0c3c89f3d7b1fecec35dd04571415982c5e48\windows-amd64\native-platform.dll
0x00007fff2be70000 - 0x00007fff2bfb4000 	C:\Users\Shaxzodbek\.gradle\native\38dada09dfb8b06ba9b0570ebf7e218e3eb74d4ef43ca46872605cf95ebc2f47\windows-amd64\native-platform-file-events.dll
0x00007fff3bc10000 - 0x00007fff3bc19000 	C:\Program Files\Android\Android Studio1\jbr\bin\management.dll
0x00007fff3b040000 - 0x00007fff3b04b000 	C:\Program Files\Android\Android Studio1\jbr\bin\management_ext.dll
0x00007fff48110000 - 0x00007fff48118000 	C:\WINDOWS\System32\PSAPI.DLL
0x00007fff45360000 - 0x00007fff45378000 	C:\WINDOWS\SYSTEM32\CRYPTSP.dll
0x00007fff44a80000 - 0x00007fff44ab4000 	C:\WINDOWS\system32\rsaenh.dll
0x00007fff45990000 - 0x00007fff459be000 	C:\WINDOWS\SYSTEM32\USERENV.dll
0x00007fff45350000 - 0x00007fff4535c000 	C:\WINDOWS\SYSTEM32\CRYPTBASE.dll
0x00007fff44e40000 - 0x00007fff44e7b000 	C:\WINDOWS\SYSTEM32\IPHLPAPI.DLL
0x00007fff465c0000 - 0x00007fff465c8000 	C:\WINDOWS\System32\NSI.dll
0x00007fff36c30000 - 0x00007fff36c47000 	C:\WINDOWS\SYSTEM32\dhcpcsvc6.DLL
0x00007fff36c50000 - 0x00007fff36c6d000 	C:\WINDOWS\SYSTEM32\dhcpcsvc.DLL
0x00007fff44e80000 - 0x00007fff44f4b000 	C:\WINDOWS\SYSTEM32\DNSAPI.dll
0x00007fff3c5e0000 - 0x00007fff3c5e9000 	C:\Program Files\Android\Android Studio1\jbr\bin\extnet.dll
0x00007fff3cb00000 - 0x00007fff3cb07000 	C:\WINDOWS\system32\wshunix.dll

dbghelp: loaded successfully - version: 4.0.5 - missing functions: none
symbol engine: initialized successfully - sym options: 0x614 - pdb path: .;C:\Program Files\Android\Android Studio1\jbr\bin;C:\WINDOWS\SYSTEM32;C:\WINDOWS\WinSxS\amd64_microsoft.windows.common-controls_6595b64144ccf1df_6.0.19041.3636_none_60b6a03d71f818d5;C:\Program Files\Android\Android Studio1\jbr\bin\server;C:\Users\Shaxzodbek\.gradle\native\c067742578af261105cb4f569cf0c3c89f3d7b1fecec35dd04571415982c5e48\windows-amd64;C:\Users\Shaxzodbek\.gradle\native\38dada09dfb8b06ba9b0570ebf7e218e3eb74d4ef43ca46872605cf95ebc2f47\windows-amd64

VM Arguments:
jvm_args: --add-opens=java.base/java.util=ALL-UNNAMED --add-opens=java.base/java.lang=ALL-UNNAMED --add-opens=java.base/java.lang.invoke=ALL-UNNAMED --add-opens=java.prefs/java.util.prefs=ALL-UNNAMED --add-opens=java.base/java.nio.charset=ALL-UNNAMED --add-opens=java.base/java.net=ALL-UNNAMED --add-opens=java.base/java.util.concurrent.atomic=ALL-UNNAMED -Xmx2048m -Dfile.encoding=UTF-8 -Duser.country=US -Duser.language=en -Duser.variant -javaagent:C:\Users\Shaxzodbek\.gradle\wrapper\dists\gradle-8.6-bin\afr5mpiioh2wthjmwnkmdsd5w\gradle-8.6\lib\agents\gradle-instrumentation-agent-8.6.jar 
java_command: org.gradle.launcher.daemon.bootstrap.GradleDaemon 8.6
java_class_path (initial): C:\Users\Shaxzodbek\.gradle\wrapper\dists\gradle-8.6-bin\afr5mpiioh2wthjmwnkmdsd5w\gradle-8.6\lib\gradle-launcher-8.6.jar
Launcher Type: SUN_STANDARD

[Global flags]
     intx CICompilerCount                          = 3                                         {product} {ergonomic}
     uint ConcGCThreads                            = 1                                         {product} {ergonomic}
     uint G1ConcRefinementThreads                  = 4                                         {product} {ergonomic}
   size_t G1HeapRegionSize                         = 1048576                                   {product} {ergonomic}
    uintx GCDrainStackTargetSize                   = 64                                        {product} {ergonomic}
   size_t InitialHeapSize                          = 134217728                                 {product} {ergonomic}
   size_t MarkStackSize                            = 4194304                                   {product} {ergonomic}
   size_t MaxHeapSize                              = 2147483648                                {product} {command line}
   size_t MaxNewSize                               = 1287651328                                {product} {ergonomic}
   size_t MinHeapDeltaBytes                        = 1048576                                   {product} {ergonomic}
   size_t MinHeapSize                              = 8388608                                   {product} {ergonomic}
    uintx NonNMethodCodeHeapSize                   = 5832780                                {pd product} {ergonomic}
    uintx NonProfiledCodeHeapSize                  = 122912730                              {pd product} {ergonomic}
    uintx ProfiledCodeHeapSize                     = 122912730                              {pd product} {ergonomic}
    uintx ReservedCodeCacheSize                    = 251658240                              {pd product} {ergonomic}
     bool SegmentedCodeCache                       = true                                      {product} {ergonomic}
   size_t SoftMaxHeapSize                          = 2147483648                             {manageable} {ergonomic}
     bool UseCompressedClassPointers               = true                           {product lp64_product} {ergonomic}
     bool UseCompressedOops                        = true                           {product lp64_product} {ergonomic}
     bool UseG1GC                                  = true                                      {product} {ergonomic}
     bool UseLargePagesIndividualAllocation        = false                                  {pd product} {ergonomic}

Logging:
Log output configuration:
 #0: stdout all=warning uptime,level,tags
 #1: stderr all=off uptime,level,tags

Environment Variables:
PATH=C:\WINDOWS\system32;C:\WINDOWS;C:\WINDOWS\System32\Wbem;C:\WINDOWS\System32\WindowsPowerShell\v1.0\;C:\Users\Shaxzodbek\AppData\Local\Microsoft\WindowsApps;
USERNAME=Shaxzodbek
OS=Windows_NT
PROCESSOR_IDENTIFIER=Intel64 Family 6 Model 61 Stepping 4, GenuineIntel
TMP=C:\Users\SHAXZO~1\AppData\Local\Temp
TEMP=C:\Users\SHAXZO~1\AppData\Local\Temp



Periodic native trim disabled

JNI global refs:
JNI global refs: 27, weak refs: 1

JNI global refs memory usage: 843, weak refs: 841

OOME stack traces (most recent first):
Classloader memory used:
Loader org.gradle.internal.classloader.VisitableURLClassLoader                         : 3433K
Loader bootstrap                                                                       : 2438K
Loader org.gradle.initialization.MixInLegacyTypesClassLoader                           : 1079K
Loader jdk.internal.loader.ClassLoaders$PlatformClassLoader                            : 65608B
Loader jdk.internal.loader.ClassLoaders$AppClassLoader                                 : 28729B
Loader jdk.internal.reflect.DelegatingClassLoader                                      : 15409B
Loader org.gradle.internal.classloader.VisitableURLClassLoader                         : 11343B
Loader org.gradle.internal.classloader.VisitableURLClassLoader$InstrumentingVisitableURLClassLoader: 4981B

Classes loaded by more than one classloader:
Class Program                                                                         : loaded 3 times (x 70B)
Class org.gradle.internal.classpath.ClassPath                                         : loaded 2 times (x 68B)
Class org.gradle.api.internal.classpath.DefaultModuleRegistry                         : loaded 2 times (x 84B)
Class Settings_gradle$1$1                                                             : loaded 2 times (x 72B)
Class org.gradle.api.Action                                                           : loaded 2 times (x 68B)
Class org.gradle.api.internal.DefaultClassPathProvider                                : loaded 2 times (x 74B)
Class org.gradle.internal.installation.GradleInstallation$1                           : loaded 2 times (x 73B)
Class org.gradle.internal.classloader.FilteringClassLoader                            : loaded 2 times (x 103B)
Class org.gradle.internal.classpath.DefaultClassPath$ImmutableUniqueList$Builder      : loaded 2 times (x 73B)
Class org.gradle.internal.classloader.ClassLoaderVisitor                              : loaded 2 times (x 74B)
Class org.gradle.internal.service.DefaultServiceLocator                               : loaded 2 times (x 81B)
Class org.gradle.internal.service.UnknownServiceException                             : loaded 2 times (x 81B)
Class org.gradle.internal.classloader.DefaultClassLoaderFactory                       : loaded 2 times (x 80B)
Class org.gradle.internal.classloader.VisitableURLClassLoader$Spec                    : loaded 2 times (x 72B)
Class org.gradle.api.GradleException                                                  : loaded 2 times (x 80B)
Class org.gradle.api.internal.classpath.ModuleRegistry                                : loaded 2 times (x 68B)
Class org.gradle.api.internal.ClassPathProvider                                       : loaded 2 times (x 68B)
Class org.gradle.internal.classloader.ClasspathUtil$1                                 : loaded 2 times (x 74B)
Class org.gradle.internal.classloader.ClassLoaderFactory                              : loaded 2 times (x 68B)
Class org.gradle.api.internal.classpath.ManifestUtil                                  : loaded 2 times (x 69B)
Class org.gradle.api.specs.Spec                                                       : loaded 2 times (x 68B)
Class org.gradle.internal.IoActions                                                   : loaded 2 times (x 69B)
Class org.gradle.api.internal.classpath.EffectiveClassPath                            : loaded 2 times (x 88B)
Class org.gradle.internal.installation.CurrentGradleInstallation                      : loaded 2 times (x 71B)
Class org.gradle.internal.agents.InstrumentingClassLoader                             : loaded 2 times (x 68B)
Class org.gradle.internal.installation.CurrentGradleInstallationLocator               : loaded 2 times (x 69B)
Class org.gradle.api.internal.classpath.Module                                        : loaded 2 times (x 68B)
Class org.gradle.internal.service.CachingServiceLocator                               : loaded 2 times (x 80B)
Class org.gradle.internal.classpath.DefaultClassPath                                  : loaded 2 times (x 88B)
Class org.gradle.internal.classloader.SystemClassLoaderSpec                           : loaded 2 times (x 69B)
Class org.gradle.api.UncheckedIOException                                             : loaded 2 times (x 80B)
Class org.gradle.internal.installation.GradleInstallation                             : loaded 2 times (x 73B)
Class org.gradle.internal.classloader.ClasspathUtil                                   : loaded 2 times (x 69B)
Class org.gradle.api.internal.DefaultClassPathRegistry                                : loaded 2 times (x 74B)
Class org.gradle.api.internal.classpath.DefaultModuleRegistry$DefaultModule           : loaded 2 times (x 84B)
Class org.gradle.api.internal.classpath.UnknownModuleException                        : loaded 2 times (x 80B)
Class org.gradle.internal.service.ServiceLookupException                              : loaded 2 times (x 80B)
Class org.gradle.cache.GlobalCache                                                    : loaded 2 times (x 68B)
Class [Lorg.gradle.api.internal.ClassPathProvider;                                    : loaded 2 times (x 67B)
Class org.gradle.util.internal.GUtil                                                  : loaded 2 times (x 69B)
Class org.gradle.internal.classloader.ClassLoaderSpec                                 : loaded 2 times (x 69B)
Class org.gradle.internal.classloader.VisitableURLClassLoader                         : loaded 2 times (x 115B)
Class org.gradle.internal.Cast                                                        : loaded 2 times (x 69B)
Class org.gradle.api.internal.ClassPathRegistry                                       : loaded 2 times (x 68B)
Class org.gradle.internal.classloader.VisitableURLClassLoader$InstrumentingVisitableURLClassLoader: loaded 2 times (x 121B)
Class org.gradle.internal.classloader.ClassLoaderHierarchy                            : loaded 2 times (x 68B)
Class org.gradle.internal.InternalTransformer                                         : loaded 2 times (x 68B)
Class org.gradle.internal.service.ServiceLocator                                      : loaded 2 times (x 68B)
Class Settings_gradle$1                                                               : loaded 2 times (x 72B)
Class org.gradle.internal.classpath.DefaultClassPath$ImmutableUniqueList              : loaded 2 times (x 159B)
Class org.gradle.internal.classpath.TransformedClassPath                              : loaded 2 times (x 94B)
Class Settings_gradle                                                                 : loaded 2 times (x 126B)


---------------  S Y S T E M  ---------------

OS:
 Windows 10 , 64 bit Build 19041 (10.0.19041.3636)
OS uptime: 0 days 2:04 hours

CPU: total 4 (initial active 4) (2 cores per cpu, 2 threads per core) family 6 model 61 stepping 4 microcode 0x2d, cx8, cmov, fxsr, ht, mmx, 3dnowpref, sse, sse2, sse3, ssse3, sse4.1, sse4.2, popcnt, lzcnt, tsc, tscinvbit, avx, avx2, aes, erms, clmul, bmi1, bmi2, adx, fma, vzeroupper, clflush
Processor Information for all 4 processors :
  Max Mhz: 2401, Current Mhz: 2401, Mhz Limit: 2401

Memory: 4k page, system-wide physical 8112M (538M free)
TotalPageFile size 8112M (AvailPageFile size 17M)
current process WorkingSet (physical memory assigned to process): 255M, peak: 261M
current process commit charge ("private bytes"): 279M, peak: 297M

vm_info: OpenJDK 64-Bit Server VM (17.0.10+0--11572160) for windows-amd64 JRE (17.0.10+0--11572160), built on Mar 13 2024 23:56:38 by "androidbuild" with MS VC++ 16.10 / 16.11 (VS2019)

END.
