#
# There is insufficient memory for the Java Runtime Environment to continue.
# Native memory allocation (malloc) failed to allocate 2335712 bytes for Chunk::new
# Possible reasons:
#   The system is out of physical RAM or swap space
#   The process is running with CompressedOops enabled, and the Java Heap may be blocking the growth of the native heap
# Possible solutions:
#   Reduce memory load on the system
#   Increase physical memory or swap space
#   Check if swap backing store is full
#   Decrease Java heap size (-Xmx/-Xms)
#   Decrease number of Java threads
#   Decrease Java thread stack sizes (-Xss)
#   Set larger code cache with -XX:ReservedCodeCacheSize=
#   JVM is running with Unscaled Compressed Oops mode in which the Java heap is
#     placed in the first 4GB address space. The Java Heap base address is the
#     maximum limit for the native heap growth. Please use -XX:HeapBaseMinAddress
#     to set the Java Heap base and to place the Java Heap above 4GB virtual address.
# This output file may be truncated or incomplete.
#
#  Out of Memory Error (arena.cpp:191), pid=8144, tid=8400
#
# JRE version: OpenJDK Runtime Environment (17.0.10) (build 17.0.10+0--11572160)
# Java VM: OpenJDK 64-Bit Server VM (17.0.10+0--11572160, mixed mode, tiered, compressed oops, compressed class ptrs, g1 gc, windows-amd64)
# No core dump will be written. Minidumps are not enabled by default on client versions of Windows
#

---------------  S U M M A R Y ------------

Command Line: org.jetbrains.kotlin.cli.jvm.K2JVMCompiler @C:\Users\Shaxzodbek\AndroidStudioProjects\CodialApp3\app\build\20240507_8321626065608986503.compiler.options

Host: Intel(R) Core(TM) i7-5500U CPU @ 2.40GHz, 4 cores, 7G,  Windows 10 , 64 bit Build 19041 (10.0.19041.3636)
Time: Tue May  7 17:08:03 2024 West Asia Standard Time elapsed time: 4.252703 seconds (0d 0h 0m 4s)

---------------  T H R E A D  ---------------

Current thread (0x000001ab50a17420):  JavaThread "C2 CompilerThread1" daemon [_thread_in_native, id=8400, stack(0x00000071daa00000,0x00000071dab00000)]


Current CompileTask:
C2:   4252 3473   !   4       org.jetbrains.kotlin.metadata.ProtoBuf$Function::<init> (1410 bytes)

Stack: [0x00000071daa00000,0x00000071dab00000]
Native frames: (J=compiled Java code, j=interpreted, Vv=VM code, C=native code)
V  [jvm.dll+0x688e89]
V  [jvm.dll+0x84247a]
V  [jvm.dll+0x8440be]
V  [jvm.dll+0x844723]
V  [jvm.dll+0x24be0f]
V  [jvm.dll+0xac524]
V  [jvm.dll+0xacb6c]
V  [jvm.dll+0x36bd67]
V  [jvm.dll+0x33615a]
V  [jvm.dll+0x3355fa]
V  [jvm.dll+0x21daa1]
V  [jvm.dll+0x21cec1]
V  [jvm.dll+0x1a60ad]
V  [jvm.dll+0x22cd78]
V  [jvm.dll+0x22aeb0]
V  [jvm.dll+0x7f6917]
V  [jvm.dll+0x7f0d1a]
V  [jvm.dll+0x687d05]
C  [ucrtbase.dll+0x21bb2]
C  [KERNEL32.DLL+0x17344]
C  [ntdll.dll+0x526b1]


---------------  P R O C E S S  ---------------

Threads class SMR info:
_java_thread_list=0x000001ab50e82c90, length=13, elements={
0x000001ab3085bc00, 0x000001ab49da9b10, 0x000001ab49dab3b0, 0x000001ab49dced60,
0x000001ab49dcff40, 0x000001ab4e019fc0, 0x000001ab4e01d040, 0x000001ab4e01fcb0,
0x000001ab4e03e830, 0x000001ab4e054010, 0x000001ab4e1b8ee0, 0x000001ab4e1cf2c0,
0x000001ab50a17420
}

Java Threads: ( => current thread )
  0x000001ab3085bc00 JavaThread "main" [_thread_in_Java, id=2768, stack(0x00000071d9700000,0x00000071d9800000)]
  0x000001ab49da9b10 JavaThread "Reference Handler" daemon [_thread_blocked, id=3756, stack(0x00000071d9e00000,0x00000071d9f00000)]
  0x000001ab49dab3b0 JavaThread "Finalizer" daemon [_thread_blocked, id=8300, stack(0x00000071d9f00000,0x00000071da000000)]
  0x000001ab49dced60 JavaThread "Signal Dispatcher" daemon [_thread_blocked, id=8112, stack(0x00000071da000000,0x00000071da100000)]
  0x000001ab49dcff40 JavaThread "Attach Listener" daemon [_thread_blocked, id=8512, stack(0x00000071da100000,0x00000071da200000)]
  0x000001ab4e019fc0 JavaThread "Service Thread" daemon [_thread_blocked, id=5484, stack(0x00000071da200000,0x00000071da300000)]
  0x000001ab4e01d040 JavaThread "Monitor Deflation Thread" daemon [_thread_blocked, id=6180, stack(0x00000071da300000,0x00000071da400000)]
  0x000001ab4e01fcb0 JavaThread "C2 CompilerThread0" daemon [_thread_in_native, id=6232, stack(0x00000071da400000,0x00000071da500000)]
  0x000001ab4e03e830 JavaThread "C1 CompilerThread0" daemon [_thread_in_native, id=8812, stack(0x00000071da500000,0x00000071da600000)]
  0x000001ab4e054010 JavaThread "Sweeper thread" daemon [_thread_blocked, id=7764, stack(0x00000071da600000,0x00000071da700000)]
  0x000001ab4e1b8ee0 JavaThread "Notification Thread" daemon [_thread_blocked, id=5280, stack(0x00000071da700000,0x00000071da800000)]
  0x000001ab4e1cf2c0 JavaThread "Common-Cleaner" daemon [_thread_blocked, id=4536, stack(0x00000071da900000,0x00000071daa00000)]
=>0x000001ab50a17420 JavaThread "C2 CompilerThread1" daemon [_thread_in_native, id=8400, stack(0x00000071daa00000,0x00000071dab00000)]

Other Threads:
  0x000001ab49da5bc0 VMThread "VM Thread" [stack: 0x00000071d9d00000,0x00000071d9e00000] [id=8332]
  0x000001ab4e1ba1e0 WatcherThread [stack: 0x00000071da800000,0x00000071da900000] [id=872]
  0x000001ab308b77d0 GCTaskThread "GC Thread#0" [stack: 0x00000071d9800000,0x00000071d9900000] [id=5604]
  0x000001ab4e690940 GCTaskThread "GC Thread#1" [stack: 0x00000071dab00000,0x00000071dac00000] [id=2864]
  0x000001ab4e6c2440 GCTaskThread "GC Thread#2" [stack: 0x00000071dac00000,0x00000071dad00000] [id=4844]
  0x000001ab4e6b8830 GCTaskThread "GC Thread#3" [stack: 0x00000071dad00000,0x00000071dae00000] [id=6660]
  0x000001ab308c84e0 ConcurrentGCThread "G1 Main Marker" [stack: 0x00000071d9900000,0x00000071d9a00000] [id=3848]
  0x000001ab308c96a0 ConcurrentGCThread "G1 Conc#0" [stack: 0x00000071d9a00000,0x00000071d9b00000] [id=880]
  0x000001ab3091d780 ConcurrentGCThread "G1 Refine#0" [stack: 0x00000071d9b00000,0x00000071d9c00000] [id=8772]
  0x000001ab3091e1b0 ConcurrentGCThread "G1 Service" [stack: 0x00000071d9c00000,0x00000071d9d00000] [id=8452]

Threads with active compile tasks:
C2 CompilerThread0     4267 3440   !   4       org.jetbrains.kotlin.metadata.ProtoBuf$Type::<init> (875 bytes)
C2 CompilerThread1     4268 3473   !   4       org.jetbrains.kotlin.metadata.ProtoBuf$Function::<init> (1410 bytes)

VM state: not at safepoint (normal execution)

VM Mutex/Monitor currently owned by a thread: None

Heap address: 0x0000000081200000, size: 2030 MB, Compressed Oops mode: 32-bit

CDS archive(s) not mapped
Compressed class space mapped at: 0x0000000100000000-0x0000000140000000, reserved size: 1073741824
Narrow klass base: 0x0000000000000000, Narrow klass shift: 3, Narrow klass range: 0x140000000

GC Precious Log:
 CPUs: 4 total, 4 available
 Memory: 8112M
 Large Page Support: Disabled
 NUMA Support: Disabled
 Compressed Oops: Enabled (32-bit)
 Heap Region Size: 1M
 Heap Min Capacity: 8M
 Heap Initial Capacity: 128M
 Heap Max Capacity: 2030M
 Pre-touch: Disabled
 Parallel Workers: 4
 Concurrent Workers: 1
 Concurrent Refinement Workers: 4
 Periodic GC: Disabled

Heap:
 garbage-first heap   total 73728K, used 33792K [0x0000000081200000, 0x0000000100000000)
  region size 1024K, 7 young (7168K), 1 survivors (1024K)
 Metaspace       used 49995K, committed 50240K, reserved 1114112K
  class space    used 6068K, committed 6208K, reserved 1048576K

Heap Regions: E=young(eden), S=young(survivor), O=old, HS=humongous(starts), HC=humongous(continues), CS=collection set, F=free, OA=open archive, CA=closed archive, TAMS=top-at-mark-start (previous, next)
|   0|0x0000000081200000, 0x0000000081300000, 0x0000000081300000|100%|HS|  |TAMS 0x0000000081300000, 0x0000000081200000| Complete 
|   1|0x0000000081300000, 0x0000000081400000, 0x0000000081400000|100%|HC|  |TAMS 0x0000000081400000, 0x0000000081300000| Complete 
|   2|0x0000000081400000, 0x0000000081500000, 0x0000000081500000|100%|HC|  |TAMS 0x0000000081500000, 0x0000000081400000| Complete 
|   3|0x0000000081500000, 0x0000000081600000, 0x0000000081600000|100%|HC|  |TAMS 0x0000000081600000, 0x0000000081500000| Complete 
|   4|0x0000000081600000, 0x0000000081700000, 0x0000000081700000|100%| O|  |TAMS 0x0000000081700000, 0x0000000081600000| Untracked 
|   5|0x0000000081700000, 0x0000000081800000, 0x0000000081800000|100%| O|  |TAMS 0x0000000081800000, 0x0000000081700000| Untracked 
|   6|0x0000000081800000, 0x0000000081900000, 0x0000000081900000|100%| O|  |TAMS 0x0000000081900000, 0x0000000081800000| Untracked 
|   7|0x0000000081900000, 0x0000000081a00000, 0x0000000081a00000|100%| O|  |TAMS 0x0000000081a00000, 0x0000000081900000| Untracked 
|   8|0x0000000081a00000, 0x0000000081b00000, 0x0000000081b00000|100%| O|  |TAMS 0x0000000081b00000, 0x0000000081a00000| Untracked 
|   9|0x0000000081b00000, 0x0000000081c00000, 0x0000000081c00000|100%| O|  |TAMS 0x0000000081c00000, 0x0000000081b00000| Untracked 
|  10|0x0000000081c00000, 0x0000000081d00000, 0x0000000081d00000|100%| O|  |TAMS 0x0000000081d00000, 0x0000000081c00000| Untracked 
|  11|0x0000000081d00000, 0x0000000081e00000, 0x0000000081e00000|100%| O|  |TAMS 0x0000000081e00000, 0x0000000081d00000| Untracked 
|  12|0x0000000081e00000, 0x0000000081f00000, 0x0000000081f00000|100%| O|  |TAMS 0x0000000081e00000, 0x0000000081e00000| Untracked 
|  13|0x0000000081f00000, 0x0000000082000000, 0x0000000082000000|100%| O|  |TAMS 0x0000000081f00000, 0x0000000081f00000| Untracked 
|  14|0x0000000082000000, 0x0000000082100000, 0x0000000082100000|100%| O|  |TAMS 0x000000008204a400, 0x0000000082000000| Untracked 
|  15|0x0000000082100000, 0x0000000082200000, 0x0000000082200000|100%| O|  |TAMS 0x0000000082100000, 0x0000000082100000| Untracked 
|  16|0x0000000082200000, 0x0000000082300000, 0x0000000082300000|100%| O|  |TAMS 0x0000000082200000, 0x0000000082200000| Untracked 
|  17|0x0000000082300000, 0x0000000082400000, 0x0000000082400000|100%| O|  |TAMS 0x0000000082300000, 0x0000000082300000| Untracked 
|  18|0x0000000082400000, 0x0000000082500000, 0x0000000082500000|100%|HS|  |TAMS 0x0000000082400000, 0x0000000082400000| Complete 
|  19|0x0000000082500000, 0x0000000082600000, 0x0000000082600000|100%|HC|  |TAMS 0x0000000082500000, 0x0000000082500000| Complete 
|  20|0x0000000082600000, 0x0000000082700000, 0x0000000082700000|100%| O|  |TAMS 0x0000000082600000, 0x0000000082600000| Untracked 
|  21|0x0000000082700000, 0x0000000082800000, 0x0000000082800000|100%| O|  |TAMS 0x0000000082700000, 0x0000000082700000| Untracked 
|  22|0x0000000082800000, 0x0000000082900000, 0x0000000082900000|100%| O|  |TAMS 0x0000000082800000, 0x0000000082800000| Untracked 
|  23|0x0000000082900000, 0x0000000082a00000, 0x0000000082a00000|100%| O|  |TAMS 0x0000000082900000, 0x0000000082900000| Untracked 
|  24|0x0000000082a00000, 0x0000000082b00000, 0x0000000082b00000|100%| O|  |TAMS 0x0000000082a00000, 0x0000000082a00000| Untracked 
|  25|0x0000000082b00000, 0x0000000082c00000, 0x0000000082c00000|100%| O|  |TAMS 0x0000000082b00000, 0x0000000082b00000| Untracked 
|  26|0x0000000082c00000, 0x0000000082d00000, 0x0000000082d00000|100%| O|  |TAMS 0x0000000082c00000, 0x0000000082c00000| Untracked 
|  27|0x0000000082d00000, 0x0000000082e00000, 0x0000000082e00000|100%| O|  |TAMS 0x0000000082d00000, 0x0000000082d00000| Untracked 
|  28|0x0000000082e00000, 0x0000000082e00000, 0x0000000082f00000|  0%| F|  |TAMS 0x0000000082e00000, 0x0000000082e00000| Untracked 
|  29|0x0000000082f00000, 0x0000000082f00000, 0x0000000083000000|  0%| F|  |TAMS 0x0000000082f00000, 0x0000000082f00000| Untracked 
|  30|0x0000000083000000, 0x0000000083000000, 0x0000000083100000|  0%| F|  |TAMS 0x0000000083000000, 0x0000000083000000| Untracked 
|  31|0x0000000083100000, 0x0000000083100000, 0x0000000083200000|  0%| F|  |TAMS 0x0000000083100000, 0x0000000083100000| Untracked 
|  32|0x0000000083200000, 0x0000000083200000, 0x0000000083300000|  0%| F|  |TAMS 0x0000000083200000, 0x0000000083200000| Untracked 
|  33|0x0000000083300000, 0x0000000083300000, 0x0000000083400000|  0%| F|  |TAMS 0x0000000083300000, 0x0000000083300000| Untracked 
|  34|0x0000000083400000, 0x0000000083400000, 0x0000000083500000|  0%| F|  |TAMS 0x0000000083400000, 0x0000000083400000| Untracked 
|  35|0x0000000083500000, 0x0000000083500000, 0x0000000083600000|  0%| F|  |TAMS 0x0000000083500000, 0x0000000083500000| Untracked 
|  36|0x0000000083600000, 0x0000000083600000, 0x0000000083700000|  0%| F|  |TAMS 0x0000000083600000, 0x0000000083600000| Untracked 
|  37|0x0000000083700000, 0x0000000083700000, 0x0000000083800000|  0%| F|  |TAMS 0x0000000083700000, 0x0000000083700000| Untracked 
|  38|0x0000000083800000, 0x0000000083800000, 0x0000000083900000|  0%| F|  |TAMS 0x0000000083800000, 0x0000000083800000| Untracked 
|  39|0x0000000083900000, 0x0000000083900000, 0x0000000083a00000|  0%| F|  |TAMS 0x0000000083900000, 0x0000000083900000| Untracked 
|  40|0x0000000083a00000, 0x0000000083a00000, 0x0000000083b00000|  0%| F|  |TAMS 0x0000000083a00000, 0x0000000083a00000| Untracked 
|  41|0x0000000083b00000, 0x0000000083b00000, 0x0000000083c00000|  0%| F|  |TAMS 0x0000000083b00000, 0x0000000083b00000| Untracked 
|  42|0x0000000083c00000, 0x0000000083d00000, 0x0000000083d00000|100%| S|CS|TAMS 0x0000000083c00000, 0x0000000083c00000| Complete 
|  43|0x0000000083d00000, 0x0000000083d00000, 0x0000000083e00000|  0%| F|  |TAMS 0x0000000083d00000, 0x0000000083d00000| Untracked 
|  44|0x0000000083e00000, 0x0000000083e00000, 0x0000000083f00000|  0%| F|  |TAMS 0x0000000083e00000, 0x0000000083e00000| Untracked 
|  45|0x0000000083f00000, 0x0000000083f00000, 0x0000000084000000|  0%| F|  |TAMS 0x0000000083f00000, 0x0000000083f00000| Untracked 
|  46|0x0000000084000000, 0x0000000084000000, 0x0000000084100000|  0%| F|  |TAMS 0x0000000084000000, 0x0000000084000000| Untracked 
|  47|0x0000000084100000, 0x0000000084100000, 0x0000000084200000|  0%| F|  |TAMS 0x0000000084100000, 0x0000000084100000| Untracked 
|  48|0x0000000084200000, 0x0000000084200000, 0x0000000084300000|  0%| F|  |TAMS 0x0000000084200000, 0x0000000084200000| Untracked 
|  49|0x0000000084300000, 0x0000000084300000, 0x0000000084400000|  0%| F|  |TAMS 0x0000000084300000, 0x0000000084300000| Untracked 
|  50|0x0000000084400000, 0x0000000084400000, 0x0000000084500000|  0%| F|  |TAMS 0x0000000084400000, 0x0000000084400000| Untracked 
|  51|0x0000000084500000, 0x0000000084500000, 0x0000000084600000|  0%| F|  |TAMS 0x0000000084500000, 0x0000000084500000| Untracked 
|  52|0x0000000084600000, 0x0000000084600000, 0x0000000084700000|  0%| F|  |TAMS 0x0000000084600000, 0x0000000084600000| Untracked 
|  53|0x0000000084700000, 0x0000000084700000, 0x0000000084800000|  0%| F|  |TAMS 0x0000000084700000, 0x0000000084700000| Untracked 
|  54|0x0000000084800000, 0x0000000084800000, 0x0000000084900000|  0%| F|  |TAMS 0x0000000084800000, 0x0000000084800000| Untracked 
|  55|0x0000000084900000, 0x0000000084900000, 0x0000000084a00000|  0%| F|  |TAMS 0x0000000084900000, 0x0000000084900000| Untracked 
|  56|0x0000000084a00000, 0x0000000084a00000, 0x0000000084b00000|  0%| F|  |TAMS 0x0000000084a00000, 0x0000000084a00000| Untracked 
|  57|0x0000000084b00000, 0x0000000084b00000, 0x0000000084c00000|  0%| F|  |TAMS 0x0000000084b00000, 0x0000000084b00000| Untracked 
|  58|0x0000000084c00000, 0x0000000084c00000, 0x0000000084d00000|  0%| F|  |TAMS 0x0000000084c00000, 0x0000000084c00000| Untracked 
|  59|0x0000000084d00000, 0x0000000084d00000, 0x0000000084e00000|  0%| F|  |TAMS 0x0000000084d00000, 0x0000000084d00000| Untracked 
|  60|0x0000000084e00000, 0x0000000084e00000, 0x0000000084f00000|  0%| F|  |TAMS 0x0000000084e00000, 0x0000000084e00000| Untracked 
|  61|0x0000000084f00000, 0x0000000084f00000, 0x0000000085000000|  0%| F|  |TAMS 0x0000000084f00000, 0x0000000084f00000| Untracked 
|  62|0x0000000085000000, 0x0000000085000000, 0x0000000085100000|  0%| F|  |TAMS 0x0000000085000000, 0x0000000085000000| Untracked 
|  63|0x0000000085100000, 0x0000000085100000, 0x0000000085200000|  0%| F|  |TAMS 0x0000000085100000, 0x0000000085100000| Untracked 
|  64|0x0000000085200000, 0x0000000085200000, 0x0000000085300000|  0%| F|  |TAMS 0x0000000085200000, 0x0000000085200000| Untracked 
|  65|0x0000000085300000, 0x0000000085300000, 0x0000000085400000|  0%| F|  |TAMS 0x0000000085300000, 0x0000000085300000| Untracked 
|  96|0x0000000087200000, 0x0000000087300000, 0x0000000087300000|100%| E|  |TAMS 0x0000000087200000, 0x0000000087200000| Complete 
|  97|0x0000000087300000, 0x0000000087400000, 0x0000000087400000|100%| E|CS|TAMS 0x0000000087300000, 0x0000000087300000| Complete 
|  98|0x0000000087400000, 0x0000000087500000, 0x0000000087500000|100%| E|  |TAMS 0x0000000087400000, 0x0000000087400000| Complete 
|  99|0x0000000087500000, 0x0000000087600000, 0x0000000087600000|100%| E|CS|TAMS 0x0000000087500000, 0x0000000087500000| Complete 
| 100|0x0000000087600000, 0x0000000087700000, 0x0000000087700000|100%| E|CS|TAMS 0x0000000087600000, 0x0000000087600000| Complete 
| 127|0x0000000089100000, 0x0000000089200000, 0x0000000089200000|100%| E|CS|TAMS 0x0000000089100000, 0x0000000089100000| Complete 

Card table byte_map: [0x000001ab43140000,0x000001ab43540000] _byte_map_base: 0x000001ab42d37000

Marking Bits (Prev, Next): (CMBitMap*) 0x000001ab308b7df0, (CMBitMap*) 0x000001ab308b7e30
 Prev Bits: [0x000001ab43940000, 0x000001ab458f8000)
 Next Bits: [0x000001ab45900000, 0x000001ab478b8000)

Polling page: 0x000001ab2e6b0000

Metaspace:

Usage:
  Non-class:     42.90 MB used.
      Class:      5.93 MB used.
       Both:     48.83 MB used.

Virtual space:
  Non-class space:       64.00 MB reserved,      43.00 MB ( 67%) committed,  1 nodes.
      Class space:        1.00 GB reserved,       6.06 MB ( <1%) committed,  1 nodes.
             Both:        1.06 GB reserved,      49.06 MB (  5%) committed. 

Chunk freelists:
   Non-Class:  4.58 MB
       Class:  9.94 MB
        Both:  14.51 MB

MaxMetaspaceSize: unlimited
CompressedClassSpaceSize: 1.00 GB
Initial GC threshold: 21.00 MB
Current GC threshold: 59.38 MB
CDS: off
MetaspaceReclaimPolicy: balanced
 - commit_granule_bytes: 65536.
 - commit_granule_words: 8192.
 - virtual_space_node_default_size: 8388608.
 - enlarge_chunks_in_place: 1.
 - new_chunks_are_fully_committed: 0.
 - uncommit_free_chunks: 1.
 - use_allocation_guard: 0.
 - handle_deallocations: 1.


Internal statistics:

num_allocs_failed_limit: 6.
num_arena_births: 174.
num_arena_deaths: 0.
num_vsnodes_births: 2.
num_vsnodes_deaths: 0.
num_space_committed: 783.
num_space_uncommitted: 0.
num_chunks_returned_to_freelist: 6.
num_chunks_taken_from_freelist: 1577.
num_chunk_merges: 6.
num_chunk_splits: 1358.
num_chunks_enlarged: 1245.
num_inconsistent_stats: 0.

CodeHeap 'non-profiled nmethods': size=120000Kb used=1518Kb max_used=1518Kb free=118481Kb
 bounds [0x000001ab3b810000, 0x000001ab3ba80000, 0x000001ab42d40000]
CodeHeap 'profiled nmethods': size=120000Kb used=7538Kb max_used=7538Kb free=112461Kb
 bounds [0x000001ab33d40000, 0x000001ab344a0000, 0x000001ab3b270000]
CodeHeap 'non-nmethods': size=5760Kb used=1263Kb max_used=1306Kb free=4496Kb
 bounds [0x000001ab3b270000, 0x000001ab3b4e0000, 0x000001ab3b810000]
 total_blobs=4229 nmethods=3655 adapters=486
 compilation: enabled
              stopped_count=0, restarted_count=0
 full_count=0

Compilation events (20 events):
Event: 4.234 Thread 0x000001ab4e03e830 3633       2       org.jetbrains.kotlin.com.intellij.util.io.FileAccessorCache$Handle::get (13 bytes)
Event: 4.234 Thread 0x000001ab4e03e830 nmethod 3633 0x000001ab34490f10 code [0x000001ab344910a0, 0x000001ab344911e8]
Event: 4.234 Thread 0x000001ab4e03e830 3634       1       org.jetbrains.kotlin.metadata.ProtoBuf$Property::getContextReceiverTypeIdList (5 bytes)
Event: 4.235 Thread 0x000001ab4e03e830 nmethod 3634 0x000001ab3b981410 code [0x000001ab3b9815a0, 0x000001ab3b981678]
Event: 4.235 Thread 0x000001ab4e03e830 3635       2       kotlin.collections.AbstractMutableList::size (5 bytes)
Event: 4.235 Thread 0x000001ab4e03e830 nmethod 3635 0x000001ab34491290 code [0x000001ab34491420, 0x000001ab34491548]
Event: 4.235 Thread 0x000001ab4e03e830 3636       2       kotlin.collections.ReversedList::getSize (10 bytes)
Event: 4.236 Thread 0x000001ab4e03e830 nmethod 3636 0x000001ab34491610 code [0x000001ab344917a0, 0x000001ab344918c8]
Event: 4.236 Thread 0x000001ab4e03e830 3637       2       org.jetbrains.kotlin.com.intellij.psi.impl.source.tree.SharedImplUtil::getNextSibling (18 bytes)
Event: 4.236 Thread 0x000001ab4e03e830 nmethod 3637 0x000001ab34491990 code [0x000001ab34491b40, 0x000001ab34491cd8]
Event: 4.236 Thread 0x000001ab4e03e830 3638       1       org.jetbrains.kotlin.com.intellij.psi.AbstractFileViewProvider::isEventSystemEnabled (5 bytes)
Event: 4.237 Thread 0x000001ab4e03e830 nmethod 3638 0x000001ab3b981710 code [0x000001ab3b9818a0, 0x000001ab3b981978]
Event: 4.237 Thread 0x000001ab4e03e830 3639       1       org.jetbrains.kotlin.com.intellij.openapi.vfs.local.CoreLocalVirtualFile::isValid (2 bytes)
Event: 4.237 Thread 0x000001ab4e03e830 nmethod 3639 0x000001ab3b981a10 code [0x000001ab3b981ba0, 0x000001ab3b981c78]
Event: 4.237 Thread 0x000001ab4e03e830 3640       2       org.jetbrains.kotlin.com.intellij.openapi.util.RecursionManager::markStack (22 bytes)
Event: 4.237 Thread 0x000001ab4e03e830 nmethod 3640 0x000001ab34491e10 code [0x000001ab34491fc0, 0x000001ab34492168]
Event: 4.237 Thread 0x000001ab4e03e830 3641       2       org.jetbrains.kotlin.com.intellij.openapi.util.RecursionManager$2::<init> (10 bytes)
Event: 4.237 Thread 0x000001ab4e03e830 nmethod 3641 0x000001ab34492290 code [0x000001ab34492420, 0x000001ab34492538]
Event: 4.243 Thread 0x000001ab4e03e830 3642       2       java.util.concurrent.locks.AbstractQueuedSynchronizer::signalNext (34 bytes)
Event: 4.244 Thread 0x000001ab4e03e830 nmethod 3642 0x000001ab34492610 code [0x000001ab344927c0, 0x000001ab344929b8]

GC Heap History (20 events):
Event: 0.906 GC heap before
{Heap before GC invocations=1 (full 0):
 garbage-first heap   total 131072K, used 23573K [0x0000000081200000, 0x0000000100000000)
  region size 1024K, 19 young (19456K), 2 survivors (2048K)
 Metaspace       used 14654K, committed 14784K, reserved 1114112K
  class space    used 1458K, committed 1536K, reserved 1048576K
}
Event: 0.911 GC heap after
{Heap after GC invocations=2 (full 0):
 garbage-first heap   total 131072K, used 7919K [0x0000000081200000, 0x0000000100000000)
  region size 1024K, 2 young (2048K), 2 survivors (2048K)
 Metaspace       used 14654K, committed 14784K, reserved 1114112K
  class space    used 1458K, committed 1536K, reserved 1048576K
}
Event: 1.437 GC heap before
{Heap before GC invocations=2 (full 0):
 garbage-first heap   total 131072K, used 32495K [0x0000000081200000, 0x0000000100000000)
  region size 1024K, 27 young (27648K), 2 survivors (2048K)
 Metaspace       used 21366K, committed 21504K, reserved 1114112K
  class space    used 2326K, committed 2432K, reserved 1048576K
}
Event: 1.443 GC heap after
{Heap after GC invocations=3 (full 0):
 garbage-first heap   total 131072K, used 10347K [0x0000000081200000, 0x0000000100000000)
  region size 1024K, 5 young (5120K), 5 survivors (5120K)
 Metaspace       used 21366K, committed 21504K, reserved 1114112K
  class space    used 2326K, committed 2432K, reserved 1048576K
}
Event: 1.893 GC heap before
{Heap before GC invocations=4 (full 0):
 garbage-first heap   total 45056K, used 31851K [0x0000000081200000, 0x0000000100000000)
  region size 1024K, 26 young (26624K), 5 survivors (5120K)
 Metaspace       used 28350K, committed 28544K, reserved 1114112K
  class space    used 3515K, committed 3584K, reserved 1048576K
}
Event: 1.902 GC heap after
{Heap after GC invocations=5 (full 0):
 garbage-first heap   total 45056K, used 11400K [0x0000000081200000, 0x0000000100000000)
  region size 1024K, 2 young (2048K), 2 survivors (2048K)
 Metaspace       used 28350K, committed 28544K, reserved 1114112K
  class space    used 3515K, committed 3584K, reserved 1048576K
}
Event: 1.924 GC heap before
{Heap before GC invocations=5 (full 0):
 garbage-first heap   total 45056K, used 12424K [0x0000000081200000, 0x0000000100000000)
  region size 1024K, 3 young (3072K), 2 survivors (2048K)
 Metaspace       used 28700K, committed 28928K, reserved 1114112K
  class space    used 3546K, committed 3648K, reserved 1048576K
}
Event: 1.927 GC heap after
{Heap after GC invocations=6 (full 0):
 garbage-first heap   total 45056K, used 11441K [0x0000000081200000, 0x0000000100000000)
  region size 1024K, 1 young (1024K), 1 survivors (1024K)
 Metaspace       used 28700K, committed 28928K, reserved 1114112K
  class space    used 3546K, committed 3648K, reserved 1048576K
}
Event: 2.244 GC heap before
{Heap before GC invocations=6 (full 0):
 garbage-first heap   total 45056K, used 33969K [0x0000000081200000, 0x0000000100000000)
  region size 1024K, 21 young (21504K), 1 survivors (1024K)
 Metaspace       used 31353K, committed 31552K, reserved 1114112K
  class space    used 4044K, committed 4096K, reserved 1048576K
}
Event: 2.252 GC heap after
{Heap after GC invocations=7 (full 0):
 garbage-first heap   total 61440K, used 17705K [0x0000000081200000, 0x0000000100000000)
  region size 1024K, 3 young (3072K), 3 survivors (3072K)
 Metaspace       used 31353K, committed 31552K, reserved 1114112K
  class space    used 4044K, committed 4096K, reserved 1048576K
}
Event: 2.579 GC heap before
{Heap before GC invocations=7 (full 0):
 garbage-first heap   total 61440K, used 37161K [0x0000000081200000, 0x0000000100000000)
  region size 1024K, 24 young (24576K), 3 survivors (3072K)
 Metaspace       used 35945K, committed 36160K, reserved 1114112K
  class space    used 4536K, committed 4672K, reserved 1048576K
}
Event: 2.588 GC heap after
{Heap after GC invocations=8 (full 0):
 garbage-first heap   total 61440K, used 17976K [0x0000000081200000, 0x0000000100000000)
  region size 1024K, 3 young (3072K), 3 survivors (3072K)
 Metaspace       used 35945K, committed 36160K, reserved 1114112K
  class space    used 4536K, committed 4672K, reserved 1048576K
}
Event: 3.100 GC heap before
{Heap before GC invocations=9 (full 0):
 garbage-first heap   total 61440K, used 42552K [0x0000000081200000, 0x0000000100000000)
  region size 1024K, 28 young (28672K), 3 survivors (3072K)
 Metaspace       used 40938K, committed 41152K, reserved 1114112K
  class space    used 5019K, committed 5120K, reserved 1048576K
}
Event: 3.107 GC heap after
{Heap after GC invocations=10 (full 0):
 garbage-first heap   total 61440K, used 20381K [0x0000000081200000, 0x0000000100000000)
  region size 1024K, 3 young (3072K), 3 survivors (3072K)
 Metaspace       used 40938K, committed 41152K, reserved 1114112K
  class space    used 5019K, committed 5120K, reserved 1048576K
}
Event: 3.736 GC heap before
{Heap before GC invocations=10 (full 0):
 garbage-first heap   total 61440K, used 45981K [0x0000000081200000, 0x0000000100000000)
  region size 1024K, 27 young (27648K), 3 survivors (3072K)
 Metaspace       used 46813K, committed 47040K, reserved 1114112K
  class space    used 5701K, committed 5824K, reserved 1048576K
}
Event: 3.748 GC heap after
{Heap after GC invocations=11 (full 0):
 garbage-first heap   total 61440K, used 25472K [0x0000000081200000, 0x0000000100000000)
  region size 1024K, 4 young (4096K), 4 survivors (4096K)
 Metaspace       used 46813K, committed 47040K, reserved 1114112K
  class space    used 5701K, committed 5824K, reserved 1048576K
}
Event: 4.039 GC heap before
{Heap before GC invocations=11 (full 0):
 garbage-first heap   total 61440K, used 45952K [0x0000000081200000, 0x0000000100000000)
  region size 1024K, 24 young (24576K), 4 survivors (4096K)
 Metaspace       used 49396K, committed 49664K, reserved 1114112K
  class space    used 6018K, committed 6144K, reserved 1048576K
}
Event: 4.049 GC heap after
{Heap after GC invocations=12 (full 0):
 garbage-first heap   total 61440K, used 29551K [0x0000000081200000, 0x0000000100000000)
  region size 1024K, 3 young (3072K), 3 survivors (3072K)
 Metaspace       used 49396K, committed 49664K, reserved 1114112K
  class space    used 6018K, committed 6144K, reserved 1048576K
}
Event: 4.190 GC heap before
{Heap before GC invocations=12 (full 0):
 garbage-first heap   total 61440K, used 46959K [0x0000000081200000, 0x0000000100000000)
  region size 1024K, 20 young (20480K), 3 survivors (3072K)
 Metaspace       used 49694K, committed 49920K, reserved 1114112K
  class space    used 6046K, committed 6144K, reserved 1048576K
}
Event: 4.198 GC heap after
{Heap after GC invocations=13 (full 0):
 garbage-first heap   total 73728K, used 29696K [0x0000000081200000, 0x0000000100000000)
  region size 1024K, 1 young (1024K), 1 survivors (1024K)
 Metaspace       used 49694K, committed 49920K, reserved 1114112K
  class space    used 6046K, committed 6144K, reserved 1048576K
}

Dll operation events (2 events):
Event: 0.014 Loaded shared library C:\Program Files\Android\Android Studio1\jbr\bin\java.dll
Event: 1.700 Loaded shared library C:\Program Files\Android\Android Studio1\jbr\bin\verify.dll

Deoptimization events (20 events):
Event: 3.892 Thread 0x000001ab3085bc00 DEOPT PACKING pc=0x000001ab3b94d79c sp=0x00000071d97fa120
Event: 3.892 Thread 0x000001ab3085bc00 DEOPT UNPACKING pc=0x000001ab3b2c69a3 sp=0x00000071d97fa078 mode 2
Event: 3.892 Thread 0x000001ab3085bc00 Uncommon trap: trap_request=0xffffffde fr.pc=0x000001ab3b94d79c relative=0x0000000000000a1c
Event: 3.892 Thread 0x000001ab3085bc00 Uncommon trap: reason=class_check action=maybe_recompile pc=0x000001ab3b94d79c method=org.jetbrains.kotlin.com.intellij.lang.java.lexer.JavaLexer.charAt(I)C @ 21 c2
Event: 3.892 Thread 0x000001ab3085bc00 DEOPT PACKING pc=0x000001ab3b94d79c sp=0x00000071d97fa120
Event: 3.892 Thread 0x000001ab3085bc00 DEOPT UNPACKING pc=0x000001ab3b2c69a3 sp=0x00000071d97fa078 mode 2
Event: 3.892 Thread 0x000001ab3085bc00 Uncommon trap: trap_request=0xffffffde fr.pc=0x000001ab3b94d79c relative=0x0000000000000a1c
Event: 3.892 Thread 0x000001ab3085bc00 Uncommon trap: reason=class_check action=maybe_recompile pc=0x000001ab3b94d79c method=org.jetbrains.kotlin.com.intellij.lang.java.lexer.JavaLexer.charAt(I)C @ 21 c2
Event: 3.892 Thread 0x000001ab3085bc00 DEOPT PACKING pc=0x000001ab3b94d79c sp=0x00000071d97fa120
Event: 3.892 Thread 0x000001ab3085bc00 DEOPT UNPACKING pc=0x000001ab3b2c69a3 sp=0x00000071d97fa078 mode 2
Event: 3.892 Thread 0x000001ab3085bc00 Uncommon trap: trap_request=0xffffffde fr.pc=0x000001ab3b94d79c relative=0x0000000000000a1c
Event: 3.892 Thread 0x000001ab3085bc00 Uncommon trap: reason=class_check action=maybe_recompile pc=0x000001ab3b94d79c method=org.jetbrains.kotlin.com.intellij.lang.java.lexer.JavaLexer.charAt(I)C @ 21 c2
Event: 3.892 Thread 0x000001ab3085bc00 DEOPT PACKING pc=0x000001ab3b94d79c sp=0x00000071d97fa120
Event: 3.892 Thread 0x000001ab3085bc00 DEOPT UNPACKING pc=0x000001ab3b2c69a3 sp=0x00000071d97fa078 mode 2
Event: 4.133 Thread 0x000001ab3085bc00 Uncommon trap: trap_request=0xffffffcc fr.pc=0x000001ab3b975144 relative=0x0000000000000324
Event: 4.133 Thread 0x000001ab3085bc00 Uncommon trap: reason=intrinsic_or_type_checked_inlining action=make_not_entrant pc=0x000001ab3b975144 method=java.util.Arrays.copyOf([Ljava/lang/Object;ILjava/lang/Class;)[Ljava/lang/Object; @ 35 c2
Event: 4.133 Thread 0x000001ab3085bc00 DEOPT PACKING pc=0x000001ab3b975144 sp=0x00000071d97fb610
Event: 4.133 Thread 0x000001ab3085bc00 DEOPT UNPACKING pc=0x000001ab3b2c69a3 sp=0x00000071d97fb5b8 mode 2
Event: 4.184 Thread 0x000001ab3085bc00 DEOPT PACKING pc=0x000001ab3409983e sp=0x00000071d97fa870
Event: 4.184 Thread 0x000001ab3085bc00 DEOPT UNPACKING pc=0x000001ab3b2c7143 sp=0x00000071d97f9ce8 mode 0

Classes unloaded (0 events):
No events

Classes redefined (0 events):
No events

Internal exceptions (20 events):
Event: 1.481 Thread 0x000001ab3085bc00 Exception <a 'java/lang/NoSuchMethodError'{0x00000000836bb700}: 'java.lang.Object java.lang.invoke.DirectMethodHandle$Holder.invokeSpecial(java.lang.Object, java.lang.Object, java.lang.Object, java.lang.Object, long)'> (0x00000000836bb700) 
thrown [s\src\hotspot\share\interpreter\linkResolver.cpp, line 771]
Event: 1.483 Thread 0x000001ab3085bc00 Exception <a 'java/lang/NoSuchMethodError'{0x00000000836caac0}: 'int java.lang.invoke.DelegatingMethodHandle$Holder.reinvoke_L(java.lang.Object, java.lang.Object, java.lang.Object, long, java.lang.Object, java.lang.Object)'> (0x00000000836caac0) 
thrown [s\src\hotspot\share\interpreter\linkResolver.cpp, line 771]
Event: 1.487 Thread 0x000001ab3085bc00 Exception <a 'java/lang/NoSuchMethodError'{0x00000000836d9778}: 'int java.lang.invoke.DelegatingMethodHandle$Holder.reinvoke_L(java.lang.Object, java.lang.Object, java.lang.Object, long, int, int)'> (0x00000000836d9778) 
thrown [s\src\hotspot\share\interpreter\linkResolver.cpp, line 771]
Event: 1.489 Thread 0x000001ab3085bc00 Exception <a 'java/lang/NoSuchMethodError'{0x00000000836e80b0}: 'int java.lang.invoke.DelegatingMethodHandle$Holder.reinvoke_L(java.lang.Object, java.lang.Object, java.lang.Object, long, long, long)'> (0x00000000836e80b0) 
thrown [s\src\hotspot\share\interpreter\linkResolver.cpp, line 771]
Event: 1.490 Thread 0x000001ab3085bc00 Exception <a 'java/lang/NoSuchMethodError'{0x00000000836f66c8}: 'int java.lang.invoke.DelegatingMethodHandle$Holder.reinvoke_L(java.lang.Object, java.lang.Object, java.lang.Object, long, int)'> (0x00000000836f66c8) 
thrown [s\src\hotspot\share\interpreter\linkResolver.cpp, line 771]
Event: 1.508 Thread 0x000001ab3085bc00 Exception <a 'java/lang/NoSuchMethodError'{0x000000008359e3f0}: 'int java.lang.invoke.DirectMethodHandle$Holder.invokeStaticInit(java.lang.Object, java.lang.Object, java.lang.Object)'> (0x000000008359e3f0) 
thrown [s\src\hotspot\share\interpreter\linkResolver.cpp, line 771]
Event: 1.513 Thread 0x000001ab3085bc00 Exception <a 'java/lang/NoSuchMethodError'{0x00000000835c7ba8}: 'int java.lang.invoke.DirectMethodHandle$Holder.invokeStaticInit(java.lang.Object, java.lang.Object)'> (0x00000000835c7ba8) 
thrown [s\src\hotspot\share\interpreter\linkResolver.cpp, line 771]
Event: 1.529 Thread 0x000001ab3085bc00 Exception <a 'java/lang/NoSuchMethodError'{0x00000000834a70a0}: 'void java.lang.invoke.DirectMethodHandle$Holder.invokeSpecial(java.lang.Object, java.lang.Object, java.lang.Object)'> (0x00000000834a70a0) 
thrown [s\src\hotspot\share\interpreter\linkResolver.cpp, line 771]
Event: 1.590 Thread 0x000001ab3085bc00 Exception <a 'java/lang/NoSuchMethodError'{0x00000000831cf990}: 'void java.lang.invoke.DirectMethodHandle$Holder.invokeStatic(java.lang.Object, java.lang.Object, java.lang.Object, java.lang.Object)'> (0x00000000831cf990) 
thrown [s\src\hotspot\share\interpreter\linkResolver.cpp, line 771]
Event: 1.662 Thread 0x000001ab3085bc00 Exception <a 'java/lang/NoSuchMethodError'{0x0000000082d917d8}: 'void java.lang.invoke.DirectMethodHandle$Holder.invokeStaticInit(java.lang.Object, java.lang.Object)'> (0x0000000082d917d8) 
thrown [s\src\hotspot\share\interpreter\linkResolver.cpp, line 771]
Event: 1.756 Thread 0x000001ab3085bc00 Exception <a 'java/lang/NoSuchMethodError'{0x000000008280c700}: 'void java.lang.invoke.DirectMethodHandle$Holder.invokeVirtual(java.lang.Object, java.lang.Object)'> (0x000000008280c700) 
thrown [s\src\hotspot\share\interpreter\linkResolver.cpp, line 771]
Event: 1.765 Thread 0x000001ab3085bc00 Exception <a 'java/lang/NoSuchMethodError'{0x0000000082886608}: 'int java.lang.invoke.DirectMethodHandle$Holder.invokeVirtual(java.lang.Object, java.lang.Object)'> (0x0000000082886608) 
thrown [s\src\hotspot\share\interpreter\linkResolver.cpp, line 771]
Event: 1.780 Thread 0x000001ab3085bc00 Exception <a 'java/lang/NoSuchMethodError'{0x000000008271e700}: 'java.lang.Object java.lang.invoke.Invokers$Holder.invokeExact_MT(java.lang.Object, java.lang.Object, java.lang.Object, java.lang.Object, java.lang.Object, java.lang.Object)'> (0x000000008271e700) 
thrown [s\src\hotspot\share\interpreter\linkResolver.cpp, line 771]
Event: 2.235 Thread 0x000001ab3085bc00 Implicit null exception at 0x000001ab3b8295f2 to 0x000001ab3b829bc4
Event: 2.349 Thread 0x000001ab3085bc00 Implicit null exception at 0x000001ab3b82a1f2 to 0x000001ab3b82a7d4
Event: 2.397 Thread 0x000001ab3085bc00 Exception <a 'java/lang/NoSuchMethodError'{0x0000000084403098}: 'java.lang.Object java.lang.invoke.DirectMethodHandle$Holder.invokeVirtual(java.lang.Object, java.lang.Object, java.lang.Object)'> (0x0000000084403098) 
thrown [s\src\hotspot\share\interpreter\linkResolver.cpp, line 771]
Event: 3.219 Thread 0x000001ab3085bc00 Exception <a 'java/lang/NoSuchMethodError'{0x000000008722b3f8}: 'java.lang.Object java.lang.invoke.DirectMethodHandle$Holder.newInvokeSpecial(java.lang.Object, java.lang.Object, int)'> (0x000000008722b3f8) 
thrown [s\src\hotspot\share\interpreter\linkResolver.cpp, line 771]
Event: 3.328 Thread 0x000001ab3085bc00 Exception <a 'java/lang/NoSuchMethodError'{0x000000008463ab08}: 'java.lang.Object java.lang.invoke.DirectMethodHandle$Holder.newInvokeSpecial(java.lang.Object, java.lang.Object, java.lang.Object, int)'> (0x000000008463ab08) 
thrown [s\src\hotspot\share\interpreter\linkResolver.cpp, line 771]
Event: 3.329 Thread 0x000001ab3085bc00 Exception <a 'java/lang/NoSuchMethodError'{0x000000008463f190}: 'java.lang.Object java.lang.invoke.DirectMethodHandle$Holder.invokeSpecial(java.lang.Object, java.lang.Object, java.lang.Object, java.lang.Object, int)'> (0x000000008463f190) 
thrown [s\src\hotspot\share\interpreter\linkResolver.cpp, line 771]
Event: 3.330 Thread 0x000001ab3085bc00 Exception <a 'java/lang/NoSuchMethodError'{0x0000000084643000}: 'java.lang.Object java.lang.invoke.Invokers$Holder.linkToTargetMethod(java.lang.Object, java.lang.Object, int, java.lang.Object)'> (0x0000000084643000) 
thrown [s\src\hotspot\share\interpreter\linkResolver.cpp, line 771]

VM Operations (20 events):
Event: 3.433 Executing VM operation: HandshakeAllThreads
Event: 3.433 Executing VM operation: HandshakeAllThreads done
Event: 3.610 Executing VM operation: HandshakeAllThreads
Event: 3.610 Executing VM operation: HandshakeAllThreads done
Event: 3.632 Executing VM operation: HandshakeAllThreads
Event: 3.632 Executing VM operation: HandshakeAllThreads done
Event: 3.669 Executing VM operation: ICBufferFull
Event: 3.669 Executing VM operation: ICBufferFull done
Event: 3.691 Executing VM operation: HandshakeAllThreads
Event: 3.691 Executing VM operation: HandshakeAllThreads done
Event: 3.736 Executing VM operation: G1CollectForAllocation
Event: 3.748 Executing VM operation: G1CollectForAllocation done
Event: 3.829 Executing VM operation: HandshakeAllThreads
Event: 3.829 Executing VM operation: HandshakeAllThreads done
Event: 3.949 Executing VM operation: HandshakeAllThreads
Event: 3.949 Executing VM operation: HandshakeAllThreads done
Event: 4.039 Executing VM operation: G1CollectForAllocation
Event: 4.049 Executing VM operation: G1CollectForAllocation done
Event: 4.189 Executing VM operation: G1CollectForAllocation
Event: 4.199 Executing VM operation: G1CollectForAllocation done

Events (20 events):
Event: 3.810 loading class java/util/stream/ReduceOps$3ReducingSink
Event: 3.810 loading class java/util/stream/ReduceOps$AccumulatingSink
Event: 3.810 loading class java/util/stream/ReduceOps$AccumulatingSink done
Event: 3.810 loading class java/util/stream/ReduceOps$Box
Event: 3.810 loading class java/util/stream/ReduceOps$Box done
Event: 3.810 loading class java/util/stream/ReduceOps$3ReducingSink done
Event: 3.810 loading class java/util/stream/ReferencePipeline$2$1
Event: 3.810 loading class java/util/stream/ReferencePipeline$2$1 done
Event: 3.810 loading class java/util/stream/IntPipeline$1$1
Event: 3.811 loading class java/util/stream/Sink$ChainedInt
Event: 3.811 loading class java/util/stream/Sink$OfInt
Event: 3.811 loading class java/util/function/IntConsumer
Event: 3.811 loading class java/util/function/IntConsumer done
Event: 3.811 loading class java/util/stream/Sink$OfInt done
Event: 3.811 loading class java/util/stream/Sink$ChainedInt done
Event: 3.811 loading class java/util/stream/IntPipeline$1$1 done
Event: 3.951 loading class java/util/ComparableTimSort
Event: 3.951 loading class java/util/ComparableTimSort done
Event: 4.140 loading class java/util/Collections$SingletonMap
Event: 4.141 loading class java/util/Collections$SingletonMap done


Dynamic libraries:
0x00007ff7bb650000 - 0x00007ff7bb65a000 	C:\Program Files\Android\Android Studio1\jbr\bin\java.exe
0x00007ffb74a10000 - 0x00007ffb74c08000 	C:\WINDOWS\SYSTEM32\ntdll.dll
0x00007ffb739f0000 - 0x00007ffb73aad000 	C:\WINDOWS\System32\KERNEL32.DLL
0x00007ffb726b0000 - 0x00007ffb729a6000 	C:\WINDOWS\System32\KERNELBASE.dll
0x00007ffb72360000 - 0x00007ffb72460000 	C:\WINDOWS\System32\ucrtbase.dll
0x00007ffb6d690000 - 0x00007ffb6d6ab000 	C:\Program Files\Android\Android Studio1\jbr\bin\VCRUNTIME140.dll
0x00007ffb5dd10000 - 0x00007ffb5dd27000 	C:\Program Files\Android\Android Studio1\jbr\bin\jli.dll
0x00007ffb74460000 - 0x00007ffb745ff000 	C:\WINDOWS\System32\USER32.dll
0x00007ffb72630000 - 0x00007ffb72652000 	C:\WINDOWS\System32\win32u.dll
0x00007ffb740c0000 - 0x00007ffb740eb000 	C:\WINDOWS\System32\GDI32.dll
0x00007ffb61940000 - 0x00007ffb61bda000 	C:\WINDOWS\WinSxS\amd64_microsoft.windows.common-controls_6595b64144ccf1df_6.0.19041.3636_none_60b6a03d71f818d5\COMCTL32.dll
0x00007ffb72460000 - 0x00007ffb72577000 	C:\WINDOWS\System32\gdi32full.dll
0x00007ffb722c0000 - 0x00007ffb7235d000 	C:\WINDOWS\System32\msvcp_win.dll
0x00007ffb73680000 - 0x00007ffb7371e000 	C:\WINDOWS\System32\msvcrt.dll
0x00007ffb73c90000 - 0x00007ffb73cc2000 	C:\WINDOWS\System32\IMM32.DLL
0x00007ffb6b690000 - 0x00007ffb6b69c000 	C:\Program Files\Android\Android Studio1\jbr\bin\vcruntime140_1.dll
0x00007ffb595d0000 - 0x00007ffb5965d000 	C:\Program Files\Android\Android Studio1\jbr\bin\msvcp140.dll
0x00007ffb452d0000 - 0x00007ffb45f53000 	C:\Program Files\Android\Android Studio1\jbr\bin\server\jvm.dll
0x00007ffb73dc0000 - 0x00007ffb73e70000 	C:\WINDOWS\System32\ADVAPI32.dll
0x00007ffb73ab0000 - 0x00007ffb73b50000 	C:\WINDOWS\System32\sechost.dll
0x00007ffb73e80000 - 0x00007ffb73fa3000 	C:\WINDOWS\System32\RPCRT4.dll
0x00007ffb72290000 - 0x00007ffb722b7000 	C:\WINDOWS\System32\bcrypt.dll
0x00007ffb71f20000 - 0x00007ffb71f6b000 	C:\WINDOWS\SYSTEM32\POWRPROF.dll
0x00007ffb6d6b0000 - 0x00007ffb6d6b9000 	C:\WINDOWS\SYSTEM32\WSOCK32.dll
0x00007ffb746e0000 - 0x00007ffb7474b000 	C:\WINDOWS\System32\WS2_32.dll
0x00007ffb5f050000 - 0x00007ffb5f077000 	C:\WINDOWS\SYSTEM32\WINMM.dll
0x00007ffb5f140000 - 0x00007ffb5f14a000 	C:\WINDOWS\SYSTEM32\VERSION.dll
0x00007ffb71f00000 - 0x00007ffb71f12000 	C:\WINDOWS\SYSTEM32\UMPDC.dll
0x00007ffb708e0000 - 0x00007ffb708f2000 	C:\WINDOWS\SYSTEM32\kernel.appcore.dll
0x00007ffb6b680000 - 0x00007ffb6b68a000 	C:\Program Files\Android\Android Studio1\jbr\bin\jimage.dll
0x00007ffb6fce0000 - 0x00007ffb6fec4000 	C:\WINDOWS\SYSTEM32\DBGHELP.DLL
0x00007ffb5c9c0000 - 0x00007ffb5c9f4000 	C:\WINDOWS\SYSTEM32\dbgcore.DLL
0x00007ffb729b0000 - 0x00007ffb72a32000 	C:\WINDOWS\System32\bcryptPrimitives.dll
0x00007ffb694d0000 - 0x00007ffb694f5000 	C:\Program Files\Android\Android Studio1\jbr\bin\java.dll
0x00007ffb694b0000 - 0x00007ffb694c8000 	C:\Program Files\Android\Android Studio1\jbr\bin\zip.dll
0x00007ffb72a40000 - 0x00007ffb731ab000 	C:\WINDOWS\System32\SHELL32.dll
0x00007ffb70130000 - 0x00007ffb708ce000 	C:\WINDOWS\SYSTEM32\windows.storage.dll
0x00007ffb74100000 - 0x00007ffb74453000 	C:\WINDOWS\System32\combase.dll
0x00007ffb71a20000 - 0x00007ffb71a4e000 	C:\WINDOWS\SYSTEM32\Wldp.dll
0x00007ffb73cd0000 - 0x00007ffb73d9d000 	C:\WINDOWS\System32\OLEAUT32.dll
0x00007ffb73fb0000 - 0x00007ffb7405d000 	C:\WINDOWS\System32\SHCORE.dll
0x00007ffb731b0000 - 0x00007ffb73205000 	C:\WINDOWS\System32\shlwapi.dll
0x00007ffb71ff0000 - 0x00007ffb72013000 	C:\WINDOWS\SYSTEM32\profapi.dll
0x00007ffb64de0000 - 0x00007ffb64df9000 	C:\Program Files\Android\Android Studio1\jbr\bin\net.dll
0x00007ffb66060000 - 0x00007ffb6616a000 	C:\WINDOWS\SYSTEM32\WINHTTP.dll
0x00007ffb71780000 - 0x00007ffb717ea000 	C:\WINDOWS\system32\mswsock.dll
0x00007ffb64dc0000 - 0x00007ffb64dd6000 	C:\Program Files\Android\Android Studio1\jbr\bin\nio.dll
0x00007ffb6b670000 - 0x00007ffb6b680000 	C:\Program Files\Android\Android Studio1\jbr\bin\verify.dll

dbghelp: loaded successfully - version: 4.0.5 - missing functions: none
symbol engine: initialized successfully - sym options: 0x614 - pdb path: .;C:\Program Files\Android\Android Studio1\jbr\bin;C:\WINDOWS\SYSTEM32;C:\WINDOWS\WinSxS\amd64_microsoft.windows.common-controls_6595b64144ccf1df_6.0.19041.3636_none_60b6a03d71f818d5;C:\Program Files\Android\Android Studio1\jbr\bin\server

VM Arguments:
java_command: org.jetbrains.kotlin.cli.jvm.K2JVMCompiler @C:\Users\Shaxzodbek\AndroidStudioProjects\CodialApp3\app\build\20240507_8321626065608986503.compiler.options
java_class_path (initial): C:\Users\Shaxzodbek\.gradle\caches\modules-2\files-2.1\org.jetbrains.kotlin\kotlin-compiler-embeddable\1.9.0\2c8c3a7402becca891f12739b3e9fd2dc2adbd7a\kotlin-compiler-embeddable-1.9.0.jar;C:\Users\Shaxzodbek\.gradle\caches\modules-2\files-2.1\org.jetbrains.kotlin\kotlin-stdlib\1.9.0\8ee15ef0c67dc83d874f412d84378d7f0eb50b63\kotlin-stdlib-1.9.0.jar;C:\Users\Shaxzodbek\.gradle\caches\modules-2\files-2.1\org.jetbrains.kotlin\kotlin-script-runtime\1.9.0\4b3102cbbb7e1b58d9d1adf89563f00069ffa7d1\kotlin-script-runtime-1.9.0.jar;C:\Users\Shaxzodbek\.gradle\caches\modules-2\files-2.1\org.jetbrains.kotlin\kotlin-reflect\1.6.10\1cbe9c92c12a94eea200d23c2bbaedaf3daf5132\kotlin-reflect-1.6.10.jar;C:\Users\Shaxzodbek\.gradle\caches\modules-2\files-2.1\org.jetbrains.kotlin\kotlin-daemon-embeddable\1.9.0\186543f5e28cf8d9a0290fecc2cf34301c40a65c\kotlin-daemon-embeddable-1.9.0.jar;C:\Users\Shaxzodbek\.gradle\caches\modules-2\files-2.1\org.jetbrains.intellij.deps\trove4j\1.0.20200330\3afb14d5f9ceb459d724e907a21145e8ff394f02\trove4j-1.0.20200330.jar;C:\Users\Shaxzodbek\.gradle\caches\modules-2\files-2.1\org.jetbrains.kotlin\kotlin-stdlib-common\1.9.0\cd65c21cfd1eec4d44ef09f9f52b6d9f8a720636\kotlin-stdlib-common-1.9.0.jar;C:\Users\Shaxzodbek\.gradle\caches\modules-2\files-2.1\org.jetbrains\annotations\13.0\919f0dfe192fb4e063e7dacadee7f8bb9a2672a9\annotations-13.0.jar
Launcher Type: SUN_STANDARD

[Global flags]
     intx CICompilerCount                          = 3                                         {product} {ergonomic}
     uint ConcGCThreads                            = 1                                         {product} {ergonomic}
     uint G1ConcRefinementThreads                  = 4                                         {product} {ergonomic}
   size_t G1HeapRegionSize                         = 1048576                                   {product} {ergonomic}
    uintx GCDrainStackTargetSize                   = 64                                        {product} {ergonomic}
   size_t InitialHeapSize                          = 134217728                                 {product} {ergonomic}
   size_t MarkStackSize                            = 4194304                                   {product} {ergonomic}
   size_t MaxHeapSize                              = 2128609280                                {product} {ergonomic}
   size_t MaxNewSize                               = 1277165568                                {product} {ergonomic}
   size_t MinHeapDeltaBytes                        = 1048576                                   {product} {ergonomic}
   size_t MinHeapSize                              = 8388608                                   {product} {ergonomic}
    uintx NonNMethodCodeHeapSize                   = 5832780                                {pd product} {ergonomic}
    uintx NonProfiledCodeHeapSize                  = 122912730                              {pd product} {ergonomic}
    uintx ProfiledCodeHeapSize                     = 122912730                              {pd product} {ergonomic}
    uintx ReservedCodeCacheSize                    = 251658240                              {pd product} {ergonomic}
     bool SegmentedCodeCache                       = true                                      {product} {ergonomic}
   size_t SoftMaxHeapSize                          = 2128609280                             {manageable} {ergonomic}
     bool UseCompressedClassPointers               = true                           {product lp64_product} {ergonomic}
     bool UseCompressedOops                        = true                           {product lp64_product} {ergonomic}
     bool UseG1GC                                  = true                                      {product} {ergonomic}
     bool UseLargePagesIndividualAllocation        = false                                  {pd product} {ergonomic}

Logging:
Log output configuration:
 #0: stdout all=warning uptime,level,tags
 #1: stderr all=off uptime,level,tags

Environment Variables:
PATH=C:\WINDOWS\system32;C:\WINDOWS;C:\WINDOWS\System32\Wbem;C:\WINDOWS\System32\WindowsPowerShell\v1.0\;C:\Users\Shaxzodbek\AppData\Local\Microsoft\WindowsApps;
USERNAME=Shaxzodbek
OS=Windows_NT
PROCESSOR_IDENTIFIER=Intel64 Family 6 Model 61 Stepping 4, GenuineIntel
TMP=C:\Users\SHAXZO~1\AppData\Local\Temp
TEMP=C:\Users\SHAXZO~1\AppData\Local\Temp



Periodic native trim disabled

JNI global refs:
JNI global refs: 11, weak refs: 20

JNI global refs memory usage: 843, weak refs: 841

OOME stack traces (most recent first):
Classloader memory used:
Loader jdk.internal.loader.ClassLoaders$AppClassLoader                                 : 4961K
Loader bootstrap                                                                       : 1282K
Loader jdk.internal.reflect.DelegatingClassLoader                                      : 7299B


---------------  S Y S T E M  ---------------

OS:
 Windows 10 , 64 bit Build 19041 (10.0.19041.3636)
OS uptime: 0 days 2:56 hours

CPU: total 4 (initial active 4) (2 cores per cpu, 2 threads per core) family 6 model 61 stepping 4 microcode 0x2d, cx8, cmov, fxsr, ht, mmx, 3dnowpref, sse, sse2, sse3, ssse3, sse4.1, sse4.2, popcnt, lzcnt, tsc, tscinvbit, avx, avx2, aes, erms, clmul, bmi1, bmi2, adx, fma, vzeroupper, clflush
Processor Information for all 4 processors :
  Max Mhz: 2401, Current Mhz: 2401, Mhz Limit: 2401

Memory: 4k page, system-wide physical 8112M (546M free)
TotalPageFile size 8112M (AvailPageFile size 10M)
current process WorkingSet (physical memory assigned to process): 198M, peak: 203M
current process commit charge ("private bytes"): 242M, peak: 250M

vm_info: OpenJDK 64-Bit Server VM (17.0.10+0--11572160) for windows-amd64 JRE (17.0.10+0--11572160), built on Mar 13 2024 23:56:38 by "androidbuild" with MS VC++ 16.10 / 16.11 (VS2019)

END.
