#
# There is insufficient memory for the Java Runtime Environment to continue.
# Native memory allocation (mmap) failed to map 27262976 bytes for G1 virtual space
# Possible reasons:
#   The system is out of physical RAM or swap space
#   The process is running with CompressedOops enabled, and the Java Heap may be blocking the growth of the native heap
# Possible solutions:
#   Reduce memory load on the system
#   Increase physical memory or swap space
#   Check if swap backing store is full
#   Decrease Java heap size (-Xmx/-Xms)
#   Decrease number of Java threads
#   Decrease Java thread stack sizes (-Xss)
#   Set larger code cache with -XX:ReservedCodeCacheSize=
#   JVM is running with Unscaled Compressed Oops mode in which the Java heap is
#     placed in the first 4GB address space. The Java Heap base address is the
#     maximum limit for the native heap growth. Please use -XX:HeapBaseMinAddress
#     to set the Java Heap base and to place the Java Heap above 4GB virtual address.
# This output file may be truncated or incomplete.
#
#  Out of Memory Error (os_windows.cpp:3825), pid=10016, tid=8120
#
# JRE version: OpenJDK Runtime Environment (17.0.10) (build 17.0.10+0--11572160)
# Java VM: OpenJDK 64-Bit Server VM (17.0.10+0--11572160, mixed mode, tiered, compressed oops, compressed class ptrs, g1 gc, windows-amd64)
# No core dump will be written. Minidumps are not enabled by default on client versions of Windows
#

---------------  S U M M A R Y ------------

Command Line: --add-opens=java.base/java.util=ALL-UNNAMED --add-opens=java.base/java.lang=ALL-UNNAMED --add-opens=java.base/java.lang.invoke=ALL-UNNAMED --add-opens=java.prefs/java.util.prefs=ALL-UNNAMED --add-opens=java.base/java.nio.charset=ALL-UNNAMED --add-opens=java.base/java.net=ALL-UNNAMED --add-opens=java.base/java.util.concurrent.atomic=ALL-UNNAMED -Xmx2048m -Dfile.encoding=UTF-8 -Duser.country=US -Duser.language=en -Duser.variant -javaagent:C:\Users\Shaxzodbek\.gradle\wrapper\dists\gradle-8.6-bin\afr5mpiioh2wthjmwnkmdsd5w\gradle-8.6\lib\agents\gradle-instrumentation-agent-8.6.jar org.gradle.launcher.daemon.bootstrap.GradleDaemon 8.6

Host: Intel(R) Core(TM) i7-5500U CPU @ 2.40GHz, 4 cores, 7G,  Windows 10 , 64 bit Build 19041 (10.0.19041.3636)
Time: Mon May  6 16:40:59 2024 West Asia Standard Time elapsed time: 4.759948 seconds (0d 0h 0m 4s)

---------------  T H R E A D  ---------------

Current thread (0x0000012fdf0cd610):  VMThread "VM Thread" [stack: 0x0000002e44700000,0x0000002e44800000] [id=8120]

Stack: [0x0000002e44700000,0x0000002e44800000]
Native frames: (J=compiled Java code, j=interpreted, Vv=VM code, C=native code)
V  [jvm.dll+0x688e89]
V  [jvm.dll+0x84247a]
V  [jvm.dll+0x8440be]
V  [jvm.dll+0x844723]
V  [jvm.dll+0x24be0f]
V  [jvm.dll+0x685c59]
V  [jvm.dll+0x67a50a]
V  [jvm.dll+0x30cbab]
V  [jvm.dll+0x314056]
V  [jvm.dll+0x363dce]
V  [jvm.dll+0x363fff]
V  [jvm.dll+0x2e2978]
V  [jvm.dll+0x2e0b54]
V  [jvm.dll+0x2e015c]
V  [jvm.dll+0x3348fc]
V  [jvm.dll+0x848e1b]
V  [jvm.dll+0x849b61]
V  [jvm.dll+0x84a07d]
V  [jvm.dll+0x84a454]
V  [jvm.dll+0x84a520]
V  [jvm.dll+0x7f0d1a]
V  [jvm.dll+0x687d05]
C  [ucrtbase.dll+0x21bb2]
C  [KERNEL32.DLL+0x17344]
C  [ntdll.dll+0x526b1]

VM_Operation (0x0000002e45ef2ee0): CollectForMetadataAllocation, mode: safepoint, requested by thread 0x0000012fdf6c4de0


---------------  P R O C E S S  ---------------

Threads class SMR info:
_java_thread_list=0x0000012fe6db43e0, length=33, elements={
0x0000012fc596d070, 0x0000012fdf0d4240, 0x0000012fdf0d5d70, 0x0000012fdf105040,
0x0000012fdf105a00, 0x0000012fdf1063c0, 0x0000012fdf106d80, 0x0000012fdf107a70,
0x0000012fdf13a410, 0x0000012fdf154a20, 0x0000012fdf239db0, 0x0000012fdf3a0c40,
0x0000012fdf64f9b0, 0x0000012fe56b5990, 0x0000012fe4fceab0, 0x0000012fe55cd2d0,
0x0000012fe5753070, 0x0000012fe4961640, 0x0000012fdf6c48d0, 0x0000012fdf6c4de0,
0x0000012fdf6c52f0, 0x0000012fdf6c3490, 0x0000012fdf6c1b40, 0x0000012fdf6c3eb0,
0x0000012fdf6c2050, 0x0000012fdf6c2560, 0x0000012fdf6c43c0, 0x0000012fe6499aa0,
0x0000012fe6497c40, 0x0000012fe649a4c0, 0x0000012fe64958d0, 0x0000012fe649c320,
0x0000012fe6499fb0
}

Java Threads: ( => current thread )
  0x0000012fc596d070 JavaThread "main" [_thread_blocked, id=10228, stack(0x0000002e44100000,0x0000002e44200000)]
  0x0000012fdf0d4240 JavaThread "Reference Handler" daemon [_thread_blocked, id=5448, stack(0x0000002e44800000,0x0000002e44900000)]
  0x0000012fdf0d5d70 JavaThread "Finalizer" daemon [_thread_blocked, id=3436, stack(0x0000002e44900000,0x0000002e44a00000)]
  0x0000012fdf105040 JavaThread "Signal Dispatcher" daemon [_thread_blocked, id=8152, stack(0x0000002e44a00000,0x0000002e44b00000)]
  0x0000012fdf105a00 JavaThread "Attach Listener" daemon [_thread_blocked, id=1808, stack(0x0000002e44b00000,0x0000002e44c00000)]
  0x0000012fdf1063c0 JavaThread "Service Thread" daemon [_thread_blocked, id=7340, stack(0x0000002e44c00000,0x0000002e44d00000)]
  0x0000012fdf106d80 JavaThread "Monitor Deflation Thread" daemon [_thread_blocked, id=7876, stack(0x0000002e44d00000,0x0000002e44e00000)]
  0x0000012fdf107a70 JavaThread "C2 CompilerThread0" daemon [_thread_in_native, id=8912, stack(0x0000002e44e00000,0x0000002e44f00000)]
  0x0000012fdf13a410 JavaThread "C1 CompilerThread0" daemon [_thread_blocked, id=2540, stack(0x0000002e44f00000,0x0000002e45000000)]
  0x0000012fdf154a20 JavaThread "Sweeper thread" daemon [_thread_blocked, id=6216, stack(0x0000002e45000000,0x0000002e45100000)]
  0x0000012fdf239db0 JavaThread "Common-Cleaner" daemon [_thread_blocked, id=7264, stack(0x0000002e45100000,0x0000002e45200000)]
  0x0000012fdf3a0c40 JavaThread "Notification Thread" daemon [_thread_blocked, id=9032, stack(0x0000002e45200000,0x0000002e45300000)]
  0x0000012fdf64f9b0 JavaThread "C2 CompilerThread1" daemon [_thread_blocked, id=2368, stack(0x0000002e45400000,0x0000002e45500000)]
  0x0000012fe56b5990 JavaThread "Daemon health stats" [_thread_blocked, id=7720, stack(0x0000002e45800000,0x0000002e45900000)]
  0x0000012fe4fceab0 JavaThread "Incoming local TCP Connector on port 55961" [_thread_in_native, id=4020, stack(0x0000002e45900000,0x0000002e45a00000)]
  0x0000012fe55cd2d0 JavaThread "Daemon periodic checks" [_thread_blocked, id=5660, stack(0x0000002e45a00000,0x0000002e45b00000)]
  0x0000012fe5753070 JavaThread "Daemon" [_thread_blocked, id=7412, stack(0x0000002e45b00000,0x0000002e45c00000)]
  0x0000012fe4961640 JavaThread "Handler for socket connection from /127.0.0.1:55961 to /127.0.0.1:55962" [_thread_in_native, id=2852, stack(0x0000002e45c00000,0x0000002e45d00000)]
  0x0000012fdf6c48d0 JavaThread "Cancel handler" [_thread_blocked, id=8076, stack(0x0000002e45d00000,0x0000002e45e00000)]
  0x0000012fdf6c4de0 JavaThread "Daemon worker" [_thread_blocked, id=6080, stack(0x0000002e45e00000,0x0000002e45f00000)]
  0x0000012fdf6c52f0 JavaThread "Asynchronous log dispatcher for DefaultDaemonConnection: socket connection from /127.0.0.1:55961 to /127.0.0.1:55962" [_thread_blocked, id=6220, stack(0x0000002e45f00000,0x0000002e46000000)]
  0x0000012fdf6c3490 JavaThread "Stdin handler" [_thread_blocked, id=4348, stack(0x0000002e46000000,0x0000002e46100000)]
  0x0000012fdf6c1b40 JavaThread "Daemon client event forwarder" [_thread_blocked, id=9392, stack(0x0000002e46100000,0x0000002e46200000)]
  0x0000012fdf6c3eb0 JavaThread "Cache worker for journal cache (C:\Users\Shaxzodbek\.gradle\caches\journal-1)" [_thread_blocked, id=7872, stack(0x0000002e46200000,0x0000002e46300000)]
  0x0000012fdf6c2050 JavaThread "File lock request listener" [_thread_in_native, id=3800, stack(0x0000002e46300000,0x0000002e46400000)]
  0x0000012fdf6c2560 JavaThread "Cache worker for file hash cache (C:\Users\Shaxzodbek\.gradle\caches\8.6\fileHashes)" [_thread_blocked, id=2792, stack(0x0000002e46400000,0x0000002e46500000)]
  0x0000012fdf6c43c0 JavaThread "File watcher server" daemon [_thread_in_native, id=1860, stack(0x0000002e46500000,0x0000002e46600000)]
  0x0000012fe6499aa0 JavaThread "File watcher consumer" daemon [_thread_blocked, id=5760, stack(0x0000002e46600000,0x0000002e46700000)]
  0x0000012fe6497c40 JavaThread "Cache worker for checksums cache (C:\Users\Shaxzodbek\AndroidStudioProjects\CodialApp3\.gradle\8.6\checksums)" [_thread_blocked, id=9552, stack(0x0000002e46700000,0x0000002e46800000)]
  0x0000012fe649a4c0 JavaThread "Cache worker for file hash cache (C:\Users\Shaxzodbek\AndroidStudioProjects\CodialApp3\.gradle\8.6\fileHashes)" [_thread_blocked, id=9064, stack(0x0000002e46800000,0x0000002e46900000)]
  0x0000012fe64958d0 JavaThread "Cache worker for cache directory md-supplier (C:\Users\Shaxzodbek\.gradle\caches\8.6\md-supplier)" [_thread_blocked, id=9400, stack(0x0000002e46900000,0x0000002e46a00000)]
  0x0000012fe649c320 JavaThread "Cache worker for cache directory md-rule (C:\Users\Shaxzodbek\.gradle\caches\8.6\md-rule)" [_thread_blocked, id=7632, stack(0x0000002e46a00000,0x0000002e46b00000)]
  0x0000012fe6499fb0 JavaThread "Cache worker for file content cache (C:\Users\Shaxzodbek\.gradle\caches\8.6\fileContent)" [_thread_blocked, id=10180, stack(0x0000002e46b00000,0x0000002e46c00000)]

Other Threads:
=>0x0000012fdf0cd610 VMThread "VM Thread" [stack: 0x0000002e44700000,0x0000002e44800000] [id=8120]
  0x0000012fdf4864c0 WatcherThread [stack: 0x0000002e45300000,0x0000002e45400000] [id=9684]
  0x0000012fc59c6430 GCTaskThread "GC Thread#0" [stack: 0x0000002e44200000,0x0000002e44300000] [id=7436]
  0x0000012fdf7760c0 GCTaskThread "GC Thread#1" [stack: 0x0000002e45500000,0x0000002e45600000] [id=476]
  0x0000012fdf776380 GCTaskThread "GC Thread#2" [stack: 0x0000002e45600000,0x0000002e45700000] [id=5876]
  0x0000012fe40118b0 GCTaskThread "GC Thread#3" [stack: 0x0000002e45700000,0x0000002e45800000] [id=8348]
  0x0000012fc59d7280 ConcurrentGCThread "G1 Main Marker" [stack: 0x0000002e44300000,0x0000002e44400000] [id=7712]
  0x0000012fc59d8340 ConcurrentGCThread "G1 Conc#0" [stack: 0x0000002e44400000,0x0000002e44500000] [id=2204]
  0x0000012fdedf61b0 ConcurrentGCThread "G1 Refine#0" [stack: 0x0000002e44500000,0x0000002e44600000] [id=5052]
  0x0000012fdedf6ae0 ConcurrentGCThread "G1 Service" [stack: 0x0000002e44600000,0x0000002e44700000] [id=8016]

Threads with active compile tasks:
C2 CompilerThread0     4777 2867       4       org.objectweb.asm.Frame::execute (2318 bytes)
C2 CompilerThread1     4777 2923       4       java.net.URLStreamHandler::toExternalForm (156 bytes)

VM state: at safepoint (normal execution)

VM Mutex/Monitor currently owned by a thread:  ([mutex/lock_event])
[0x0000012fc59697a0] Threads_lock - owner thread: 0x0000012fdf0cd610
[0x0000012fc5969e60] Heap_lock - owner thread: 0x0000012fdf6c4de0

Heap address: 0x0000000080000000, size: 2048 MB, Compressed Oops mode: 32-bit

CDS archive(s) not mapped
Compressed class space mapped at: 0x0000000100000000-0x0000000140000000, reserved size: 1073741824
Narrow klass base: 0x0000000000000000, Narrow klass shift: 3, Narrow klass range: 0x140000000

GC Precious Log:
 CPUs: 4 total, 4 available
 Memory: 8112M
 Large Page Support: Disabled
 NUMA Support: Disabled
 Compressed Oops: Enabled (32-bit)
 Heap Region Size: 1M
 Heap Min Capacity: 8M
 Heap Initial Capacity: 128M
 Heap Max Capacity: 2G
 Pre-touch: Disabled
 Parallel Workers: 4
 Concurrent Workers: 1
 Concurrent Refinement Workers: 4
 Periodic GC: Disabled

Heap:
 garbage-first heap   total 80896K, used 23952K [0x0000000080000000, 0x0000000100000000)
  region size 1024K, 2 young (2048K), 2 survivors (2048K)
 Metaspace       used 35794K, committed 36096K, reserved 1114112K
  class space    used 4904K, committed 5056K, reserved 1048576K

Heap Regions: E=young(eden), S=young(survivor), O=old, HS=humongous(starts), HC=humongous(continues), CS=collection set, F=free, OA=open archive, CA=closed archive, TAMS=top-at-mark-start (previous, next)
|   0|0x0000000080000000, 0x0000000080100000, 0x0000000080100000|100%| O|  |TAMS 0x0000000080100000, 0x0000000080100000| Untracked 
|   1|0x0000000080100000, 0x0000000080200000, 0x0000000080200000|100%| O|  |TAMS 0x0000000080200000, 0x0000000080200000| Untracked 
|   2|0x0000000080200000, 0x0000000080300000, 0x0000000080300000|100%|HS|  |TAMS 0x0000000080300000, 0x0000000080300000| Complete 
|   3|0x0000000080300000, 0x0000000080400000, 0x0000000080400000|100%|HC|  |TAMS 0x0000000080400000, 0x0000000080400000| Complete 
|   4|0x0000000080400000, 0x0000000080500000, 0x0000000080500000|100%|HC|  |TAMS 0x0000000080500000, 0x0000000080500000| Complete 
|   5|0x0000000080500000, 0x0000000080600000, 0x0000000080600000|100%|HC|  |TAMS 0x0000000080600000, 0x0000000080600000| Complete 
|   6|0x0000000080600000, 0x0000000080700000, 0x0000000080700000|100%| O|  |TAMS 0x0000000080700000, 0x0000000080700000| Untracked 
|   7|0x0000000080700000, 0x0000000080800000, 0x0000000080800000|100%| O|  |TAMS 0x0000000080800000, 0x0000000080800000| Untracked 
|   8|0x0000000080800000, 0x0000000080900000, 0x0000000080900000|100%| O|  |TAMS 0x0000000080900000, 0x0000000080900000| Untracked 
|   9|0x0000000080900000, 0x0000000080a00000, 0x0000000080a00000|100%| O|  |TAMS 0x0000000080a00000, 0x0000000080a00000| Untracked 
|  10|0x0000000080a00000, 0x0000000080b00000, 0x0000000080b00000|100%| O|  |TAMS 0x0000000080a00000, 0x0000000080a00000| Untracked 
|  11|0x0000000080b00000, 0x0000000080c00000, 0x0000000080c00000|100%| O|  |TAMS 0x0000000080b00000, 0x0000000080c00000| Untracked 
|  12|0x0000000080c00000, 0x0000000080d00000, 0x0000000080d00000|100%| O|  |TAMS 0x0000000080c00000, 0x0000000080d00000| Untracked 
|  13|0x0000000080d00000, 0x0000000080e00000, 0x0000000080e00000|100%| O|  |TAMS 0x0000000080d00000, 0x0000000080e00000| Untracked 
|  14|0x0000000080e00000, 0x0000000080f00000, 0x0000000080f00000|100%| O|  |TAMS 0x0000000080e00000, 0x0000000080f00000| Untracked 
|  15|0x0000000080f00000, 0x0000000081000000, 0x0000000081000000|100%| O|  |TAMS 0x0000000080f00000, 0x0000000081000000| Untracked 
|  16|0x0000000081000000, 0x0000000081100000, 0x0000000081100000|100%| O|  |TAMS 0x0000000081000000, 0x0000000081100000| Untracked 
|  17|0x0000000081100000, 0x0000000081200000, 0x0000000081200000|100%| O|  |TAMS 0x0000000081100000, 0x0000000081200000| Untracked 
|  18|0x0000000081200000, 0x0000000081300000, 0x0000000081300000|100%| O|  |TAMS 0x0000000081200000, 0x0000000081300000| Untracked 
|  19|0x0000000081300000, 0x0000000081400000, 0x0000000081400000|100%| O|  |TAMS 0x0000000081300000, 0x0000000081400000| Untracked 
|  20|0x0000000081400000, 0x0000000081500000, 0x0000000081500000|100%| O|  |TAMS 0x0000000081400000, 0x00000000814de600| Untracked 
|  21|0x0000000081500000, 0x000000008158a400, 0x0000000081600000| 54%| O|  |TAMS 0x0000000081500000, 0x0000000081500000| Untracked 
|  22|0x0000000081600000, 0x0000000081600000, 0x0000000081700000|  0%| F|  |TAMS 0x0000000081600000, 0x0000000081600000| Untracked 
|  23|0x0000000081700000, 0x0000000081700000, 0x0000000081800000|  0%| F|  |TAMS 0x0000000081700000, 0x0000000081700000| Untracked 
|  24|0x0000000081800000, 0x0000000081800000, 0x0000000081900000|  0%| F|  |TAMS 0x0000000081800000, 0x0000000081800000| Untracked 
|  25|0x0000000081900000, 0x0000000081900000, 0x0000000081a00000|  0%| F|  |TAMS 0x0000000081900000, 0x0000000081900000| Untracked 
|  26|0x0000000081a00000, 0x0000000081a00000, 0x0000000081b00000|  0%| F|  |TAMS 0x0000000081a00000, 0x0000000081a00000| Untracked 
|  27|0x0000000081b00000, 0x0000000081b00000, 0x0000000081c00000|  0%| F|  |TAMS 0x0000000081b00000, 0x0000000081b00000| Untracked 
|  28|0x0000000081c00000, 0x0000000081c00000, 0x0000000081d00000|  0%| F|  |TAMS 0x0000000081c00000, 0x0000000081c00000| Untracked 
|  29|0x0000000081d00000, 0x0000000081d00000, 0x0000000081e00000|  0%| F|  |TAMS 0x0000000081d00000, 0x0000000081d00000| Untracked 
|  30|0x0000000081e00000, 0x0000000081e00000, 0x0000000081f00000|  0%| F|  |TAMS 0x0000000081e00000, 0x0000000081e00000| Untracked 
|  31|0x0000000081f00000, 0x0000000081f00000, 0x0000000082000000|  0%| F|  |TAMS 0x0000000081f00000, 0x0000000081f00000| Untracked 
|  32|0x0000000082000000, 0x0000000082000000, 0x0000000082100000|  0%| F|  |TAMS 0x0000000082000000, 0x0000000082000000| Untracked 
|  33|0x0000000082100000, 0x0000000082100000, 0x0000000082200000|  0%| F|  |TAMS 0x0000000082100000, 0x0000000082100000| Untracked 
|  34|0x0000000082200000, 0x0000000082200000, 0x0000000082300000|  0%| F|  |TAMS 0x0000000082200000, 0x0000000082200000| Untracked 
|  35|0x0000000082300000, 0x0000000082300000, 0x0000000082400000|  0%| F|  |TAMS 0x0000000082300000, 0x0000000082300000| Untracked 
|  36|0x0000000082400000, 0x0000000082400000, 0x0000000082500000|  0%| F|  |TAMS 0x0000000082400000, 0x0000000082400000| Untracked 
|  37|0x0000000082500000, 0x0000000082500000, 0x0000000082600000|  0%| F|  |TAMS 0x0000000082500000, 0x0000000082500000| Untracked 
|  38|0x0000000082600000, 0x0000000082600000, 0x0000000082700000|  0%| F|  |TAMS 0x0000000082600000, 0x0000000082600000| Untracked 
|  39|0x0000000082700000, 0x0000000082700000, 0x0000000082800000|  0%| F|  |TAMS 0x0000000082700000, 0x0000000082700000| Untracked 
|  40|0x0000000082800000, 0x0000000082800000, 0x0000000082900000|  0%| F|  |TAMS 0x0000000082800000, 0x0000000082800000| Untracked 
|  41|0x0000000082900000, 0x0000000082900000, 0x0000000082a00000|  0%| F|  |TAMS 0x0000000082900000, 0x0000000082900000| Untracked 
|  42|0x0000000082a00000, 0x0000000082a00000, 0x0000000082b00000|  0%| F|  |TAMS 0x0000000082a00000, 0x0000000082a00000| Untracked 
|  43|0x0000000082b00000, 0x0000000082b00000, 0x0000000082c00000|  0%| F|  |TAMS 0x0000000082b00000, 0x0000000082b00000| Untracked 
|  44|0x0000000082c00000, 0x0000000082c00000, 0x0000000082d00000|  0%| F|  |TAMS 0x0000000082c00000, 0x0000000082c00000| Untracked 
|  45|0x0000000082d00000, 0x0000000082d00000, 0x0000000082e00000|  0%| F|  |TAMS 0x0000000082d00000, 0x0000000082d00000| Untracked 
|  46|0x0000000082e00000, 0x0000000082e00000, 0x0000000082f00000|  0%| F|  |TAMS 0x0000000082e00000, 0x0000000082e00000| Untracked 
|  47|0x0000000082f00000, 0x0000000082f00000, 0x0000000083000000|  0%| F|  |TAMS 0x0000000082f00000, 0x0000000082f00000| Untracked 
|  48|0x0000000083000000, 0x0000000083000000, 0x0000000083100000|  0%| F|  |TAMS 0x0000000083000000, 0x0000000083000000| Untracked 
|  49|0x0000000083100000, 0x0000000083100000, 0x0000000083200000|  0%| F|  |TAMS 0x0000000083100000, 0x0000000083100000| Untracked 
|  50|0x0000000083200000, 0x0000000083200000, 0x0000000083300000|  0%| F|  |TAMS 0x0000000083200000, 0x0000000083200000| Untracked 
|  51|0x0000000083300000, 0x0000000083300000, 0x0000000083400000|  0%| F|  |TAMS 0x0000000083300000, 0x0000000083300000| Untracked 
|  52|0x0000000083400000, 0x0000000083400000, 0x0000000083500000|  0%| F|  |TAMS 0x0000000083400000, 0x0000000083400000| Untracked 
|  53|0x0000000083500000, 0x0000000083500000, 0x0000000083600000|  0%| F|  |TAMS 0x0000000083500000, 0x0000000083500000| Untracked 
|  54|0x0000000083600000, 0x00000000836d9e70, 0x0000000083700000| 85%| S|CS|TAMS 0x0000000083600000, 0x0000000083600000| Complete 
|  55|0x0000000083700000, 0x0000000083800000, 0x0000000083800000|100%| S|CS|TAMS 0x0000000083700000, 0x0000000083700000| Complete 
|  56|0x0000000083800000, 0x0000000083800000, 0x0000000083900000|  0%| F|  |TAMS 0x0000000083800000, 0x0000000083800000| Untracked 
|  57|0x0000000083900000, 0x0000000083900000, 0x0000000083a00000|  0%| F|  |TAMS 0x0000000083900000, 0x0000000083900000| Untracked 
|  58|0x0000000083a00000, 0x0000000083a00000, 0x0000000083b00000|  0%| F|  |TAMS 0x0000000083a00000, 0x0000000083a00000| Untracked 
|  59|0x0000000083b00000, 0x0000000083b00000, 0x0000000083c00000|  0%| F|  |TAMS 0x0000000083b00000, 0x0000000083b00000| Untracked 
|  60|0x0000000083c00000, 0x0000000083c00000, 0x0000000083d00000|  0%| F|  |TAMS 0x0000000083c00000, 0x0000000083c00000| Untracked 
|  61|0x0000000083d00000, 0x0000000083d00000, 0x0000000083e00000|  0%| F|  |TAMS 0x0000000083d00000, 0x0000000083d00000| Untracked 
|  62|0x0000000083e00000, 0x0000000083e00000, 0x0000000083f00000|  0%| F|  |TAMS 0x0000000083e00000, 0x0000000083e00000| Untracked 
|  63|0x0000000083f00000, 0x0000000083f00000, 0x0000000084000000|  0%| F|  |TAMS 0x0000000083f00000, 0x0000000083f00000| Untracked 
|  64|0x0000000084000000, 0x0000000084000000, 0x0000000084100000|  0%| F|  |TAMS 0x0000000084000000, 0x0000000084000000| Untracked 
|  65|0x0000000084100000, 0x0000000084100000, 0x0000000084200000|  0%| F|  |TAMS 0x0000000084100000, 0x0000000084100000| Untracked 
|  66|0x0000000084200000, 0x0000000084200000, 0x0000000084300000|  0%| F|  |TAMS 0x0000000084200000, 0x0000000084200000| Untracked 
|  67|0x0000000084300000, 0x0000000084300000, 0x0000000084400000|  0%| F|  |TAMS 0x0000000084300000, 0x0000000084300000| Untracked 
|  68|0x0000000084400000, 0x0000000084400000, 0x0000000084500000|  0%| F|  |TAMS 0x0000000084400000, 0x0000000084400000| Untracked 
|  69|0x0000000084500000, 0x0000000084500000, 0x0000000084600000|  0%| F|  |TAMS 0x0000000084500000, 0x0000000084500000| Untracked 
|  70|0x0000000084600000, 0x0000000084600000, 0x0000000084700000|  0%| F|  |TAMS 0x0000000084600000, 0x0000000084600000| Untracked 
|  71|0x0000000084700000, 0x0000000084700000, 0x0000000084800000|  0%| F|  |TAMS 0x0000000084700000, 0x0000000084700000| Untracked 
|  72|0x0000000084800000, 0x0000000084800000, 0x0000000084900000|  0%| F|  |TAMS 0x0000000084800000, 0x0000000084800000| Untracked 
|  73|0x0000000084900000, 0x0000000084900000, 0x0000000084a00000|  0%| F|  |TAMS 0x0000000084900000, 0x0000000084900000| Untracked 
|  74|0x0000000084a00000, 0x0000000084a00000, 0x0000000084b00000|  0%| F|  |TAMS 0x0000000084a00000, 0x0000000084a00000| Untracked 
|  75|0x0000000084b00000, 0x0000000084b00000, 0x0000000084c00000|  0%| F|  |TAMS 0x0000000084b00000, 0x0000000084b00000| Untracked 
|  76|0x0000000084c00000, 0x0000000084c00000, 0x0000000084d00000|  0%| F|  |TAMS 0x0000000084c00000, 0x0000000084c00000| Untracked 
|  77|0x0000000084d00000, 0x0000000084d00000, 0x0000000084e00000|  0%| F|  |TAMS 0x0000000084d00000, 0x0000000084d00000| Untracked 
| 127|0x0000000087f00000, 0x0000000087f00000, 0x0000000088000000|  0%| F|  |TAMS 0x0000000087f00000, 0x0000000087f00000| Untracked 

Card table byte_map: [0x0000012fd8240000,0x0000012fd8640000] _byte_map_base: 0x0000012fd7e40000

Marking Bits (Prev, Next): (CMBitMap*) 0x0000012fc59c6990, (CMBitMap*) 0x0000012fc59c6950
 Prev Bits: [0x0000012fdaa40000, 0x0000012fdca40000)
 Next Bits: [0x0000012fd8a40000, 0x0000012fdaa40000)

Polling page: 0x0000012fc3ae0000

Metaspace:

Usage:
  Non-class:     30.17 MB used.
      Class:      4.79 MB used.
       Both:     34.96 MB used.

Virtual space:
  Non-class space:       64.00 MB reserved,      30.31 MB ( 47%) committed,  1 nodes.
      Class space:        1.00 GB reserved,       4.94 MB ( <1%) committed,  1 nodes.
             Both:        1.06 GB reserved,      35.25 MB (  3%) committed. 

Chunk freelists:
   Non-Class:  960.00 KB
       Class:  11.02 MB
        Both:  11.95 MB

MaxMetaspaceSize: unlimited
CompressedClassSpaceSize: 1.00 GB
Initial GC threshold: 21.00 MB
Current GC threshold: 35.25 MB
CDS: off
MetaspaceReclaimPolicy: balanced
 - commit_granule_bytes: 65536.
 - commit_granule_words: 8192.
 - virtual_space_node_default_size: 8388608.
 - enlarge_chunks_in_place: 1.
 - new_chunks_are_fully_committed: 0.
 - uncommit_free_chunks: 1.
 - use_allocation_guard: 0.
 - handle_deallocations: 1.


Internal statistics:

num_allocs_failed_limit: 6.
num_arena_births: 270.
num_arena_deaths: 0.
num_vsnodes_births: 2.
num_vsnodes_deaths: 0.
num_space_committed: 564.
num_space_uncommitted: 0.
num_chunks_returned_to_freelist: 6.
num_chunks_taken_from_freelist: 1279.
num_chunk_merges: 6.
num_chunk_splits: 852.
num_chunks_enlarged: 604.
num_inconsistent_stats: 0.

CodeHeap 'non-profiled nmethods': size=120000Kb used=1625Kb max_used=1625Kb free=118374Kb
 bounds [0x0000012fd0910000, 0x0000012fd0b80000, 0x0000012fd7e40000]
CodeHeap 'profiled nmethods': size=120000Kb used=6220Kb max_used=6220Kb free=113779Kb
 bounds [0x0000012fc8e40000, 0x0000012fc9460000, 0x0000012fd0370000]
CodeHeap 'non-nmethods': size=5760Kb used=1245Kb max_used=1289Kb free=4514Kb
 bounds [0x0000012fd0370000, 0x0000012fd05e0000, 0x0000012fd0910000]
 total_blobs=3478 nmethods=2923 adapters=467
 compilation: enabled
              stopped_count=0, restarted_count=0
 full_count=0

Compilation events (20 events):
Event: 4.693 Thread 0x0000012fdf64f9b0 nmethod 2876 0x0000012fd0aa3310 code [0x0000012fd0aa34a0, 0x0000012fd0aa3cd8]
Event: 4.693 Thread 0x0000012fdf64f9b0 2906       4       java.util.AbstractSet::<init> (5 bytes)
Event: 4.694 Thread 0x0000012fdf64f9b0 nmethod 2906 0x0000012fd0aa4010 code [0x0000012fd0aa4180, 0x0000012fd0aa41f8]
Event: 4.694 Thread 0x0000012fdf64f9b0 2870   !   4       java.util.zip.ZipFile$CleanableResource::getInflater (47 bytes)
Event: 4.701 Thread 0x0000012fdf64f9b0 nmethod 2870 0x0000012fd0aa4310 code [0x0000012fd0aa44c0, 0x0000012fd0aa4b98]
Event: 4.701 Thread 0x0000012fdf64f9b0 2887       4       java.lang.invoke.VarHandle::checkExactAccessMode (28 bytes)
Event: 4.709 Thread 0x0000012fdf64f9b0 nmethod 2887 0x0000012fd0aa4e90 code [0x0000012fd0aa5040, 0x0000012fd0aa56a8]
Event: 4.709 Thread 0x0000012fdf64f9b0 2919       4       jdk.internal.org.objectweb.asm.MethodWriter::visitEnd (1 bytes)
Event: 4.709 Thread 0x0000012fdf64f9b0 nmethod 2919 0x0000012fd0aa5990 code [0x0000012fd0aa5b00, 0x0000012fd0aa5b78]
Event: 4.710 Thread 0x0000012fdf64f9b0 2921       4       java.util.jar.Attributes::getValue (9 bytes)
Event: 4.715 Thread 0x0000012fdf64f9b0 nmethod 2921 0x0000012fd0aa5c90 code [0x0000012fd0aa5e40, 0x0000012fd0aa6158]
Event: 4.717 Thread 0x0000012fdf13a410 2922       3       java.lang.Class::privateGetDeclaredFields (64 bytes)
Event: 4.717 Thread 0x0000012fdf13a410 nmethod 2922 0x0000012fc9451690 code [0x0000012fc94518c0, 0x0000012fc9452098]
Event: 4.721 Thread 0x0000012fdf64f9b0 2923       4       java.net.URLStreamHandler::toExternalForm (156 bytes)
Event: 4.736 Thread 0x0000012fdf13a410 2924       3       java.io.DataInputStream::readInt (68 bytes)
Event: 4.736 Thread 0x0000012fdf13a410 nmethod 2924 0x0000012fc9452310 code [0x0000012fc9452500, 0x0000012fc9452a48]
Event: 4.736 Thread 0x0000012fdf13a410 2926       3       org.codehaus.groovy.reflection.GeneratedMetaMethod$DgmMethodRecord::<init> (5 bytes)
Event: 4.736 Thread 0x0000012fdf13a410 nmethod 2926 0x0000012fc9452c10 code [0x0000012fc9452da0, 0x0000012fc9452ef8]
Event: 4.744 Thread 0x0000012fdf13a410 2928       3       java.util.concurrent.locks.ReentrantLock$Sync::isHeldExclusively (16 bytes)
Event: 4.745 Thread 0x0000012fdf13a410 nmethod 2928 0x0000012fc9452f90 code [0x0000012fc9453120, 0x0000012fc94532b8]

GC Heap History (17 events):
Event: 0.510 GC heap before
{Heap before GC invocations=0 (full 0):
 garbage-first heap   total 131072K, used 12288K [0x0000000080000000, 0x0000000100000000)
  region size 1024K, 13 young (13312K), 0 survivors (0K)
 Metaspace       used 7672K, committed 7808K, reserved 1114112K
  class space    used 674K, committed 704K, reserved 1048576K
}
Event: 0.514 GC heap after
{Heap after GC invocations=1 (full 0):
 garbage-first heap   total 131072K, used 3157K [0x0000000080000000, 0x0000000100000000)
  region size 1024K, 2 young (2048K), 2 survivors (2048K)
 Metaspace       used 7672K, committed 7808K, reserved 1114112K
  class space    used 674K, committed 704K, reserved 1048576K
}
Event: 1.067 GC heap before
{Heap before GC invocations=1 (full 0):
 garbage-first heap   total 131072K, used 22613K [0x0000000080000000, 0x0000000100000000)
  region size 1024K, 18 young (18432K), 2 survivors (2048K)
 Metaspace       used 11367K, committed 11584K, reserved 1114112K
  class space    used 1196K, committed 1280K, reserved 1048576K
}
Event: 1.071 GC heap after
{Heap after GC invocations=2 (full 0):
 garbage-first heap   total 131072K, used 10763K [0x0000000080000000, 0x0000000100000000)
  region size 1024K, 3 young (3072K), 3 survivors (3072K)
 Metaspace       used 11367K, committed 11584K, reserved 1114112K
  class space    used 1196K, committed 1280K, reserved 1048576K
}
Event: 1.433 GC heap before
{Heap before GC invocations=2 (full 0):
 garbage-first heap   total 131072K, used 33291K [0x0000000080000000, 0x0000000100000000)
  region size 1024K, 25 young (25600K), 3 survivors (3072K)
 Metaspace       used 11457K, committed 11648K, reserved 1114112K
  class space    used 1197K, committed 1280K, reserved 1048576K
}
Event: 1.436 GC heap after
{Heap after GC invocations=3 (full 0):
 garbage-first heap   total 131072K, used 11253K [0x0000000080000000, 0x0000000100000000)
  region size 1024K, 1 young (1024K), 1 survivors (1024K)
 Metaspace       used 11457K, committed 11648K, reserved 1114112K
  class space    used 1197K, committed 1280K, reserved 1048576K
}
Event: 2.631 GC heap before
{Heap before GC invocations=3 (full 0):
 garbage-first heap   total 131072K, used 61429K [0x0000000080000000, 0x0000000100000000)
  region size 1024K, 50 young (51200K), 1 survivors (1024K)
 Metaspace       used 21291K, committed 21504K, reserved 1114112K
  class space    used 2501K, committed 2624K, reserved 1048576K
}
Event: 2.639 GC heap after
{Heap after GC invocations=4 (full 0):
 garbage-first heap   total 131072K, used 18700K [0x0000000080000000, 0x0000000100000000)
  region size 1024K, 8 young (8192K), 8 survivors (8192K)
 Metaspace       used 21291K, committed 21504K, reserved 1114112K
  class space    used 2501K, committed 2624K, reserved 1048576K
}
Event: 3.334 GC heap before
{Heap before GC invocations=5 (full 0):
 garbage-first heap   total 68608K, used 51468K [0x0000000080000000, 0x0000000100000000)
  region size 1024K, 40 young (40960K), 8 survivors (8192K)
 Metaspace       used 26249K, committed 26496K, reserved 1114112K
  class space    used 3363K, committed 3456K, reserved 1048576K
}
Event: 3.343 GC heap after
{Heap after GC invocations=6 (full 0):
 garbage-first heap   total 68608K, used 20501K [0x0000000080000000, 0x0000000100000000)
  region size 1024K, 2 young (2048K), 2 survivors (2048K)
 Metaspace       used 26249K, committed 26496K, reserved 1114112K
  class space    used 3363K, committed 3456K, reserved 1048576K
}
Event: 3.364 GC heap before
{Heap before GC invocations=6 (full 0):
 garbage-first heap   total 68608K, used 21525K [0x0000000080000000, 0x0000000100000000)
  region size 1024K, 3 young (3072K), 2 survivors (2048K)
 Metaspace       used 26470K, committed 26752K, reserved 1114112K
  class space    used 3394K, committed 3520K, reserved 1048576K
}
Event: 3.369 GC heap after
{Heap after GC invocations=7 (full 0):
 garbage-first heap   total 68608K, used 20677K [0x0000000080000000, 0x0000000100000000)
  region size 1024K, 1 young (1024K), 1 survivors (1024K)
 Metaspace       used 26470K, committed 26752K, reserved 1114112K
  class space    used 3394K, committed 3520K, reserved 1048576K
}
Event: 4.042 GC heap before
{Heap before GC invocations=7 (full 0):
 garbage-first heap   total 68608K, used 49349K [0x0000000080000000, 0x0000000100000000)
  region size 1024K, 29 young (29696K), 1 survivors (1024K)
 Metaspace       used 30299K, committed 30528K, reserved 1114112K
  class space    used 4063K, committed 4160K, reserved 1048576K
}
Event: 4.045 GC heap after
{Heap after GC invocations=8 (full 0):
 garbage-first heap   total 68608K, used 22173K [0x0000000080000000, 0x0000000100000000)
  region size 1024K, 2 young (2048K), 2 survivors (2048K)
 Metaspace       used 30299K, committed 30528K, reserved 1114112K
  class space    used 4063K, committed 4160K, reserved 1048576K
}
Event: 4.552 GC heap before
{Heap before GC invocations=8 (full 0):
 garbage-first heap   total 68608K, used 50845K [0x0000000080000000, 0x0000000100000000)
  region size 1024K, 30 young (30720K), 2 survivors (2048K)
 Metaspace       used 33769K, committed 34112K, reserved 1114112K
  class space    used 4621K, committed 4800K, reserved 1048576K
}
Event: 4.558 GC heap after
{Heap after GC invocations=9 (full 0):
 garbage-first heap   total 68608K, used 23355K [0x0000000080000000, 0x0000000100000000)
  region size 1024K, 3 young (3072K), 3 survivors (3072K)
 Metaspace       used 33769K, committed 34112K, reserved 1114112K
  class space    used 4621K, committed 4800K, reserved 1048576K
}
Event: 4.748 GC heap before
{Heap before GC invocations=9 (full 0):
 garbage-first heap   total 68608K, used 32571K [0x0000000080000000, 0x0000000100000000)
  region size 1024K, 14 young (14336K), 3 survivors (3072K)
 Metaspace       used 35794K, committed 36096K, reserved 1114112K
  class space    used 4904K, committed 5056K, reserved 1048576K
}

Dll operation events (3 events):
Event: 0.009 Loaded shared library C:\Program Files\Android\Android Studio1\jbr\bin\java.dll
Event: 0.157 Loaded shared library C:\Program Files\Android\Android Studio1\jbr\bin\zip.dll
Event: 0.528 Loaded shared library C:\Program Files\Android\Android Studio1\jbr\bin\verify.dll

Deoptimization events (20 events):
Event: 3.958 Thread 0x0000012fdf6c4de0 Uncommon trap: trap_request=0xffffff76 fr.pc=0x0000012fd0a5c8f4 relative=0x0000000000000154
Event: 3.958 Thread 0x0000012fdf6c4de0 Uncommon trap: reason=predicate action=maybe_recompile pc=0x0000012fd0a5c8f4 method=com.google.common.base.CharMatcher.indexIn(Ljava/lang/CharSequence;I)I @ 19 c2
Event: 3.958 Thread 0x0000012fdf6c4de0 DEOPT PACKING pc=0x0000012fd0a5c8f4 sp=0x0000002e45efa100
Event: 3.958 Thread 0x0000012fdf6c4de0 DEOPT UNPACKING pc=0x0000012fd03c69a3 sp=0x0000002e45efa090 mode 2
Event: 4.038 Thread 0x0000012fdf6c4de0 Uncommon trap: trap_request=0xffffff45 fr.pc=0x0000012fd09e5ebc relative=0x000000000000059c
Event: 4.038 Thread 0x0000012fdf6c4de0 Uncommon trap: reason=unstable_if action=reinterpret pc=0x0000012fd09e5ebc method=java.util.Properties$LineReader.readLine()I @ 95 c2
Event: 4.038 Thread 0x0000012fdf6c4de0 DEOPT PACKING pc=0x0000012fd09e5ebc sp=0x0000002e45efb160
Event: 4.038 Thread 0x0000012fdf6c4de0 DEOPT UNPACKING pc=0x0000012fd03c69a3 sp=0x0000002e45efb110 mode 2
Event: 4.262 Thread 0x0000012fdf6c4de0 Uncommon trap: trap_request=0xffffff45 fr.pc=0x0000012fd096736c relative=0x00000000000005ac
Event: 4.262 Thread 0x0000012fdf6c4de0 Uncommon trap: reason=unstable_if action=reinterpret pc=0x0000012fd096736c method=java.util.HashMap.hash(Ljava/lang/Object;)I @ 1 c2
Event: 4.262 Thread 0x0000012fdf6c4de0 DEOPT PACKING pc=0x0000012fd096736c sp=0x0000002e45ef65c0
Event: 4.262 Thread 0x0000012fdf6c4de0 DEOPT UNPACKING pc=0x0000012fd03c69a3 sp=0x0000002e45ef6468 mode 2
Event: 4.598 Thread 0x0000012fdf6c4de0 Uncommon trap: trap_request=0xffffffc6 fr.pc=0x0000012fd0a88e08 relative=0x00000000000001c8
Event: 4.598 Thread 0x0000012fdf6c4de0 Uncommon trap: reason=bimorphic_or_optimized_type_check action=maybe_recompile pc=0x0000012fd0a88e08 method=java.util.regex.Pattern$BmpCharProperty.match(Ljava/util/regex/Matcher;ILjava/lang/CharSequence;)Z @ 19 c2
Event: 4.598 Thread 0x0000012fdf6c4de0 DEOPT PACKING pc=0x0000012fd0a88e08 sp=0x0000002e45ef83a0
Event: 4.598 Thread 0x0000012fdf6c4de0 DEOPT UNPACKING pc=0x0000012fd03c69a3 sp=0x0000002e45ef8338 mode 2
Event: 4.598 Thread 0x0000012fdf6c4de0 Uncommon trap: trap_request=0xffffffc6 fr.pc=0x0000012fd0a88e08 relative=0x00000000000001c8
Event: 4.598 Thread 0x0000012fdf6c4de0 Uncommon trap: reason=bimorphic_or_optimized_type_check action=maybe_recompile pc=0x0000012fd0a88e08 method=java.util.regex.Pattern$BmpCharProperty.match(Ljava/util/regex/Matcher;ILjava/lang/CharSequence;)Z @ 19 c2
Event: 4.598 Thread 0x0000012fdf6c4de0 DEOPT PACKING pc=0x0000012fd0a88e08 sp=0x0000002e45ef83a0
Event: 4.598 Thread 0x0000012fdf6c4de0 DEOPT UNPACKING pc=0x0000012fd03c69a3 sp=0x0000002e45ef8338 mode 2

Classes unloaded (0 events):
No events

Classes redefined (0 events):
No events

Internal exceptions (20 events):
Event: 3.090 Thread 0x0000012fdf6c4de0 Exception <a 'java/lang/NoSuchMethodError'{0x00000000828858d8}: 'java.lang.Object java.lang.invoke.Invokers$Holder.invokeExact_MT(java.lang.Object, java.lang.Object, java.lang.Object, java.lang.Object, java.lang.Object, java.lang.Object)'> (0x00000000828858d8) 
thrown [s\src\hotspot\share\interpreter\linkResolver.cpp, line 771]
Event: 3.150 Thread 0x0000012fdf6c4de0 Exception <a 'java/lang/IncompatibleClassChangeError'{0x000000008256ab90}: Found class java.lang.Object, but interface was expected> (0x000000008256ab90) 
thrown [s\src\hotspot\share\interpreter\linkResolver.cpp, line 838]
Event: 3.623 Thread 0x0000012fdf6c4de0 Exception <a 'java/lang/NoSuchMethodError'{0x00000000838f5288}: 'java.lang.Object java.lang.invoke.DirectMethodHandle$Holder.invokeVirtual(java.lang.Object, java.lang.Object, java.lang.Object, java.lang.Object)'> (0x00000000838f5288) 
thrown [s\src\hotspot\share\interpreter\linkResolver.cpp, line 771]
Event: 3.671 Thread 0x0000012fdf6c4de0 Exception <a 'java/lang/NoSuchMethodError'{0x000000008363e770}: 'java.lang.Object java.lang.invoke.DirectMethodHandle$Holder.newInvokeSpecial(java.lang.Object, java.lang.Object, java.lang.Object, java.lang.Object, java.lang.Object, java.lang.Object, java.lang.Object)'> (0x000000008363e770) 
thrown [s\src\hotspot\share\interpreter\linkResolver.cpp, line 771]
Event: 3.671 Thread 0x0000012fdf6c4de0 Exception <a 'java/lang/NoSuchMethodError'{0x0000000083643440}: 'java.lang.Object java.lang.invoke.Invokers$Holder.linkToTargetMethod(java.lang.Object, java.lang.Object, java.lang.Object, java.lang.Object, java.lang.Object, java.lang.Object, java.lang.Object)'> (0x0000000083643440) 
thrown [s\src\hotspot\share\interpreter\linkResolver.cpp, line 771]
Event: 3.995 Thread 0x0000012fdf6c4de0 Exception <a 'java/lang/NoSuchMethodError'{0x000000008272fba0}: 'void java.lang.invoke.DirectMethodHandle$Holder.invokeStatic(java.lang.Object, java.lang.Object, java.lang.Object, java.lang.Object)'> (0x000000008272fba0) 
thrown [s\src\hotspot\share\interpreter\linkResolver.cpp, line 771]
Event: 4.000 Thread 0x0000012fdf6c4de0 Exception <a 'java/lang/NoSuchMethodError'{0x00000000827442c8}: 'int java.lang.invoke.DirectMethodHandle$Holder.invokeVirtual(java.lang.Object, java.lang.Object)'> (0x00000000827442c8) 
thrown [s\src\hotspot\share\interpreter\linkResolver.cpp, line 771]
Event: 4.003 Thread 0x0000012fdf6c4de0 Exception <a 'java/lang/NoSuchMethodError'{0x0000000082756e78}: 'java.lang.Object java.lang.invoke.DirectMethodHandle$Holder.invokeStaticInit(java.lang.Object, java.lang.Object, java.lang.Object)'> (0x0000000082756e78) 
thrown [s\src\hotspot\share\interpreter\linkResolver.cpp, line 771]
Event: 4.162 Thread 0x0000012fdf6c4de0 Exception <a 'java/lang/NoSuchMethodError'{0x000000008461a1d8}: 'java.lang.Object java.lang.invoke.DirectMethodHandle$Holder.invokeSpecialIFC(java.lang.Object, java.lang.Object, java.lang.Object, java.lang.Object)'> (0x000000008461a1d8) 
thrown [s\src\hotspot\share\interpreter\linkResolver.cpp, line 771]
Event: 4.171 Thread 0x0000012fdf6c4de0 Exception <a 'java/lang/NoSuchMethodError'{0x000000008469bba0}: 'java.lang.Object java.lang.invoke.DirectMethodHandle$Holder.newInvokeSpecial(java.lang.Object, java.lang.Object, java.lang.Object, java.lang.Object, java.lang.Object, java.lang.Object, java.lang.Object, java.lang.Object, java.lang.Object, java.lang.Object)'> (0x000000008469bba0) 
thrown [s\src\hotspot\share\interpreter\linkResolver.cpp, line 771]
Event: 4.171 Thread 0x0000012fdf6c4de0 Exception <a 'java/lang/NoSuchMethodError'{0x00000000846a0a88}: 'java.lang.Object java.lang.invoke.Invokers$Holder.linkToTargetMethod(java.lang.Object, java.lang.Object, java.lang.Object, java.lang.Object, java.lang.Object, java.lang.Object, java.lang.Object, java.lang.Object, java.lang.Object, java.lang.Object)'> (0x00000000846a0a88) 
thrown [s\src\hotspot\share\interpreter\linkResolver.cpp, line 771]
Event: 4.177 Thread 0x0000012fdf6c4de0 Exception <a 'java/lang/NoSuchMethodError'{0x0000000083917008}: 'java.lang.Object java.lang.invoke.DirectMethodHandle$Holder.newInvokeSpecial(java.lang.Object, java.lang.Object, java.lang.Object, java.lang.Object, java.lang.Object, java.lang.Object, java.lang.Object, java.lang.Object, java.lang.Object, java.lang.Object, java.lang.Object)'> (0x0000000083917008) 
thrown [s\src\hotspot\share\interpreter\linkResolver.cpp, line 771]
Event: 4.177 Thread 0x0000012fdf6c4de0 Exception <a 'java/lang/NoSuchMethodError'{0x000000008391cb40}: 'java.lang.Object java.lang.invoke.DirectMethodHandle$Holder.invokeSpecial(java.lang.Object, java.lang.Object, java.lang.Object, java.lang.Object, java.lang.Object, java.lang.Object, java.lang.Object, java.lang.Object, java.lang.Object, java.lang.Object, java.lang.Object, java.lang.Object)'> (0x000000008391cb40) 
thrown [s\src\hotspot\share\interpreter\linkResolver.cpp, line 771]
Event: 4.177 Thread 0x0000012fdf6c4de0 Exception <a 'java/lang/NoSuchMethodError'{0x00000000839221d8}: 'java.lang.Object java.lang.invoke.Invokers$Holder.linkToTargetMethod(java.lang.Object, java.lang.Object, java.lang.Object, java.lang.Object, java.lang.Object, java.lang.Object, java.lang.Object, java.lang.Object, java.lang.Object, java.lang.Object, java.lang.Object)'> (0x00000000839221d8) 
thrown [s\src\hotspot\share\interpreter\linkResolver.cpp, line 771]
Event: 4.189 Thread 0x0000012fdf6c4de0 Exception <a 'java/lang/NoSuchMethodError'{0x00000000839b1f50}: 'java.lang.Object java.lang.invoke.DirectMethodHandle$Holder.invokeStaticInit(java.lang.Object, java.lang.Object, java.lang.Object, java.lang.Object)'> (0x00000000839b1f50) 
thrown [s\src\hotspot\share\interpreter\linkResolver.cpp, line 771]
Event: 4.262 Thread 0x0000012fdf6c4de0 Implicit null exception at 0x0000012fd0966e0f to 0x0000012fd096734c
Event: 4.510 Thread 0x0000012fdf6c4de0 Exception <a 'java/lang/NoSuchMethodError'{0x00000000828679d8}: 'java.lang.Object java.lang.invoke.DirectMethodHandle$Holder.newInvokeSpecial(java.lang.Object, java.lang.Object, java.lang.Object, java.lang.Object, java.lang.Object, java.lang.Object, java.lang.Object, java.lang.Object)'> (0x00000000828679d8) 
thrown [s\src\hotspot\share\interpreter\linkResolver.cpp, line 771]
Event: 4.510 Thread 0x0000012fdf6c4de0 Exception <a 'java/lang/NoSuchMethodError'{0x000000008286d930}: 'java.lang.Object java.lang.invoke.DirectMethodHandle$Holder.invokeSpecial(java.lang.Object, java.lang.Object, java.lang.Object, java.lang.Object, java.lang.Object, java.lang.Object, java.lang.Object, java.lang.Object, java.lang.Object)'> (0x000000008286d930) 
thrown [s\src\hotspot\share\interpreter\linkResolver.cpp, line 771]
Event: 4.510 Thread 0x0000012fdf6c4de0 Exception <a 'java/lang/NoSuchMethodError'{0x00000000828734b8}: 'java.lang.Object java.lang.invoke.Invokers$Holder.linkToTargetMethod(java.lang.Object, java.lang.Object, java.lang.Object, java.lang.Object, java.lang.Object, java.lang.Object, java.lang.Object, java.lang.Object)'> (0x00000000828734b8) 
thrown [s\src\hotspot\share\interpreter\linkResolver.cpp, line 771]
Event: 4.678 Thread 0x0000012fdf6c4de0 Exception <a 'java/lang/NoSuchMethodError'{0x000000008482c768}: 'java.lang.Object java.lang.invoke.DirectMethodHandle$Holder.newInvokeSpecial(java.lang.Object, java.lang.Object, int, int)'> (0x000000008482c768) 
thrown [s\src\hotspot\share\interpreter\linkResolver.cpp, line 771]

VM Operations (20 events):
Event: 3.140 Executing VM operation: HandshakeAllThreads done
Event: 3.218 Executing VM operation: HandshakeAllThreads
Event: 3.218 Executing VM operation: HandshakeAllThreads done
Event: 3.334 Executing VM operation: G1CollectForAllocation
Event: 3.343 Executing VM operation: G1CollectForAllocation done
Event: 3.364 Executing VM operation: G1CollectForAllocation
Event: 3.369 Executing VM operation: G1CollectForAllocation done
Event: 4.039 Executing VM operation: HandshakeAllThreads
Event: 4.039 Executing VM operation: HandshakeAllThreads done
Event: 4.040 Executing VM operation: HandshakeAllThreads
Event: 4.040 Executing VM operation: HandshakeAllThreads done
Event: 4.041 Executing VM operation: G1CollectForAllocation
Event: 4.045 Executing VM operation: G1CollectForAllocation done
Event: 4.265 Executing VM operation: HandshakeAllThreads
Event: 4.265 Executing VM operation: HandshakeAllThreads done
Event: 4.495 Executing VM operation: HandshakeAllThreads
Event: 4.495 Executing VM operation: HandshakeAllThreads done
Event: 4.552 Executing VM operation: G1CollectForAllocation
Event: 4.558 Executing VM operation: G1CollectForAllocation done
Event: 4.748 Executing VM operation: CollectForMetadataAllocation

Events (20 events):
Event: 4.673 loading class java/util/stream/IntPipeline$1
Event: 4.673 loading class java/util/stream/IntPipeline$1 done
Event: 4.674 loading class java/util/stream/IntPipeline$1$1
Event: 4.674 loading class java/util/stream/IntPipeline$1$1 done
Event: 4.684 loading class jdk/internal/reflect/UnsafeStaticIntegerFieldAccessorImpl
Event: 4.685 loading class jdk/internal/reflect/UnsafeStaticIntegerFieldAccessorImpl done
Event: 4.687 loading class java/lang/IllegalAccessError
Event: 4.687 loading class java/lang/IllegalAccessError done
Event: 4.712 loading class java/beans/PropertyDescriptor
Event: 4.712 loading class java/beans/PropertyDescriptor done
Event: 4.726 loading class java/lang/InstantiationException
Event: 4.726 loading class java/lang/InstantiationException done
Event: 4.726 loading class java/util/EventListener
Event: 4.726 loading class java/util/EventListener done
Event: 4.734 loading class java/util/TimerTask
Event: 4.734 loading class java/util/TimerTask done
Event: 4.734 loading class java/util/Timer
Event: 4.734 loading class java/util/Timer done
Event: 4.734 loading class java/lang/Process
Event: 4.735 loading class java/lang/Process done


Dynamic libraries:
0x00007ff7973f0000 - 0x00007ff7973fa000 	C:\Program Files\Android\Android Studio1\jbr\bin\java.exe
0x00007fff483f0000 - 0x00007fff485e8000 	C:\WINDOWS\SYSTEM32\ntdll.dll
0x00007fff46500000 - 0x00007fff465bd000 	C:\WINDOWS\System32\KERNEL32.DLL
0x00007fff45d70000 - 0x00007fff46066000 	C:\WINDOWS\System32\KERNELBASE.dll
0x00007fff42fb0000 - 0x00007fff43040000 	C:\WINDOWS\SYSTEM32\apphelp.dll
0x00007fff462b0000 - 0x00007fff463b0000 	C:\WINDOWS\System32\ucrtbase.dll
0x00007fff2f3a0000 - 0x00007fff2f3b7000 	C:\Program Files\Android\Android Studio1\jbr\bin\jli.dll
0x00007fff3c130000 - 0x00007fff3c14b000 	C:\Program Files\Android\Android Studio1\jbr\bin\VCRUNTIME140.dll
0x00007fff47e40000 - 0x00007fff47fdf000 	C:\WINDOWS\System32\USER32.dll
0x00007fff46070000 - 0x00007fff46092000 	C:\WINDOWS\System32\win32u.dll
0x00007fff33bc0000 - 0x00007fff33e5a000 	C:\WINDOWS\WinSxS\amd64_microsoft.windows.common-controls_6595b64144ccf1df_6.0.19041.3636_none_60b6a03d71f818d5\COMCTL32.dll
0x00007fff47240000 - 0x00007fff4726b000 	C:\WINDOWS\System32\GDI32.dll
0x00007fff466d0000 - 0x00007fff4676e000 	C:\WINDOWS\System32\msvcrt.dll
0x00007fff45af0000 - 0x00007fff45c07000 	C:\WINDOWS\System32\gdi32full.dll
0x00007fff460a0000 - 0x00007fff4613d000 	C:\WINDOWS\System32\msvcp_win.dll
0x00007fff465d0000 - 0x00007fff46602000 	C:\WINDOWS\System32\IMM32.DLL
0x00007fff3fd70000 - 0x00007fff3fd7c000 	C:\Program Files\Android\Android Studio1\jbr\bin\vcruntime140_1.dll
0x00007fff1f930000 - 0x00007fff1f9bd000 	C:\Program Files\Android\Android Studio1\jbr\bin\msvcp140.dll
0x00007fff1e340000 - 0x00007fff1efc3000 	C:\Program Files\Android\Android Studio1\jbr\bin\server\jvm.dll
0x00007fff47740000 - 0x00007fff477f0000 	C:\WINDOWS\System32\ADVAPI32.dll
0x00007fff46610000 - 0x00007fff466b0000 	C:\WINDOWS\System32\sechost.dll
0x00007fff481f0000 - 0x00007fff48313000 	C:\WINDOWS\System32\RPCRT4.dll
0x00007fff461d0000 - 0x00007fff461f7000 	C:\WINDOWS\System32\bcrypt.dll
0x00007fff45900000 - 0x00007fff4594b000 	C:\WINDOWS\SYSTEM32\POWRPROF.dll
0x00007fff40b30000 - 0x00007fff40b39000 	C:\WINDOWS\SYSTEM32\WSOCK32.dll
0x00007fff47160000 - 0x00007fff471cb000 	C:\WINDOWS\System32\WS2_32.dll
0x00007fff3d040000 - 0x00007fff3d04a000 	C:\WINDOWS\SYSTEM32\VERSION.dll
0x00007fff3a290000 - 0x00007fff3a2b7000 	C:\WINDOWS\SYSTEM32\WINMM.dll
0x00007fff458e0000 - 0x00007fff458f2000 	C:\WINDOWS\SYSTEM32\UMPDC.dll
0x00007fff44310000 - 0x00007fff44322000 	C:\WINDOWS\SYSTEM32\kernel.appcore.dll
0x00007fff3dc00000 - 0x00007fff3dc0a000 	C:\Program Files\Android\Android Studio1\jbr\bin\jimage.dll
0x00007fff43810000 - 0x00007fff439f4000 	C:\WINDOWS\SYSTEM32\DBGHELP.DLL
0x00007fff3db10000 - 0x00007fff3db44000 	C:\WINDOWS\SYSTEM32\dbgcore.DLL
0x00007fff46140000 - 0x00007fff461c2000 	C:\WINDOWS\System32\bcryptPrimitives.dll
0x00007fff3ad70000 - 0x00007fff3ad7e000 	C:\Program Files\Android\Android Studio1\jbr\bin\instrument.dll
0x00007fff32d50000 - 0x00007fff32d75000 	C:\Program Files\Android\Android Studio1\jbr\bin\java.dll
0x00007fff31550000 - 0x00007fff31568000 	C:\Program Files\Android\Android Studio1\jbr\bin\zip.dll
0x00007fff46770000 - 0x00007fff46edb000 	C:\WINDOWS\System32\SHELL32.dll
0x00007fff43b10000 - 0x00007fff442ae000 	C:\WINDOWS\SYSTEM32\windows.storage.dll
0x00007fff47ae0000 - 0x00007fff47e33000 	C:\WINDOWS\System32\combase.dll
0x00007fff45400000 - 0x00007fff4542e000 	C:\WINDOWS\SYSTEM32\Wldp.dll
0x00007fff48120000 - 0x00007fff481ed000 	C:\WINDOWS\System32\OLEAUT32.dll
0x00007fff46ee0000 - 0x00007fff46f8d000 	C:\WINDOWS\System32\SHCORE.dll
0x00007fff47870000 - 0x00007fff478c5000 	C:\WINDOWS\System32\shlwapi.dll
0x00007fff459d0000 - 0x00007fff459f3000 	C:\WINDOWS\SYSTEM32\profapi.dll
0x00007fff31530000 - 0x00007fff31549000 	C:\Program Files\Android\Android Studio1\jbr\bin\net.dll
0x00007fff3cee0000 - 0x00007fff3cfea000 	C:\WINDOWS\SYSTEM32\WINHTTP.dll
0x00007fff45160000 - 0x00007fff451ca000 	C:\WINDOWS\system32\mswsock.dll
0x00007fff31510000 - 0x00007fff31526000 	C:\Program Files\Android\Android Studio1\jbr\bin\nio.dll
0x00007fff3d400000 - 0x00007fff3d410000 	C:\Program Files\Android\Android Studio1\jbr\bin\verify.dll
0x00007fff264c0000 - 0x00007fff264e7000 	C:\Users\Shaxzodbek\.gradle\native\c067742578af261105cb4f569cf0c3c89f3d7b1fecec35dd04571415982c5e48\windows-amd64\native-platform.dll
0x00007fff39aa0000 - 0x00007fff39be4000 	C:\Users\Shaxzodbek\.gradle\native\38dada09dfb8b06ba9b0570ebf7e218e3eb74d4ef43ca46872605cf95ebc2f47\windows-amd64\native-platform-file-events.dll
0x00007fff3bc10000 - 0x00007fff3bc19000 	C:\Program Files\Android\Android Studio1\jbr\bin\management.dll
0x00007fff3b040000 - 0x00007fff3b04b000 	C:\Program Files\Android\Android Studio1\jbr\bin\management_ext.dll
0x00007fff48110000 - 0x00007fff48118000 	C:\WINDOWS\System32\PSAPI.DLL
0x00007fff45360000 - 0x00007fff45378000 	C:\WINDOWS\SYSTEM32\CRYPTSP.dll
0x00007fff44a80000 - 0x00007fff44ab4000 	C:\WINDOWS\system32\rsaenh.dll
0x00007fff45990000 - 0x00007fff459be000 	C:\WINDOWS\SYSTEM32\USERENV.dll
0x00007fff45350000 - 0x00007fff4535c000 	C:\WINDOWS\SYSTEM32\CRYPTBASE.dll
0x00007fff44e40000 - 0x00007fff44e7b000 	C:\WINDOWS\SYSTEM32\IPHLPAPI.DLL
0x00007fff465c0000 - 0x00007fff465c8000 	C:\WINDOWS\System32\NSI.dll
0x00007fff36c30000 - 0x00007fff36c47000 	C:\WINDOWS\SYSTEM32\dhcpcsvc6.DLL
0x00007fff36c50000 - 0x00007fff36c6d000 	C:\WINDOWS\SYSTEM32\dhcpcsvc.DLL
0x00007fff44e80000 - 0x00007fff44f4b000 	C:\WINDOWS\SYSTEM32\DNSAPI.dll
0x00007fff3c5e0000 - 0x00007fff3c5e9000 	C:\Program Files\Android\Android Studio1\jbr\bin\extnet.dll
0x00007fff3cb00000 - 0x00007fff3cb07000 	C:\WINDOWS\system32\wshunix.dll

dbghelp: loaded successfully - version: 4.0.5 - missing functions: none
symbol engine: initialized successfully - sym options: 0x614 - pdb path: .;C:\Program Files\Android\Android Studio1\jbr\bin;C:\WINDOWS\SYSTEM32;C:\WINDOWS\WinSxS\amd64_microsoft.windows.common-controls_6595b64144ccf1df_6.0.19041.3636_none_60b6a03d71f818d5;C:\Program Files\Android\Android Studio1\jbr\bin\server;C:\Users\Shaxzodbek\.gradle\native\c067742578af261105cb4f569cf0c3c89f3d7b1fecec35dd04571415982c5e48\windows-amd64;C:\Users\Shaxzodbek\.gradle\native\38dada09dfb8b06ba9b0570ebf7e218e3eb74d4ef43ca46872605cf95ebc2f47\windows-amd64

VM Arguments:
jvm_args: --add-opens=java.base/java.util=ALL-UNNAMED --add-opens=java.base/java.lang=ALL-UNNAMED --add-opens=java.base/java.lang.invoke=ALL-UNNAMED --add-opens=java.prefs/java.util.prefs=ALL-UNNAMED --add-opens=java.base/java.nio.charset=ALL-UNNAMED --add-opens=java.base/java.net=ALL-UNNAMED --add-opens=java.base/java.util.concurrent.atomic=ALL-UNNAMED -Xmx2048m -Dfile.encoding=UTF-8 -Duser.country=US -Duser.language=en -Duser.variant -javaagent:C:\Users\Shaxzodbek\.gradle\wrapper\dists\gradle-8.6-bin\afr5mpiioh2wthjmwnkmdsd5w\gradle-8.6\lib\agents\gradle-instrumentation-agent-8.6.jar 
java_command: org.gradle.launcher.daemon.bootstrap.GradleDaemon 8.6
java_class_path (initial): C:\Users\Shaxzodbek\.gradle\wrapper\dists\gradle-8.6-bin\afr5mpiioh2wthjmwnkmdsd5w\gradle-8.6\lib\gradle-launcher-8.6.jar
Launcher Type: SUN_STANDARD

[Global flags]
     intx CICompilerCount                          = 3                                         {product} {ergonomic}
     uint ConcGCThreads                            = 1                                         {product} {ergonomic}
     uint G1ConcRefinementThreads                  = 4                                         {product} {ergonomic}
   size_t G1HeapRegionSize                         = 1048576                                   {product} {ergonomic}
    uintx GCDrainStackTargetSize                   = 64                                        {product} {ergonomic}
   size_t InitialHeapSize                          = 134217728                                 {product} {ergonomic}
   size_t MarkStackSize                            = 4194304                                   {product} {ergonomic}
   size_t MaxHeapSize                              = 2147483648                                {product} {command line}
   size_t MaxNewSize                               = 1287651328                                {product} {ergonomic}
   size_t MinHeapDeltaBytes                        = 1048576                                   {product} {ergonomic}
   size_t MinHeapSize                              = 8388608                                   {product} {ergonomic}
    uintx NonNMethodCodeHeapSize                   = 5832780                                {pd product} {ergonomic}
    uintx NonProfiledCodeHeapSize                  = 122912730                              {pd product} {ergonomic}
    uintx ProfiledCodeHeapSize                     = 122912730                              {pd product} {ergonomic}
    uintx ReservedCodeCacheSize                    = 251658240                              {pd product} {ergonomic}
     bool SegmentedCodeCache                       = true                                      {product} {ergonomic}
   size_t SoftMaxHeapSize                          = 2147483648                             {manageable} {ergonomic}
     bool UseCompressedClassPointers               = true                           {product lp64_product} {ergonomic}
     bool UseCompressedOops                        = true                           {product lp64_product} {ergonomic}
     bool UseG1GC                                  = true                                      {product} {ergonomic}
     bool UseLargePagesIndividualAllocation        = false                                  {pd product} {ergonomic}

Logging:
Log output configuration:
 #0: stdout all=warning uptime,level,tags
 #1: stderr all=off uptime,level,tags

Environment Variables:
PATH=C:\WINDOWS\system32;C:\WINDOWS;C:\WINDOWS\System32\Wbem;C:\WINDOWS\System32\WindowsPowerShell\v1.0\;C:\Users\Shaxzodbek\AppData\Local\Microsoft\WindowsApps;
USERNAME=Shaxzodbek
OS=Windows_NT
PROCESSOR_IDENTIFIER=Intel64 Family 6 Model 61 Stepping 4, GenuineIntel
TMP=C:\Users\SHAXZO~1\AppData\Local\Temp
TEMP=C:\Users\SHAXZO~1\AppData\Local\Temp



Periodic native trim disabled

JNI global refs:
JNI global refs: 25, weak refs: 0

JNI global refs memory usage: 843, weak refs: 841

OOME stack traces (most recent first):
Classloader memory used:
Loader org.gradle.internal.classloader.VisitableURLClassLoader                         : 2039K
Loader bootstrap                                                                       : 1940K
Loader org.gradle.initialization.MixInLegacyTypesClassLoader                           : 447K
Loader jdk.internal.loader.ClassLoaders$AppClassLoader                                 : 28729B
Loader jdk.internal.loader.ClassLoaders$PlatformClassLoader                            : 15494B
Loader jdk.internal.reflect.DelegatingClassLoader                                      : 3888B

Classes loaded by more than one classloader:
Class org.gradle.internal.installation.GradleInstallation                             : loaded 2 times (x 73B)
Class org.gradle.internal.classpath.ClassPath                                         : loaded 2 times (x 68B)
Class org.gradle.api.internal.classpath.DefaultModuleRegistry                         : loaded 2 times (x 84B)
Class org.gradle.api.Action                                                           : loaded 2 times (x 68B)
Class org.gradle.api.internal.DefaultClassPathProvider                                : loaded 2 times (x 74B)
Class org.gradle.internal.installation.GradleInstallation$1                           : loaded 2 times (x 73B)
Class org.gradle.internal.classloader.FilteringClassLoader                            : loaded 2 times (x 103B)
Class org.gradle.internal.classpath.DefaultClassPath$ImmutableUniqueList$Builder      : loaded 2 times (x 73B)
Class org.gradle.internal.classloader.ClassLoaderVisitor                              : loaded 2 times (x 74B)
Class org.gradle.internal.service.DefaultServiceLocator                               : loaded 2 times (x 81B)
Class org.gradle.internal.service.UnknownServiceException                             : loaded 2 times (x 81B)
Class org.gradle.internal.classloader.DefaultClassLoaderFactory                       : loaded 2 times (x 80B)
Class org.gradle.internal.classloader.VisitableURLClassLoader$Spec                    : loaded 2 times (x 72B)
Class org.gradle.api.GradleException                                                  : loaded 2 times (x 80B)
Class org.gradle.api.internal.classpath.ModuleRegistry                                : loaded 2 times (x 68B)
Class org.gradle.api.internal.ClassPathProvider                                       : loaded 2 times (x 68B)
Class org.gradle.internal.classloader.ClasspathUtil$1                                 : loaded 2 times (x 74B)
Class org.gradle.internal.classloader.ClassLoaderFactory                              : loaded 2 times (x 68B)
Class org.gradle.api.internal.classpath.ManifestUtil                                  : loaded 2 times (x 69B)
Class org.gradle.api.specs.Spec                                                       : loaded 2 times (x 68B)
Class org.gradle.internal.IoActions                                                   : loaded 2 times (x 69B)
Class org.gradle.api.internal.classpath.EffectiveClassPath                            : loaded 2 times (x 88B)
Class org.gradle.internal.installation.CurrentGradleInstallation                      : loaded 2 times (x 71B)
Class org.gradle.internal.agents.InstrumentingClassLoader                             : loaded 2 times (x 68B)
Class org.gradle.internal.installation.CurrentGradleInstallationLocator               : loaded 2 times (x 69B)
Class org.gradle.api.internal.classpath.Module                                        : loaded 2 times (x 68B)
Class org.gradle.internal.service.CachingServiceLocator                               : loaded 2 times (x 80B)
Class org.gradle.internal.classpath.DefaultClassPath                                  : loaded 2 times (x 88B)
Class org.gradle.internal.classloader.SystemClassLoaderSpec                           : loaded 2 times (x 69B)
Class org.gradle.api.UncheckedIOException                                             : loaded 2 times (x 80B)
Class org.gradle.internal.classloader.ClasspathUtil                                   : loaded 2 times (x 69B)
Class org.gradle.api.internal.DefaultClassPathRegistry                                : loaded 2 times (x 74B)
Class org.gradle.api.internal.classpath.DefaultModuleRegistry$DefaultModule           : loaded 2 times (x 84B)
Class org.gradle.api.internal.classpath.UnknownModuleException                        : loaded 2 times (x 80B)
Class org.gradle.internal.service.ServiceLookupException                              : loaded 2 times (x 80B)
Class org.gradle.cache.GlobalCache                                                    : loaded 2 times (x 68B)
Class [Lorg.gradle.api.internal.ClassPathProvider;                                    : loaded 2 times (x 67B)
Class org.gradle.util.internal.GUtil                                                  : loaded 2 times (x 69B)
Class org.gradle.internal.classloader.ClassLoaderSpec                                 : loaded 2 times (x 69B)
Class org.gradle.internal.classloader.VisitableURLClassLoader                         : loaded 2 times (x 115B)
Class org.gradle.internal.Cast                                                        : loaded 2 times (x 69B)
Class org.gradle.api.internal.ClassPathRegistry                                       : loaded 2 times (x 68B)
Class org.gradle.internal.classloader.VisitableURLClassLoader$InstrumentingVisitableURLClassLoader: loaded 2 times (x 121B)
Class org.gradle.internal.classloader.ClassLoaderHierarchy                            : loaded 2 times (x 68B)
Class org.gradle.internal.InternalTransformer                                         : loaded 2 times (x 68B)
Class org.gradle.internal.service.ServiceLocator                                      : loaded 2 times (x 68B)
Class org.gradle.internal.classpath.DefaultClassPath$ImmutableUniqueList              : loaded 2 times (x 159B)
Class org.gradle.internal.classpath.TransformedClassPath                              : loaded 2 times (x 94B)


---------------  S Y S T E M  ---------------

OS:
 Windows 10 , 64 bit Build 19041 (10.0.19041.3636)
OS uptime: 0 days 2:11 hours

CPU: total 4 (initial active 4) (2 cores per cpu, 2 threads per core) family 6 model 61 stepping 4 microcode 0x2d, cx8, cmov, fxsr, ht, mmx, 3dnowpref, sse, sse2, sse3, ssse3, sse4.1, sse4.2, popcnt, lzcnt, tsc, tscinvbit, avx, avx2, aes, erms, clmul, bmi1, bmi2, adx, fma, vzeroupper, clflush
Processor Information for all 4 processors :
  Max Mhz: 2401, Current Mhz: 2401, Mhz Limit: 2401

Memory: 4k page, system-wide physical 8112M (651M free)
TotalPageFile size 8112M (AvailPageFile size 16M)
current process WorkingSet (physical memory assigned to process): 203M, peak: 206M
current process commit charge ("private bytes"): 246M, peak: 273M

vm_info: OpenJDK 64-Bit Server VM (17.0.10+0--11572160) for windows-amd64 JRE (17.0.10+0--11572160), built on Mar 13 2024 23:56:38 by "androidbuild" with MS VC++ 16.10 / 16.11 (VS2019)

END.
