#
# There is insufficient memory for the Java Runtime Environment to continue.
# Native memory allocation (malloc) failed to allocate 758256 bytes for Chunk::new
# Possible reasons:
#   The system is out of physical RAM or swap space
#   The process is running with CompressedOops enabled, and the Java Heap may be blocking the growth of the native heap
# Possible solutions:
#   Reduce memory load on the system
#   Increase physical memory or swap space
#   Check if swap backing store is full
#   Decrease Java heap size (-Xmx/-Xms)
#   Decrease number of Java threads
#   Decrease Java thread stack sizes (-Xss)
#   Set larger code cache with -XX:ReservedCodeCacheSize=
#   JVM is running with Unscaled Compressed Oops mode in which the Java heap is
#     placed in the first 4GB address space. The Java Heap base address is the
#     maximum limit for the native heap growth. Please use -XX:HeapBaseMinAddress
#     to set the Java Heap base and to place the Java Heap above 4GB virtual address.
# This output file may be truncated or incomplete.
#
#  Out of Memory Error (arena.cpp:191), pid=10012, tid=3056
#
# JRE version: OpenJDK Runtime Environment (17.0.10) (build 17.0.10+0--11572160)
# Java VM: OpenJDK 64-Bit Server VM (17.0.10+0--11572160, mixed mode, tiered, compressed oops, compressed class ptrs, g1 gc, windows-amd64)
# No core dump will be written. Minidumps are not enabled by default on client versions of Windows
#

---------------  S U M M A R Y ------------

Command Line: org.jetbrains.kotlin.cli.jvm.K2JVMCompiler @C:\Users\Shaxzodbek\AndroidStudioProjects\CodialApp3\app\build\20240516_3930690474827055543.compiler.options

Host: Intel(R) Core(TM) i7-5500U CPU @ 2.40GHz, 4 cores, 7G,  Windows 10 , 64 bit Build 19041 (10.0.19041.3636)
Time: Thu May 16 16:04:53 2024 West Asia Standard Time elapsed time: 111.137410 seconds (0d 0h 1m 51s)

---------------  T H R E A D  ---------------

Current thread (0x000001a4a65159a0):  JavaThread "C2 CompilerThread0" daemon [_thread_in_native, id=3056, stack(0x0000006ffc900000,0x0000006ffca00000)]


Current CompileTask:
C2: 111137 17393       4       org.jetbrains.org.objectweb.asm.tree.analysis.Frame::execute (2125 bytes)

Stack: [0x0000006ffc900000,0x0000006ffca00000]
Native frames: (J=compiled Java code, j=interpreted, Vv=VM code, C=native code)
V  [jvm.dll+0x688e89]
V  [jvm.dll+0x84247a]
V  [jvm.dll+0x8440be]
V  [jvm.dll+0x844723]
V  [jvm.dll+0x24be0f]
V  [jvm.dll+0xac524]
V  [jvm.dll+0xacb6c]
V  [jvm.dll+0x36bd12]
V  [jvm.dll+0x33615a]
V  [jvm.dll+0x3355fa]
V  [jvm.dll+0x21daa1]
V  [jvm.dll+0x21cec1]
V  [jvm.dll+0x1a60ad]
V  [jvm.dll+0x22cd78]
V  [jvm.dll+0x22aeb0]
V  [jvm.dll+0x7f6917]
V  [jvm.dll+0x7f0d1a]
V  [jvm.dll+0x687d05]
C  [ucrtbase.dll+0x21bb2]
C  [KERNEL32.DLL+0x17344]
C  [ntdll.dll+0x526b1]


---------------  P R O C E S S  ---------------

Threads class SMR info:
_java_thread_list=0x000001a4ab938b20, length=12, elements={
0x000001a48cf8ceb0, 0x000001a4a652b260, 0x000001a4a652bff0, 0x000001a4a6664c50,
0x000001a4a6665720, 0x000001a4a6668000, 0x000001a4a66688d0, 0x000001a4a65159a0,
0x000001a4a65162b0, 0x000001a4a669d7f0, 0x000001a4a67f76d0, 0x000001a4a67fe190
}

Java Threads: ( => current thread )
  0x000001a48cf8ceb0 JavaThread "main" [_thread_in_vm, id=5112, stack(0x0000006ffbc00000,0x0000006ffbd00000)]
  0x000001a4a652b260 JavaThread "Reference Handler" daemon [_thread_blocked, id=9524, stack(0x0000006ffc300000,0x0000006ffc400000)]
  0x000001a4a652bff0 JavaThread "Finalizer" daemon [_thread_blocked, id=9060, stack(0x0000006ffc400000,0x0000006ffc500000)]
  0x000001a4a6664c50 JavaThread "Signal Dispatcher" daemon [_thread_blocked, id=8720, stack(0x0000006ffc500000,0x0000006ffc600000)]
  0x000001a4a6665720 JavaThread "Attach Listener" daemon [_thread_blocked, id=8916, stack(0x0000006ffc600000,0x0000006ffc700000)]
  0x000001a4a6668000 JavaThread "Service Thread" daemon [_thread_blocked, id=5084, stack(0x0000006ffc700000,0x0000006ffc800000)]
  0x000001a4a66688d0 JavaThread "Monitor Deflation Thread" daemon [_thread_blocked, id=5324, stack(0x0000006ffc800000,0x0000006ffc900000)]
=>0x000001a4a65159a0 JavaThread "C2 CompilerThread0" daemon [_thread_in_native, id=3056, stack(0x0000006ffc900000,0x0000006ffca00000)]
  0x000001a4a65162b0 JavaThread "C1 CompilerThread0" daemon [_thread_blocked, id=9976, stack(0x0000006ffca00000,0x0000006ffcb00000)]
  0x000001a4a669d7f0 JavaThread "Sweeper thread" daemon [_thread_blocked, id=3012, stack(0x0000006ffcb00000,0x0000006ffcc00000)]
  0x000001a4a67f76d0 JavaThread "Notification Thread" daemon [_thread_blocked, id=7416, stack(0x0000006ffcc00000,0x0000006ffcd00000)]
  0x000001a4a67fe190 JavaThread "Common-Cleaner" daemon [_thread_blocked, id=5472, stack(0x0000006ffce00000,0x0000006ffcf00000)]

Other Threads:
  0x000001a4a64a9350 VMThread "VM Thread" [stack: 0x0000006ffc200000,0x0000006ffc300000] [id=6720]
  0x000001a4a648f5e0 WatcherThread [stack: 0x0000006ffcd00000,0x0000006ffce00000] [id=8336]
  0x000001a48cfe7b30 GCTaskThread "GC Thread#0" [stack: 0x0000006ffbd00000,0x0000006ffbe00000] [id=9912]
  0x000001a4ab187c40 GCTaskThread "GC Thread#1" [stack: 0x0000006ffcf00000,0x0000006ffd000000] [id=3764]
  0x000001a4ab183150 GCTaskThread "GC Thread#2" [stack: 0x0000006ffd000000,0x0000006ffd100000] [id=3648]
  0x000001a4ab1c0a00 GCTaskThread "GC Thread#3" [stack: 0x0000006ffd100000,0x0000006ffd200000] [id=6540]
  0x000001a48cff9760 ConcurrentGCThread "G1 Main Marker" [stack: 0x0000006ffbe00000,0x0000006ffbf00000] [id=8948]
  0x000001a48cffc840 ConcurrentGCThread "G1 Conc#0" [stack: 0x0000006ffbf00000,0x0000006ffc000000] [id=6552]
  0x000001a48d0417e0 ConcurrentGCThread "G1 Refine#0" [stack: 0x0000006ffc000000,0x0000006ffc100000] [id=7620]
  0x000001a4abe63020 ConcurrentGCThread "G1 Refine#1" [stack: 0x0000006ffd200000,0x0000006ffd300000] [id=8864]
  0x000001a4ac314c60 ConcurrentGCThread "G1 Refine#2" [stack: 0x0000006ffd300000,0x0000006ffd400000] [id=1624]
  0x000001a4a6362220 ConcurrentGCThread "G1 Service" [stack: 0x0000006ffc100000,0x0000006ffc200000] [id=3848]

Threads with active compile tasks:
C2 CompilerThread0   111211 17393       4       org.jetbrains.org.objectweb.asm.tree.analysis.Frame::execute (2125 bytes)

VM state: not at safepoint (normal execution)

VM Mutex/Monitor currently owned by a thread: None

Heap address: 0x0000000081200000, size: 2030 MB, Compressed Oops mode: 32-bit

CDS archive(s) not mapped
Compressed class space mapped at: 0x0000000100000000-0x0000000140000000, reserved size: 1073741824
Narrow klass base: 0x0000000000000000, Narrow klass shift: 3, Narrow klass range: 0x140000000

GC Precious Log:
 CPUs: 4 total, 4 available
 Memory: 8112M
 Large Page Support: Disabled
 NUMA Support: Disabled
 Compressed Oops: Enabled (32-bit)
 Heap Region Size: 1M
 Heap Min Capacity: 8M
 Heap Initial Capacity: 128M
 Heap Max Capacity: 2030M
 Pre-touch: Disabled
 Parallel Workers: 4
 Concurrent Workers: 1
 Concurrent Refinement Workers: 4
 Periodic GC: Disabled

Heap:
 garbage-first heap   total 233472K, used 101658K [0x0000000081200000, 0x0000000100000000)
  region size 1024K, 24 young (24576K), 1 survivors (1024K)
 Metaspace       used 89848K, committed 90176K, reserved 1179648K
  class space    used 9689K, committed 9856K, reserved 1048576K

Heap Regions: E=young(eden), S=young(survivor), O=old, HS=humongous(starts), HC=humongous(continues), CS=collection set, F=free, OA=open archive, CA=closed archive, TAMS=top-at-mark-start (previous, next)
|   0|0x0000000081200000, 0x0000000081300000, 0x0000000081300000|100%|HS|  |TAMS 0x0000000081300000, 0x0000000081200000| Complete 
|   1|0x0000000081300000, 0x0000000081400000, 0x0000000081400000|100%|HC|  |TAMS 0x0000000081400000, 0x0000000081300000| Complete 
|   2|0x0000000081400000, 0x0000000081500000, 0x0000000081500000|100%|HC|  |TAMS 0x0000000081500000, 0x0000000081400000| Complete 
|   3|0x0000000081500000, 0x0000000081600000, 0x0000000081600000|100%|HC|  |TAMS 0x0000000081600000, 0x0000000081500000| Complete 
|   4|0x0000000081600000, 0x0000000081700000, 0x0000000081700000|100%| O|  |TAMS 0x0000000081700000, 0x0000000081600000| Untracked 
|   5|0x0000000081700000, 0x00000000817efe00, 0x0000000081800000| 93%| O|  |TAMS 0x00000000817efe00, 0x0000000081700000| Untracked 
|   6|0x0000000081800000, 0x0000000081900000, 0x0000000081900000|100%| O|  |TAMS 0x0000000081900000, 0x0000000081800000| Untracked 
|   7|0x0000000081900000, 0x0000000081a00000, 0x0000000081a00000|100%| O|  |TAMS 0x0000000081a00000, 0x0000000081900000| Untracked 
|   8|0x0000000081a00000, 0x0000000081b00000, 0x0000000081b00000|100%| O|  |TAMS 0x0000000081b00000, 0x0000000081a00000| Untracked 
|   9|0x0000000081b00000, 0x0000000081c00000, 0x0000000081c00000|100%| O|  |TAMS 0x0000000081c00000, 0x0000000081b00000| Untracked 
|  10|0x0000000081c00000, 0x0000000081d00000, 0x0000000081d00000|100%| O|  |TAMS 0x0000000081d00000, 0x0000000081c00000| Untracked 
|  11|0x0000000081d00000, 0x0000000081e00000, 0x0000000081e00000|100%| O|  |TAMS 0x0000000081e00000, 0x0000000081d00000| Untracked 
|  12|0x0000000081e00000, 0x0000000081f00000, 0x0000000081f00000|100%| O|  |TAMS 0x0000000081f00000, 0x0000000081e00000| Untracked 
|  13|0x0000000081f00000, 0x0000000082000000, 0x0000000082000000|100%| O|  |TAMS 0x0000000082000000, 0x0000000081f00000| Untracked 
|  14|0x0000000082000000, 0x0000000082100000, 0x0000000082100000|100%| O|  |TAMS 0x0000000082100000, 0x0000000082000000| Untracked 
|  15|0x0000000082100000, 0x0000000082200000, 0x0000000082200000|100%| O|  |TAMS 0x0000000082200000, 0x0000000082100000| Untracked 
|  16|0x0000000082200000, 0x0000000082300000, 0x0000000082300000|100%| O|  |TAMS 0x0000000082300000, 0x0000000082200000| Untracked 
|  17|0x0000000082300000, 0x0000000082400000, 0x0000000082400000|100%| O|  |TAMS 0x0000000082400000, 0x0000000082300000| Untracked 
|  18|0x0000000082400000, 0x0000000082500000, 0x0000000082500000|100%| O|  |TAMS 0x0000000082500000, 0x0000000082400000| Untracked 
|  19|0x0000000082500000, 0x0000000082600000, 0x0000000082600000|100%| O|  |TAMS 0x0000000082600000, 0x0000000082500000| Untracked 
|  20|0x0000000082600000, 0x0000000082700000, 0x0000000082700000|100%| O|  |TAMS 0x0000000082700000, 0x0000000082600000| Untracked 
|  21|0x0000000082700000, 0x0000000082800000, 0x0000000082800000|100%|HS|  |TAMS 0x0000000082800000, 0x0000000082700000| Complete 
|  22|0x0000000082800000, 0x0000000082900000, 0x0000000082900000|100%|HC|  |TAMS 0x0000000082900000, 0x0000000082800000| Complete 
|  23|0x0000000082900000, 0x0000000082a00000, 0x0000000082a00000|100%| O|  |TAMS 0x0000000082a00000, 0x0000000082900000| Untracked 
|  24|0x0000000082a00000, 0x0000000082b00000, 0x0000000082b00000|100%| O|  |TAMS 0x0000000082b00000, 0x0000000082a00000| Untracked 
|  25|0x0000000082b00000, 0x0000000082c00000, 0x0000000082c00000|100%| O|  |TAMS 0x0000000082c00000, 0x0000000082b00000| Untracked 
|  26|0x0000000082c00000, 0x0000000082c71800, 0x0000000082d00000| 44%| O|  |TAMS 0x0000000082c71800, 0x0000000082c00000| Untracked 
|  27|0x0000000082d00000, 0x0000000082e00000, 0x0000000082e00000|100%| O|  |TAMS 0x0000000082e00000, 0x0000000082d00000| Untracked 
|  28|0x0000000082e00000, 0x0000000082e00000, 0x0000000082f00000|  0%| F|  |TAMS 0x0000000082e00000, 0x0000000082e00000| Untracked 
|  29|0x0000000082f00000, 0x0000000083000000, 0x0000000083000000|100%| O|  |TAMS 0x0000000083000000, 0x0000000082f00000| Untracked 
|  30|0x0000000083000000, 0x0000000083100000, 0x0000000083100000|100%| O|  |TAMS 0x0000000083100000, 0x0000000083000000| Untracked 
|  31|0x0000000083100000, 0x0000000083200000, 0x0000000083200000|100%| O|  |TAMS 0x0000000083200000, 0x0000000083100000| Untracked 
|  32|0x0000000083200000, 0x0000000083300000, 0x0000000083300000|100%| O|  |TAMS 0x0000000083300000, 0x0000000083200000| Untracked 
|  33|0x0000000083300000, 0x0000000083400000, 0x0000000083400000|100%| O|  |TAMS 0x0000000083400000, 0x0000000083300000| Untracked 
|  34|0x0000000083400000, 0x0000000083500000, 0x0000000083500000|100%| O|  |TAMS 0x0000000083500000, 0x0000000083400000| Untracked 
|  35|0x0000000083500000, 0x0000000083600000, 0x0000000083600000|100%| O|  |TAMS 0x0000000083600000, 0x0000000083500000| Untracked 
|  36|0x0000000083600000, 0x0000000083700000, 0x0000000083700000|100%| O|  |TAMS 0x0000000083700000, 0x0000000083600000| Untracked 
|  37|0x0000000083700000, 0x0000000083800000, 0x0000000083800000|100%| O|  |TAMS 0x0000000083800000, 0x0000000083700000| Untracked 
|  38|0x0000000083800000, 0x0000000083900000, 0x0000000083900000|100%| O|  |TAMS 0x0000000083900000, 0x0000000083800000| Untracked 
|  39|0x0000000083900000, 0x0000000083a00000, 0x0000000083a00000|100%| O|  |TAMS 0x0000000083a00000, 0x0000000083900000| Untracked 
|  40|0x0000000083a00000, 0x0000000083b00000, 0x0000000083b00000|100%| O|  |TAMS 0x0000000083b00000, 0x0000000083a00000| Untracked 
|  41|0x0000000083b00000, 0x0000000083c00000, 0x0000000083c00000|100%| O|  |TAMS 0x0000000083c00000, 0x0000000083b00000| Untracked 
|  42|0x0000000083c00000, 0x0000000083d00000, 0x0000000083d00000|100%| O|  |TAMS 0x0000000083d00000, 0x0000000083c00000| Untracked 
|  43|0x0000000083d00000, 0x0000000083e00000, 0x0000000083e00000|100%| O|  |TAMS 0x0000000083e00000, 0x0000000083d00000| Untracked 
|  44|0x0000000083e00000, 0x0000000083f00000, 0x0000000083f00000|100%| O|  |TAMS 0x0000000083f00000, 0x0000000083e00000| Untracked 
|  45|0x0000000083f00000, 0x0000000084000000, 0x0000000084000000|100%| O|  |TAMS 0x0000000084000000, 0x0000000083f00000| Untracked 
|  46|0x0000000084000000, 0x0000000084100000, 0x0000000084100000|100%| O|  |TAMS 0x0000000084100000, 0x0000000084000000| Untracked 
|  47|0x0000000084100000, 0x0000000084200000, 0x0000000084200000|100%| O|  |TAMS 0x0000000084200000, 0x0000000084100000| Untracked 
|  48|0x0000000084200000, 0x0000000084300000, 0x0000000084300000|100%| O|  |TAMS 0x0000000084300000, 0x0000000084200000| Untracked 
|  49|0x0000000084300000, 0x0000000084400000, 0x0000000084400000|100%| O|  |TAMS 0x0000000084400000, 0x0000000084300000| Untracked 
|  50|0x0000000084400000, 0x0000000084500000, 0x0000000084500000|100%| O|  |TAMS 0x0000000084500000, 0x0000000084400000| Untracked 
|  51|0x0000000084500000, 0x0000000084600000, 0x0000000084600000|100%| O|  |TAMS 0x0000000084600000, 0x0000000084500000| Untracked 
|  52|0x0000000084600000, 0x0000000084700000, 0x0000000084700000|100%| O|  |TAMS 0x0000000084600000, 0x0000000084600000| Untracked 
|  53|0x0000000084700000, 0x0000000084800000, 0x0000000084800000|100%| O|  |TAMS 0x0000000084700000, 0x0000000084700000| Untracked 
|  54|0x0000000084800000, 0x0000000084900000, 0x0000000084900000|100%| O|  |TAMS 0x0000000084900000, 0x0000000084800000| Untracked 
|  55|0x0000000084900000, 0x0000000084a00000, 0x0000000084a00000|100%| O|  |TAMS 0x0000000084a00000, 0x0000000084900000| Untracked 
|  56|0x0000000084a00000, 0x0000000084b00000, 0x0000000084b00000|100%| O|  |TAMS 0x0000000084b00000, 0x0000000084a00000| Untracked 
|  57|0x0000000084b00000, 0x0000000084c00000, 0x0000000084c00000|100%| O|  |TAMS 0x0000000084c00000, 0x0000000084b00000| Untracked 
|  58|0x0000000084c00000, 0x0000000084d00000, 0x0000000084d00000|100%| O|  |TAMS 0x0000000084d00000, 0x0000000084c00000| Untracked 
|  59|0x0000000084d00000, 0x0000000084e00000, 0x0000000084e00000|100%| O|  |TAMS 0x0000000084e00000, 0x0000000084d00000| Untracked 
|  60|0x0000000084e00000, 0x0000000084f00000, 0x0000000084f00000|100%| O|  |TAMS 0x0000000084f00000, 0x0000000084e00000| Untracked 
|  61|0x0000000084f00000, 0x0000000085000000, 0x0000000085000000|100%| O|  |TAMS 0x0000000085000000, 0x0000000084f00000| Untracked 
|  62|0x0000000085000000, 0x0000000085100000, 0x0000000085100000|100%| O|  |TAMS 0x0000000085100000, 0x0000000085000000| Untracked 
|  63|0x0000000085100000, 0x0000000085200000, 0x0000000085200000|100%| O|  |TAMS 0x0000000085200000, 0x0000000085100000| Untracked 
|  64|0x0000000085200000, 0x0000000085200000, 0x0000000085300000|  0%| F|  |TAMS 0x0000000085200000, 0x0000000085200000| Untracked 
|  65|0x0000000085300000, 0x0000000085400000, 0x0000000085400000|100%| O|  |TAMS 0x0000000085381200, 0x0000000085300000| Untracked 
|  66|0x0000000085400000, 0x0000000085500000, 0x0000000085500000|100%| O|  |TAMS 0x0000000085400000, 0x0000000085400000| Untracked 
|  67|0x0000000085500000, 0x0000000085600000, 0x0000000085600000|100%| O|  |TAMS 0x0000000085500000, 0x0000000085500000| Untracked 
|  68|0x0000000085600000, 0x0000000085700000, 0x0000000085700000|100%| O|  |TAMS 0x0000000085600000, 0x0000000085600000| Untracked 
|  69|0x0000000085700000, 0x0000000085800000, 0x0000000085800000|100%| O|  |TAMS 0x0000000085700000, 0x0000000085700000| Untracked 
|  70|0x0000000085800000, 0x0000000085900000, 0x0000000085900000|100%| O|  |TAMS 0x0000000085800000, 0x0000000085800000| Untracked 
|  71|0x0000000085900000, 0x0000000085a00000, 0x0000000085a00000|100%| O|  |TAMS 0x0000000085900000, 0x0000000085900000| Untracked 
|  72|0x0000000085a00000, 0x0000000085b00000, 0x0000000085b00000|100%| O|  |TAMS 0x0000000085a00000, 0x0000000085a00000| Untracked 
|  73|0x0000000085b00000, 0x0000000085c00000, 0x0000000085c00000|100%| O|  |TAMS 0x0000000085b00000, 0x0000000085b00000| Untracked 
|  74|0x0000000085c00000, 0x0000000085d00000, 0x0000000085d00000|100%| O|  |TAMS 0x0000000085c00000, 0x0000000085c00000| Untracked 
|  75|0x0000000085d00000, 0x0000000085e00000, 0x0000000085e00000|100%| O|  |TAMS 0x0000000085d00000, 0x0000000085d00000| Untracked 
|  76|0x0000000085e00000, 0x0000000085f00000, 0x0000000085f00000|100%| O|  |TAMS 0x0000000085e00000, 0x0000000085e00000| Untracked 
|  77|0x0000000085f00000, 0x0000000086000000, 0x0000000086000000|100%| O|  |TAMS 0x0000000085f00000, 0x0000000085f00000| Untracked 
|  78|0x0000000086000000, 0x00000000860f4a00, 0x0000000086100000| 95%| O|  |TAMS 0x0000000086000000, 0x0000000086000000| Untracked 
|  79|0x0000000086100000, 0x0000000086100000, 0x0000000086200000|  0%| F|  |TAMS 0x0000000086100000, 0x0000000086100000| Untracked 
|  80|0x0000000086200000, 0x0000000086200000, 0x0000000086300000|  0%| F|  |TAMS 0x0000000086200000, 0x0000000086200000| Untracked 
|  81|0x0000000086300000, 0x0000000086300000, 0x0000000086400000|  0%| F|  |TAMS 0x0000000086300000, 0x0000000086300000| Untracked 
|  82|0x0000000086400000, 0x0000000086400000, 0x0000000086500000|  0%| F|  |TAMS 0x0000000086400000, 0x0000000086400000| Untracked 
|  83|0x0000000086500000, 0x0000000086500000, 0x0000000086600000|  0%| F|  |TAMS 0x0000000086500000, 0x0000000086500000| Untracked 
|  84|0x0000000086600000, 0x0000000086600000, 0x0000000086700000|  0%| F|  |TAMS 0x0000000086600000, 0x0000000086600000| Untracked 
|  85|0x0000000086700000, 0x0000000086700000, 0x0000000086800000|  0%| F|  |TAMS 0x0000000086700000, 0x0000000086700000| Untracked 
|  86|0x0000000086800000, 0x0000000086800000, 0x0000000086900000|  0%| F|  |TAMS 0x0000000086800000, 0x0000000086800000| Untracked 
|  87|0x0000000086900000, 0x0000000086900000, 0x0000000086a00000|  0%| F|  |TAMS 0x0000000086900000, 0x0000000086900000| Untracked 
|  88|0x0000000086a00000, 0x0000000086a00000, 0x0000000086b00000|  0%| F|  |TAMS 0x0000000086a00000, 0x0000000086a00000| Untracked 
|  89|0x0000000086b00000, 0x0000000086b00000, 0x0000000086c00000|  0%| F|  |TAMS 0x0000000086b00000, 0x0000000086b00000| Untracked 
|  90|0x0000000086c00000, 0x0000000086c00000, 0x0000000086d00000|  0%| F|  |TAMS 0x0000000086c00000, 0x0000000086c00000| Untracked 
|  91|0x0000000086d00000, 0x0000000086d00000, 0x0000000086e00000|  0%| F|  |TAMS 0x0000000086d00000, 0x0000000086d00000| Untracked 
|  92|0x0000000086e00000, 0x0000000086e00000, 0x0000000086f00000|  0%| F|  |TAMS 0x0000000086e00000, 0x0000000086e00000| Untracked 
|  93|0x0000000086f00000, 0x0000000086f00000, 0x0000000087000000|  0%| F|  |TAMS 0x0000000086f00000, 0x0000000086f00000| Untracked 
|  94|0x0000000087000000, 0x0000000087000000, 0x0000000087100000|  0%| F|  |TAMS 0x0000000087000000, 0x0000000087000000| Untracked 
|  95|0x0000000087100000, 0x0000000087100000, 0x0000000087200000|  0%| F|  |TAMS 0x0000000087100000, 0x0000000087100000| Untracked 
|  96|0x0000000087200000, 0x0000000087200000, 0x0000000087300000|  0%| F|  |TAMS 0x0000000087200000, 0x0000000087200000| Untracked 
|  97|0x0000000087300000, 0x0000000087300000, 0x0000000087400000|  0%| F|  |TAMS 0x0000000087300000, 0x0000000087300000| Untracked 
|  98|0x0000000087400000, 0x0000000087400000, 0x0000000087500000|  0%| F|  |TAMS 0x0000000087400000, 0x0000000087400000| Untracked 
|  99|0x0000000087500000, 0x0000000087500000, 0x0000000087600000|  0%| F|  |TAMS 0x0000000087500000, 0x0000000087500000| Untracked 
| 100|0x0000000087600000, 0x0000000087600000, 0x0000000087700000|  0%| F|  |TAMS 0x0000000087600000, 0x0000000087600000| Untracked 
| 101|0x0000000087700000, 0x0000000087700000, 0x0000000087800000|  0%| F|  |TAMS 0x0000000087700000, 0x0000000087700000| Untracked 
| 102|0x0000000087800000, 0x0000000087800000, 0x0000000087900000|  0%| F|  |TAMS 0x0000000087800000, 0x0000000087800000| Untracked 
| 103|0x0000000087900000, 0x0000000087900000, 0x0000000087a00000|  0%| F|  |TAMS 0x0000000087900000, 0x0000000087900000| Untracked 
| 104|0x0000000087a00000, 0x0000000087a00000, 0x0000000087b00000|  0%| F|  |TAMS 0x0000000087a00000, 0x0000000087a00000| Untracked 
| 105|0x0000000087b00000, 0x0000000087b00000, 0x0000000087c00000|  0%| F|  |TAMS 0x0000000087b00000, 0x0000000087b00000| Untracked 
| 106|0x0000000087c00000, 0x0000000087c00000, 0x0000000087d00000|  0%| F|  |TAMS 0x0000000087c00000, 0x0000000087c00000| Untracked 
| 107|0x0000000087d00000, 0x0000000087d00000, 0x0000000087e00000|  0%| F|  |TAMS 0x0000000087d00000, 0x0000000087d00000| Untracked 
| 108|0x0000000087e00000, 0x0000000087e00000, 0x0000000087f00000|  0%| F|  |TAMS 0x0000000087e00000, 0x0000000087e00000| Untracked 
| 109|0x0000000087f00000, 0x0000000087f00000, 0x0000000088000000|  0%| F|  |TAMS 0x0000000087f00000, 0x0000000087f00000| Untracked 
| 110|0x0000000088000000, 0x0000000088000000, 0x0000000088100000|  0%| F|  |TAMS 0x0000000088000000, 0x0000000088000000| Untracked 
| 111|0x0000000088100000, 0x0000000088100000, 0x0000000088200000|  0%| F|  |TAMS 0x0000000088100000, 0x0000000088100000| Untracked 
| 112|0x0000000088200000, 0x0000000088200000, 0x0000000088300000|  0%| F|  |TAMS 0x0000000088200000, 0x0000000088200000| Untracked 
| 113|0x0000000088300000, 0x0000000088300000, 0x0000000088400000|  0%| F|  |TAMS 0x0000000088300000, 0x0000000088300000| Untracked 
| 114|0x0000000088400000, 0x0000000088400000, 0x0000000088500000|  0%| F|  |TAMS 0x0000000088400000, 0x0000000088400000| Untracked 
| 115|0x0000000088500000, 0x0000000088500000, 0x0000000088600000|  0%| F|  |TAMS 0x0000000088500000, 0x0000000088500000| Untracked 
| 116|0x0000000088600000, 0x0000000088600000, 0x0000000088700000|  0%| F|  |TAMS 0x0000000088600000, 0x0000000088600000| Untracked 
| 117|0x0000000088700000, 0x0000000088700000, 0x0000000088800000|  0%| F|  |TAMS 0x0000000088700000, 0x0000000088700000| Untracked 
| 118|0x0000000088800000, 0x0000000088800000, 0x0000000088900000|  0%| F|  |TAMS 0x0000000088800000, 0x0000000088800000| Untracked 
| 119|0x0000000088900000, 0x0000000088900000, 0x0000000088a00000|  0%| F|  |TAMS 0x0000000088900000, 0x0000000088900000| Untracked 
| 120|0x0000000088a00000, 0x0000000088a00000, 0x0000000088b00000|  0%| F|  |TAMS 0x0000000088a00000, 0x0000000088a00000| Untracked 
| 121|0x0000000088b00000, 0x0000000088b00000, 0x0000000088c00000|  0%| F|  |TAMS 0x0000000088b00000, 0x0000000088b00000| Untracked 
| 122|0x0000000088c00000, 0x0000000088c00000, 0x0000000088d00000|  0%| F|  |TAMS 0x0000000088c00000, 0x0000000088c00000| Untracked 
| 123|0x0000000088d00000, 0x0000000088d00000, 0x0000000088e00000|  0%| F|  |TAMS 0x0000000088d00000, 0x0000000088d00000| Untracked 
| 124|0x0000000088e00000, 0x0000000088e00000, 0x0000000088f00000|  0%| F|  |TAMS 0x0000000088e00000, 0x0000000088e00000| Untracked 
| 125|0x0000000088f00000, 0x0000000088f00000, 0x0000000089000000|  0%| F|  |TAMS 0x0000000088f00000, 0x0000000088f00000| Untracked 
| 126|0x0000000089000000, 0x0000000089000000, 0x0000000089100000|  0%| F|  |TAMS 0x0000000089000000, 0x0000000089000000| Untracked 
| 127|0x0000000089100000, 0x0000000089100000, 0x0000000089200000|  0%| F|  |TAMS 0x0000000089100000, 0x0000000089100000| Untracked 
| 128|0x0000000089200000, 0x0000000089200000, 0x0000000089300000|  0%| F|  |TAMS 0x0000000089200000, 0x0000000089200000| Untracked 
| 129|0x0000000089300000, 0x0000000089300000, 0x0000000089400000|  0%| F|  |TAMS 0x0000000089300000, 0x0000000089300000| Untracked 
| 130|0x0000000089400000, 0x0000000089400000, 0x0000000089500000|  0%| F|  |TAMS 0x0000000089400000, 0x0000000089400000| Untracked 
| 131|0x0000000089500000, 0x0000000089500000, 0x0000000089600000|  0%| F|  |TAMS 0x0000000089500000, 0x0000000089500000| Untracked 
| 132|0x0000000089600000, 0x0000000089600000, 0x0000000089700000|  0%| F|  |TAMS 0x0000000089600000, 0x0000000089600000| Untracked 
| 133|0x0000000089700000, 0x0000000089700000, 0x0000000089800000|  0%| F|  |TAMS 0x0000000089700000, 0x0000000089700000| Untracked 
| 134|0x0000000089800000, 0x0000000089800000, 0x0000000089900000|  0%| F|  |TAMS 0x0000000089800000, 0x0000000089800000| Untracked 
| 135|0x0000000089900000, 0x0000000089900000, 0x0000000089a00000|  0%| F|  |TAMS 0x0000000089900000, 0x0000000089900000| Untracked 
| 136|0x0000000089a00000, 0x0000000089a00000, 0x0000000089b00000|  0%| F|  |TAMS 0x0000000089a00000, 0x0000000089a00000| Untracked 
| 137|0x0000000089b00000, 0x0000000089b00000, 0x0000000089c00000|  0%| F|  |TAMS 0x0000000089b00000, 0x0000000089b00000| Untracked 
| 138|0x0000000089c00000, 0x0000000089c00000, 0x0000000089d00000|  0%| F|  |TAMS 0x0000000089c00000, 0x0000000089c00000| Untracked 
| 139|0x0000000089d00000, 0x0000000089d00000, 0x0000000089e00000|  0%| F|  |TAMS 0x0000000089d00000, 0x0000000089d00000| Untracked 
| 140|0x0000000089e00000, 0x0000000089e00000, 0x0000000089f00000|  0%| F|  |TAMS 0x0000000089e00000, 0x0000000089e00000| Untracked 
| 141|0x0000000089f00000, 0x0000000089f00000, 0x000000008a000000|  0%| F|  |TAMS 0x0000000089f00000, 0x0000000089f00000| Untracked 
| 142|0x000000008a000000, 0x000000008a000000, 0x000000008a100000|  0%| F|  |TAMS 0x000000008a000000, 0x000000008a000000| Untracked 
| 143|0x000000008a100000, 0x000000008a100000, 0x000000008a200000|  0%| F|  |TAMS 0x000000008a100000, 0x000000008a100000| Untracked 
| 144|0x000000008a200000, 0x000000008a200000, 0x000000008a300000|  0%| F|  |TAMS 0x000000008a200000, 0x000000008a200000| Untracked 
| 145|0x000000008a300000, 0x000000008a300000, 0x000000008a400000|  0%| F|  |TAMS 0x000000008a300000, 0x000000008a300000| Untracked 
| 146|0x000000008a400000, 0x000000008a400000, 0x000000008a500000|  0%| F|  |TAMS 0x000000008a400000, 0x000000008a400000| Untracked 
| 147|0x000000008a500000, 0x000000008a500000, 0x000000008a600000|  0%| F|  |TAMS 0x000000008a500000, 0x000000008a500000| Untracked 
| 148|0x000000008a600000, 0x000000008a600000, 0x000000008a700000|  0%| F|  |TAMS 0x000000008a600000, 0x000000008a600000| Untracked 
| 149|0x000000008a700000, 0x000000008a700000, 0x000000008a800000|  0%| F|  |TAMS 0x000000008a700000, 0x000000008a700000| Untracked 
| 150|0x000000008a800000, 0x000000008a800000, 0x000000008a900000|  0%| F|  |TAMS 0x000000008a800000, 0x000000008a800000| Untracked 
| 151|0x000000008a900000, 0x000000008a900000, 0x000000008aa00000|  0%| F|  |TAMS 0x000000008a900000, 0x000000008a900000| Untracked 
| 152|0x000000008aa00000, 0x000000008aa00000, 0x000000008ab00000|  0%| F|  |TAMS 0x000000008aa00000, 0x000000008aa00000| Untracked 
| 153|0x000000008ab00000, 0x000000008ab00000, 0x000000008ac00000|  0%| F|  |TAMS 0x000000008ab00000, 0x000000008ab00000| Untracked 
| 154|0x000000008ac00000, 0x000000008ac00000, 0x000000008ad00000|  0%| F|  |TAMS 0x000000008ac00000, 0x000000008ac00000| Untracked 
| 155|0x000000008ad00000, 0x000000008ad00000, 0x000000008ae00000|  0%| F|  |TAMS 0x000000008ad00000, 0x000000008ad00000| Untracked 
| 156|0x000000008ae00000, 0x000000008ae00000, 0x000000008af00000|  0%| F|  |TAMS 0x000000008ae00000, 0x000000008ae00000| Untracked 
| 157|0x000000008af00000, 0x000000008af00000, 0x000000008b000000|  0%| F|  |TAMS 0x000000008af00000, 0x000000008af00000| Untracked 
| 158|0x000000008b000000, 0x000000008b000000, 0x000000008b100000|  0%| F|  |TAMS 0x000000008b000000, 0x000000008b000000| Untracked 
| 159|0x000000008b100000, 0x000000008b100000, 0x000000008b200000|  0%| F|  |TAMS 0x000000008b100000, 0x000000008b100000| Untracked 
| 160|0x000000008b200000, 0x000000008b200000, 0x000000008b300000|  0%| F|  |TAMS 0x000000008b200000, 0x000000008b200000| Untracked 
| 161|0x000000008b300000, 0x000000008b300000, 0x000000008b400000|  0%| F|  |TAMS 0x000000008b300000, 0x000000008b300000| Untracked 
| 162|0x000000008b400000, 0x000000008b400000, 0x000000008b500000|  0%| F|  |TAMS 0x000000008b400000, 0x000000008b400000| Untracked 
| 163|0x000000008b500000, 0x000000008b500000, 0x000000008b600000|  0%| F|  |TAMS 0x000000008b500000, 0x000000008b500000| Untracked 
| 164|0x000000008b600000, 0x000000008b600000, 0x000000008b700000|  0%| F|  |TAMS 0x000000008b600000, 0x000000008b600000| Untracked 
| 165|0x000000008b700000, 0x000000008b700000, 0x000000008b800000|  0%| F|  |TAMS 0x000000008b700000, 0x000000008b700000| Untracked 
| 166|0x000000008b800000, 0x000000008b800000, 0x000000008b900000|  0%| F|  |TAMS 0x000000008b800000, 0x000000008b800000| Untracked 
| 167|0x000000008b900000, 0x000000008b900000, 0x000000008ba00000|  0%| F|  |TAMS 0x000000008b900000, 0x000000008b900000| Untracked 
| 168|0x000000008ba00000, 0x000000008ba00000, 0x000000008bb00000|  0%| F|  |TAMS 0x000000008ba00000, 0x000000008ba00000| Untracked 
| 169|0x000000008bb00000, 0x000000008bb00000, 0x000000008bc00000|  0%| F|  |TAMS 0x000000008bb00000, 0x000000008bb00000| Untracked 
| 170|0x000000008bc00000, 0x000000008bc00000, 0x000000008bd00000|  0%| F|  |TAMS 0x000000008bc00000, 0x000000008bc00000| Untracked 
| 171|0x000000008bd00000, 0x000000008bd00000, 0x000000008be00000|  0%| F|  |TAMS 0x000000008bd00000, 0x000000008bd00000| Untracked 
| 172|0x000000008be00000, 0x000000008be00000, 0x000000008bf00000|  0%| F|  |TAMS 0x000000008be00000, 0x000000008be00000| Untracked 
| 173|0x000000008bf00000, 0x000000008bf00000, 0x000000008c000000|  0%| F|  |TAMS 0x000000008bf00000, 0x000000008bf00000| Untracked 
| 174|0x000000008c000000, 0x000000008c000000, 0x000000008c100000|  0%| F|  |TAMS 0x000000008c000000, 0x000000008c000000| Untracked 
| 175|0x000000008c100000, 0x000000008c100000, 0x000000008c200000|  0%| F|  |TAMS 0x000000008c100000, 0x000000008c100000| Untracked 
| 176|0x000000008c200000, 0x000000008c200000, 0x000000008c300000|  0%| F|  |TAMS 0x000000008c200000, 0x000000008c200000| Untracked 
| 177|0x000000008c300000, 0x000000008c300000, 0x000000008c400000|  0%| F|  |TAMS 0x000000008c300000, 0x000000008c300000| Untracked 
| 178|0x000000008c400000, 0x000000008c400000, 0x000000008c500000|  0%| F|  |TAMS 0x000000008c400000, 0x000000008c400000| Untracked 
| 179|0x000000008c500000, 0x000000008c500000, 0x000000008c600000|  0%| F|  |TAMS 0x000000008c500000, 0x000000008c500000| Untracked 
| 180|0x000000008c600000, 0x000000008c600000, 0x000000008c700000|  0%| F|  |TAMS 0x000000008c600000, 0x000000008c600000| Untracked 
| 181|0x000000008c700000, 0x000000008c700000, 0x000000008c800000|  0%| F|  |TAMS 0x000000008c700000, 0x000000008c700000| Untracked 
| 182|0x000000008c800000, 0x000000008c800000, 0x000000008c900000|  0%| F|  |TAMS 0x000000008c800000, 0x000000008c800000| Untracked 
| 183|0x000000008c900000, 0x000000008c900000, 0x000000008ca00000|  0%| F|  |TAMS 0x000000008c900000, 0x000000008c900000| Untracked 
| 184|0x000000008ca00000, 0x000000008ca00000, 0x000000008cb00000|  0%| F|  |TAMS 0x000000008ca00000, 0x000000008ca00000| Untracked 
| 185|0x000000008cb00000, 0x000000008cb00000, 0x000000008cc00000|  0%| F|  |TAMS 0x000000008cb00000, 0x000000008cb00000| Untracked 
| 186|0x000000008cc00000, 0x000000008cc00000, 0x000000008cd00000|  0%| F|  |TAMS 0x000000008cc00000, 0x000000008cc00000| Untracked 
| 187|0x000000008cd00000, 0x000000008cd00000, 0x000000008ce00000|  0%| F|  |TAMS 0x000000008cd00000, 0x000000008cd00000| Untracked 
| 188|0x000000008ce00000, 0x000000008ce00000, 0x000000008cf00000|  0%| F|  |TAMS 0x000000008ce00000, 0x000000008ce00000| Untracked 
| 189|0x000000008cf00000, 0x000000008cf00000, 0x000000008d000000|  0%| F|  |TAMS 0x000000008cf00000, 0x000000008cf00000| Untracked 
| 190|0x000000008d000000, 0x000000008d000000, 0x000000008d100000|  0%| F|  |TAMS 0x000000008d000000, 0x000000008d000000| Untracked 
| 191|0x000000008d100000, 0x000000008d100000, 0x000000008d200000|  0%| F|  |TAMS 0x000000008d100000, 0x000000008d100000| Untracked 
| 192|0x000000008d200000, 0x000000008d200000, 0x000000008d300000|  0%| F|  |TAMS 0x000000008d200000, 0x000000008d200000| Untracked 
| 193|0x000000008d300000, 0x000000008d300000, 0x000000008d400000|  0%| F|  |TAMS 0x000000008d300000, 0x000000008d300000| Untracked 
| 194|0x000000008d400000, 0x000000008d400000, 0x000000008d500000|  0%| F|  |TAMS 0x000000008d400000, 0x000000008d400000| Untracked 
| 195|0x000000008d500000, 0x000000008d500000, 0x000000008d600000|  0%| F|  |TAMS 0x000000008d500000, 0x000000008d500000| Untracked 
| 196|0x000000008d600000, 0x000000008d600000, 0x000000008d700000|  0%| F|  |TAMS 0x000000008d600000, 0x000000008d600000| Untracked 
| 197|0x000000008d700000, 0x000000008d700000, 0x000000008d800000|  0%| F|  |TAMS 0x000000008d700000, 0x000000008d700000| Untracked 
| 198|0x000000008d800000, 0x000000008d800000, 0x000000008d900000|  0%| F|  |TAMS 0x000000008d800000, 0x000000008d800000| Untracked 
| 199|0x000000008d900000, 0x000000008d900000, 0x000000008da00000|  0%| F|  |TAMS 0x000000008d900000, 0x000000008d900000| Untracked 
| 200|0x000000008da00000, 0x000000008da00000, 0x000000008db00000|  0%| F|  |TAMS 0x000000008da00000, 0x000000008da00000| Untracked 
| 201|0x000000008db00000, 0x000000008db00000, 0x000000008dc00000|  0%| F|  |TAMS 0x000000008db00000, 0x000000008db00000| Untracked 
| 202|0x000000008dc00000, 0x000000008dc00000, 0x000000008dd00000|  0%| F|  |TAMS 0x000000008dc00000, 0x000000008dc00000| Untracked 
| 203|0x000000008dd00000, 0x000000008dd00000, 0x000000008de00000|  0%| F|  |TAMS 0x000000008dd00000, 0x000000008dd00000| Untracked 
| 204|0x000000008de00000, 0x000000008df00000, 0x000000008df00000|100%| E|  |TAMS 0x000000008de00000, 0x000000008de00000| Complete 
| 205|0x000000008df00000, 0x000000008e000000, 0x000000008e000000|100%| E|CS|TAMS 0x000000008df00000, 0x000000008df00000| Complete 
| 206|0x000000008e000000, 0x000000008e100000, 0x000000008e100000|100%| E|CS|TAMS 0x000000008e000000, 0x000000008e000000| Complete 
| 207|0x000000008e100000, 0x000000008e200000, 0x000000008e200000|100%| E|CS|TAMS 0x000000008e100000, 0x000000008e100000| Complete 
| 208|0x000000008e200000, 0x000000008e300000, 0x000000008e300000|100%| E|CS|TAMS 0x000000008e200000, 0x000000008e200000| Complete 
| 209|0x000000008e300000, 0x000000008e400000, 0x000000008e400000|100%| E|CS|TAMS 0x000000008e300000, 0x000000008e300000| Complete 
| 210|0x000000008e400000, 0x000000008e500000, 0x000000008e500000|100%| E|CS|TAMS 0x000000008e400000, 0x000000008e400000| Complete 
| 211|0x000000008e500000, 0x000000008e600000, 0x000000008e600000|100%| E|CS|TAMS 0x000000008e500000, 0x000000008e500000| Complete 
| 212|0x000000008e600000, 0x000000008e700000, 0x000000008e700000|100%| E|CS|TAMS 0x000000008e600000, 0x000000008e600000| Complete 
| 213|0x000000008e700000, 0x000000008e800000, 0x000000008e800000|100%| E|CS|TAMS 0x000000008e700000, 0x000000008e700000| Complete 
| 214|0x000000008e800000, 0x000000008e900000, 0x000000008e900000|100%| E|CS|TAMS 0x000000008e800000, 0x000000008e800000| Complete 
| 215|0x000000008e900000, 0x000000008ea00000, 0x000000008ea00000|100%| E|CS|TAMS 0x000000008e900000, 0x000000008e900000| Complete 
| 216|0x000000008ea00000, 0x000000008eb00000, 0x000000008eb00000|100%| E|CS|TAMS 0x000000008ea00000, 0x000000008ea00000| Complete 
| 217|0x000000008eb00000, 0x000000008ec00000, 0x000000008ec00000|100%| E|CS|TAMS 0x000000008eb00000, 0x000000008eb00000| Complete 
| 218|0x000000008ec00000, 0x000000008ed00000, 0x000000008ed00000|100%| E|CS|TAMS 0x000000008ec00000, 0x000000008ec00000| Complete 
| 219|0x000000008ed00000, 0x000000008edf0918, 0x000000008ee00000| 93%| S|CS|TAMS 0x000000008ed00000, 0x000000008ed00000| Complete 
| 220|0x000000008ee00000, 0x000000008ef00000, 0x000000008ef00000|100%| E|CS|TAMS 0x000000008ee00000, 0x000000008ee00000| Complete 
| 221|0x000000008ef00000, 0x000000008f000000, 0x000000008f000000|100%| E|CS|TAMS 0x000000008ef00000, 0x000000008ef00000| Complete 
| 222|0x000000008f000000, 0x000000008f100000, 0x000000008f100000|100%| E|CS|TAMS 0x000000008f000000, 0x000000008f000000| Complete 
| 223|0x000000008f100000, 0x000000008f200000, 0x000000008f200000|100%| E|CS|TAMS 0x000000008f100000, 0x000000008f100000| Complete 
| 224|0x000000008f200000, 0x000000008f300000, 0x000000008f300000|100%| E|CS|TAMS 0x000000008f200000, 0x000000008f200000| Complete 
| 225|0x000000008f300000, 0x000000008f400000, 0x000000008f400000|100%| E|CS|TAMS 0x000000008f300000, 0x000000008f300000| Complete 
| 226|0x000000008f400000, 0x000000008f500000, 0x000000008f500000|100%| E|CS|TAMS 0x000000008f400000, 0x000000008f400000| Complete 
| 227|0x000000008f500000, 0x000000008f600000, 0x000000008f600000|100%| E|CS|TAMS 0x000000008f500000, 0x000000008f500000| Complete 

Card table byte_map: [0x000001a49f870000,0x000001a49fc70000] _byte_map_base: 0x000001a49f467000

Marking Bits (Prev, Next): (CMBitMap*) 0x000001a48cfe9070, (CMBitMap*) 0x000001a48cfe90b0
 Prev Bits: [0x000001a4a0070000, 0x000001a4a2028000)
 Next Bits: [0x000001a4a2030000, 0x000001a4a3fe8000)

Polling page: 0x000001a48c750000

Metaspace:

Usage:
  Non-class:     78.28 MB used.
      Class:      9.46 MB used.
       Both:     87.74 MB used.

Virtual space:
  Non-class space:      128.00 MB reserved,      78.44 MB ( 61%) committed,  2 nodes.
      Class space:        1.00 GB reserved,       9.62 MB ( <1%) committed,  1 nodes.
             Both:        1.12 GB reserved,      88.06 MB (  8%) committed. 

Chunk freelists:
   Non-Class:  1.33 MB
       Class:  6.41 MB
        Both:  7.73 MB

MaxMetaspaceSize: unlimited
CompressedClassSpaceSize: 1.00 GB
Initial GC threshold: 21.00 MB
Current GC threshold: 136.56 MB
CDS: off
MetaspaceReclaimPolicy: balanced
 - commit_granule_bytes: 65536.
 - commit_granule_words: 8192.
 - virtual_space_node_default_size: 8388608.
 - enlarge_chunks_in_place: 1.
 - new_chunks_are_fully_committed: 0.
 - uncommit_free_chunks: 1.
 - use_allocation_guard: 0.
 - handle_deallocations: 1.


Internal statistics:

num_allocs_failed_limit: 18.
num_arena_births: 350.
num_arena_deaths: 0.
num_vsnodes_births: 3.
num_vsnodes_deaths: 0.
num_space_committed: 1407.
num_space_uncommitted: 0.
num_chunks_returned_to_freelist: 18.
num_chunks_taken_from_freelist: 3251.
num_chunk_merges: 18.
num_chunk_splits: 2697.
num_chunks_enlarged: 2411.
num_inconsistent_stats: 0.

CodeHeap 'non-profiled nmethods': size=120000Kb used=6173Kb max_used=6173Kb free=113827Kb
 bounds [0x000001a497f40000, 0x000001a498550000, 0x000001a49f470000]
CodeHeap 'profiled nmethods': size=120000Kb used=42435Kb max_used=42435Kb free=77564Kb
 bounds [0x000001a490470000, 0x000001a492df0000, 0x000001a4979a0000]
CodeHeap 'non-nmethods': size=5760Kb used=1404Kb max_used=1452Kb free=4355Kb
 bounds [0x000001a4979a0000, 0x000001a497c10000, 0x000001a497f40000]
 total_blobs=14824 nmethods=14091 adapters=642
 compilation: disabled (not enough contiguous free space left)
              stopped_count=1, restarted_count=0
 full_count=1

Compilation events (20 events):
Event: 110.891 Thread 0x000001a4a65162b0 17442       3       kotlin.text.StringsKt__StringsJVMKt::repeat (268 bytes)
Event: 110.900 Thread 0x000001a4a65162b0 nmethod 17442 0x000001a492dd6390 code [0x000001a492dd67c0, 0x000001a492dd8248]
Event: 110.900 Thread 0x000001a4a65162b0 17443       3       org.jetbrains.kotlin.backend.jvm.codegen.ExpressionCodegen::getAsmType (16 bytes)
Event: 110.903 Thread 0x000001a4a65162b0 nmethod 17443 0x000001a492dd8b90 code [0x000001a492dd8dc0, 0x000001a492dd9458]
Event: 110.903 Thread 0x000001a4a65162b0 17444       3       org.jetbrains.kotlin.ir.types.impl.IrSimpleTypeImpl::<init> (23 bytes)
Event: 110.904 Thread 0x000001a4a65162b0 nmethod 17444 0x000001a492dd9710 code [0x000001a492dd98c0, 0x000001a492dd9a48]
Event: 110.915 Thread 0x000001a4a65162b0 17445       3       org.jetbrains.kotlin.backend.jvm.codegen.ExpressionCodegen::visitConst (10 bytes)
Event: 110.916 Thread 0x000001a4a65162b0 nmethod 17445 0x000001a492dd9b10 code [0x000001a492dd9cc0, 0x000001a492dd9ee8]
Event: 110.916 Thread 0x000001a4a65162b0 17446       3       org.jetbrains.kotlin.backend.jvm.codegen.ExpressionCodegen::visitConst (237 bytes)
Event: 110.927 Thread 0x000001a4a65162b0 nmethod 17446 0x000001a492dd9f90 code [0x000001a492dda420, 0x000001a492ddce48]
Event: 110.927 Thread 0x000001a4a65162b0 17447       3       org.jetbrains.kotlin.backend.jvm.ir.JvmIrCoroutineUtilsKt::isInvokeOfSuspendCallableReference (146 bytes)
Event: 110.934 Thread 0x000001a4a65162b0 nmethod 17447 0x000001a492ddd890 code [0x000001a492dddc20, 0x000001a492ddf528]
Event: 110.934 Thread 0x000001a4a65162b0 17448       3       org.jetbrains.kotlin.backend.jvm.ir.JvmIrCoroutineUtilsKt::isStaticInlineClassReplacementDelegatingCall (182 bytes)
Event: 110.939 Thread 0x000001a4a65162b0 nmethod 17448 0x000001a492ddfb90 code [0x000001a492ddff20, 0x000001a492de1bc8]
Event: 110.939 Thread 0x000001a4a65162b0 17450       3       org.jetbrains.kotlin.codegen.inline.InlineCodegenUtilsKt::isFinallyStart (15 bytes)
Event: 110.941 Thread 0x000001a4a65162b0 nmethod 17450 0x000001a492de2190 code [0x000001a492de23a0, 0x000001a492de2948]
Event: 110.941 Thread 0x000001a4a65162b0 17449       3       org.jetbrains.kotlin.codegen.optimization.boxing.BoxingInterpreterKt::isInlineClassBoxingMethodDescriptor (68 bytes)
Event: 110.944 Thread 0x000001a4a65162b0 nmethod 17449 0x000001a492de2b90 code [0x000001a492de2dc0, 0x000001a492de34f8]
Event: 110.944 Thread 0x000001a4a65162b0 17451       3       org.jetbrains.org.objectweb.asm.commons.InstructionAdapter::visitInsn (1783 bytes)
Event: 110.975 Thread 0x000001a4a65162b0 


GC Heap History (20 events):
Event: 34.537 GC heap before
{Heap before GC invocations=19 (full 0):
 garbage-first heap   total 116736K, used 98622K [0x0000000081200000, 0x0000000100000000)
  region size 1024K, 68 young (69632K), 1 survivors (1024K)
 Metaspace       used 53936K, committed 54144K, reserved 1114112K
  class space    used 6345K, committed 6464K, reserved 1048576K
}
Event: 34.696 GC heap after
{Heap after GC invocations=20 (full 0):
 garbage-first heap   total 116736K, used 42263K [0x0000000081200000, 0x0000000100000000)
  region size 1024K, 9 young (9216K), 9 survivors (9216K)
 Metaspace       used 53936K, committed 54144K, reserved 1114112K
  class space    used 6345K, committed 6464K, reserved 1048576K
}
Event: 34.844 GC heap before
{Heap before GC invocations=20 (full 0):
 garbage-first heap   total 116736K, used 43287K [0x0000000081200000, 0x0000000100000000)
  region size 1024K, 10 young (10240K), 9 survivors (9216K)
 Metaspace       used 53965K, committed 54208K, reserved 1114112K
  class space    used 6347K, committed 6464K, reserved 1048576K
}
Event: 34.939 GC heap after
{Heap after GC invocations=21 (full 0):
 garbage-first heap   total 116736K, used 42669K [0x0000000081200000, 0x0000000100000000)
  region size 1024K, 1 young (1024K), 1 survivors (1024K)
 Metaspace       used 53965K, committed 54208K, reserved 1114112K
  class space    used 6347K, committed 6464K, reserved 1048576K
}
Event: 38.554 GC heap before
{Heap before GC invocations=21 (full 0):
 garbage-first heap   total 116736K, used 80557K [0x0000000081200000, 0x0000000100000000)
  region size 1024K, 38 young (38912K), 1 survivors (1024K)
 Metaspace       used 56236K, committed 56448K, reserved 1114112K
  class space    used 6582K, committed 6656K, reserved 1048576K
}
Event: 38.615 GC heap after
{Heap after GC invocations=22 (full 0):
 garbage-first heap   total 116736K, used 45484K [0x0000000081200000, 0x0000000100000000)
  region size 1024K, 4 young (4096K), 4 survivors (4096K)
 Metaspace       used 56236K, committed 56448K, reserved 1114112K
  class space    used 6582K, committed 6656K, reserved 1048576K
}
Event: 48.112 GC heap before
{Heap before GC invocations=22 (full 0):
 garbage-first heap   total 116736K, used 83372K [0x0000000081200000, 0x0000000100000000)
  region size 1024K, 41 young (41984K), 4 survivors (4096K)
 Metaspace       used 62705K, committed 62976K, reserved 1114112K
  class space    used 7359K, committed 7488K, reserved 1048576K
}
Event: 48.219 GC heap after
{Heap after GC invocations=23 (full 0):
 garbage-first heap   total 116736K, used 49740K [0x0000000081200000, 0x0000000100000000)
  region size 1024K, 4 young (4096K), 4 survivors (4096K)
 Metaspace       used 62705K, committed 62976K, reserved 1114112K
  class space    used 7359K, committed 7488K, reserved 1048576K
}
Event: 57.531 GC heap before
{Heap before GC invocations=23 (full 0):
 garbage-first heap   total 116736K, used 87628K [0x0000000081200000, 0x0000000100000000)
  region size 1024K, 41 young (41984K), 4 survivors (4096K)
 Metaspace       used 64914K, committed 65152K, reserved 1114112K
  class space    used 7468K, committed 7552K, reserved 1048576K
}
Event: 57.654 GC heap after
{Heap after GC invocations=24 (full 0):
 garbage-first heap   total 233472K, used 55744K [0x0000000081200000, 0x0000000100000000)
  region size 1024K, 6 young (6144K), 6 survivors (6144K)
 Metaspace       used 64914K, committed 65152K, reserved 1114112K
  class space    used 7468K, committed 7552K, reserved 1048576K
}
Event: 71.538 GC heap before
{Heap before GC invocations=24 (full 0):
 garbage-first heap   total 233472K, used 128448K [0x0000000081200000, 0x0000000100000000)
  region size 1024K, 74 young (75776K), 6 survivors (6144K)
 Metaspace       used 67252K, committed 67520K, reserved 1114112K
  class space    used 7632K, committed 7744K, reserved 1048576K
}
Event: 71.700 GC heap after
{Heap after GC invocations=25 (full 0):
 garbage-first heap   total 233472K, used 66372K [0x0000000081200000, 0x0000000100000000)
  region size 1024K, 9 young (9216K), 9 survivors (9216K)
 Metaspace       used 67252K, committed 67520K, reserved 1114112K
  class space    used 7632K, committed 7744K, reserved 1048576K
}
Event: 79.448 GC heap before
{Heap before GC invocations=25 (full 0):
 garbage-first heap   total 233472K, used 110404K [0x0000000081200000, 0x0000000100000000)
  region size 1024K, 52 young (53248K), 9 survivors (9216K)
 Metaspace       used 68331K, committed 68608K, reserved 1114112K
  class space    used 7696K, committed 7808K, reserved 1048576K
}
Event: 79.558 GC heap after
{Heap after GC invocations=26 (full 0):
 garbage-first heap   total 233472K, used 69881K [0x0000000081200000, 0x0000000100000000)
  region size 1024K, 4 young (4096K), 4 survivors (4096K)
 Metaspace       used 68331K, committed 68608K, reserved 1114112K
  class space    used 7696K, committed 7808K, reserved 1048576K
}
Event: 95.178 GC heap before
{Heap before GC invocations=26 (full 0):
 garbage-first heap   total 233472K, used 176377K [0x0000000081200000, 0x0000000100000000)
  region size 1024K, 109 young (111616K), 4 survivors (4096K)
 Metaspace       used 82904K, committed 83200K, reserved 1179648K
  class space    used 9149K, committed 9280K, reserved 1048576K
}
Event: 95.318 GC heap after
{Heap after GC invocations=27 (full 0):
 garbage-first heap   total 233472K, used 80778K [0x0000000081200000, 0x0000000100000000)
  region size 1024K, 14 young (14336K), 14 survivors (14336K)
 Metaspace       used 82904K, committed 83200K, reserved 1179648K
  class space    used 9149K, committed 9280K, reserved 1048576K
}
Event: 105.266 GC heap before
{Heap before GC invocations=28 (full 0):
 garbage-first heap   total 233472K, used 138122K [0x0000000081200000, 0x0000000100000000)
  region size 1024K, 72 young (73728K), 14 survivors (14336K)
 Metaspace       used 86780K, committed 87104K, reserved 1179648K
  class space    used 9468K, committed 9600K, reserved 1048576K
}
Event: 105.384 GC heap after
{Heap after GC invocations=29 (full 0):
 garbage-first heap   total 233472K, used 79749K [0x0000000081200000, 0x0000000100000000)
  region size 1024K, 3 young (3072K), 3 survivors (3072K)
 Metaspace       used 86780K, committed 87104K, reserved 1179648K
  class space    used 9468K, committed 9600K, reserved 1048576K
}
Event: 106.351 GC heap before
{Heap before GC invocations=29 (full 0):
 garbage-first heap   total 233472K, used 86917K [0x0000000081200000, 0x0000000100000000)
  region size 1024K, 11 young (11264K), 3 survivors (3072K)
 Metaspace       used 88028K, committed 88320K, reserved 1179648K
  class space    used 9590K, committed 9728K, reserved 1048576K
}
Event: 106.395 GC heap after
{Heap after GC invocations=30 (full 0):
 garbage-first heap   total 233472K, used 79130K [0x0000000081200000, 0x0000000100000000)
  region size 1024K, 1 young (1024K), 1 survivors (1024K)
 Metaspace       used 88028K, committed 88320K, reserved 1179648K
  class space    used 9590K, committed 9728K, reserved 1048576K
}

Dll operation events (2 events):
Event: 0.037 Loaded shared library C:\Program Files\Android\Android Studio1\jbr\bin\java.dll
Event: 8.435 Loaded shared library C:\Program Files\Android\Android Studio1\jbr\bin\verify.dll

Deoptimization events (20 events):
Event: 109.940 Thread 0x000001a48cf8ceb0 Uncommon trap: trap_request=0xffffffde fr.pc=0x000001a4980b76dc relative=0x00000000000000bc
Event: 109.940 Thread 0x000001a48cf8ceb0 Uncommon trap: reason=class_check action=maybe_recompile pc=0x000001a4980b76dc method=org.jetbrains.kotlin.ir.symbols.impl.IrSymbolBase.getDescriptor()Lorg/jetbrains/kotlin/descriptors/DeclarationDescriptor; @ 19 c2
Event: 109.940 Thread 0x000001a48cf8ceb0 DEOPT PACKING pc=0x000001a4980b76dc sp=0x0000006ffbcfcb10
Event: 109.940 Thread 0x000001a48cf8ceb0 DEOPT UNPACKING pc=0x000001a4979f69a3 sp=0x0000006ffbcfcaa8 mode 2
Event: 109.949 Thread 0x000001a48cf8ceb0 Uncommon trap: trap_request=0xffffffde fr.pc=0x000001a4980b76dc relative=0x00000000000000bc
Event: 109.949 Thread 0x000001a48cf8ceb0 Uncommon trap: reason=class_check action=maybe_recompile pc=0x000001a4980b76dc method=org.jetbrains.kotlin.ir.symbols.impl.IrSymbolBase.getDescriptor()Lorg/jetbrains/kotlin/descriptors/DeclarationDescriptor; @ 19 c2
Event: 109.949 Thread 0x000001a48cf8ceb0 DEOPT PACKING pc=0x000001a4980b76dc sp=0x0000006ffbcfcb10
Event: 109.949 Thread 0x000001a48cf8ceb0 DEOPT UNPACKING pc=0x000001a4979f69a3 sp=0x0000006ffbcfcaa8 mode 2
Event: 109.963 Thread 0x000001a48cf8ceb0 Uncommon trap: trap_request=0xffffffde fr.pc=0x000001a4980b76dc relative=0x00000000000000bc
Event: 109.963 Thread 0x000001a48cf8ceb0 Uncommon trap: reason=class_check action=maybe_recompile pc=0x000001a4980b76dc method=org.jetbrains.kotlin.ir.symbols.impl.IrSymbolBase.getDescriptor()Lorg/jetbrains/kotlin/descriptors/DeclarationDescriptor; @ 19 c2
Event: 109.963 Thread 0x000001a48cf8ceb0 DEOPT PACKING pc=0x000001a4980b76dc sp=0x0000006ffbcfcb80
Event: 109.963 Thread 0x000001a48cf8ceb0 DEOPT UNPACKING pc=0x000001a4979f69a3 sp=0x0000006ffbcfcb18 mode 2
Event: 109.974 Thread 0x000001a48cf8ceb0 Uncommon trap: trap_request=0xffffffde fr.pc=0x000001a4980b76dc relative=0x00000000000000bc
Event: 109.974 Thread 0x000001a48cf8ceb0 Uncommon trap: reason=class_check action=maybe_recompile pc=0x000001a4980b76dc method=org.jetbrains.kotlin.ir.symbols.impl.IrSymbolBase.getDescriptor()Lorg/jetbrains/kotlin/descriptors/DeclarationDescriptor; @ 19 c2
Event: 109.974 Thread 0x000001a48cf8ceb0 DEOPT PACKING pc=0x000001a4980b76dc sp=0x0000006ffbcfcbe0
Event: 109.974 Thread 0x000001a48cf8ceb0 DEOPT UNPACKING pc=0x000001a4979f69a3 sp=0x0000006ffbcfcb78 mode 2
Event: 110.344 Thread 0x000001a48cf8ceb0 Uncommon trap: trap_request=0xffffff3d fr.pc=0x000001a49853421c relative=0x0000000000004a9c
Event: 110.344 Thread 0x000001a48cf8ceb0 Uncommon trap: reason=unstable_fused_if action=reinterpret pc=0x000001a49853421c method=org.jetbrains.kotlin.builtins.PrimitiveType$Companion.getByShortName(Ljava/lang/String;)Lorg/jetbrains/kotlin/builtins/PrimitiveType; @ 12 c2
Event: 110.344 Thread 0x000001a48cf8ceb0 DEOPT PACKING pc=0x000001a49853421c sp=0x0000006ffbcf9100
Event: 110.345 Thread 0x000001a48cf8ceb0 DEOPT UNPACKING pc=0x000001a4979f69a3 sp=0x0000006ffbcf8f08 mode 2

Classes unloaded (0 events):
No events

Classes redefined (0 events):
No events

Internal exceptions (20 events):
Event: 39.918 Thread 0x000001a48cf8ceb0 Implicit null exception at 0x000001a49804564c to 0x000001a498045728
Event: 40.575 Thread 0x000001a48cf8ceb0 Exception <a 'java/lang/NoSuchMethodError'{0x00000000877f8748}: 'int java.lang.invoke.DirectMethodHandle$Holder.invokeStaticInit(java.lang.Object, int)'> (0x00000000877f8748) 
thrown [s\src\hotspot\share\interpreter\linkResolver.cpp, line 771]
Event: 41.261 Thread 0x000001a48cf8ceb0 Implicit null exception at 0x000001a49801ad89 to 0x000001a49801ae70
Event: 41.261 Thread 0x000001a48cf8ceb0 Implicit null exception at 0x000001a497fa6858 to 0x000001a497fa68ea
Event: 41.990 Thread 0x000001a48cf8ceb0 Exception <a 'java/lang/NoSuchMethodError'{0x00000000870d0308}: 'java.lang.Object java.lang.invoke.DirectMethodHandle$Holder.invokeInterface(java.lang.Object, java.lang.Object, java.lang.Object)'> (0x00000000870d0308) 
thrown [s\src\hotspot\share\interpreter\linkResolver.cpp, line 771]
Event: 41.992 Thread 0x000001a48cf8ceb0 Exception <a 'java/lang/IncompatibleClassChangeError'{0x00000000870d3c78}: Found class java.lang.Object, but interface was expected> (0x00000000870d3c78) 
thrown [s\src\hotspot\share\interpreter\linkResolver.cpp, line 838]
Event: 45.038 Thread 0x000001a48cf8ceb0 Implicit null exception at 0x000001a49821d097 to 0x000001a49821d414
Event: 48.694 Thread 0x000001a48cf8ceb0 Exception <a 'java/lang/NoSuchMethodError'{0x000000008a44b758}: 'java.lang.Object java.lang.invoke.DirectMethodHandle$Holder.newInvokeSpecial(java.lang.Object, java.lang.Object, java.lang.Object, java.lang.Object, java.lang.Object, java.lang.Object, java.lang.Object)'> (0x000000008a44b758) 
thrown [s\src\hotspot\share\interpreter\linkResolver.cpp, line 771]
Event: 48.697 Thread 0x000001a48cf8ceb0 Exception <a 'java/lang/NoSuchMethodError'{0x000000008a450068}: 'java.lang.Object java.lang.invoke.Invokers$Holder.linkToTargetMethod(java.lang.Object, java.lang.Object, java.lang.Object, java.lang.Object, java.lang.Object, java.lang.Object, java.lang.Object)'> (0x000000008a450068) 
thrown [s\src\hotspot\share\interpreter\linkResolver.cpp, line 771]
Event: 50.880 Thread 0x000001a48cf8ceb0 Exception <a 'java/lang/NoSuchMethodError'{0x0000000087a0e470}: 'java.lang.Object java.lang.invoke.DirectMethodHandle$Holder.invokeStatic(java.lang.Object, int, java.lang.Object)'> (0x0000000087a0e470) 
thrown [s\src\hotspot\share\interpreter\linkResolver.cpp, line 771]
Event: 53.399 Thread 0x000001a48cf8ceb0 Exception <a 'java/lang/NoSuchMethodError'{0x0000000086ba48a0}: 'java.lang.Object java.lang.invoke.DirectMethodHandle$Holder.newInvokeSpecial(java.lang.Object, int, java.lang.Object, java.lang.Object)'> (0x0000000086ba48a0) 
thrown [s\src\hotspot\share\interpreter\linkResolver.cpp, line 771]
Event: 60.521 Thread 0x000001a48cf8ceb0 Implicit null exception at 0x000001a49828bc9f to 0x000001a49828c448
Event: 75.177 Thread 0x000001a48cf8ceb0 Implicit null exception at 0x000001a4983c2ab8 to 0x000001a4983c79a4
Event: 80.192 Thread 0x000001a48cf8ceb0 Exception <a 'java/lang/NoSuchMethodError'{0x000000008f22de48}: 'java.lang.Object java.lang.invoke.DirectMethodHandle$Holder.invokeStaticInit(java.lang.Object, java.lang.Object, java.lang.Object, java.lang.Object)'> (0x000000008f22de48) 
thrown [s\src\hotspot\share\interpreter\linkResolver.cpp, line 771]
Event: 81.586 Thread 0x000001a48cf8ceb0 Exception <a 'java/lang/NoSuchMethodError'{0x000000008e4ae828}: 'java.lang.Object java.lang.invoke.DirectMethodHandle$Holder.newInvokeSpecial(java.lang.Object, java.lang.Object, java.lang.Object, int, int)'> (0x000000008e4ae828) 
thrown [s\src\hotspot\share\interpreter\linkResolver.cpp, line 771]
Event: 81.588 Thread 0x000001a48cf8ceb0 Exception <a 'java/lang/NoSuchMethodError'{0x000000008e4b2668}: 'java.lang.Object java.lang.invoke.DirectMethodHandle$Holder.invokeSpecial(java.lang.Object, java.lang.Object, java.lang.Object, java.lang.Object, int, int)'> (0x000000008e4b2668) 
thrown [s\src\hotspot\share\interpreter\linkResolver.cpp, line 771]
Event: 83.537 Thread 0x000001a48cf8ceb0 Exception <a 'java/lang/NoSuchMethodError'{0x000000008da6e510}: 'java.lang.Object java.lang.invoke.Invokers$Holder.linkToTargetMethod(java.lang.Object, java.lang.Object, int, int, java.lang.Object, java.lang.Object, java.lang.Object, java.lang.Object, java.lang.Object)'> (0x000000008da6e510) 
thrown [s\src\hotspot\share\interpreter\linkResolver.cpp, line 771]
Event: 85.571 Thread 0x000001a48cf8ceb0 Implicit null exception at 0x000001a497faaa6d to 0x000001a497faac8c
Event: 95.393 Thread 0x000001a48cf8ceb0 Implicit null exception at 0x000001a49849a7b6 to 0x000001a49849a9d6
Event: 99.410 Thread 0x000001a48cf8ceb0 Implicit null exception at 0x000001a4981eedd2 to 0x000001a4981eee75

VM Operations (20 events):
Event: 105.205 Executing VM operation: Cleanup
Event: 105.206 Executing VM operation: Cleanup done
Event: 105.266 Executing VM operation: G1CollectForAllocation
Event: 105.384 Executing VM operation: G1CollectForAllocation done
Event: 105.791 Executing VM operation: HandshakeAllThreads
Event: 105.791 Executing VM operation: HandshakeAllThreads done
Event: 106.351 Executing VM operation: G1CollectForAllocation
Event: 106.395 Executing VM operation: G1CollectForAllocation done
Event: 106.793 Executing VM operation: HandshakeAllThreads
Event: 106.793 Executing VM operation: HandshakeAllThreads done
Event: 106.975 Executing VM operation: HandshakeAllThreads
Event: 106.975 Executing VM operation: HandshakeAllThreads done
Event: 107.416 Executing VM operation: ICBufferFull
Event: 107.416 Executing VM operation: ICBufferFull done
Event: 108.416 Executing VM operation: Cleanup
Event: 108.433 Executing VM operation: Cleanup done
Event: 109.446 Executing VM operation: Cleanup
Event: 109.448 Executing VM operation: Cleanup done
Event: 110.642 Executing VM operation: ICBufferFull
Event: 110.643 Executing VM operation: ICBufferFull done

Events (20 events):
Event: 100.757 Thread 0x000001a4a669d7f0 flushing nmethod 0x000001a4925f8790
Event: 100.757 Thread 0x000001a4a669d7f0 flushing nmethod 0x000001a492609210
Event: 100.757 Thread 0x000001a4a669d7f0 flushing nmethod 0x000001a49260b390
Event: 100.757 Thread 0x000001a4a669d7f0 flushing nmethod 0x000001a49260ba10
Event: 100.757 Thread 0x000001a4a669d7f0 flushing nmethod 0x000001a49260ca10
Event: 100.757 Thread 0x000001a4a669d7f0 flushing nmethod 0x000001a492612710
Event: 100.758 Thread 0x000001a4a669d7f0 flushing nmethod 0x000001a49262ef10
Event: 100.761 Thread 0x000001a4a669d7f0 flushing nmethod 0x000001a492711710
Event: 100.762 Thread 0x000001a4a669d7f0 flushing nmethod 0x000001a492741010
Event: 100.762 Thread 0x000001a4a669d7f0 flushing nmethod 0x000001a492742a10
Event: 100.762 Thread 0x000001a4a669d7f0 flushing nmethod 0x000001a492744e10
Event: 100.762 Thread 0x000001a4a669d7f0 flushing nmethod 0x000001a492745910
Event: 100.762 Thread 0x000001a4a669d7f0 flushing nmethod 0x000001a492754910
Event: 100.763 Thread 0x000001a4a669d7f0 flushing nmethod 0x000001a492789e90
Event: 100.765 Thread 0x000001a4a669d7f0 flushing nmethod 0x000001a492821e10
Event: 104.528 Thread 0x000001a4ad40b0e0 Thread exited: 0x000001a4ad40b0e0
Event: 105.776 loading class java/util/Vector$Itr
Event: 105.777 loading class java/util/Vector$Itr done
Event: 109.425 loading class java/util/regex/Pattern$Dollar
Event: 109.426 loading class java/util/regex/Pattern$Dollar done


Dynamic libraries:
0x00007ff6a5cf0000 - 0x00007ff6a5cfa000 	C:\Program Files\Android\Android Studio1\jbr\bin\java.exe
0x00007ffb35490000 - 0x00007ffb35688000 	C:\WINDOWS\SYSTEM32\ntdll.dll
0x00007ffb34190000 - 0x00007ffb3424d000 	C:\WINDOWS\System32\KERNEL32.DLL
0x00007ffb32ec0000 - 0x00007ffb331b6000 	C:\WINDOWS\System32\KERNELBASE.dll
0x00007ffb32d20000 - 0x00007ffb32e20000 	C:\WINDOWS\System32\ucrtbase.dll
0x00007ffb1ec10000 - 0x00007ffb1ec27000 	C:\Program Files\Android\Android Studio1\jbr\bin\jli.dll
0x00007ffb33ec0000 - 0x00007ffb3405f000 	C:\WINDOWS\System32\USER32.dll
0x00007ffb1a6d0000 - 0x00007ffb1a6eb000 	C:\Program Files\Android\Android Studio1\jbr\bin\VCRUNTIME140.dll
0x00007ffb32cf0000 - 0x00007ffb32d12000 	C:\WINDOWS\System32\win32u.dll
0x00007ffb34460000 - 0x00007ffb3448b000 	C:\WINDOWS\System32\GDI32.dll
0x00007ffb33370000 - 0x00007ffb33487000 	C:\WINDOWS\System32\gdi32full.dll
0x00007ffb227f0000 - 0x00007ffb22a8a000 	C:\WINDOWS\WinSxS\amd64_microsoft.windows.common-controls_6595b64144ccf1df_6.0.19041.3636_none_60b6a03d71f818d5\COMCTL32.dll
0x00007ffb344b0000 - 0x00007ffb3454e000 	C:\WINDOWS\System32\msvcrt.dll
0x00007ffb32e20000 - 0x00007ffb32ebd000 	C:\WINDOWS\System32\msvcp_win.dll
0x00007ffb33710000 - 0x00007ffb33742000 	C:\WINDOWS\System32\IMM32.DLL
0x00007ffb2e160000 - 0x00007ffb2e16c000 	C:\Program Files\Android\Android Studio1\jbr\bin\vcruntime140_1.dll
0x00007ffaebfe0000 - 0x00007ffaec06d000 	C:\Program Files\Android\Android Studio1\jbr\bin\msvcp140.dll
0x00007ffae9080000 - 0x00007ffae9d03000 	C:\Program Files\Android\Android Studio1\jbr\bin\server\jvm.dll
0x00007ffb35270000 - 0x00007ffb35320000 	C:\WINDOWS\System32\ADVAPI32.dll
0x00007ffb351d0000 - 0x00007ffb35270000 	C:\WINDOWS\System32\sechost.dll
0x00007ffb335e0000 - 0x00007ffb33703000 	C:\WINDOWS\System32\RPCRT4.dll
0x00007ffb33490000 - 0x00007ffb334b7000 	C:\WINDOWS\System32\bcrypt.dll
0x00007ffb329a0000 - 0x00007ffb329eb000 	C:\WINDOWS\SYSTEM32\POWRPROF.dll
0x00007ffb2e0e0000 - 0x00007ffb2e0e9000 	C:\WINDOWS\SYSTEM32\WSOCK32.dll
0x00007ffb353e0000 - 0x00007ffb3544b000 	C:\WINDOWS\System32\WS2_32.dll
0x00007ffb1ff20000 - 0x00007ffb1ff47000 	C:\WINDOWS\SYSTEM32\WINMM.dll
0x00007ffb202b0000 - 0x00007ffb202ba000 	C:\WINDOWS\SYSTEM32\VERSION.dll
0x00007ffb32980000 - 0x00007ffb32992000 	C:\WINDOWS\SYSTEM32\UMPDC.dll
0x00007ffb31360000 - 0x00007ffb31372000 	C:\WINDOWS\SYSTEM32\kernel.appcore.dll
0x00007ffb2cbb0000 - 0x00007ffb2cbba000 	C:\Program Files\Android\Android Studio1\jbr\bin\jimage.dll
0x00007ffb308b0000 - 0x00007ffb30a94000 	C:\WINDOWS\SYSTEM32\DBGHELP.DLL
0x00007ffb1baa0000 - 0x00007ffb1bad4000 	C:\WINDOWS\SYSTEM32\dbgcore.DLL
0x00007ffb32b40000 - 0x00007ffb32bc2000 	C:\WINDOWS\System32\bcryptPrimitives.dll
0x00007ffb2a830000 - 0x00007ffb2a855000 	C:\Program Files\Android\Android Studio1\jbr\bin\java.dll
0x00007ffb2cb90000 - 0x00007ffb2cba8000 	C:\Program Files\Android\Android Studio1\jbr\bin\zip.dll
0x00007ffb33750000 - 0x00007ffb33ebb000 	C:\WINDOWS\System32\SHELL32.dll
0x00007ffb30bb0000 - 0x00007ffb3134e000 	C:\WINDOWS\SYSTEM32\windows.storage.dll
0x00007ffb34e70000 - 0x00007ffb351c3000 	C:\WINDOWS\System32\combase.dll
0x00007ffb324a0000 - 0x00007ffb324ce000 	C:\WINDOWS\SYSTEM32\Wldp.dll
0x00007ffb34060000 - 0x00007ffb3412d000 	C:\WINDOWS\System32\OLEAUT32.dll
0x00007ffb34a80000 - 0x00007ffb34b2d000 	C:\WINDOWS\System32\SHCORE.dll
0x00007ffb34400000 - 0x00007ffb34455000 	C:\WINDOWS\System32\shlwapi.dll
0x00007ffb32a70000 - 0x00007ffb32a93000 	C:\WINDOWS\SYSTEM32\profapi.dll
0x00007ffb2a810000 - 0x00007ffb2a829000 	C:\Program Files\Android\Android Studio1\jbr\bin\net.dll
0x00007ffb27a20000 - 0x00007ffb27b2a000 	C:\WINDOWS\SYSTEM32\WINHTTP.dll
0x00007ffb32200000 - 0x00007ffb3226a000 	C:\WINDOWS\system32\mswsock.dll
0x00007ffb2a650000 - 0x00007ffb2a666000 	C:\Program Files\Android\Android Studio1\jbr\bin\nio.dll
0x00007ffb2e0c0000 - 0x00007ffb2e0d0000 	C:\Program Files\Android\Android Studio1\jbr\bin\verify.dll

dbghelp: loaded successfully - version: 4.0.5 - missing functions: none
symbol engine: initialized successfully - sym options: 0x614 - pdb path: .;C:\Program Files\Android\Android Studio1\jbr\bin;C:\WINDOWS\SYSTEM32;C:\WINDOWS\WinSxS\amd64_microsoft.windows.common-controls_6595b64144ccf1df_6.0.19041.3636_none_60b6a03d71f818d5;C:\Program Files\Android\Android Studio1\jbr\bin\server

VM Arguments:
java_command: org.jetbrains.kotlin.cli.jvm.K2JVMCompiler @C:\Users\Shaxzodbek\AndroidStudioProjects\CodialApp3\app\build\20240516_3930690474827055543.compiler.options
java_class_path (initial): C:\Users\Shaxzodbek\.gradle\caches\modules-2\files-2.1\org.jetbrains.kotlin\kotlin-compiler-embeddable\1.9.0\2c8c3a7402becca891f12739b3e9fd2dc2adbd7a\kotlin-compiler-embeddable-1.9.0.jar;C:\Users\Shaxzodbek\.gradle\caches\modules-2\files-2.1\org.jetbrains.kotlin\kotlin-stdlib\1.9.0\8ee15ef0c67dc83d874f412d84378d7f0eb50b63\kotlin-stdlib-1.9.0.jar;C:\Users\Shaxzodbek\.gradle\caches\modules-2\files-2.1\org.jetbrains.kotlin\kotlin-script-runtime\1.9.0\4b3102cbbb7e1b58d9d1adf89563f00069ffa7d1\kotlin-script-runtime-1.9.0.jar;C:\Users\Shaxzodbek\.gradle\caches\modules-2\files-2.1\org.jetbrains.kotlin\kotlin-reflect\1.6.10\1cbe9c92c12a94eea200d23c2bbaedaf3daf5132\kotlin-reflect-1.6.10.jar;C:\Users\Shaxzodbek\.gradle\caches\modules-2\files-2.1\org.jetbrains.kotlin\kotlin-daemon-embeddable\1.9.0\186543f5e28cf8d9a0290fecc2cf34301c40a65c\kotlin-daemon-embeddable-1.9.0.jar;C:\Users\Shaxzodbek\.gradle\caches\modules-2\files-2.1\org.jetbrains.intellij.deps\trove4j\1.0.20200330\3afb14d5f9ceb459d724e907a21145e8ff394f02\trove4j-1.0.20200330.jar;C:\Users\Shaxzodbek\.gradle\caches\modules-2\files-2.1\org.jetbrains.kotlin\kotlin-stdlib-common\1.9.0\cd65c21cfd1eec4d44ef09f9f52b6d9f8a720636\kotlin-stdlib-common-1.9.0.jar;C:\Users\Shaxzodbek\.gradle\caches\modules-2\files-2.1\org.jetbrains\annotations\13.0\919f0dfe192fb4e063e7dacadee7f8bb9a2672a9\annotations-13.0.jar
Launcher Type: SUN_STANDARD

[Global flags]
     intx CICompilerCount                          = 3                                         {product} {ergonomic}
     uint ConcGCThreads                            = 1                                         {product} {ergonomic}
     uint G1ConcRefinementThreads                  = 4                                         {product} {ergonomic}
   size_t G1HeapRegionSize                         = 1048576                                   {product} {ergonomic}
    uintx GCDrainStackTargetSize                   = 64                                        {product} {ergonomic}
   size_t InitialHeapSize                          = 134217728                                 {product} {ergonomic}
   size_t MarkStackSize                            = 4194304                                   {product} {ergonomic}
   size_t MaxHeapSize                              = 2128609280                                {product} {ergonomic}
   size_t MaxNewSize                               = 1277165568                                {product} {ergonomic}
   size_t MinHeapDeltaBytes                        = 1048576                                   {product} {ergonomic}
   size_t MinHeapSize                              = 8388608                                   {product} {ergonomic}
    uintx NonNMethodCodeHeapSize                   = 5832780                                {pd product} {ergonomic}
    uintx NonProfiledCodeHeapSize                  = 122912730                              {pd product} {ergonomic}
    uintx ProfiledCodeHeapSize                     = 122912730                              {pd product} {ergonomic}
    uintx ReservedCodeCacheSize                    = 251658240                              {pd product} {ergonomic}
     bool SegmentedCodeCache                       = true                                      {product} {ergonomic}
   size_t SoftMaxHeapSize                          = 2128609280                             {manageable} {ergonomic}
     bool UseCompressedClassPointers               = true                           {product lp64_product} {ergonomic}
     bool UseCompressedOops                        = true                           {product lp64_product} {ergonomic}
     bool UseG1GC                                  = true                                      {product} {ergonomic}
     bool UseLargePagesIndividualAllocation        = false                                  {pd product} {ergonomic}

Logging:
Log output configuration:
 #0: stdout all=warning uptime,level,tags
 #1: stderr all=off uptime,level,tags

Environment Variables:
PATH=C:\WINDOWS\system32;C:\WINDOWS;C:\WINDOWS\System32\Wbem;C:\WINDOWS\System32\WindowsPowerShell\v1.0\;C:\Users\Shaxzodbek\AppData\Local\Microsoft\WindowsApps;
USERNAME=Shaxzodbek
OS=Windows_NT
PROCESSOR_IDENTIFIER=Intel64 Family 6 Model 61 Stepping 4, GenuineIntel
TMP=C:\Users\SHAXZO~1\AppData\Local\Temp
TEMP=C:\Users\SHAXZO~1\AppData\Local\Temp



Periodic native trim disabled

JNI global refs:
JNI global refs: 10, weak refs: 9

JNI global refs memory usage: 843, weak refs: 841

OOME stack traces (most recent first):
Classloader memory used:
Loader jdk.internal.loader.ClassLoaders$AppClassLoader                                 : 9820K
Loader bootstrap                                                                       : 1388K
Loader jdk.internal.reflect.DelegatingClassLoader                                      : 22035B


---------------  S Y S T E M  ---------------

OS:
 Windows 10 , 64 bit Build 19041 (10.0.19041.3636)
OS uptime: 0 days 5:46 hours

CPU: total 4 (initial active 4) (2 cores per cpu, 2 threads per core) family 6 model 61 stepping 4 microcode 0x2d, cx8, cmov, fxsr, ht, mmx, 3dnowpref, sse, sse2, sse3, ssse3, sse4.1, sse4.2, popcnt, lzcnt, tsc, tscinvbit, avx, avx2, aes, erms, clmul, bmi1, bmi2, adx, fma, vzeroupper, clflush
Processor Information for all 4 processors :
  Max Mhz: 2401, Current Mhz: 1200, Mhz Limit: 2401

Memory: 4k page, system-wide physical 8112M (325M free)
TotalPageFile size 8112M (AvailPageFile size 1M)
current process WorkingSet (physical memory assigned to process): 465M, peak: 480M
current process commit charge ("private bytes"): 498M, peak: 512M

vm_info: OpenJDK 64-Bit Server VM (17.0.10+0--11572160) for windows-amd64 JRE (17.0.10+0--11572160), built on Mar 13 2024 23:56:38 by "androidbuild" with MS VC++ 16.10 / 16.11 (VS2019)

END.
