#
# There is insufficient memory for the Java Runtime Environment to continue.
# Native memory allocation (malloc) failed to allocate 1079456 bytes for Chunk::new
# Possible reasons:
#   The system is out of physical RAM or swap space
#   The process is running with CompressedOops enabled, and the Java Heap may be blocking the growth of the native heap
# Possible solutions:
#   Reduce memory load on the system
#   Increase physical memory or swap space
#   Check if swap backing store is full
#   Decrease Java heap size (-Xmx/-Xms)
#   Decrease number of Java threads
#   Decrease Java thread stack sizes (-Xss)
#   Set larger code cache with -XX:ReservedCodeCacheSize=
#   JVM is running with Unscaled Compressed Oops mode in which the Java heap is
#     placed in the first 4GB address space. The Java Heap base address is the
#     maximum limit for the native heap growth. Please use -XX:HeapBaseMinAddress
#     to set the Java Heap base and to place the Java Heap above 4GB virtual address.
# This output file may be truncated or incomplete.
#
#  Out of Memory Error (arena.cpp:191), pid=10080, tid=10040
#
# JRE version: OpenJDK Runtime Environment (17.0.10) (build 17.0.10+0--11572160)
# Java VM: OpenJDK 64-Bit Server VM (17.0.10+0--11572160, mixed mode, tiered, compressed oops, compressed class ptrs, g1 gc, windows-amd64)
# No core dump will be written. Minidumps are not enabled by default on client versions of Windows
#

---------------  S U M M A R Y ------------

Command Line: --add-opens=java.base/java.util=ALL-UNNAMED --add-opens=java.base/java.lang=ALL-UNNAMED --add-opens=java.base/java.lang.invoke=ALL-UNNAMED --add-opens=java.prefs/java.util.prefs=ALL-UNNAMED --add-opens=java.base/java.nio.charset=ALL-UNNAMED --add-opens=java.base/java.net=ALL-UNNAMED --add-opens=java.base/java.util.concurrent.atomic=ALL-UNNAMED -Xmx2048m -Dfile.encoding=UTF-8 -Duser.country=US -Duser.language=en -Duser.variant -javaagent:C:\Users\Shaxzodbek\.gradle\wrapper\dists\gradle-8.6-bin\afr5mpiioh2wthjmwnkmdsd5w\gradle-8.6\lib\agents\gradle-instrumentation-agent-8.6.jar org.gradle.launcher.daemon.bootstrap.GradleDaemon 8.6

Host: Intel(R) Core(TM) i7-5500U CPU @ 2.40GHz, 4 cores, 7G,  Windows 10 , 64 bit Build 19041 (10.0.19041.3636)
Time: Mon May  6 16:40:20 2024 West Asia Standard Time elapsed time: 7.295943 seconds (0d 0h 0m 7s)

---------------  T H R E A D  ---------------

Current thread (0x0000026f32d7b050):  JavaThread "C2 CompilerThread1" daemon [_thread_in_native, id=10040, stack(0x000000e0e3e00000,0x000000e0e3f00000)]


Current CompileTask:
C2:   7296 4388       4       org.objectweb.asm.Frame::execute (2318 bytes)

Stack: [0x000000e0e3e00000,0x000000e0e3f00000]
Native frames: (J=compiled Java code, j=interpreted, Vv=VM code, C=native code)
V  [jvm.dll+0x688e89]
V  [jvm.dll+0x84247a]
V  [jvm.dll+0x8440be]
V  [jvm.dll+0x844723]
V  [jvm.dll+0x24be0f]
V  [jvm.dll+0xac524]
V  [jvm.dll+0xacb6c]
V  [jvm.dll+0x2b342f]
V  [jvm.dll+0x5902b7]
V  [jvm.dll+0x226452]
V  [jvm.dll+0x22683f]
V  [jvm.dll+0x21f966]
V  [jvm.dll+0x21cdb1]
V  [jvm.dll+0x1a60ad]
V  [jvm.dll+0x22cd78]
V  [jvm.dll+0x22aeb0]
V  [jvm.dll+0x7f6917]
V  [jvm.dll+0x7f0d1a]
V  [jvm.dll+0x687d05]
C  [ucrtbase.dll+0x21bb2]
C  [KERNEL32.DLL+0x17344]
C  [ntdll.dll+0x526b1]


---------------  P R O C E S S  ---------------

Threads class SMR info:
_java_thread_list=0x0000026f353b5bd0, length=37, elements={
0x0000026f13070b90, 0x0000026f2c66e260, 0x0000026f2c792840, 0x0000026f2c7a5d50,
0x0000026f2c7a6710, 0x0000026f2c7a7c80, 0x0000026f2c7a8c50, 0x0000026f2c7aa9b0,
0x0000026f2c7cf1e0, 0x0000026f2c7e2820, 0x0000026f2c8fc350, 0x0000026f2ca18140,
0x0000026f32c28950, 0x0000026f33797ad0, 0x0000026f33380010, 0x0000026f322b57f0,
0x0000026f322b5cd0, 0x0000026f31db9f60, 0x0000026f31db9540, 0x0000026f31db9a50,
0x0000026f31dba470, 0x0000026f31db8610, 0x0000026f31db76e0, 0x0000026f31db8b20,
0x0000026f31db9030, 0x0000026f32d7b050, 0x0000026f31db7bf0, 0x0000026f31dbae90,
0x0000026f31db8100, 0x0000026f3405f160, 0x0000026f3405d810, 0x0000026f3405ec50,
0x0000026f3405dd20, 0x0000026f3405e740, 0x0000026f3405b4a0, 0x0000026f3405f670,
0x0000026f3405e230
}

Java Threads: ( => current thread )
  0x0000026f13070b90 JavaThread "main" [_thread_blocked, id=5840, stack(0x000000e0e1b00000,0x000000e0e1c00000)]
  0x0000026f2c66e260 JavaThread "Reference Handler" daemon [_thread_blocked, id=10108, stack(0x000000e0e2200000,0x000000e0e2300000)]
  0x0000026f2c792840 JavaThread "Finalizer" daemon [_thread_blocked, id=2152, stack(0x000000e0e2300000,0x000000e0e2400000)]
  0x0000026f2c7a5d50 JavaThread "Signal Dispatcher" daemon [_thread_blocked, id=8832, stack(0x000000e0e2400000,0x000000e0e2500000)]
  0x0000026f2c7a6710 JavaThread "Attach Listener" daemon [_thread_blocked, id=9644, stack(0x000000e0e2500000,0x000000e0e2600000)]
  0x0000026f2c7a7c80 JavaThread "Service Thread" daemon [_thread_blocked, id=7000, stack(0x000000e0e2600000,0x000000e0e2700000)]
  0x0000026f2c7a8c50 JavaThread "Monitor Deflation Thread" daemon [_thread_blocked, id=1716, stack(0x000000e0e2700000,0x000000e0e2800000)]
  0x0000026f2c7aa9b0 JavaThread "C2 CompilerThread0" daemon [_thread_in_native, id=1116, stack(0x000000e0e2800000,0x000000e0e2900000)]
  0x0000026f2c7cf1e0 JavaThread "C1 CompilerThread0" daemon [_thread_blocked, id=7064, stack(0x000000e0e2900000,0x000000e0e2a00000)]
  0x0000026f2c7e2820 JavaThread "Sweeper thread" daemon [_thread_blocked, id=4332, stack(0x000000e0e2a00000,0x000000e0e2b00000)]
  0x0000026f2c8fc350 JavaThread "Common-Cleaner" daemon [_thread_blocked, id=6568, stack(0x000000e0e2b00000,0x000000e0e2c00000)]
  0x0000026f2ca18140 JavaThread "Notification Thread" daemon [_thread_blocked, id=6480, stack(0x000000e0e2c00000,0x000000e0e2d00000)]
  0x0000026f32c28950 JavaThread "Daemon health stats" [_thread_blocked, id=2740, stack(0x000000e0e3200000,0x000000e0e3300000)]
  0x0000026f33797ad0 JavaThread "Incoming local TCP Connector on port 55928" [_thread_in_native, id=10008, stack(0x000000e0e3300000,0x000000e0e3400000)]
  0x0000026f33380010 JavaThread "Daemon periodic checks" [_thread_blocked, id=6716, stack(0x000000e0e3400000,0x000000e0e3500000)]
  0x0000026f322b57f0 JavaThread "Daemon" [_thread_blocked, id=3852, stack(0x000000e0e3500000,0x000000e0e3600000)]
  0x0000026f322b5cd0 JavaThread "Handler for socket connection from /127.0.0.1:55928 to /127.0.0.1:55929" [_thread_in_native, id=9756, stack(0x000000e0e3600000,0x000000e0e3700000)]
  0x0000026f31db9f60 JavaThread "Cancel handler" [_thread_blocked, id=7736, stack(0x000000e0e3700000,0x000000e0e3800000)]
  0x0000026f31db9540 JavaThread "Daemon worker" [_thread_in_vm, id=5964, stack(0x000000e0e3800000,0x000000e0e3900000)]
  0x0000026f31db9a50 JavaThread "Asynchronous log dispatcher for DefaultDaemonConnection: socket connection from /127.0.0.1:55928 to /127.0.0.1:55929" [_thread_blocked, id=7196, stack(0x000000e0e3900000,0x000000e0e3a00000)]
  0x0000026f31dba470 JavaThread "Stdin handler" [_thread_blocked, id=3056, stack(0x000000e0e3a00000,0x000000e0e3b00000)]
  0x0000026f31db8610 JavaThread "Daemon client event forwarder" [_thread_blocked, id=7672, stack(0x000000e0e3b00000,0x000000e0e3c00000)]
  0x0000026f31db76e0 JavaThread "Cache worker for journal cache (C:\Users\Shaxzodbek\.gradle\caches\journal-1)" [_thread_blocked, id=7944, stack(0x000000e0e2e00000,0x000000e0e2f00000)]
  0x0000026f31db8b20 JavaThread "File lock request listener" [_thread_in_native, id=6996, stack(0x000000e0e3c00000,0x000000e0e3d00000)]
  0x0000026f31db9030 JavaThread "Cache worker for file hash cache (C:\Users\Shaxzodbek\.gradle\caches\8.6\fileHashes)" [_thread_blocked, id=6180, stack(0x000000e0e3d00000,0x000000e0e3e00000)]
=>0x0000026f32d7b050 JavaThread "C2 CompilerThread1" daemon [_thread_in_native, id=10040, stack(0x000000e0e3e00000,0x000000e0e3f00000)]
  0x0000026f31db7bf0 JavaThread "File watcher server" daemon [_thread_in_native, id=4604, stack(0x000000e0e3f00000,0x000000e0e4000000)]
  0x0000026f31dbae90 JavaThread "File watcher consumer" daemon [_thread_blocked, id=4076, stack(0x000000e0e4000000,0x000000e0e4100000)]
  0x0000026f31db8100 JavaThread "Cache worker for checksums cache (C:\Users\Shaxzodbek\AndroidStudioProjects\CodialApp3\.gradle\8.6\checksums)" [_thread_blocked, id=3344, stack(0x000000e0e4100000,0x000000e0e4200000)]
  0x0000026f3405f160 JavaThread "Cache worker for file hash cache (C:\Users\Shaxzodbek\AndroidStudioProjects\CodialApp3\.gradle\8.6\fileHashes)" [_thread_blocked, id=4916, stack(0x000000e0e4200000,0x000000e0e4300000)]
  0x0000026f3405d810 JavaThread "Cache worker for cache directory md-supplier (C:\Users\Shaxzodbek\.gradle\caches\8.6\md-supplier)" [_thread_blocked, id=7748, stack(0x000000e0e4300000,0x000000e0e4400000)]
  0x0000026f3405ec50 JavaThread "Cache worker for cache directory md-rule (C:\Users\Shaxzodbek\.gradle\caches\8.6\md-rule)" [_thread_blocked, id=8324, stack(0x000000e0e4400000,0x000000e0e4500000)]
  0x0000026f3405dd20 JavaThread "Cache worker for file content cache (C:\Users\Shaxzodbek\.gradle\caches\8.6\fileContent)" [_thread_blocked, id=9264, stack(0x000000e0e4500000,0x000000e0e4600000)]
  0x0000026f3405e740 JavaThread "jar transforms" [_thread_blocked, id=4392, stack(0x000000e0e4700000,0x000000e0e4800000)]
  0x0000026f3405b4a0 JavaThread "jar transforms Thread 2" [_thread_blocked, id=3464, stack(0x000000e0e4800000,0x000000e0e4900000)]
  0x0000026f3405f670 JavaThread "jar transforms Thread 3" [_thread_blocked, id=4692, stack(0x000000e0e4900000,0x000000e0e4a00000)]
  0x0000026f3405e230 JavaThread "jar transforms Thread 4" [_thread_blocked, id=2268, stack(0x000000e0e4a00000,0x000000e0e4b00000)]

Other Threads:
  0x0000026f2c648380 VMThread "VM Thread" [stack: 0x000000e0e2100000,0x000000e0e2200000] [id=8424]
  0x0000026f2ca71280 WatcherThread [stack: 0x000000e0e2d00000,0x000000e0e2e00000] [id=8900]
  0x0000026f10ece7b0 GCTaskThread "GC Thread#0" [stack: 0x000000e0e1c00000,0x000000e0e1d00000] [id=2996]
  0x0000026f3124e3f0 GCTaskThread "GC Thread#1" [stack: 0x000000e0e2f00000,0x000000e0e3000000] [id=5816]
  0x0000026f3100a470 GCTaskThread "GC Thread#2" [stack: 0x000000e0e3000000,0x000000e0e3100000] [id=8428]
  0x0000026f311da4c0 GCTaskThread "GC Thread#3" [stack: 0x000000e0e3100000,0x000000e0e3200000] [id=8284]
  0x0000026f130d5c40 ConcurrentGCThread "G1 Main Marker" [stack: 0x000000e0e1d00000,0x000000e0e1e00000] [id=7752]
  0x0000026f130d6c10 ConcurrentGCThread "G1 Conc#0" [stack: 0x000000e0e1e00000,0x000000e0e1f00000] [id=1664]
  0x0000026f1311e510 ConcurrentGCThread "G1 Refine#0" [stack: 0x000000e0e1f00000,0x000000e0e2000000] [id=6356]
  0x0000026f346e0830 ConcurrentGCThread "G1 Refine#1" [stack: 0x000000e0e4600000,0x000000e0e4700000] [id=5028]
  0x0000026f2c4a30d0 ConcurrentGCThread "G1 Service" [stack: 0x000000e0e2000000,0x000000e0e2100000] [id=1552]

Threads with active compile tasks:
C2 CompilerThread0     7315 4050   !   4       java.net.URLClassLoader$1::run (81 bytes)
C2 CompilerThread1     7315 4388       4       org.objectweb.asm.Frame::execute (2318 bytes)

VM state: not at safepoint (normal execution)

VM Mutex/Monitor currently owned by a thread: None

Heap address: 0x0000000080000000, size: 2048 MB, Compressed Oops mode: 32-bit

CDS archive(s) not mapped
Compressed class space mapped at: 0x0000000100000000-0x0000000140000000, reserved size: 1073741824
Narrow klass base: 0x0000000000000000, Narrow klass shift: 3, Narrow klass range: 0x140000000

GC Precious Log:
 CPUs: 4 total, 4 available
 Memory: 8112M
 Large Page Support: Disabled
 NUMA Support: Disabled
 Compressed Oops: Enabled (32-bit)
 Heap Region Size: 1M
 Heap Min Capacity: 8M
 Heap Initial Capacity: 128M
 Heap Max Capacity: 2G
 Pre-touch: Disabled
 Parallel Workers: 4
 Concurrent Workers: 1
 Concurrent Refinement Workers: 4
 Periodic GC: Disabled

Heap:
 garbage-first heap   total 82944K, used 50628K [0x0000000080000000, 0x0000000100000000)
  region size 1024K, 24 young (24576K), 4 survivors (4096K)
 Metaspace       used 51098K, committed 51520K, reserved 1114112K
  class space    used 7067K, committed 7232K, reserved 1048576K

Heap Regions: E=young(eden), S=young(survivor), O=old, HS=humongous(starts), HC=humongous(continues), CS=collection set, F=free, OA=open archive, CA=closed archive, TAMS=top-at-mark-start (previous, next)
|   0|0x0000000080000000, 0x0000000080100000, 0x0000000080100000|100%| O|  |TAMS 0x0000000080100000, 0x0000000080000000| Untracked 
|   1|0x0000000080100000, 0x0000000080200000, 0x0000000080200000|100%|HS|  |TAMS 0x0000000080200000, 0x0000000080100000| Complete 
|   2|0x0000000080200000, 0x0000000080300000, 0x0000000080300000|100%|HC|  |TAMS 0x0000000080300000, 0x0000000080200000| Complete 
|   3|0x0000000080300000, 0x0000000080400000, 0x0000000080400000|100%|HC|  |TAMS 0x0000000080400000, 0x0000000080300000| Complete 
|   4|0x0000000080400000, 0x0000000080500000, 0x0000000080500000|100%|HC|  |TAMS 0x0000000080500000, 0x0000000080400000| Complete 
|   5|0x0000000080500000, 0x0000000080600000, 0x0000000080600000|100%| O|  |TAMS 0x0000000080600000, 0x0000000080500000| Untracked 
|   6|0x0000000080600000, 0x0000000080700000, 0x0000000080700000|100%| O|  |TAMS 0x0000000080700000, 0x0000000080600000| Untracked 
|   7|0x0000000080700000, 0x0000000080800000, 0x0000000080800000|100%| O|  |TAMS 0x0000000080800000, 0x0000000080700000| Untracked 
|   8|0x0000000080800000, 0x0000000080900000, 0x0000000080900000|100%| O|  |TAMS 0x0000000080900000, 0x0000000080800000| Untracked 
|   9|0x0000000080900000, 0x0000000080a00000, 0x0000000080a00000|100%| O|  |TAMS 0x0000000080a00000, 0x0000000080900000| Untracked 
|  10|0x0000000080a00000, 0x0000000080ab1a00, 0x0000000080b00000| 69%| O|  |TAMS 0x0000000080ab1a00, 0x0000000080a00000| Untracked 
|  11|0x0000000080b00000, 0x0000000080c00000, 0x0000000080c00000|100%| O|  |TAMS 0x0000000080c00000, 0x0000000080b00000| Untracked 
|  12|0x0000000080c00000, 0x0000000080d00000, 0x0000000080d00000|100%| O|  |TAMS 0x0000000080d00000, 0x0000000080c00000| Untracked 
|  13|0x0000000080d00000, 0x0000000080e00000, 0x0000000080e00000|100%| O|  |TAMS 0x0000000080e00000, 0x0000000080d00000| Untracked 
|  14|0x0000000080e00000, 0x0000000080f00000, 0x0000000080f00000|100%| O|  |TAMS 0x0000000080f00000, 0x0000000080e00000| Untracked 
|  15|0x0000000080f00000, 0x0000000081000000, 0x0000000081000000|100%| O|  |TAMS 0x0000000081000000, 0x0000000080f00000| Untracked 
|  16|0x0000000081000000, 0x0000000081100000, 0x0000000081100000|100%| O|  |TAMS 0x0000000081100000, 0x0000000081000000| Untracked 
|  17|0x0000000081100000, 0x0000000081200000, 0x0000000081200000|100%| O|  |TAMS 0x0000000081200000, 0x0000000081100000| Untracked 
|  18|0x0000000081200000, 0x0000000081300000, 0x0000000081300000|100%| O|  |TAMS 0x0000000081300000, 0x0000000081200000| Untracked 
|  19|0x0000000081300000, 0x0000000081400000, 0x0000000081400000|100%| O|  |TAMS 0x0000000081400000, 0x0000000081300000| Untracked 
|  20|0x0000000081400000, 0x0000000081500000, 0x0000000081500000|100%| O|  |TAMS 0x0000000081447e00, 0x0000000081400000| Untracked 
|  21|0x0000000081500000, 0x0000000081600000, 0x0000000081600000|100%| O|  |TAMS 0x0000000081500000, 0x0000000081500000| Untracked 
|  22|0x0000000081600000, 0x0000000081700000, 0x0000000081700000|100%| O|  |TAMS 0x0000000081600000, 0x0000000081600000| Untracked 
|  23|0x0000000081700000, 0x0000000081800000, 0x0000000081800000|100%| O|  |TAMS 0x0000000081700000, 0x0000000081700000| Untracked 
|  24|0x0000000081800000, 0x0000000081900000, 0x0000000081900000|100%| O|  |TAMS 0x0000000081800000, 0x0000000081800000| Untracked 
|  25|0x0000000081900000, 0x0000000081a00000, 0x0000000081a00000|100%| O|  |TAMS 0x0000000081900000, 0x0000000081900000| Untracked 
|  26|0x0000000081a00000, 0x0000000081b00000, 0x0000000081b00000|100%| O|  |TAMS 0x0000000081a00000, 0x0000000081a00000| Untracked 
|  27|0x0000000081b00000, 0x0000000081b1dc00, 0x0000000081c00000| 11%| O|  |TAMS 0x0000000081b00000, 0x0000000081b00000| Untracked 
|  28|0x0000000081c00000, 0x0000000081c00000, 0x0000000081d00000|  0%| F|  |TAMS 0x0000000081c00000, 0x0000000081c00000| Untracked 
|  29|0x0000000081d00000, 0x0000000081d00000, 0x0000000081e00000|  0%| F|  |TAMS 0x0000000081d00000, 0x0000000081d00000| Untracked 
|  30|0x0000000081e00000, 0x0000000081e00000, 0x0000000081f00000|  0%| F|  |TAMS 0x0000000081e00000, 0x0000000081e00000| Untracked 
|  31|0x0000000081f00000, 0x0000000081f00000, 0x0000000082000000|  0%| F|  |TAMS 0x0000000081f00000, 0x0000000081f00000| Untracked 
|  32|0x0000000082000000, 0x0000000082000000, 0x0000000082100000|  0%| F|  |TAMS 0x0000000082000000, 0x0000000082000000| Untracked 
|  33|0x0000000082100000, 0x0000000082100000, 0x0000000082200000|  0%| F|  |TAMS 0x0000000082100000, 0x0000000082100000| Untracked 
|  34|0x0000000082200000, 0x0000000082200000, 0x0000000082300000|  0%| F|  |TAMS 0x0000000082200000, 0x0000000082200000| Untracked 
|  35|0x0000000082300000, 0x0000000082300000, 0x0000000082400000|  0%| F|  |TAMS 0x0000000082300000, 0x0000000082300000| Untracked 
|  36|0x0000000082400000, 0x0000000082400000, 0x0000000082500000|  0%| F|  |TAMS 0x0000000082400000, 0x0000000082400000| Untracked 
|  37|0x0000000082500000, 0x0000000082500000, 0x0000000082600000|  0%| F|  |TAMS 0x0000000082500000, 0x0000000082500000| Untracked 
|  38|0x0000000082600000, 0x0000000082600000, 0x0000000082700000|  0%| F|  |TAMS 0x0000000082600000, 0x0000000082600000| Untracked 
|  39|0x0000000082700000, 0x0000000082700000, 0x0000000082800000|  0%| F|  |TAMS 0x0000000082700000, 0x0000000082700000| Untracked 
|  40|0x0000000082800000, 0x0000000082800000, 0x0000000082900000|  0%| F|  |TAMS 0x0000000082800000, 0x0000000082800000| Untracked 
|  41|0x0000000082900000, 0x00000000829a1ce8, 0x0000000082a00000| 63%| S|CS|TAMS 0x0000000082900000, 0x0000000082900000| Complete 
|  42|0x0000000082a00000, 0x0000000082b00000, 0x0000000082b00000|100%| S|CS|TAMS 0x0000000082a00000, 0x0000000082a00000| Complete 
|  43|0x0000000082b00000, 0x0000000082b00000, 0x0000000082c00000|  0%| F|  |TAMS 0x0000000082b00000, 0x0000000082b00000| Untracked 
|  44|0x0000000082c00000, 0x0000000082c00000, 0x0000000082d00000|  0%| F|  |TAMS 0x0000000082c00000, 0x0000000082c00000| Untracked 
|  45|0x0000000082d00000, 0x0000000082d00000, 0x0000000082e00000|  0%| F|  |TAMS 0x0000000082d00000, 0x0000000082d00000| Untracked 
|  46|0x0000000082e00000, 0x0000000082f00000, 0x0000000082f00000|100%| S|CS|TAMS 0x0000000082e00000, 0x0000000082e00000| Complete 
|  47|0x0000000082f00000, 0x0000000083000000, 0x0000000083000000|100%| S|CS|TAMS 0x0000000082f00000, 0x0000000082f00000| Complete 
|  48|0x0000000083000000, 0x0000000083000000, 0x0000000083100000|  0%| F|  |TAMS 0x0000000083000000, 0x0000000083000000| Untracked 
|  49|0x0000000083100000, 0x0000000083100000, 0x0000000083200000|  0%| F|  |TAMS 0x0000000083100000, 0x0000000083100000| Untracked 
|  50|0x0000000083200000, 0x0000000083200000, 0x0000000083300000|  0%| F|  |TAMS 0x0000000083200000, 0x0000000083200000| Untracked 
|  51|0x0000000083300000, 0x0000000083300000, 0x0000000083400000|  0%| F|  |TAMS 0x0000000083300000, 0x0000000083300000| Untracked 
|  52|0x0000000083400000, 0x0000000083400000, 0x0000000083500000|  0%| F|  |TAMS 0x0000000083400000, 0x0000000083400000| Untracked 
|  53|0x0000000083500000, 0x0000000083500000, 0x0000000083600000|  0%| F|  |TAMS 0x0000000083500000, 0x0000000083500000| Untracked 
|  54|0x0000000083600000, 0x0000000083600000, 0x0000000083700000|  0%| F|  |TAMS 0x0000000083600000, 0x0000000083600000| Untracked 
|  55|0x0000000083700000, 0x0000000083700000, 0x0000000083800000|  0%| F|  |TAMS 0x0000000083700000, 0x0000000083700000| Untracked 
|  56|0x0000000083800000, 0x0000000083800000, 0x0000000083900000|  0%| F|  |TAMS 0x0000000083800000, 0x0000000083800000| Untracked 
|  57|0x0000000083900000, 0x0000000083900000, 0x0000000083a00000|  0%| F|  |TAMS 0x0000000083900000, 0x0000000083900000| Untracked 
|  58|0x0000000083a00000, 0x0000000083a00000, 0x0000000083b00000|  0%| F|  |TAMS 0x0000000083a00000, 0x0000000083a00000| Untracked 
|  59|0x0000000083b00000, 0x0000000083b00000, 0x0000000083c00000|  0%| F|  |TAMS 0x0000000083b00000, 0x0000000083b00000| Untracked 
|  60|0x0000000083c00000, 0x0000000083c00000, 0x0000000083d00000|  0%| F|  |TAMS 0x0000000083c00000, 0x0000000083c00000| Untracked 
|  61|0x0000000083d00000, 0x0000000083e00000, 0x0000000083e00000|100%| E|  |TAMS 0x0000000083d00000, 0x0000000083d00000| Complete 
|  62|0x0000000083e00000, 0x0000000083f00000, 0x0000000083f00000|100%| E|CS|TAMS 0x0000000083e00000, 0x0000000083e00000| Complete 
|  63|0x0000000083f00000, 0x0000000084000000, 0x0000000084000000|100%| E|CS|TAMS 0x0000000083f00000, 0x0000000083f00000| Complete 
|  64|0x0000000084000000, 0x0000000084100000, 0x0000000084100000|100%| E|CS|TAMS 0x0000000084000000, 0x0000000084000000| Complete 
|  65|0x0000000084100000, 0x0000000084200000, 0x0000000084200000|100%| E|CS|TAMS 0x0000000084100000, 0x0000000084100000| Complete 
|  66|0x0000000084200000, 0x0000000084300000, 0x0000000084300000|100%| E|CS|TAMS 0x0000000084200000, 0x0000000084200000| Complete 
|  67|0x0000000084300000, 0x0000000084400000, 0x0000000084400000|100%| E|CS|TAMS 0x0000000084300000, 0x0000000084300000| Complete 
|  68|0x0000000084400000, 0x0000000084500000, 0x0000000084500000|100%| E|CS|TAMS 0x0000000084400000, 0x0000000084400000| Complete 
|  69|0x0000000084500000, 0x0000000084600000, 0x0000000084600000|100%| E|CS|TAMS 0x0000000084500000, 0x0000000084500000| Complete 
|  70|0x0000000084600000, 0x0000000084700000, 0x0000000084700000|100%| E|CS|TAMS 0x0000000084600000, 0x0000000084600000| Complete 
|  71|0x0000000084700000, 0x0000000084800000, 0x0000000084800000|100%| E|CS|TAMS 0x0000000084700000, 0x0000000084700000| Complete 
|  72|0x0000000084800000, 0x0000000084900000, 0x0000000084900000|100%| E|CS|TAMS 0x0000000084800000, 0x0000000084800000| Complete 
|  73|0x0000000084900000, 0x0000000084a00000, 0x0000000084a00000|100%| E|CS|TAMS 0x0000000084900000, 0x0000000084900000| Complete 
|  74|0x0000000084a00000, 0x0000000084b00000, 0x0000000084b00000|100%| E|CS|TAMS 0x0000000084a00000, 0x0000000084a00000| Complete 
|  75|0x0000000084b00000, 0x0000000084c00000, 0x0000000084c00000|100%| E|CS|TAMS 0x0000000084b00000, 0x0000000084b00000| Complete 
|  76|0x0000000084c00000, 0x0000000084d00000, 0x0000000084d00000|100%| E|CS|TAMS 0x0000000084c00000, 0x0000000084c00000| Complete 
|  77|0x0000000084d00000, 0x0000000084e00000, 0x0000000084e00000|100%| E|CS|TAMS 0x0000000084d00000, 0x0000000084d00000| Complete 
|  78|0x0000000084e00000, 0x0000000084f00000, 0x0000000084f00000|100%| E|CS|TAMS 0x0000000084e00000, 0x0000000084e00000| Complete 
|  79|0x0000000084f00000, 0x0000000085000000, 0x0000000085000000|100%| E|CS|TAMS 0x0000000084f00000, 0x0000000084f00000| Complete 
| 127|0x0000000087f00000, 0x0000000088000000, 0x0000000088000000|100%| E|CS|TAMS 0x0000000087f00000, 0x0000000087f00000| Complete 

Card table byte_map: [0x0000026f25940000,0x0000026f25d40000] _byte_map_base: 0x0000026f25540000

Marking Bits (Prev, Next): (CMBitMap*) 0x0000026f130c5310, (CMBitMap*) 0x0000026f130c5350
 Prev Bits: [0x0000026f26140000, 0x0000026f28140000)
 Next Bits: [0x0000026f28140000, 0x0000026f2a140000)

Polling page: 0x0000026f10d90000

Metaspace:

Usage:
  Non-class:     43.01 MB used.
      Class:      6.91 MB used.
       Both:     49.91 MB used.

Virtual space:
  Non-class space:       64.00 MB reserved,      43.25 MB ( 68%) committed,  1 nodes.
      Class space:        1.00 GB reserved,       7.12 MB ( <1%) committed,  1 nodes.
             Both:        1.06 GB reserved,      50.38 MB (  5%) committed. 

Chunk freelists:
   Non-Class:  4.78 MB
       Class:  8.92 MB
        Both:  13.70 MB

MaxMetaspaceSize: unlimited
CompressedClassSpaceSize: 1.00 GB
Initial GC threshold: 21.00 MB
Current GC threshold: 58.75 MB
CDS: off
MetaspaceReclaimPolicy: balanced
 - commit_granule_bytes: 65536.
 - commit_granule_words: 8192.
 - virtual_space_node_default_size: 8388608.
 - enlarge_chunks_in_place: 1.
 - new_chunks_are_fully_committed: 0.
 - uncommit_free_chunks: 1.
 - use_allocation_guard: 0.
 - handle_deallocations: 1.


Internal statistics:

num_allocs_failed_limit: 6.
num_arena_births: 482.
num_arena_deaths: 0.
num_vsnodes_births: 2.
num_vsnodes_deaths: 0.
num_space_committed: 806.
num_space_uncommitted: 0.
num_chunks_returned_to_freelist: 6.
num_chunks_taken_from_freelist: 2108.
num_chunk_merges: 6.
num_chunk_splits: 1389.
num_chunks_enlarged: 961.
num_inconsistent_stats: 0.

CodeHeap 'non-profiled nmethods': size=120000Kb used=2471Kb max_used=2471Kb free=117528Kb
 bounds [0x0000026f1e010000, 0x0000026f1e280000, 0x0000026f25540000]
CodeHeap 'profiled nmethods': size=120000Kb used=8996Kb max_used=8996Kb free=111003Kb
 bounds [0x0000026f16540000, 0x0000026f16e10000, 0x0000026f1da70000]
CodeHeap 'non-nmethods': size=5760Kb used=1608Kb max_used=1663Kb free=4151Kb
 bounds [0x0000026f1da70000, 0x0000026f1dce0000, 0x0000026f1e010000]
 total_blobs=5108 nmethods=4432 adapters=588
 compilation: enabled
              stopped_count=0, restarted_count=0
 full_count=0

Compilation events (20 events):
Event: 7.247 Thread 0x0000026f2c7cf1e0 4441       3       sun.reflect.generics.repository.ConstructorRepository::parse (6 bytes)
Event: 7.248 Thread 0x0000026f2c7cf1e0 nmethod 4441 0x0000026f16e00a90 code [0x0000026f16e00c60, 0x0000026f16e01108]
Event: 7.248 Thread 0x0000026f2c7cf1e0 4442       3       sun.reflect.generics.repository.ConstructorRepository::parse (8 bytes)
Event: 7.248 Thread 0x0000026f2c7cf1e0 nmethod 4442 0x0000026f16e01310 code [0x0000026f16e014e0, 0x0000026f16e018a8]
Event: 7.249 Thread 0x0000026f2c7cf1e0 4443       3       sun.reflect.generics.parser.SignatureParser::parseMethodSig (10 bytes)
Event: 7.249 Thread 0x0000026f2c7cf1e0 nmethod 4443 0x0000026f16e01a10 code [0x0000026f16e01bc0, 0x0000026f16e01dc8]
Event: 7.249 Thread 0x0000026f2c7cf1e0 4444       3       sun.reflect.generics.parser.SignatureParser::parseMethodTypeSignature (41 bytes)
Event: 7.250 Thread 0x0000026f2c7cf1e0 nmethod 4444 0x0000026f16e01e90 code [0x0000026f16e020c0, 0x0000026f16e025d8]
Event: 7.251 Thread 0x0000026f2c7cf1e0 4445       3       org.objectweb.asm.ByteVector::enlarge (73 bytes)
Event: 7.251 Thread 0x0000026f2c7cf1e0 nmethod 4445 0x0000026f16e02810 code [0x0000026f16e029e0, 0x0000026f16e02e18]
Event: 7.253 Thread 0x0000026f2c7cf1e0 4446       3       com.google.common.collect.ImmutableList$Builder::<init> (18 bytes)
Event: 7.253 Thread 0x0000026f2c7cf1e0 nmethod 4446 0x0000026f16e02f90 code [0x0000026f16e03140, 0x0000026f16e03418]
Event: 7.257 Thread 0x0000026f2c7cf1e0 4447       3       org.gradle.internal.service.DefaultServiceRegistry$CompositeServiceProvider::getAll (43 bytes)
Event: 7.257 Thread 0x0000026f2c7cf1e0 nmethod 4447 0x0000026f16e03510 code [0x0000026f16e036c0, 0x0000026f16e03968]
Event: 7.257 Thread 0x0000026f2c7cf1e0 4448       3       org.gradle.internal.service.DefaultServiceRegistry$ParentServices::getAll (12 bytes)
Event: 7.257 Thread 0x0000026f2c7cf1e0 nmethod 4448 0x0000026f16e03a90 code [0x0000026f16e03c40, 0x0000026f16e03e08]
Event: 7.268 Thread 0x0000026f2c7cf1e0 4449       3       com.google.common.collect.ImmutableList$Builder::build (17 bytes)
Event: 7.269 Thread 0x0000026f2c7cf1e0 nmethod 4449 0x0000026f16e03f10 code [0x0000026f16e040a0, 0x0000026f16e041e8]
Event: 7.273 Thread 0x0000026f2c7cf1e0 4450   !   2       java.net.URLClassLoader::findClass (47 bytes)
Event: 7.273 Thread 0x0000026f2c7cf1e0 nmethod 4450 0x0000026f16e04290 code [0x0000026f16e04460, 0x0000026f16e048f8]

GC Heap History (20 events):
Event: 0.996 GC heap before
{Heap before GC invocations=1 (full 0):
 garbage-first heap   total 131072K, used 22466K [0x0000000080000000, 0x0000000100000000)
  region size 1024K, 18 young (18432K), 2 survivors (2048K)
 Metaspace       used 11371K, committed 11584K, reserved 1114112K
  class space    used 1195K, committed 1280K, reserved 1048576K
}
Event: 1.000 GC heap after
{Heap after GC invocations=2 (full 0):
 garbage-first heap   total 131072K, used 10931K [0x0000000080000000, 0x0000000100000000)
  region size 1024K, 3 young (3072K), 3 survivors (3072K)
 Metaspace       used 11371K, committed 11584K, reserved 1114112K
  class space    used 1195K, committed 1280K, reserved 1048576K
}
Event: 1.412 GC heap before
{Heap before GC invocations=2 (full 0):
 garbage-first heap   total 131072K, used 35507K [0x0000000080000000, 0x0000000100000000)
  region size 1024K, 27 young (27648K), 3 survivors (3072K)
 Metaspace       used 11464K, committed 11648K, reserved 1114112K
  class space    used 1197K, committed 1280K, reserved 1048576K
}
Event: 1.414 GC heap after
{Heap after GC invocations=3 (full 0):
 garbage-first heap   total 131072K, used 11579K [0x0000000080000000, 0x0000000100000000)
  region size 1024K, 1 young (1024K), 1 survivors (1024K)
 Metaspace       used 11464K, committed 11648K, reserved 1114112K
  class space    used 1197K, committed 1280K, reserved 1048576K
}
Event: 2.489 GC heap before
{Heap before GC invocations=3 (full 0):
 garbage-first heap   total 131072K, used 59707K [0x0000000080000000, 0x0000000100000000)
  region size 1024K, 48 young (49152K), 1 survivors (1024K)
 Metaspace       used 21292K, committed 21504K, reserved 1114112K
  class space    used 2499K, committed 2624K, reserved 1048576K
}
Event: 2.497 GC heap after
{Heap after GC invocations=4 (full 0):
 garbage-first heap   total 131072K, used 19055K [0x0000000080000000, 0x0000000100000000)
  region size 1024K, 8 young (8192K), 8 survivors (8192K)
 Metaspace       used 21292K, committed 21504K, reserved 1114112K
  class space    used 2499K, committed 2624K, reserved 1048576K
}
Event: 3.310 GC heap before
{Heap before GC invocations=5 (full 0):
 garbage-first heap   total 68608K, used 50799K [0x0000000080000000, 0x0000000100000000)
  region size 1024K, 40 young (40960K), 8 survivors (8192K)
 Metaspace       used 26376K, committed 26688K, reserved 1114112K
  class space    used 3381K, committed 3520K, reserved 1048576K
}
Event: 3.320 GC heap after
{Heap after GC invocations=6 (full 0):
 garbage-first heap   total 68608K, used 20821K [0x0000000080000000, 0x0000000100000000)
  region size 1024K, 2 young (2048K), 2 survivors (2048K)
 Metaspace       used 26376K, committed 26688K, reserved 1114112K
  class space    used 3381K, committed 3520K, reserved 1048576K
}
Event: 3.881 GC heap before
{Heap before GC invocations=6 (full 0):
 garbage-first heap   total 68608K, used 49493K [0x0000000080000000, 0x0000000100000000)
  region size 1024K, 30 young (30720K), 2 survivors (2048K)
 Metaspace       used 30291K, committed 30528K, reserved 1114112K
  class space    used 4060K, committed 4160K, reserved 1048576K
}
Event: 3.887 GC heap after
{Heap after GC invocations=7 (full 0):
 garbage-first heap   total 68608K, used 22291K [0x0000000080000000, 0x0000000100000000)
  region size 1024K, 4 young (4096K), 4 survivors (4096K)
 Metaspace       used 30291K, committed 30528K, reserved 1114112K
  class space    used 4060K, committed 4160K, reserved 1048576K
}
Event: 4.320 GC heap before
{Heap before GC invocations=7 (full 0):
 garbage-first heap   total 68608K, used 49939K [0x0000000080000000, 0x0000000100000000)
  region size 1024K, 31 young (31744K), 4 survivors (4096K)
 Metaspace       used 33685K, committed 34048K, reserved 1114112K
  class space    used 4608K, committed 4800K, reserved 1048576K
}
Event: 4.327 GC heap after
{Heap after GC invocations=8 (full 0):
 garbage-first heap   total 68608K, used 23526K [0x0000000080000000, 0x0000000100000000)
  region size 1024K, 3 young (3072K), 3 survivors (3072K)
 Metaspace       used 33685K, committed 34048K, reserved 1114112K
  class space    used 4608K, committed 4800K, reserved 1048576K
}
Event: 4.518 GC heap before
{Heap before GC invocations=8 (full 0):
 garbage-first heap   total 68608K, used 32742K [0x0000000080000000, 0x0000000100000000)
  region size 1024K, 14 young (14336K), 3 survivors (3072K)
 Metaspace       used 35616K, committed 35968K, reserved 1114112K
  class space    used 4871K, committed 4992K, reserved 1048576K
}
Event: 4.525 GC heap after
{Heap after GC invocations=9 (full 0):
 garbage-first heap   total 82944K, used 24134K [0x0000000080000000, 0x0000000100000000)
  region size 1024K, 2 young (2048K), 2 survivors (2048K)
 Metaspace       used 35616K, committed 35968K, reserved 1114112K
  class space    used 4871K, committed 4992K, reserved 1048576K
}
Event: 5.390 GC heap before
{Heap before GC invocations=10 (full 0):
 garbage-first heap   total 82944K, used 63046K [0x0000000080000000, 0x0000000100000000)
  region size 1024K, 41 young (41984K), 2 survivors (2048K)
 Metaspace       used 41228K, committed 41536K, reserved 1114112K
  class space    used 5478K, committed 5632K, reserved 1048576K
}
Event: 5.398 GC heap after
{Heap after GC invocations=11 (full 0):
 garbage-first heap   total 82944K, used 28190K [0x0000000080000000, 0x0000000100000000)
  region size 1024K, 6 young (6144K), 6 survivors (6144K)
 Metaspace       used 41228K, committed 41536K, reserved 1114112K
  class space    used 5478K, committed 5632K, reserved 1048576K
}
Event: 6.081 GC heap before
{Heap before GC invocations=11 (full 0):
 garbage-first heap   total 82944K, used 64030K [0x0000000080000000, 0x0000000100000000)
  region size 1024K, 41 young (41984K), 6 survivors (6144K)
 Metaspace       used 44366K, committed 44800K, reserved 1114112K
  class space    used 5983K, committed 6208K, reserved 1048576K
}
Event: 6.093 GC heap after
{Heap after GC invocations=12 (full 0):
 garbage-first heap   total 82944K, used 29720K [0x0000000080000000, 0x0000000100000000)
  region size 1024K, 3 young (3072K), 3 survivors (3072K)
 Metaspace       used 44366K, committed 44800K, reserved 1114112K
  class space    used 5983K, committed 6208K, reserved 1048576K
}
Event: 6.847 GC heap before
{Heap before GC invocations=12 (full 0):
 garbage-first heap   total 82944K, used 63512K [0x0000000080000000, 0x0000000100000000)
  region size 1024K, 36 young (36864K), 3 survivors (3072K)
 Metaspace       used 48540K, committed 49024K, reserved 1114112K
  class space    used 6653K, committed 6848K, reserved 1048576K
}
Event: 6.854 GC heap after
{Heap after GC invocations=13 (full 0):
 garbage-first heap   total 82944K, used 31172K [0x0000000080000000, 0x0000000100000000)
  region size 1024K, 4 young (4096K), 4 survivors (4096K)
 Metaspace       used 48540K, committed 49024K, reserved 1114112K
  class space    used 6653K, committed 6848K, reserved 1048576K
}

Dll operation events (3 events):
Event: 0.006 Loaded shared library C:\Program Files\Android\Android Studio1\jbr\bin\java.dll
Event: 0.158 Loaded shared library C:\Program Files\Android\Android Studio1\jbr\bin\zip.dll
Event: 0.491 Loaded shared library C:\Program Files\Android\Android Studio1\jbr\bin\verify.dll

Deoptimization events (20 events):
Event: 7.127 Thread 0x0000026f31db9540 DEOPT PACKING pc=0x0000026f1e171630 sp=0x000000e0e38f8760
Event: 7.127 Thread 0x0000026f31db9540 DEOPT UNPACKING pc=0x0000026f1dac69a3 sp=0x000000e0e38f8718 mode 2
Event: 7.190 Thread 0x0000026f31db9540 Uncommon trap: trap_request=0xffffffde fr.pc=0x0000026f1e269d3c relative=0x00000000000052bc
Event: 7.190 Thread 0x0000026f31db9540 Uncommon trap: reason=class_check action=maybe_recompile pc=0x0000026f1e269d3c method=java.net.URLClassLoader.defineClass(Ljava/lang/String;Ljdk/internal/loader/Resource;)Ljava/lang/Class; @ 34 c2
Event: 7.190 Thread 0x0000026f31db9540 DEOPT PACKING pc=0x0000026f1e269d3c sp=0x000000e0e38f98a0
Event: 7.190 Thread 0x0000026f31db9540 DEOPT UNPACKING pc=0x0000026f1dac69a3 sp=0x000000e0e38f9698 mode 2
Event: 7.194 Thread 0x0000026f31db9540 Uncommon trap: trap_request=0xffffffde fr.pc=0x0000026f1e269d3c relative=0x00000000000052bc
Event: 7.194 Thread 0x0000026f31db9540 Uncommon trap: reason=class_check action=maybe_recompile pc=0x0000026f1e269d3c method=java.net.URLClassLoader.defineClass(Ljava/lang/String;Ljdk/internal/loader/Resource;)Ljava/lang/Class; @ 34 c2
Event: 7.194 Thread 0x0000026f31db9540 DEOPT PACKING pc=0x0000026f1e269d3c sp=0x000000e0e38f87a0
Event: 7.194 Thread 0x0000026f31db9540 DEOPT UNPACKING pc=0x0000026f1dac69a3 sp=0x000000e0e38f8598 mode 2
Event: 7.196 Thread 0x0000026f31db9540 Uncommon trap: trap_request=0xffffffde fr.pc=0x0000026f1e269d3c relative=0x00000000000052bc
Event: 7.196 Thread 0x0000026f31db9540 Uncommon trap: reason=class_check action=maybe_recompile pc=0x0000026f1e269d3c method=java.net.URLClassLoader.defineClass(Ljava/lang/String;Ljdk/internal/loader/Resource;)Ljava/lang/Class; @ 34 c2
Event: 7.196 Thread 0x0000026f31db9540 DEOPT PACKING pc=0x0000026f1e269d3c sp=0x000000e0e38f87a0
Event: 7.196 Thread 0x0000026f31db9540 DEOPT UNPACKING pc=0x0000026f1dac69a3 sp=0x000000e0e38f8598 mode 2
Event: 7.199 Thread 0x0000026f31db9540 Uncommon trap: trap_request=0xffffffde fr.pc=0x0000026f1e269d3c relative=0x00000000000052bc
Event: 7.199 Thread 0x0000026f31db9540 Uncommon trap: reason=class_check action=maybe_recompile pc=0x0000026f1e269d3c method=java.net.URLClassLoader.defineClass(Ljava/lang/String;Ljdk/internal/loader/Resource;)Ljava/lang/Class; @ 34 c2
Event: 7.199 Thread 0x0000026f31db9540 DEOPT PACKING pc=0x0000026f1e269d3c sp=0x000000e0e38f87a0
Event: 7.199 Thread 0x0000026f31db9540 DEOPT UNPACKING pc=0x0000026f1dac69a3 sp=0x000000e0e38f8598 mode 2
Event: 7.242 Thread 0x0000026f31db9540 DEOPT PACKING pc=0x0000026f168db788 sp=0x000000e0e38f8190
Event: 7.242 Thread 0x0000026f31db9540 DEOPT UNPACKING pc=0x0000026f1dac7143 sp=0x000000e0e38f7698 mode 0

Classes unloaded (0 events):
No events

Classes redefined (0 events):
No events

Internal exceptions (20 events):
Event: 5.954 Thread 0x0000026f31db9540 Exception <a 'java/lang/NoSuchMethodError'{0x0000000083321458}: 'java.lang.Object java.lang.invoke.DirectMethodHandle$Holder.invokeSpecial(java.lang.Object, java.lang.Object, java.lang.Object, java.lang.Object, java.lang.Object, int)'> (0x0000000083321458) 
thrown [s\src\hotspot\share\interpreter\linkResolver.cpp, line 771]
Event: 5.954 Thread 0x0000026f31db9540 Exception <a 'java/lang/NoSuchMethodError'{0x0000000083325e88}: 'java.lang.Object java.lang.invoke.Invokers$Holder.linkToTargetMethod(java.lang.Object, java.lang.Object, java.lang.Object, int, java.lang.Object)'> (0x0000000083325e88) 
thrown [s\src\hotspot\share\interpreter\linkResolver.cpp, line 771]
Event: 5.999 Thread 0x0000026f31db9540 Exception <a 'java/lang/NoSuchMethodError'{0x00000000832f9f18}: 'int java.lang.invoke.DirectMethodHandle$Holder.invokeInterface(java.lang.Object, java.lang.Object, java.lang.Object, java.lang.Object)'> (0x00000000832f9f18) 
thrown [s\src\hotspot\share\interpreter\linkResolver.cpp, line 771]
Event: 6.149 Thread 0x0000026f31db9540 Implicit null exception at 0x0000026f1e1c996c to 0x0000026f1e1c9a10
Event: 6.334 Thread 0x0000026f31db9540 Exception <a 'java/lang/NoSuchMethodError'{0x0000000084719248}: 'void java.lang.invoke.DirectMethodHandle$Holder.invokeInterface(java.lang.Object, java.lang.Object)'> (0x0000000084719248) 
thrown [s\src\hotspot\share\interpreter\linkResolver.cpp, line 771]
Event: 6.338 Thread 0x0000026f31db9540 Exception <a 'java/lang/IncompatibleClassChangeError'{0x0000000084724678}: Found class java.lang.Object, but interface was expected> (0x0000000084724678) 
thrown [s\src\hotspot\share\interpreter\linkResolver.cpp, line 838]
Event: 6.401 Thread 0x0000026f31db9540 Exception <a 'java/lang/NoSuchMethodError'{0x00000000845b5498}: 'java.lang.Object java.lang.invoke.DirectMethodHandle$Holder.newInvokeSpecial(java.lang.Object, int, java.lang.Object)'> (0x00000000845b5498) 
thrown [s\src\hotspot\share\interpreter\linkResolver.cpp, line 771]
Event: 6.702 Thread 0x0000026f31db9540 Exception <a 'sun/nio/fs/WindowsException'{0x0000000083782db8}> (0x0000000083782db8) 
thrown [s\src\hotspot\share\prims\jni.cpp, line 517]
Event: 6.702 Thread 0x0000026f31db9540 Exception <a 'sun/nio/fs/WindowsException'{0x00000000837830b8}> (0x00000000837830b8) 
thrown [s\src\hotspot\share\prims\jni.cpp, line 517]
Event: 6.703 Thread 0x0000026f31db9540 Exception <a 'sun/nio/fs/WindowsException'{0x00000000837858d0}> (0x00000000837858d0) 
thrown [s\src\hotspot\share\prims\jni.cpp, line 517]
Event: 6.703 Thread 0x0000026f31db9540 Exception <a 'sun/nio/fs/WindowsException'{0x0000000083785cc0}> (0x0000000083785cc0) 
thrown [s\src\hotspot\share\prims\jni.cpp, line 517]
Event: 6.705 Thread 0x0000026f31db9540 Exception <a 'java/lang/NoSuchMethodError'{0x0000000083793210}: 'java.lang.Object java.lang.invoke.DirectMethodHandle$Holder.newInvokeSpecial(java.lang.Object, java.lang.Object, int)'> (0x0000000083793210) 
thrown [s\src\hotspot\share\interpreter\linkResolver.cpp, line 771]
Event: 6.751 Thread 0x0000026f31db9540 Exception <a 'sun/nio/fs/WindowsException'{0x0000000083413cb0}> (0x0000000083413cb0) 
thrown [s\src\hotspot\share\prims\jni.cpp, line 517]
Event: 6.751 Thread 0x0000026f31db9540 Exception <a 'sun/nio/fs/WindowsException'{0x00000000834140a0}> (0x00000000834140a0) 
thrown [s\src\hotspot\share\prims\jni.cpp, line 517]
Event: 6.986 Thread 0x0000026f31db9540 Exception <a 'java/lang/NoSuchMethodError'{0x0000000084b5f358}: 'void java.lang.invoke.DirectMethodHandle$Holder.invokeStatic(java.lang.Object, java.lang.Object, java.lang.Object, java.lang.Object, java.lang.Object, java.lang.Object, java.lang.Object)'> (0x0000000084b5f358) 
thrown [s\src\hotspot\share\interpreter\linkResolver.cpp, line 771]
Event: 7.181 Thread 0x0000026f31db8610 Exception <a 'java/lang/NoSuchMethodError'{0x0000000084122b90}: static Lorg/gradle/internal/build/event/types/DefaultOperationStartedProgressEvent;.<clinit>()V> (0x0000000084122b90) 
thrown [s\src\hotspot\share\prims\jni.cpp, line 1108]
Event: 7.182 Thread 0x0000026f31db8610 Exception <a 'java/lang/NoSuchMethodError'{0x0000000084124e88}: static Lorg/gradle/internal/build/event/types/AbstractProgressEvent;.<clinit>()V> (0x0000000084124e88) 
thrown [s\src\hotspot\share\prims\jni.cpp, line 1108]
Event: 7.184 Thread 0x0000026f31db8610 Exception <a 'java/lang/NoSuchMethodError'{0x0000000084136e68}: static Lorg/gradle/internal/build/event/types/DefaultProjectConfigurationDescriptor;.<clinit>()V> (0x0000000084136e68) 
thrown [s\src\hotspot\share\prims\jni.cpp, line 1108]
Event: 7.185 Thread 0x0000026f31db8610 Exception <a 'java/lang/NoSuchMethodError'{0x00000000841393e0}: static Lorg/gradle/internal/build/event/types/DefaultOperationDescriptor;.<clinit>()V> (0x00000000841393e0) 
thrown [s\src\hotspot\share\prims\jni.cpp, line 1108]
Event: 7.188 Thread 0x0000026f31db8610 Exception <a 'java/lang/NoSuchMethodError'{0x0000000084150f40}: static Lorg/gradle/internal/operations/OperationIdentifier;.<clinit>()V> (0x0000000084150f40) 
thrown [s\src\hotspot\share\prims\jni.cpp, line 1108]

VM Operations (20 events):
Event: 5.714 Executing VM operation: HandshakeAllThreads
Event: 5.715 Executing VM operation: HandshakeAllThreads done
Event: 5.988 Executing VM operation: HandshakeAllThreads
Event: 5.988 Executing VM operation: HandshakeAllThreads done
Event: 5.993 Executing VM operation: HandshakeAllThreads
Event: 5.993 Executing VM operation: HandshakeAllThreads done
Event: 5.997 Executing VM operation: HandshakeAllThreads
Event: 5.997 Executing VM operation: HandshakeAllThreads done
Event: 6.081 Executing VM operation: G1CollectForAllocation
Event: 6.093 Executing VM operation: G1CollectForAllocation done
Event: 6.104 Executing VM operation: HandshakeAllThreads
Event: 6.104 Executing VM operation: HandshakeAllThreads done
Event: 6.847 Executing VM operation: G1CollectForAllocation
Event: 6.854 Executing VM operation: G1CollectForAllocation done
Event: 6.956 Executing VM operation: HandshakeAllThreads
Event: 6.956 Executing VM operation: HandshakeAllThreads done
Event: 7.113 Executing VM operation: HandshakeAllThreads
Event: 7.113 Executing VM operation: HandshakeAllThreads done
Event: 7.243 Executing VM operation: ICBufferFull
Event: 7.243 Executing VM operation: ICBufferFull done

Events (20 events):
Event: 7.179 loading class java/io/ObjectStreamClass$FieldReflectorKey
Event: 7.179 loading class java/io/ObjectStreamClass$FieldReflectorKey done
Event: 7.179 loading class java/io/ObjectStreamClass$FieldReflector
Event: 7.180 loading class java/io/ObjectStreamClass$FieldReflector done
Event: 7.181 loading class java/io/ObjectStreamClass$1
Event: 7.181 loading class java/io/ObjectStreamClass$1 done
Event: 7.181 loading class java/io/ObjectStreamClass$MemberSignature
Event: 7.181 loading class java/io/ObjectStreamClass$MemberSignature done
Event: 7.181 loading class java/io/ObjectStreamClass$3
Event: 7.181 loading class java/io/ObjectStreamClass$3 done
Event: 7.181 loading class java/io/ObjectStreamClass$4
Event: 7.181 loading class java/io/ObjectStreamClass$4 done
Event: 7.181 loading class java/io/ObjectStreamClass$5
Event: 7.181 loading class java/io/ObjectStreamClass$5 done
Event: 7.182 loading class java/io/ObjectStreamClass$ClassDataSlot
Event: 7.182 loading class java/io/ObjectStreamClass$ClassDataSlot done
Event: 7.185 loading class jdk/internal/reflect/UnsafeQualifiedStaticLongFieldAccessorImpl
Event: 7.185 loading class jdk/internal/reflect/UnsafeQualifiedStaticLongFieldAccessorImpl done
Event: 7.218 loading class java/io/SerialCallbackContext
Event: 7.218 loading class java/io/SerialCallbackContext done


Dynamic libraries:
0x00007ff7973f0000 - 0x00007ff7973fa000 	C:\Program Files\Android\Android Studio1\jbr\bin\java.exe
0x00007fff483f0000 - 0x00007fff485e8000 	C:\WINDOWS\SYSTEM32\ntdll.dll
0x00007fff46500000 - 0x00007fff465bd000 	C:\WINDOWS\System32\KERNEL32.DLL
0x00007fff45d70000 - 0x00007fff46066000 	C:\WINDOWS\System32\KERNELBASE.dll
0x00007fff42fb0000 - 0x00007fff43040000 	C:\WINDOWS\SYSTEM32\apphelp.dll
0x00007fff462b0000 - 0x00007fff463b0000 	C:\WINDOWS\System32\ucrtbase.dll
0x00007fff2f3a0000 - 0x00007fff2f3b7000 	C:\Program Files\Android\Android Studio1\jbr\bin\jli.dll
0x00007fff3c130000 - 0x00007fff3c14b000 	C:\Program Files\Android\Android Studio1\jbr\bin\VCRUNTIME140.dll
0x00007fff47e40000 - 0x00007fff47fdf000 	C:\WINDOWS\System32\USER32.dll
0x00007fff46070000 - 0x00007fff46092000 	C:\WINDOWS\System32\win32u.dll
0x00007fff33bc0000 - 0x00007fff33e5a000 	C:\WINDOWS\WinSxS\amd64_microsoft.windows.common-controls_6595b64144ccf1df_6.0.19041.3636_none_60b6a03d71f818d5\COMCTL32.dll
0x00007fff47240000 - 0x00007fff4726b000 	C:\WINDOWS\System32\GDI32.dll
0x00007fff466d0000 - 0x00007fff4676e000 	C:\WINDOWS\System32\msvcrt.dll
0x00007fff45af0000 - 0x00007fff45c07000 	C:\WINDOWS\System32\gdi32full.dll
0x00007fff460a0000 - 0x00007fff4613d000 	C:\WINDOWS\System32\msvcp_win.dll
0x00007fff465d0000 - 0x00007fff46602000 	C:\WINDOWS\System32\IMM32.DLL
0x00007fff3fd70000 - 0x00007fff3fd7c000 	C:\Program Files\Android\Android Studio1\jbr\bin\vcruntime140_1.dll
0x00007fff1f930000 - 0x00007fff1f9bd000 	C:\Program Files\Android\Android Studio1\jbr\bin\msvcp140.dll
0x00007fff1e340000 - 0x00007fff1efc3000 	C:\Program Files\Android\Android Studio1\jbr\bin\server\jvm.dll
0x00007fff47740000 - 0x00007fff477f0000 	C:\WINDOWS\System32\ADVAPI32.dll
0x00007fff46610000 - 0x00007fff466b0000 	C:\WINDOWS\System32\sechost.dll
0x00007fff481f0000 - 0x00007fff48313000 	C:\WINDOWS\System32\RPCRT4.dll
0x00007fff461d0000 - 0x00007fff461f7000 	C:\WINDOWS\System32\bcrypt.dll
0x00007fff45900000 - 0x00007fff4594b000 	C:\WINDOWS\SYSTEM32\POWRPROF.dll
0x00007fff3a290000 - 0x00007fff3a2b7000 	C:\WINDOWS\SYSTEM32\WINMM.dll
0x00007fff40b30000 - 0x00007fff40b39000 	C:\WINDOWS\SYSTEM32\WSOCK32.dll
0x00007fff3d040000 - 0x00007fff3d04a000 	C:\WINDOWS\SYSTEM32\VERSION.dll
0x00007fff47160000 - 0x00007fff471cb000 	C:\WINDOWS\System32\WS2_32.dll
0x00007fff458e0000 - 0x00007fff458f2000 	C:\WINDOWS\SYSTEM32\UMPDC.dll
0x00007fff44310000 - 0x00007fff44322000 	C:\WINDOWS\SYSTEM32\kernel.appcore.dll
0x00007fff3dc00000 - 0x00007fff3dc0a000 	C:\Program Files\Android\Android Studio1\jbr\bin\jimage.dll
0x00007fff43810000 - 0x00007fff439f4000 	C:\WINDOWS\SYSTEM32\DBGHELP.DLL
0x00007fff3db10000 - 0x00007fff3db44000 	C:\WINDOWS\SYSTEM32\dbgcore.DLL
0x00007fff46140000 - 0x00007fff461c2000 	C:\WINDOWS\System32\bcryptPrimitives.dll
0x00007fff3ad70000 - 0x00007fff3ad7e000 	C:\Program Files\Android\Android Studio1\jbr\bin\instrument.dll
0x00007fff32d50000 - 0x00007fff32d75000 	C:\Program Files\Android\Android Studio1\jbr\bin\java.dll
0x00007fff31550000 - 0x00007fff31568000 	C:\Program Files\Android\Android Studio1\jbr\bin\zip.dll
0x00007fff46770000 - 0x00007fff46edb000 	C:\WINDOWS\System32\SHELL32.dll
0x00007fff43b10000 - 0x00007fff442ae000 	C:\WINDOWS\SYSTEM32\windows.storage.dll
0x00007fff47ae0000 - 0x00007fff47e33000 	C:\WINDOWS\System32\combase.dll
0x00007fff45400000 - 0x00007fff4542e000 	C:\WINDOWS\SYSTEM32\Wldp.dll
0x00007fff48120000 - 0x00007fff481ed000 	C:\WINDOWS\System32\OLEAUT32.dll
0x00007fff46ee0000 - 0x00007fff46f8d000 	C:\WINDOWS\System32\SHCORE.dll
0x00007fff47870000 - 0x00007fff478c5000 	C:\WINDOWS\System32\shlwapi.dll
0x00007fff459d0000 - 0x00007fff459f3000 	C:\WINDOWS\SYSTEM32\profapi.dll
0x00007fff31530000 - 0x00007fff31549000 	C:\Program Files\Android\Android Studio1\jbr\bin\net.dll
0x00007fff3cee0000 - 0x00007fff3cfea000 	C:\WINDOWS\SYSTEM32\WINHTTP.dll
0x00007fff45160000 - 0x00007fff451ca000 	C:\WINDOWS\system32\mswsock.dll
0x00007fff31510000 - 0x00007fff31526000 	C:\Program Files\Android\Android Studio1\jbr\bin\nio.dll
0x00007fff3d400000 - 0x00007fff3d410000 	C:\Program Files\Android\Android Studio1\jbr\bin\verify.dll
0x00007fff264c0000 - 0x00007fff264e7000 	C:\Users\Shaxzodbek\.gradle\native\c067742578af261105cb4f569cf0c3c89f3d7b1fecec35dd04571415982c5e48\windows-amd64\native-platform.dll
0x00007fff30810000 - 0x00007fff30954000 	C:\Users\Shaxzodbek\.gradle\native\38dada09dfb8b06ba9b0570ebf7e218e3eb74d4ef43ca46872605cf95ebc2f47\windows-amd64\native-platform-file-events.dll
0x00007fff3bc10000 - 0x00007fff3bc19000 	C:\Program Files\Android\Android Studio1\jbr\bin\management.dll
0x00007fff3b040000 - 0x00007fff3b04b000 	C:\Program Files\Android\Android Studio1\jbr\bin\management_ext.dll
0x00007fff48110000 - 0x00007fff48118000 	C:\WINDOWS\System32\PSAPI.DLL
0x00007fff45360000 - 0x00007fff45378000 	C:\WINDOWS\SYSTEM32\CRYPTSP.dll
0x00007fff44a80000 - 0x00007fff44ab4000 	C:\WINDOWS\system32\rsaenh.dll
0x00007fff45990000 - 0x00007fff459be000 	C:\WINDOWS\SYSTEM32\USERENV.dll
0x00007fff45350000 - 0x00007fff4535c000 	C:\WINDOWS\SYSTEM32\CRYPTBASE.dll
0x00007fff44e40000 - 0x00007fff44e7b000 	C:\WINDOWS\SYSTEM32\IPHLPAPI.DLL
0x00007fff465c0000 - 0x00007fff465c8000 	C:\WINDOWS\System32\NSI.dll
0x00007fff36c30000 - 0x00007fff36c47000 	C:\WINDOWS\SYSTEM32\dhcpcsvc6.DLL
0x00007fff36c50000 - 0x00007fff36c6d000 	C:\WINDOWS\SYSTEM32\dhcpcsvc.DLL
0x00007fff44e80000 - 0x00007fff44f4b000 	C:\WINDOWS\SYSTEM32\DNSAPI.dll
0x00007fff3c5e0000 - 0x00007fff3c5e9000 	C:\Program Files\Android\Android Studio1\jbr\bin\extnet.dll
0x00007fff3cb00000 - 0x00007fff3cb07000 	C:\WINDOWS\system32\wshunix.dll

dbghelp: loaded successfully - version: 4.0.5 - missing functions: none
symbol engine: initialized successfully - sym options: 0x614 - pdb path: .;C:\Program Files\Android\Android Studio1\jbr\bin;C:\WINDOWS\SYSTEM32;C:\WINDOWS\WinSxS\amd64_microsoft.windows.common-controls_6595b64144ccf1df_6.0.19041.3636_none_60b6a03d71f818d5;C:\Program Files\Android\Android Studio1\jbr\bin\server;C:\Users\Shaxzodbek\.gradle\native\c067742578af261105cb4f569cf0c3c89f3d7b1fecec35dd04571415982c5e48\windows-amd64;C:\Users\Shaxzodbek\.gradle\native\38dada09dfb8b06ba9b0570ebf7e218e3eb74d4ef43ca46872605cf95ebc2f47\windows-amd64

VM Arguments:
jvm_args: --add-opens=java.base/java.util=ALL-UNNAMED --add-opens=java.base/java.lang=ALL-UNNAMED --add-opens=java.base/java.lang.invoke=ALL-UNNAMED --add-opens=java.prefs/java.util.prefs=ALL-UNNAMED --add-opens=java.base/java.nio.charset=ALL-UNNAMED --add-opens=java.base/java.net=ALL-UNNAMED --add-opens=java.base/java.util.concurrent.atomic=ALL-UNNAMED -Xmx2048m -Dfile.encoding=UTF-8 -Duser.country=US -Duser.language=en -Duser.variant -javaagent:C:\Users\Shaxzodbek\.gradle\wrapper\dists\gradle-8.6-bin\afr5mpiioh2wthjmwnkmdsd5w\gradle-8.6\lib\agents\gradle-instrumentation-agent-8.6.jar 
java_command: org.gradle.launcher.daemon.bootstrap.GradleDaemon 8.6
java_class_path (initial): C:\Users\Shaxzodbek\.gradle\wrapper\dists\gradle-8.6-bin\afr5mpiioh2wthjmwnkmdsd5w\gradle-8.6\lib\gradle-launcher-8.6.jar
Launcher Type: SUN_STANDARD

[Global flags]
     intx CICompilerCount                          = 3                                         {product} {ergonomic}
     uint ConcGCThreads                            = 1                                         {product} {ergonomic}
     uint G1ConcRefinementThreads                  = 4                                         {product} {ergonomic}
   size_t G1HeapRegionSize                         = 1048576                                   {product} {ergonomic}
    uintx GCDrainStackTargetSize                   = 64                                        {product} {ergonomic}
   size_t InitialHeapSize                          = 134217728                                 {product} {ergonomic}
   size_t MarkStackSize                            = 4194304                                   {product} {ergonomic}
   size_t MaxHeapSize                              = 2147483648                                {product} {command line}
   size_t MaxNewSize                               = 1287651328                                {product} {ergonomic}
   size_t MinHeapDeltaBytes                        = 1048576                                   {product} {ergonomic}
   size_t MinHeapSize                              = 8388608                                   {product} {ergonomic}
    uintx NonNMethodCodeHeapSize                   = 5832780                                {pd product} {ergonomic}
    uintx NonProfiledCodeHeapSize                  = 122912730                              {pd product} {ergonomic}
    uintx ProfiledCodeHeapSize                     = 122912730                              {pd product} {ergonomic}
    uintx ReservedCodeCacheSize                    = 251658240                              {pd product} {ergonomic}
     bool SegmentedCodeCache                       = true                                      {product} {ergonomic}
   size_t SoftMaxHeapSize                          = 2147483648                             {manageable} {ergonomic}
     bool UseCompressedClassPointers               = true                           {product lp64_product} {ergonomic}
     bool UseCompressedOops                        = true                           {product lp64_product} {ergonomic}
     bool UseG1GC                                  = true                                      {product} {ergonomic}
     bool UseLargePagesIndividualAllocation        = false                                  {pd product} {ergonomic}

Logging:
Log output configuration:
 #0: stdout all=warning uptime,level,tags
 #1: stderr all=off uptime,level,tags

Environment Variables:
PATH=C:\WINDOWS\system32;C:\WINDOWS;C:\WINDOWS\System32\Wbem;C:\WINDOWS\System32\WindowsPowerShell\v1.0\;C:\Users\Shaxzodbek\AppData\Local\Microsoft\WindowsApps;
USERNAME=Shaxzodbek
OS=Windows_NT
PROCESSOR_IDENTIFIER=Intel64 Family 6 Model 61 Stepping 4, GenuineIntel
TMP=C:\Users\SHAXZO~1\AppData\Local\Temp
TEMP=C:\Users\SHAXZO~1\AppData\Local\Temp



Periodic native trim disabled

JNI global refs:
JNI global refs: 27, weak refs: 0

JNI global refs memory usage: 843, weak refs: 841

OOME stack traces (most recent first):
Classloader memory used:
Loader org.gradle.internal.classloader.VisitableURLClassLoader                         : 3114K
Loader bootstrap                                                                       : 2368K
Loader org.gradle.initialization.MixInLegacyTypesClassLoader                           : 804K
Loader jdk.internal.loader.ClassLoaders$PlatformClassLoader                            : 66035B
Loader jdk.internal.loader.ClassLoaders$AppClassLoader                                 : 28691B
Loader jdk.internal.reflect.DelegatingClassLoader                                      : 7355B
Loader org.gradle.internal.classloader.VisitableURLClassLoader                         : 5358B
Loader org.gradle.internal.classloader.VisitableURLClassLoader$InstrumentingVisitableURLClassLoader: 3673B

Classes loaded by more than one classloader:
Class org.gradle.internal.installation.GradleInstallation                             : loaded 2 times (x 73B)
Class org.gradle.internal.classpath.ClassPath                                         : loaded 2 times (x 68B)
Class org.gradle.api.internal.classpath.DefaultModuleRegistry                         : loaded 2 times (x 84B)
Class Settings_gradle$1$1                                                             : loaded 2 times (x 72B)
Class org.gradle.api.Action                                                           : loaded 2 times (x 68B)
Class org.gradle.api.internal.DefaultClassPathProvider                                : loaded 2 times (x 74B)
Class org.gradle.internal.installation.GradleInstallation$1                           : loaded 2 times (x 73B)
Class org.gradle.internal.classloader.FilteringClassLoader                            : loaded 2 times (x 103B)
Class org.gradle.internal.classpath.DefaultClassPath$ImmutableUniqueList$Builder      : loaded 2 times (x 73B)
Class org.gradle.internal.classloader.ClassLoaderVisitor                              : loaded 2 times (x 74B)
Class org.gradle.internal.service.DefaultServiceLocator                               : loaded 2 times (x 81B)
Class org.gradle.internal.service.UnknownServiceException                             : loaded 2 times (x 81B)
Class org.gradle.internal.classloader.DefaultClassLoaderFactory                       : loaded 2 times (x 80B)
Class org.gradle.internal.classloader.VisitableURLClassLoader$Spec                    : loaded 2 times (x 72B)
Class org.gradle.api.GradleException                                                  : loaded 2 times (x 80B)
Class org.gradle.api.internal.classpath.ModuleRegistry                                : loaded 2 times (x 68B)
Class org.gradle.api.internal.ClassPathProvider                                       : loaded 2 times (x 68B)
Class org.gradle.internal.classloader.ClasspathUtil$1                                 : loaded 2 times (x 74B)
Class org.gradle.internal.classloader.ClassLoaderFactory                              : loaded 2 times (x 68B)
Class org.gradle.api.internal.classpath.ManifestUtil                                  : loaded 2 times (x 69B)
Class org.gradle.api.specs.Spec                                                       : loaded 2 times (x 68B)
Class org.gradle.internal.IoActions                                                   : loaded 2 times (x 69B)
Class org.gradle.api.internal.classpath.EffectiveClassPath                            : loaded 2 times (x 88B)
Class org.gradle.internal.installation.CurrentGradleInstallation                      : loaded 2 times (x 71B)
Class org.gradle.internal.agents.InstrumentingClassLoader                             : loaded 2 times (x 68B)
Class org.gradle.internal.installation.CurrentGradleInstallationLocator               : loaded 2 times (x 69B)
Class org.gradle.api.internal.classpath.Module                                        : loaded 2 times (x 68B)
Class org.gradle.internal.service.CachingServiceLocator                               : loaded 2 times (x 80B)
Class org.gradle.internal.classpath.DefaultClassPath                                  : loaded 2 times (x 88B)
Class org.gradle.internal.classloader.SystemClassLoaderSpec                           : loaded 2 times (x 69B)
Class org.gradle.api.UncheckedIOException                                             : loaded 2 times (x 80B)
Class Program                                                                         : loaded 2 times (x 70B)
Class org.gradle.internal.classloader.ClasspathUtil                                   : loaded 2 times (x 69B)
Class org.gradle.api.internal.DefaultClassPathRegistry                                : loaded 2 times (x 74B)
Class org.gradle.api.internal.classpath.DefaultModuleRegistry$DefaultModule           : loaded 2 times (x 84B)
Class org.gradle.api.internal.classpath.UnknownModuleException                        : loaded 2 times (x 80B)
Class org.gradle.internal.service.ServiceLookupException                              : loaded 2 times (x 80B)
Class org.gradle.cache.GlobalCache                                                    : loaded 2 times (x 68B)
Class [Lorg.gradle.api.internal.ClassPathProvider;                                    : loaded 2 times (x 67B)
Class org.gradle.util.internal.GUtil                                                  : loaded 2 times (x 69B)
Class org.gradle.internal.classloader.ClassLoaderSpec                                 : loaded 2 times (x 69B)
Class org.gradle.internal.classloader.VisitableURLClassLoader                         : loaded 2 times (x 115B)
Class org.gradle.internal.Cast                                                        : loaded 2 times (x 69B)
Class org.gradle.api.internal.ClassPathRegistry                                       : loaded 2 times (x 68B)
Class org.gradle.internal.classloader.VisitableURLClassLoader$InstrumentingVisitableURLClassLoader: loaded 2 times (x 121B)
Class org.gradle.internal.classloader.ClassLoaderHierarchy                            : loaded 2 times (x 68B)
Class org.gradle.internal.InternalTransformer                                         : loaded 2 times (x 68B)
Class org.gradle.internal.service.ServiceLocator                                      : loaded 2 times (x 68B)
Class Settings_gradle$1                                                               : loaded 2 times (x 72B)
Class org.gradle.internal.classpath.DefaultClassPath$ImmutableUniqueList              : loaded 2 times (x 159B)
Class org.gradle.internal.classpath.TransformedClassPath                              : loaded 2 times (x 94B)
Class Settings_gradle                                                                 : loaded 2 times (x 126B)


---------------  S Y S T E M  ---------------

OS:
 Windows 10 , 64 bit Build 19041 (10.0.19041.3636)
OS uptime: 0 days 2:11 hours

CPU: total 4 (initial active 4) (2 cores per cpu, 2 threads per core) family 6 model 61 stepping 4 microcode 0x2d, cx8, cmov, fxsr, ht, mmx, 3dnowpref, sse, sse2, sse3, ssse3, sse4.1, sse4.2, popcnt, lzcnt, tsc, tscinvbit, avx, avx2, aes, erms, clmul, bmi1, bmi2, adx, fma, vzeroupper, clflush
Processor Information for all 4 processors :
  Max Mhz: 2401, Current Mhz: 2401, Mhz Limit: 2401

Memory: 4k page, system-wide physical 8112M (620M free)
TotalPageFile size 8112M (AvailPageFile size 6M)
current process WorkingSet (physical memory assigned to process): 259M, peak: 259M
current process commit charge ("private bytes"): 285M, peak: 286M

vm_info: OpenJDK 64-Bit Server VM (17.0.10+0--11572160) for windows-amd64 JRE (17.0.10+0--11572160), built on Mar 13 2024 23:56:38 by "androidbuild" with MS VC++ 16.10 / 16.11 (VS2019)

END.
